#
# There is insufficient memory for the Java Runtime Environment to continue.
# Native memory allocation (malloc) failed to allocate 68480 bytes for Chunk::new
# Possible reasons:
#   The system is out of physical RAM or swap space
#   The process is running with CompressedOops enabled, and the Java Heap may be blocking the growth of the native heap
# Possible solutions:
#   Reduce memory load on the system
#   Increase physical memory or swap space
#   Check if swap backing store is full
#   Decrease Java heap size (-Xmx/-Xms)
#   Decrease number of Java threads
#   Decrease Java thread stack sizes (-Xss)
#   Set larger code cache with -XX:ReservedCodeCacheSize=
#   JVM is running with Unscaled Compressed Oops mode in which the Java heap is
#     placed in the first 4GB address space. The Java Heap base address is the
#     maximum limit for the native heap growth. Please use -XX:HeapBaseMinAddress
#     to set the Java Heap base and to place the Java Heap above 4GB virtual address.
# This output file may be truncated or incomplete.
#
#  Out of Memory Error (arena.cpp:189), pid=14192, tid=14388
#
# JRE version: OpenJDK Runtime Environment (17.0+35) (build 17+35-2724)
# Java VM: OpenJDK 64-Bit Server VM (17+35-2724, mixed mode, sharing, tiered, compressed oops, compressed class ptrs, g1 gc, windows-amd64)
# No core dump will be written. Minidumps are not enabled by default on client versions of Windows
#

---------------  S U M M A R Y ------------

Command Line: -javaagent:C:\Program Files (x86)\JetBrains\IntelliJ IDEA Community Edition 2024.1.4\lib\idea_rt.jar=62906:C:\Program Files (x86)\JetBrains\IntelliJ IDEA Community Edition 2024.1.4\bin -Dfile.encoding=UTF-8 com.jimsimrodev.foroconnet.ForoconnetApplication

Host: Intel(R) Pentium(R) CPU 6405U @ 2.40GHz, 4 cores, 7G,  Windows 10 , 64 bit Build 22621 (10.0.22621.3958)
Time: Tue Jul 30 19:08:17 2024 Hora est. Pacífico, Sudamérica elapsed time: 0.353949 seconds (0d 0h 0m 0s)

---------------  T H R E A D  ---------------

Current thread (0x000001d77992e040):  JavaThread "C2 CompilerThread0" daemon [_thread_in_native, id=14388, stack(0x0000006710c00000,0x0000006710d00000)]


Current CompileTask:
C2:    354  241       4       java.lang.AbstractStringBuilder::ensureCapacityInternal (39 bytes)

Stack: [0x0000006710c00000,0x0000006710d00000]
Native frames: (J=compiled Java code, j=interpreted, Vv=VM code, C=native code)
V  [jvm.dll+0x66f8ea]
V  [jvm.dll+0x7ce224]
V  [jvm.dll+0x7cf9ce]
V  [jvm.dll+0x7d0033]
V  [jvm.dll+0x242bb5]
V  [jvm.dll+0xaa05b]
V  [jvm.dll+0xaa5ec]
V  [jvm.dll+0x35f9f7]
V  [jvm.dll+0x329f61]
V  [jvm.dll+0x32940a]
V  [jvm.dll+0x215ca1]
V  [jvm.dll+0x2150c1]
V  [jvm.dll+0x1a168d]
V  [jvm.dll+0x2248f8]
V  [jvm.dll+0x222a5c]
V  [jvm.dll+0x78422b]
V  [jvm.dll+0x77e7ea]
V  [jvm.dll+0x66e715]
C  [ucrtbase.dll+0x29333]
C  [KERNEL32.DLL+0x1257d]
C  [ntdll.dll+0x5af28]


---------------  P R O C E S S  ---------------

Threads class SMR info:
_java_thread_list=0x000001d77a4cf240, length=12, elements={
0x000001d75c2405c0, 0x000001d779910ff0, 0x000001d779913a10, 0x000001d779929640,
0x000001d77992a000, 0x000001d77992c160, 0x000001d77992d2b0, 0x000001d77992e040,
0x000001d779931fe0, 0x000001d779953070, 0x000001d7798fb460, 0x000001d77a61d4b0
}

Java Threads: ( => current thread )
  0x000001d75c2405c0 JavaThread "main" [_thread_in_native, id=12876, stack(0x000000670ff00000,0x0000006710000000)]
  0x000001d779910ff0 JavaThread "Reference Handler" daemon [_thread_blocked, id=12360, stack(0x0000006710600000,0x0000006710700000)]
  0x000001d779913a10 JavaThread "Finalizer" daemon [_thread_blocked, id=5076, stack(0x0000006710700000,0x0000006710800000)]
  0x000001d779929640 JavaThread "Signal Dispatcher" daemon [_thread_blocked, id=8692, stack(0x0000006710800000,0x0000006710900000)]
  0x000001d77992a000 JavaThread "Attach Listener" daemon [_thread_blocked, id=8156, stack(0x0000006710900000,0x0000006710a00000)]
  0x000001d77992c160 JavaThread "Service Thread" daemon [_thread_blocked, id=10720, stack(0x0000006710a00000,0x0000006710b00000)]
  0x000001d77992d2b0 JavaThread "Monitor Deflation Thread" daemon [_thread_blocked, id=9736, stack(0x0000006710b00000,0x0000006710c00000)]
=>0x000001d77992e040 JavaThread "C2 CompilerThread0" daemon [_thread_in_native, id=14388, stack(0x0000006710c00000,0x0000006710d00000)]
  0x000001d779931fe0 JavaThread "C1 CompilerThread0" daemon [_thread_blocked, id=7452, stack(0x0000006710d00000,0x0000006710e00000)]
  0x000001d779953070 JavaThread "Sweeper thread" daemon [_thread_blocked, id=13508, stack(0x0000006710e00000,0x0000006710f00000)]
  0x000001d7798fb460 JavaThread "Common-Cleaner" daemon [_thread_blocked, id=5640, stack(0x0000006710f00000,0x0000006711000000)]
  0x000001d77a61d4b0 JavaThread "C2 CompilerThread1" daemon [_thread_blocked, id=8396, stack(0x0000006711000000,0x0000006711100000)]

Other Threads:
  0x000001d77990cc60 VMThread "VM Thread" [stack: 0x0000006710500000,0x0000006710600000] [id=3632]
  0x000001d75c27b140 GCTaskThread "GC Thread#0" [stack: 0x0000006710000000,0x0000006710100000] [id=10904]
  0x000001d75c28db20 ConcurrentGCThread "G1 Main Marker" [stack: 0x0000006710100000,0x0000006710200000] [id=6192]
  0x000001d75c28ecd0 ConcurrentGCThread "G1 Conc#0" [stack: 0x0000006710200000,0x0000006710300000] [id=11728]
  0x000001d75c2f7200 ConcurrentGCThread "G1 Refine#0" [stack: 0x0000006710300000,0x0000006710400000] [id=14384]
  0x000001d75c2f8c30 ConcurrentGCThread "G1 Service" [stack: 0x0000006710400000,0x0000006710500000] [id=11620]

Threads with active compile tasks:
C2 CompilerThread0      388  241       4       java.lang.AbstractStringBuilder::ensureCapacityInternal (39 bytes)

VM state: not at safepoint (normal execution)

VM Mutex/Monitor currently owned by a thread:  ([mutex/lock_event])
[0x000001d75c23ad60] MethodCompileQueue_lock - owner thread: 0x0000000000000000

Heap address: 0x0000000082c00000, size: 2004 MB, Compressed Oops mode: 32-bit

CDS archive(s) mapped at: [0x0000000800000000-0x0000000800bc0000-0x0000000800bc0000), size 12320768, SharedBaseAddress: 0x0000000800000000, ArchiveRelocationMode: 0.
Compressed class space mapped at: 0x0000000800c00000-0x0000000840c00000, reserved size: 1073741824
Narrow klass base: 0x0000000800000000, Narrow klass shift: 0, Narrow klass range: 0x100000000

GC Precious Log:
 CPUs: 4 total, 4 available
 Memory: 8015M
 Large Page Support: Disabled
 NUMA Support: Disabled
 Compressed Oops: Enabled (32-bit)
 Heap Region Size: 1M
 Heap Min Capacity: 8M
 Heap Initial Capacity: 126M
 Heap Max Capacity: 2004M
 Pre-touch: Disabled
 Parallel Workers: 4
 Concurrent Workers: 1
 Concurrent Refinement Workers: 4
 Periodic GC: Disabled

Heap:
 garbage-first heap   total 129024K, used 5120K [0x0000000082c00000, 0x0000000100000000)
  region size 1024K, 6 young (6144K), 0 survivors (0K)
 Metaspace       used 426K, committed 640K, reserved 1056768K
  class space    used 17K, committed 128K, reserved 1048576K

Heap Regions: E=young(eden), S=young(survivor), O=old, HS=humongous(starts), HC=humongous(continues), CS=collection set, F=free, OA=open archive, CA=closed archive, TAMS=top-at-mark-start (previous, next)
|   0|0x0000000082c00000, 0x0000000082c00000, 0x0000000082d00000|  0%| F|  |TAMS 0x0000000082c00000, 0x0000000082c00000| Untracked 
|   1|0x0000000082d00000, 0x0000000082d00000, 0x0000000082e00000|  0%| F|  |TAMS 0x0000000082d00000, 0x0000000082d00000| Untracked 
|   2|0x0000000082e00000, 0x0000000082e00000, 0x0000000082f00000|  0%| F|  |TAMS 0x0000000082e00000, 0x0000000082e00000| Untracked 
|   3|0x0000000082f00000, 0x0000000082f00000, 0x0000000083000000|  0%| F|  |TAMS 0x0000000082f00000, 0x0000000082f00000| Untracked 
|   4|0x0000000083000000, 0x0000000083000000, 0x0000000083100000|  0%| F|  |TAMS 0x0000000083000000, 0x0000000083000000| Untracked 
|   5|0x0000000083100000, 0x0000000083100000, 0x0000000083200000|  0%| F|  |TAMS 0x0000000083100000, 0x0000000083100000| Untracked 
|   6|0x0000000083200000, 0x0000000083200000, 0x0000000083300000|  0%| F|  |TAMS 0x0000000083200000, 0x0000000083200000| Untracked 
|   7|0x0000000083300000, 0x0000000083300000, 0x0000000083400000|  0%| F|  |TAMS 0x0000000083300000, 0x0000000083300000| Untracked 
|   8|0x0000000083400000, 0x0000000083400000, 0x0000000083500000|  0%| F|  |TAMS 0x0000000083400000, 0x0000000083400000| Untracked 
|   9|0x0000000083500000, 0x0000000083500000, 0x0000000083600000|  0%| F|  |TAMS 0x0000000083500000, 0x0000000083500000| Untracked 
|  10|0x0000000083600000, 0x0000000083600000, 0x0000000083700000|  0%| F|  |TAMS 0x0000000083600000, 0x0000000083600000| Untracked 
|  11|0x0000000083700000, 0x0000000083700000, 0x0000000083800000|  0%| F|  |TAMS 0x0000000083700000, 0x0000000083700000| Untracked 
|  12|0x0000000083800000, 0x0000000083800000, 0x0000000083900000|  0%| F|  |TAMS 0x0000000083800000, 0x0000000083800000| Untracked 
|  13|0x0000000083900000, 0x0000000083900000, 0x0000000083a00000|  0%| F|  |TAMS 0x0000000083900000, 0x0000000083900000| Untracked 
|  14|0x0000000083a00000, 0x0000000083a00000, 0x0000000083b00000|  0%| F|  |TAMS 0x0000000083a00000, 0x0000000083a00000| Untracked 
|  15|0x0000000083b00000, 0x0000000083b00000, 0x0000000083c00000|  0%| F|  |TAMS 0x0000000083b00000, 0x0000000083b00000| Untracked 
|  16|0x0000000083c00000, 0x0000000083c00000, 0x0000000083d00000|  0%| F|  |TAMS 0x0000000083c00000, 0x0000000083c00000| Untracked 
|  17|0x0000000083d00000, 0x0000000083d00000, 0x0000000083e00000|  0%| F|  |TAMS 0x0000000083d00000, 0x0000000083d00000| Untracked 
|  18|0x0000000083e00000, 0x0000000083e00000, 0x0000000083f00000|  0%| F|  |TAMS 0x0000000083e00000, 0x0000000083e00000| Untracked 
|  19|0x0000000083f00000, 0x0000000083f00000, 0x0000000084000000|  0%| F|  |TAMS 0x0000000083f00000, 0x0000000083f00000| Untracked 
|  20|0x0000000084000000, 0x0000000084000000, 0x0000000084100000|  0%| F|  |TAMS 0x0000000084000000, 0x0000000084000000| Untracked 
|  21|0x0000000084100000, 0x0000000084100000, 0x0000000084200000|  0%| F|  |TAMS 0x0000000084100000, 0x0000000084100000| Untracked 
|  22|0x0000000084200000, 0x0000000084200000, 0x0000000084300000|  0%| F|  |TAMS 0x0000000084200000, 0x0000000084200000| Untracked 
|  23|0x0000000084300000, 0x0000000084300000, 0x0000000084400000|  0%| F|  |TAMS 0x0000000084300000, 0x0000000084300000| Untracked 
|  24|0x0000000084400000, 0x0000000084400000, 0x0000000084500000|  0%| F|  |TAMS 0x0000000084400000, 0x0000000084400000| Untracked 
|  25|0x0000000084500000, 0x0000000084500000, 0x0000000084600000|  0%| F|  |TAMS 0x0000000084500000, 0x0000000084500000| Untracked 
|  26|0x0000000084600000, 0x0000000084600000, 0x0000000084700000|  0%| F|  |TAMS 0x0000000084600000, 0x0000000084600000| Untracked 
|  27|0x0000000084700000, 0x0000000084700000, 0x0000000084800000|  0%| F|  |TAMS 0x0000000084700000, 0x0000000084700000| Untracked 
|  28|0x0000000084800000, 0x0000000084800000, 0x0000000084900000|  0%| F|  |TAMS 0x0000000084800000, 0x0000000084800000| Untracked 
|  29|0x0000000084900000, 0x0000000084900000, 0x0000000084a00000|  0%| F|  |TAMS 0x0000000084900000, 0x0000000084900000| Untracked 
|  30|0x0000000084a00000, 0x0000000084a00000, 0x0000000084b00000|  0%| F|  |TAMS 0x0000000084a00000, 0x0000000084a00000| Untracked 
|  31|0x0000000084b00000, 0x0000000084b00000, 0x0000000084c00000|  0%| F|  |TAMS 0x0000000084b00000, 0x0000000084b00000| Untracked 
|  32|0x0000000084c00000, 0x0000000084c00000, 0x0000000084d00000|  0%| F|  |TAMS 0x0000000084c00000, 0x0000000084c00000| Untracked 
|  33|0x0000000084d00000, 0x0000000084d00000, 0x0000000084e00000|  0%| F|  |TAMS 0x0000000084d00000, 0x0000000084d00000| Untracked 
|  34|0x0000000084e00000, 0x0000000084e00000, 0x0000000084f00000|  0%| F|  |TAMS 0x0000000084e00000, 0x0000000084e00000| Untracked 
|  35|0x0000000084f00000, 0x0000000084f00000, 0x0000000085000000|  0%| F|  |TAMS 0x0000000084f00000, 0x0000000084f00000| Untracked 
|  36|0x0000000085000000, 0x0000000085000000, 0x0000000085100000|  0%| F|  |TAMS 0x0000000085000000, 0x0000000085000000| Untracked 
|  37|0x0000000085100000, 0x0000000085100000, 0x0000000085200000|  0%| F|  |TAMS 0x0000000085100000, 0x0000000085100000| Untracked 
|  38|0x0000000085200000, 0x0000000085200000, 0x0000000085300000|  0%| F|  |TAMS 0x0000000085200000, 0x0000000085200000| Untracked 
|  39|0x0000000085300000, 0x0000000085300000, 0x0000000085400000|  0%| F|  |TAMS 0x0000000085300000, 0x0000000085300000| Untracked 
|  40|0x0000000085400000, 0x0000000085400000, 0x0000000085500000|  0%| F|  |TAMS 0x0000000085400000, 0x0000000085400000| Untracked 
|  41|0x0000000085500000, 0x0000000085500000, 0x0000000085600000|  0%| F|  |TAMS 0x0000000085500000, 0x0000000085500000| Untracked 
|  42|0x0000000085600000, 0x0000000085600000, 0x0000000085700000|  0%| F|  |TAMS 0x0000000085600000, 0x0000000085600000| Untracked 
|  43|0x0000000085700000, 0x0000000085700000, 0x0000000085800000|  0%| F|  |TAMS 0x0000000085700000, 0x0000000085700000| Untracked 
|  44|0x0000000085800000, 0x0000000085800000, 0x0000000085900000|  0%| F|  |TAMS 0x0000000085800000, 0x0000000085800000| Untracked 
|  45|0x0000000085900000, 0x0000000085900000, 0x0000000085a00000|  0%| F|  |TAMS 0x0000000085900000, 0x0000000085900000| Untracked 
|  46|0x0000000085a00000, 0x0000000085a00000, 0x0000000085b00000|  0%| F|  |TAMS 0x0000000085a00000, 0x0000000085a00000| Untracked 
|  47|0x0000000085b00000, 0x0000000085b00000, 0x0000000085c00000|  0%| F|  |TAMS 0x0000000085b00000, 0x0000000085b00000| Untracked 
|  48|0x0000000085c00000, 0x0000000085c00000, 0x0000000085d00000|  0%| F|  |TAMS 0x0000000085c00000, 0x0000000085c00000| Untracked 
|  49|0x0000000085d00000, 0x0000000085d00000, 0x0000000085e00000|  0%| F|  |TAMS 0x0000000085d00000, 0x0000000085d00000| Untracked 
|  50|0x0000000085e00000, 0x0000000085e00000, 0x0000000085f00000|  0%| F|  |TAMS 0x0000000085e00000, 0x0000000085e00000| Untracked 
|  51|0x0000000085f00000, 0x0000000085f00000, 0x0000000086000000|  0%| F|  |TAMS 0x0000000085f00000, 0x0000000085f00000| Untracked 
|  52|0x0000000086000000, 0x0000000086000000, 0x0000000086100000|  0%| F|  |TAMS 0x0000000086000000, 0x0000000086000000| Untracked 
|  53|0x0000000086100000, 0x0000000086100000, 0x0000000086200000|  0%| F|  |TAMS 0x0000000086100000, 0x0000000086100000| Untracked 
|  54|0x0000000086200000, 0x0000000086200000, 0x0000000086300000|  0%| F|  |TAMS 0x0000000086200000, 0x0000000086200000| Untracked 
|  55|0x0000000086300000, 0x0000000086300000, 0x0000000086400000|  0%| F|  |TAMS 0x0000000086300000, 0x0000000086300000| Untracked 
|  56|0x0000000086400000, 0x0000000086400000, 0x0000000086500000|  0%| F|  |TAMS 0x0000000086400000, 0x0000000086400000| Untracked 
|  57|0x0000000086500000, 0x0000000086500000, 0x0000000086600000|  0%| F|  |TAMS 0x0000000086500000, 0x0000000086500000| Untracked 
|  58|0x0000000086600000, 0x0000000086600000, 0x0000000086700000|  0%| F|  |TAMS 0x0000000086600000, 0x0000000086600000| Untracked 
|  59|0x0000000086700000, 0x0000000086700000, 0x0000000086800000|  0%| F|  |TAMS 0x0000000086700000, 0x0000000086700000| Untracked 
|  60|0x0000000086800000, 0x0000000086800000, 0x0000000086900000|  0%| F|  |TAMS 0x0000000086800000, 0x0000000086800000| Untracked 
|  61|0x0000000086900000, 0x0000000086900000, 0x0000000086a00000|  0%| F|  |TAMS 0x0000000086900000, 0x0000000086900000| Untracked 
|  62|0x0000000086a00000, 0x0000000086a00000, 0x0000000086b00000|  0%| F|  |TAMS 0x0000000086a00000, 0x0000000086a00000| Untracked 
|  63|0x0000000086b00000, 0x0000000086b00000, 0x0000000086c00000|  0%| F|  |TAMS 0x0000000086b00000, 0x0000000086b00000| Untracked 
|  64|0x0000000086c00000, 0x0000000086c00000, 0x0000000086d00000|  0%| F|  |TAMS 0x0000000086c00000, 0x0000000086c00000| Untracked 
|  65|0x0000000086d00000, 0x0000000086d00000, 0x0000000086e00000|  0%| F|  |TAMS 0x0000000086d00000, 0x0000000086d00000| Untracked 
|  66|0x0000000086e00000, 0x0000000086e00000, 0x0000000086f00000|  0%| F|  |TAMS 0x0000000086e00000, 0x0000000086e00000| Untracked 
|  67|0x0000000086f00000, 0x0000000086f00000, 0x0000000087000000|  0%| F|  |TAMS 0x0000000086f00000, 0x0000000086f00000| Untracked 
|  68|0x0000000087000000, 0x0000000087000000, 0x0000000087100000|  0%| F|  |TAMS 0x0000000087000000, 0x0000000087000000| Untracked 
|  69|0x0000000087100000, 0x0000000087100000, 0x0000000087200000|  0%| F|  |TAMS 0x0000000087100000, 0x0000000087100000| Untracked 
|  70|0x0000000087200000, 0x0000000087200000, 0x0000000087300000|  0%| F|  |TAMS 0x0000000087200000, 0x0000000087200000| Untracked 
|  71|0x0000000087300000, 0x0000000087300000, 0x0000000087400000|  0%| F|  |TAMS 0x0000000087300000, 0x0000000087300000| Untracked 
|  72|0x0000000087400000, 0x0000000087400000, 0x0000000087500000|  0%| F|  |TAMS 0x0000000087400000, 0x0000000087400000| Untracked 
|  73|0x0000000087500000, 0x0000000087500000, 0x0000000087600000|  0%| F|  |TAMS 0x0000000087500000, 0x0000000087500000| Untracked 
|  74|0x0000000087600000, 0x0000000087600000, 0x0000000087700000|  0%| F|  |TAMS 0x0000000087600000, 0x0000000087600000| Untracked 
|  75|0x0000000087700000, 0x0000000087700000, 0x0000000087800000|  0%| F|  |TAMS 0x0000000087700000, 0x0000000087700000| Untracked 
|  76|0x0000000087800000, 0x0000000087800000, 0x0000000087900000|  0%| F|  |TAMS 0x0000000087800000, 0x0000000087800000| Untracked 
|  77|0x0000000087900000, 0x0000000087900000, 0x0000000087a00000|  0%| F|  |TAMS 0x0000000087900000, 0x0000000087900000| Untracked 
|  78|0x0000000087a00000, 0x0000000087a00000, 0x0000000087b00000|  0%| F|  |TAMS 0x0000000087a00000, 0x0000000087a00000| Untracked 
|  79|0x0000000087b00000, 0x0000000087b00000, 0x0000000087c00000|  0%| F|  |TAMS 0x0000000087b00000, 0x0000000087b00000| Untracked 
|  80|0x0000000087c00000, 0x0000000087c00000, 0x0000000087d00000|  0%| F|  |TAMS 0x0000000087c00000, 0x0000000087c00000| Untracked 
|  81|0x0000000087d00000, 0x0000000087d00000, 0x0000000087e00000|  0%| F|  |TAMS 0x0000000087d00000, 0x0000000087d00000| Untracked 
|  82|0x0000000087e00000, 0x0000000087e00000, 0x0000000087f00000|  0%| F|  |TAMS 0x0000000087e00000, 0x0000000087e00000| Untracked 
|  83|0x0000000087f00000, 0x0000000087f00000, 0x0000000088000000|  0%| F|  |TAMS 0x0000000087f00000, 0x0000000087f00000| Untracked 
|  84|0x0000000088000000, 0x0000000088000000, 0x0000000088100000|  0%| F|  |TAMS 0x0000000088000000, 0x0000000088000000| Untracked 
|  85|0x0000000088100000, 0x0000000088100000, 0x0000000088200000|  0%| F|  |TAMS 0x0000000088100000, 0x0000000088100000| Untracked 
|  86|0x0000000088200000, 0x0000000088200000, 0x0000000088300000|  0%| F|  |TAMS 0x0000000088200000, 0x0000000088200000| Untracked 
|  87|0x0000000088300000, 0x0000000088300000, 0x0000000088400000|  0%| F|  |TAMS 0x0000000088300000, 0x0000000088300000| Untracked 
|  88|0x0000000088400000, 0x0000000088400000, 0x0000000088500000|  0%| F|  |TAMS 0x0000000088400000, 0x0000000088400000| Untracked 
|  89|0x0000000088500000, 0x0000000088500000, 0x0000000088600000|  0%| F|  |TAMS 0x0000000088500000, 0x0000000088500000| Untracked 
|  90|0x0000000088600000, 0x0000000088600000, 0x0000000088700000|  0%| F|  |TAMS 0x0000000088600000, 0x0000000088600000| Untracked 
|  91|0x0000000088700000, 0x0000000088700000, 0x0000000088800000|  0%| F|  |TAMS 0x0000000088700000, 0x0000000088700000| Untracked 
|  92|0x0000000088800000, 0x0000000088800000, 0x0000000088900000|  0%| F|  |TAMS 0x0000000088800000, 0x0000000088800000| Untracked 
|  93|0x0000000088900000, 0x0000000088900000, 0x0000000088a00000|  0%| F|  |TAMS 0x0000000088900000, 0x0000000088900000| Untracked 
|  94|0x0000000088a00000, 0x0000000088a00000, 0x0000000088b00000|  0%| F|  |TAMS 0x0000000088a00000, 0x0000000088a00000| Untracked 
|  95|0x0000000088b00000, 0x0000000088b00000, 0x0000000088c00000|  0%| F|  |TAMS 0x0000000088b00000, 0x0000000088b00000| Untracked 
|  96|0x0000000088c00000, 0x0000000088c00000, 0x0000000088d00000|  0%| F|  |TAMS 0x0000000088c00000, 0x0000000088c00000| Untracked 
|  97|0x0000000088d00000, 0x0000000088d00000, 0x0000000088e00000|  0%| F|  |TAMS 0x0000000088d00000, 0x0000000088d00000| Untracked 
|  98|0x0000000088e00000, 0x0000000088e00000, 0x0000000088f00000|  0%| F|  |TAMS 0x0000000088e00000, 0x0000000088e00000| Untracked 
|  99|0x0000000088f00000, 0x0000000088f00000, 0x0000000089000000|  0%| F|  |TAMS 0x0000000088f00000, 0x0000000088f00000| Untracked 
| 100|0x0000000089000000, 0x0000000089000000, 0x0000000089100000|  0%| F|  |TAMS 0x0000000089000000, 0x0000000089000000| Untracked 
| 101|0x0000000089100000, 0x0000000089100000, 0x0000000089200000|  0%| F|  |TAMS 0x0000000089100000, 0x0000000089100000| Untracked 
| 102|0x0000000089200000, 0x0000000089200000, 0x0000000089300000|  0%| F|  |TAMS 0x0000000089200000, 0x0000000089200000| Untracked 
| 103|0x0000000089300000, 0x0000000089300000, 0x0000000089400000|  0%| F|  |TAMS 0x0000000089300000, 0x0000000089300000| Untracked 
| 104|0x0000000089400000, 0x0000000089400000, 0x0000000089500000|  0%| F|  |TAMS 0x0000000089400000, 0x0000000089400000| Untracked 
| 105|0x0000000089500000, 0x0000000089500000, 0x0000000089600000|  0%| F|  |TAMS 0x0000000089500000, 0x0000000089500000| Untracked 
| 106|0x0000000089600000, 0x0000000089600000, 0x0000000089700000|  0%| F|  |TAMS 0x0000000089600000, 0x0000000089600000| Untracked 
| 107|0x0000000089700000, 0x0000000089700000, 0x0000000089800000|  0%| F|  |TAMS 0x0000000089700000, 0x0000000089700000| Untracked 
| 108|0x0000000089800000, 0x0000000089800000, 0x0000000089900000|  0%| F|  |TAMS 0x0000000089800000, 0x0000000089800000| Untracked 
| 109|0x0000000089900000, 0x0000000089900000, 0x0000000089a00000|  0%| F|  |TAMS 0x0000000089900000, 0x0000000089900000| Untracked 
| 110|0x0000000089a00000, 0x0000000089a00000, 0x0000000089b00000|  0%| F|  |TAMS 0x0000000089a00000, 0x0000000089a00000| Untracked 
| 111|0x0000000089b00000, 0x0000000089b00000, 0x0000000089c00000|  0%| F|  |TAMS 0x0000000089b00000, 0x0000000089b00000| Untracked 
| 112|0x0000000089c00000, 0x0000000089c00000, 0x0000000089d00000|  0%| F|  |TAMS 0x0000000089c00000, 0x0000000089c00000| Untracked 
| 113|0x0000000089d00000, 0x0000000089d00000, 0x0000000089e00000|  0%| F|  |TAMS 0x0000000089d00000, 0x0000000089d00000| Untracked 
| 114|0x0000000089e00000, 0x0000000089e00000, 0x0000000089f00000|  0%| F|  |TAMS 0x0000000089e00000, 0x0000000089e00000| Untracked 
| 115|0x0000000089f00000, 0x0000000089f00000, 0x000000008a000000|  0%| F|  |TAMS 0x0000000089f00000, 0x0000000089f00000| Untracked 
| 116|0x000000008a000000, 0x000000008a000000, 0x000000008a100000|  0%| F|  |TAMS 0x000000008a000000, 0x000000008a000000| Untracked 
| 117|0x000000008a100000, 0x000000008a100000, 0x000000008a200000|  0%| F|  |TAMS 0x000000008a100000, 0x000000008a100000| Untracked 
| 118|0x000000008a200000, 0x000000008a200000, 0x000000008a300000|  0%| F|  |TAMS 0x000000008a200000, 0x000000008a200000| Untracked 
| 119|0x000000008a300000, 0x000000008a300000, 0x000000008a400000|  0%| F|  |TAMS 0x000000008a300000, 0x000000008a300000| Untracked 
| 120|0x000000008a400000, 0x000000008a445358, 0x000000008a500000| 27%| E|  |TAMS 0x000000008a400000, 0x000000008a400000| Complete 
| 121|0x000000008a500000, 0x000000008a600000, 0x000000008a600000|100%| E|CS|TAMS 0x000000008a500000, 0x000000008a500000| Complete 
| 122|0x000000008a600000, 0x000000008a700000, 0x000000008a700000|100%| E|CS|TAMS 0x000000008a600000, 0x000000008a600000| Complete 
| 123|0x000000008a700000, 0x000000008a800000, 0x000000008a800000|100%| E|CS|TAMS 0x000000008a700000, 0x000000008a700000| Complete 
| 124|0x000000008a800000, 0x000000008a900000, 0x000000008a900000|100%| E|CS|TAMS 0x000000008a800000, 0x000000008a800000| Complete 
| 125|0x000000008a900000, 0x000000008aa00000, 0x000000008aa00000|100%| E|CS|TAMS 0x000000008a900000, 0x000000008a900000| Complete 

Card table byte_map: [0x000001d772e10000,0x000001d773200000] _byte_map_base: 0x000001d7729fa000

Marking Bits (Prev, Next): (CMBitMap*) 0x000001d75c27d770, (CMBitMap*) 0x000001d75c27d7b0
 Prev Bits: [0x000001d7735f0000, 0x000001d775540000)
 Next Bits: [0x000001d775540000, 0x000001d777490000)

Polling page: 0x000001d75a1f0000

Metaspace:

Usage:
  Non-class:    409.39 KB used.
      Class:     17.98 KB used.
       Both:    427.38 KB used.

Virtual space:
  Non-class space:        8.00 MB reserved,     512.00 KB (  6%) committed,  1 nodes.
      Class space:        1.00 GB reserved,     128.00 KB ( <1%) committed,  1 nodes.
             Both:        1.01 GB reserved,     640.00 KB ( <1%) committed. 

Chunk freelists:
   Non-Class:  4.00 MB
       Class:  3.75 MB
        Both:  7.75 MB

MaxMetaspaceSize: unlimited
CompressedClassSpaceSize: 1.00 GB
Initial GC threshold: 21.00 MB
Current GC threshold: 21.00 MB
CDS: on
MetaspaceReclaimPolicy: balanced
 - commit_granule_bytes: 65536.
 - commit_granule_words: 8192.
 - virtual_space_node_default_size: 1048576.
 - enlarge_chunks_in_place: 1.
 - new_chunks_are_fully_committed: 0.
 - uncommit_free_chunks: 1.
 - use_allocation_guard: 0.
 - handle_deallocations: 1.


Internal statistics:

num_allocs_failed_limit: 0.
num_arena_births: 4.
num_arena_deaths: 0.
num_vsnodes_births: 2.
num_vsnodes_deaths: 0.
num_space_committed: 10.
num_space_uncommitted: 0.
num_chunks_returned_to_freelist: 0.
num_chunks_taken_from_freelist: 5.
num_chunk_merges: 0.
num_chunk_splits: 2.
num_chunks_enlarged: 1.
num_purges: 0.
num_inconsistent_stats: 0.

CodeHeap 'non-profiled nmethods': size=120000Kb used=94Kb max_used=94Kb free=119905Kb
 bounds [0x000001d76b4f0000, 0x000001d76b760000, 0x000001d772a20000]
CodeHeap 'profiled nmethods': size=120000Kb used=338Kb max_used=338Kb free=119661Kb
 bounds [0x000001d763fc0000, 0x000001d764230000, 0x000001d76b4f0000]
CodeHeap 'non-nmethods': size=5760Kb used=1092Kb max_used=1109Kb free=4667Kb
 bounds [0x000001d763a20000, 0x000001d763c90000, 0x000001d763fc0000]
 total_blobs=644 nmethods=277 adapters=281
 compilation: enabled
              stopped_count=0, restarted_count=0
 full_count=0

Compilation events (20 events):
Event: 0.341 Thread 0x000001d779931fe0  236       1       java.lang.Integer::intValue (5 bytes)
Event: 0.341 Thread 0x000001d779931fe0 nmethod 236 0x000001d76b503810 code [0x000001d76b5039a0, 0x000001d76b503a78]
Event: 0.342 Thread 0x000001d779931fe0  238       3       java.io.WinNTFileSystem::prefixLength (91 bytes)
Event: 0.344 Thread 0x000001d779931fe0 nmethod 238 0x000001d764005290 code [0x000001d7640055a0, 0x000001d764006918]
Event: 0.345 Thread 0x000001d77a61d4b0  239       4       java.util.zip.ZipFile$Source::nextEntryPos (22 bytes)
Event: 0.345 Thread 0x000001d77992e040 nmethod 233 0x000001d76b503b10 code [0x000001d76b503c80, 0x000001d76b503e38]
Event: 0.345 Thread 0x000001d77992e040  224       4       java.util.zip.ZipFile$Source::isMetaName (141 bytes)
Event: 0.347 Thread 0x000001d779931fe0  242       1       sun.nio.fs.NativeBuffer::address (5 bytes)
Event: 0.347 Thread 0x000001d77a61d4b0 nmethod 239 0x000001d76b503f10 code [0x000001d76b504080, 0x000001d76b5041b8]
Event: 0.347 Thread 0x000001d77a61d4b0  228       4       java.lang.CharacterDataLatin1::toLowerCase (39 bytes)
Event: 0.347 Thread 0x000001d779931fe0 nmethod 242 0x000001d76b504310 code [0x000001d76b5044a0, 0x000001d76b504578]
Event: 0.348 Thread 0x000001d77a61d4b0 nmethod 228 0x000001d76b504610 code [0x000001d76b504780, 0x000001d76b504878]
Event: 0.348 Thread 0x000001d77a61d4b0  240       4       java.io.WinNTFileSystem::isSlash (18 bytes)
Event: 0.348 Thread 0x000001d77992e040 nmethod 224 0x000001d76b504990 code [0x000001d76b504b20, 0x000001d76b504d98]
Event: 0.349 Thread 0x000001d77992e040  241       4       java.lang.AbstractStringBuilder::ensureCapacityInternal (39 bytes)
Event: 0.349 Thread 0x000001d77a61d4b0 nmethod 240 0x000001d76b504f90 code [0x000001d76b505100, 0x000001d76b505198]
Event: 0.349 Thread 0x000001d77a61d4b0  243       4       java.lang.StringBuilder::append (8 bytes)
Event: 0.350 Thread 0x000001d779931fe0  244       3       java.util.jar.Attributes$Name::hash (148 bytes)
Event: 0.352 Thread 0x000001d779931fe0 nmethod 244 0x000001d764006f90 code [0x000001d764007220, 0x000001d764007f48]
Event: 0.352 Thread 0x000001d779931fe0  245       3       java.util.ImmutableCollections$MapN::probe (60 bytes)

GC Heap History (0 events):
No events

Deoptimization events (12 events):
Event: 0.276 Thread 0x000001d75c2405c0 DEOPT PACKING pc=0x000001d763fee30c sp=0x000000670fffde10
Event: 0.276 Thread 0x000001d75c2405c0 DEOPT UNPACKING pc=0x000001d763a72b24 sp=0x000000670fffd2a0 mode 0
Event: 0.276 Thread 0x000001d75c2405c0 DEOPT PACKING pc=0x000001d763fee30c sp=0x000000670fffde10
Event: 0.276 Thread 0x000001d75c2405c0 DEOPT UNPACKING pc=0x000001d763a72b24 sp=0x000000670fffd2a0 mode 0
Event: 0.321 Thread 0x000001d75c2405c0 Uncommon trap: trap_request=0xffffff45 fr.pc=0x000001d76b4fdd60 relative=0x0000000000000900
Event: 0.321 Thread 0x000001d75c2405c0 Uncommon trap: reason=unstable_if action=reinterpret pc=0x000001d76b4fdd60 method=java.util.HashMap.putVal(ILjava/lang/Object;Ljava/lang/Object;ZZ)Ljava/lang/Object; @ 181 c2
Event: 0.321 Thread 0x000001d75c2405c0 DEOPT PACKING pc=0x000001d76b4fdd60 sp=0x000000670fffe7e0
Event: 0.321 Thread 0x000001d75c2405c0 DEOPT UNPACKING pc=0x000001d763a7239d sp=0x000000670fffe790 mode 2
Event: 0.326 Thread 0x000001d75c2405c0 DEOPT PACKING pc=0x000001d763fc9ae7 sp=0x000000670fffdcb0
Event: 0.326 Thread 0x000001d75c2405c0 DEOPT UNPACKING pc=0x000001d763a72b24 sp=0x000000670fffd0d0 mode 0
Event: 0.340 Thread 0x000001d75c2405c0 DEOPT PACKING pc=0x000001d763fc81d1 sp=0x000000670fffdc70
Event: 0.340 Thread 0x000001d75c2405c0 DEOPT UNPACKING pc=0x000001d763a72b24 sp=0x000000670fffd0e8 mode 0

Classes unloaded (0 events):
No events

Classes redefined (0 events):
No events

Internal exceptions (0 events):
No events

VM Operations (2 events):
Event: 0.206 Executing VM operation: HandshakeAllThreads
Event: 0.206 Executing VM operation: HandshakeAllThreads done

Events (20 events):
Event: 0.236 loading class sun/instrument/TransformerManager$TransformerInfo
Event: 0.236 loading class sun/instrument/TransformerManager$TransformerInfo done
Event: 0.238 loading class jdk/internal/loader/URLClassPath$FileLoader
Event: 0.238 loading class jdk/internal/loader/URLClassPath$FileLoader done
Event: 0.249 Loaded shared library C:\Program Files\jdk-17\bin\net.dll
Event: 0.252 Loaded shared library C:\Program Files\jdk-17\bin\nio.dll
Event: 0.259 Loaded shared library C:\Program Files\jdk-17\bin\zip.dll
Event: 0.277 loading class java/io/BufferedReader
Event: 0.277 loading class java/io/Reader
Event: 0.277 loading class java/io/Reader done
Event: 0.277 loading class java/io/BufferedReader done
Event: 0.277 loading class java/io/InputStreamReader
Event: 0.278 loading class java/io/InputStreamReader done
Event: 0.278 loading class sun/nio/cs/StreamDecoder
Event: 0.278 loading class sun/nio/cs/StreamDecoder done
Event: 0.278 loading class sun/nio/cs/UTF_8$Decoder
Event: 0.278 loading class sun/nio/cs/UTF_8$Decoder done
Event: 0.278 loading class java/util/Vector
Event: 0.279 loading class java/util/Vector done
Event: 0.344 Thread 0x000001d77a61d4b0 Thread added: 0x000001d77a61d4b0


Dynamic libraries:
0x00007ff7cecb0000 - 0x00007ff7cecbe000 	C:\Program Files\jdk-17\bin\java.exe
0x00007ffaf03b0000 - 0x00007ffaf05c7000 	C:\WINDOWS\SYSTEM32\ntdll.dll
0x00007ffaeee20000 - 0x00007ffaeeee4000 	C:\WINDOWS\System32\KERNEL32.DLL
0x00007ffaed910000 - 0x00007ffaedcbd000 	C:\WINDOWS\System32\KERNELBASE.dll
0x00007ffaeddd0000 - 0x00007ffaedee1000 	C:\WINDOWS\System32\ucrtbase.dll
0x00007ffadd910000 - 0x00007ffadd92a000 	C:\Program Files\jdk-17\bin\VCRUNTIME140.dll
0x00007ffadd5b0000 - 0x00007ffadd5c8000 	C:\Program Files\jdk-17\bin\jli.dll
0x00007ffaef960000 - 0x00007ffaefb0e000 	C:\WINDOWS\System32\USER32.dll
0x00007ffacd8d0000 - 0x00007ffacdb63000 	C:\WINDOWS\WinSxS\amd64_microsoft.windows.common-controls_6595b64144ccf1df_6.0.22621.3672_none_2713b9d173822955\COMCTL32.dll
0x00007ffaed8e0000 - 0x00007ffaed906000 	C:\WINDOWS\System32\win32u.dll
0x00007ffaefc30000 - 0x00007ffaefc59000 	C:\WINDOWS\System32\GDI32.dll
0x00007ffaed7c0000 - 0x00007ffaed8d9000 	C:\WINDOWS\System32\gdi32full.dll
0x00007ffaee680000 - 0x00007ffaee727000 	C:\WINDOWS\System32\msvcrt.dll
0x00007ffaedcc0000 - 0x00007ffaedd5a000 	C:\WINDOWS\System32\msvcp_win.dll
0x00007ffaee790000 - 0x00007ffaee7c1000 	C:\WINDOWS\System32\IMM32.DLL
0x00007ffaddbe0000 - 0x00007ffaddbec000 	C:\Program Files\jdk-17\bin\vcruntime140_1.dll
0x00007ffaac7a0000 - 0x00007ffaac82d000 	C:\Program Files\jdk-17\bin\msvcp140.dll
0x00007ffa9dc60000 - 0x00007ffa9e81e000 	C:\Program Files\jdk-17\bin\server\jvm.dll
0x00007ffaee5c0000 - 0x00007ffaee672000 	C:\WINDOWS\System32\ADVAPI32.dll
0x00007ffaee990000 - 0x00007ffaeea39000 	C:\WINDOWS\System32\sechost.dll
0x00007ffaed790000 - 0x00007ffaed7b8000 	C:\WINDOWS\System32\bcrypt.dll
0x00007ffaefb10000 - 0x00007ffaefc24000 	C:\WINDOWS\System32\RPCRT4.dll
0x00007ffaee980000 - 0x00007ffaee988000 	C:\WINDOWS\System32\PSAPI.DLL
0x00007ffad7840000 - 0x00007ffad7849000 	C:\WINDOWS\SYSTEM32\WSOCK32.dll
0x00007ffaeeba0000 - 0x00007ffaeec11000 	C:\WINDOWS\System32\WS2_32.dll
0x00007ffae6570000 - 0x00007ffae65a4000 	C:\WINDOWS\SYSTEM32\WINMM.dll
0x00007ffaddf50000 - 0x00007ffaddf5a000 	C:\WINDOWS\SYSTEM32\VERSION.dll
0x00007ffaec6c0000 - 0x00007ffaec6d8000 	C:\WINDOWS\SYSTEM32\kernel.appcore.dll
0x00007ffadd760000 - 0x00007ffadd76a000 	C:\Program Files\jdk-17\bin\jimage.dll
0x00007ffaeaf00000 - 0x00007ffaeb132000 	C:\WINDOWS\SYSTEM32\DBGHELP.DLL
0x00007ffaefda0000 - 0x00007ffaf012d000 	C:\WINDOWS\System32\combase.dll
0x00007ffaefc60000 - 0x00007ffaefd37000 	C:\WINDOWS\System32\OLEAUT32.dll
0x00007ffade800000 - 0x00007ffade832000 	C:\WINDOWS\SYSTEM32\dbgcore.DLL
0x00007ffaee060000 - 0x00007ffaee0db000 	C:\WINDOWS\System32\bcryptPrimitives.dll
0x00007ffad78f0000 - 0x00007ffad78fe000 	C:\Program Files\jdk-17\bin\instrument.dll
0x00007ffad70f0000 - 0x00007ffad7115000 	C:\Program Files\jdk-17\bin\java.dll
0x00007ffaab480000 - 0x00007ffaab556000 	C:\Program Files\jdk-17\bin\svml.dll
0x00007ffaef010000 - 0x00007ffaef877000 	C:\WINDOWS\System32\SHELL32.dll
0x00007ffaeb5d0000 - 0x00007ffaebece000 	C:\WINDOWS\SYSTEM32\windows.storage.dll
0x00007ffaeb490000 - 0x00007ffaeb5cf000 	C:\WINDOWS\SYSTEM32\wintypes.dll
0x00007ffaeed20000 - 0x00007ffaeee19000 	C:\WINDOWS\System32\SHCORE.dll
0x00007ffaee730000 - 0x00007ffaee78e000 	C:\WINDOWS\System32\shlwapi.dll
0x00007ffaed600000 - 0x00007ffaed621000 	C:\WINDOWS\SYSTEM32\profapi.dll
0x00007ffad6f40000 - 0x00007ffad6f58000 	C:\Program Files\jdk-17\bin\zip.dll
0x00007ffad70d0000 - 0x00007ffad70e9000 	C:\Program Files\jdk-17\bin\net.dll
0x00007ffae6430000 - 0x00007ffae6566000 	C:\WINDOWS\SYSTEM32\WINHTTP.dll
0x00007ffaecb30000 - 0x00007ffaecb99000 	C:\WINDOWS\system32\mswsock.dll
0x00007ffad7070000 - 0x00007ffad7085000 	C:\Program Files\jdk-17\bin\nio.dll

dbghelp: loaded successfully - version: 4.0.5 - missing functions: none
symbol engine: initialized successfully - sym options: 0x614 - pdb path: .;C:\Program Files\jdk-17\bin;C:\WINDOWS\SYSTEM32;C:\WINDOWS\WinSxS\amd64_microsoft.windows.common-controls_6595b64144ccf1df_6.0.22621.3672_none_2713b9d173822955;C:\Program Files\jdk-17\bin\server

VM Arguments:
jvm_args: -javaagent:C:\Program Files (x86)\JetBrains\IntelliJ IDEA Community Edition 2024.1.4\lib\idea_rt.jar=62906:C:\Program Files (x86)\JetBrains\IntelliJ IDEA Community Edition 2024.1.4\bin -Dfile.encoding=UTF-8 
java_command: com.jimsimrodev.foroconnet.ForoconnetApplication
java_class_path (initial): D:\work\foroconnet\target\classes;C:\Users\jhoan\.m2\repository\org\springframework\boot\spring-boot-starter-security\3.3.1\spring-boot-starter-security-3.3.1.jar;C:\Users\jhoan\.m2\repository\org\springframework\boot\spring-boot-starter\3.3.1\spring-boot-starter-3.3.1.jar;C:\Users\jhoan\.m2\repository\org\springframework\boot\spring-boot\3.3.1\spring-boot-3.3.1.jar;C:\Users\jhoan\.m2\repository\org\springframework\boot\spring-boot-autoconfigure\3.3.1\spring-boot-autoconfigure-3.3.1.jar;C:\Users\jhoan\.m2\repository\org\springframework\boot\spring-boot-starter-logging\3.3.1\spring-boot-starter-logging-3.3.1.jar;C:\Users\jhoan\.m2\repository\ch\qos\logback\logback-classic\1.5.6\logback-classic-1.5.6.jar;C:\Users\jhoan\.m2\repository\ch\qos\logback\logback-core\1.5.6\logback-core-1.5.6.jar;C:\Users\jhoan\.m2\repository\org\apache\logging\log4j\log4j-to-slf4j\2.23.1\log4j-to-slf4j-2.23.1.jar;C:\Users\jhoan\.m2\repository\org\apache\logging\log4j\log4j-api\2.23.1\log4j-api-2.23.1.jar;C:\Users\jhoan\.m2\repository\org\slf4j\jul-to-slf4j\2.0.13\jul-to-slf4j-2.0.13.jar;C:\Users\jhoan\.m2\repository\jakarta\annotation\jakarta.annotation-api\2.1.1\jakarta.annotation-api-2.1.1.jar;C:\Users\jhoan\.m2\repository\org\yaml\snakeyaml\2.2\snakeyaml-2.2.jar;C:\Users\jhoan\.m2\repository\org\springframework\spring-aop\6.1.10\spring-aop-6.1.10.jar;C:\Users\jhoan\.m2\repository\org\springframework\security\spring-security-config\6.3.1\spring-security-config-6.3.1.jar;C:\Users\jhoan\.m2\repository\org\springframework\security\spring-security-web\6.3.1\spring-security-web-6.3.1.jar;C:\Users\jhoan\.m2\repository\org\springframework\boot\spring-boot-starter-validation\3.3.1\spring-boot-starter-validation-3.3.1.jar;C:\Users\jhoan\.m2\repository\org\apache\tomcat\embed\tomcat-embed-el\10.1.25\tomcat-embed-el-10.1.25.jar;C:\Users\jhoan\.m2\repository\jakarta\validation\jakarta.validation-api\3.0.1\jakarta.validation-api-3.0.1.jar;C:\Users\jhoan\.m2\repository\org\
Launcher Type: SUN_STANDARD

[Global flags]
     intx CICompilerCount                          = 3                                         {product} {ergonomic}
     uint ConcGCThreads                            = 1                                         {product} {ergonomic}
     uint G1ConcRefinementThreads                  = 4                                         {product} {ergonomic}
   size_t G1HeapRegionSize                         = 1048576                                   {product} {ergonomic}
    uintx GCDrainStackTargetSize                   = 64                                        {product} {ergonomic}
   size_t InitialHeapSize                          = 132120576                                 {product} {ergonomic}
   size_t MarkStackSize                            = 4194304                                   {product} {ergonomic}
   size_t MaxHeapSize                              = 2101346304                                {product} {ergonomic}
   size_t MaxNewSize                               = 1260388352                                {product} {ergonomic}
   size_t MinHeapDeltaBytes                        = 1048576                                   {product} {ergonomic}
   size_t MinHeapSize                              = 8388608                                   {product} {ergonomic}
    uintx NonNMethodCodeHeapSize                   = 5832780                                {pd product} {ergonomic}
    uintx NonProfiledCodeHeapSize                  = 122912730                              {pd product} {ergonomic}
    uintx ProfiledCodeHeapSize                     = 122912730                              {pd product} {ergonomic}
    uintx ReservedCodeCacheSize                    = 251658240                              {pd product} {ergonomic}
     bool SegmentedCodeCache                       = true                                      {product} {ergonomic}
   size_t SoftMaxHeapSize                          = 2101346304                             {manageable} {ergonomic}
     bool UseCompressedClassPointers               = true                           {product lp64_product} {ergonomic}
     bool UseCompressedOops                        = true                           {product lp64_product} {ergonomic}
     bool UseG1GC                                  = true                                      {product} {ergonomic}
     bool UseLargePagesIndividualAllocation        = false                                  {pd product} {ergonomic}

Logging:
Log output configuration:
 #0: stdout all=warning uptime,level,tags
 #1: stderr all=off uptime,level,tags

Environment Variables:
JAVA_HOME=C:\Program Files\jdk-17
PATH=C:\WINDOWS\system32;C:\WINDOWS;C:\WINDOWS\System32\Wbem;C:\WINDOWS\System32\WindowsPowerShell\v1.0\;C:\WINDOWS\System32\OpenSSH\;C:\Program Files\jdk-17\bin;C:\Program Files\WezTerm;C:\xampp\php;C:\ProgramData\ComposerSetup\bin;C:\Program Files\Git\cmd;C:\Program Files\nodejs\;C:\Program Files\MySQL\MySQL Shell 8.0\bin\;C:\Users\jhoan\AppData\Local\Microsoft\WindowsApps;C:\Users\jhoan\AppData\Local\Programs\Microsoft VS Code\bin;C:\Users\jhoan\AppData\Local\Programs\oh-my-posh\bin;C:\Users\jhoan\AppData\Local\Microsoft\WinGet\Packages\Schniz.fnm_Microsoft.Winget.Source_8wekyb3d8bbwe;C:\Users\jhoan\AppData\Roaming\Composer\vendor\bin;C:\Users\jhoan\AppData\Roaming\npm
USERNAME=jhoan
OS=Windows_NT
PROCESSOR_IDENTIFIER=Intel64 Family 6 Model 142 Stepping 12, GenuineIntel



---------------  S Y S T E M  ---------------

OS:
 Windows 10 , 64 bit Build 22621 (10.0.22621.3958)
OS uptime: 2 days 3:45 hours
Hyper-V role detected

CPU: total 4 (initial active 4) (2 cores per cpu, 2 threads per core) family 6 model 142 stepping 12 microcode 0xf8, cx8, cmov, fxsr, ht, mmx, 3dnowpref, sse, sse2, sse3, ssse3, sse4.1, sse4.2, popcnt, lzcnt, tsc, tscinvbit, aes, erms, clmul, clflush, clflushopt, hv

Memory: 4k page, system-wide physical 8015M (780M free)
TotalPageFile size 12111M (AvailPageFile size 3M)
current process WorkingSet (physical memory assigned to process): 39M, peak: 39M
current process commit charge ("private bytes"): 203M, peak: 203M

vm_info: OpenJDK 64-Bit Server VM (17+35-2724) for windows-amd64 JRE (17+35-2724), built on Aug  5 2021 23:26:02 by "mach5one" with MS VC++ 16.8 (VS2019)

END.
