#
# There is insufficient memory for the Java Runtime Environment to continue.
# Native memory allocation (malloc) failed to allocate 32744 bytes for ChunkPool::allocate
# Possible reasons:
#   The system is out of physical RAM or swap space
#   The process is running with CompressedOops enabled, and the Java Heap may be blocking the growth of the native heap
# Possible solutions:
#   Reduce memory load on the system
#   Increase physical memory or swap space
#   Check if swap backing store is full
#   Decrease Java heap size (-Xmx/-Xms)
#   Decrease number of Java threads
#   Decrease Java thread stack sizes (-Xss)
#   Set larger code cache with -XX:ReservedCodeCacheSize=
#   JVM is running with Unscaled Compressed Oops mode in which the Java heap is
#     placed in the first 4GB address space. The Java Heap base address is the
#     maximum limit for the native heap growth. Please use -XX:HeapBaseMinAddress
#     to set the Java Heap base and to place the Java Heap above 4GB virtual address.
# This output file may be truncated or incomplete.
#
#  Out of Memory Error (arena.cpp:78), pid=5816, tid=11640
#
# JRE version: OpenJDK Runtime Environment (17.0+35) (build 17+35-2724)
# Java VM: OpenJDK 64-Bit Server VM (17+35-2724, mixed mode, sharing, tiered, compressed oops, compressed class ptrs, g1 gc, windows-amd64)
# No core dump will be written. Minidumps are not enabled by default on client versions of Windows
#

---------------  S U M M A R Y ------------

Command Line: -javaagent:C:\Program Files (x86)\JetBrains\IntelliJ IDEA Community Edition 2024.1.4\lib\idea_rt.jar=55044:C:\Program Files (x86)\JetBrains\IntelliJ IDEA Community Edition 2024.1.4\bin -Dfile.encoding=UTF-8 com.jimsimrodev.foroconnet.ForoconnetApplication

Host: Intel(R) Pentium(R) CPU 6405U @ 2.40GHz, 4 cores, 7G,  Windows 10 , 64 bit Build 22621 (10.0.22621.3672)
Time: Tue Jul 16 21:17:06 2024 Hora est. Pacífico, Sudamérica elapsed time: 2.990468 seconds (0d 0h 0m 2s)

---------------  T H R E A D  ---------------

Current thread (0x0000025aeddf3f90):  JavaThread "C1 CompilerThread0" daemon [_thread_in_native, id=11640, stack(0x00000062ae500000,0x00000062ae600000)]


Current CompileTask:
C1:   2990 1665       3       jdk.internal.org.objectweb.asm.FieldVisitor::<init> (88 bytes)

Stack: [0x00000062ae500000,0x00000062ae600000]
Native frames: (J=compiled Java code, j=interpreted, Vv=VM code, C=native code)
V  [jvm.dll+0x66f8ea]
V  [jvm.dll+0x7ce224]
V  [jvm.dll+0x7cf9ce]
V  [jvm.dll+0x7d0033]
V  [jvm.dll+0x242bb5]
V  [jvm.dll+0xaa2a0]
V  [jvm.dll+0xaa5ec]
V  [jvm.dll+0x1729aa]
V  [jvm.dll+0x173662]
V  [jvm.dll+0x17371e]
V  [jvm.dll+0x176067]
V  [jvm.dll+0x1780b1]
V  [jvm.dll+0x1323c3]
V  [jvm.dll+0x131cbf]
V  [jvm.dll+0x131ef6]
V  [jvm.dll+0x13138a]
V  [jvm.dll+0x133051]
V  [jvm.dll+0x2248f8]
V  [jvm.dll+0x222a5c]
V  [jvm.dll+0x78422b]
V  [jvm.dll+0x77e7ea]
V  [jvm.dll+0x66e715]
C  [ucrtbase.dll+0x29333]
C  [KERNEL32.DLL+0x1257d]
C  [ntdll.dll+0x5af28]


---------------  P R O C E S S  ---------------

Threads class SMR info:
_java_thread_list=0x0000025aef28f7b0, length=15, elements={
0x0000025ad07017f0, 0x0000025aeddd3350, 0x0000025aeddd4960, 0x0000025aedde9670,
0x0000025aeddea130, 0x0000025aeddeb390, 0x0000025aeddedd60, 0x0000025aeddf26a0,
0x0000025aeddf3f90, 0x0000025aede5a370, 0x0000025aeddbdaf0, 0x0000025aeeb4ee90,
0x0000025aeeb51370, 0x0000025aef264d00, 0x0000025aef2900b0
}

Java Threads: ( => current thread )
  0x0000025ad07017f0 JavaThread "main" [_thread_in_vm, id=9596, stack(0x00000062ad700000,0x00000062ad800000)]
  0x0000025aeddd3350 JavaThread "Reference Handler" daemon [_thread_blocked, id=12872, stack(0x00000062ade00000,0x00000062adf00000)]
  0x0000025aeddd4960 JavaThread "Finalizer" daemon [_thread_blocked, id=9120, stack(0x00000062adf00000,0x00000062ae000000)]
  0x0000025aedde9670 JavaThread "Signal Dispatcher" daemon [_thread_blocked, id=8972, stack(0x00000062ae000000,0x00000062ae100000)]
  0x0000025aeddea130 JavaThread "Attach Listener" daemon [_thread_blocked, id=17320, stack(0x00000062ae100000,0x00000062ae200000)]
  0x0000025aeddeb390 JavaThread "Service Thread" daemon [_thread_blocked, id=6540, stack(0x00000062ae200000,0x00000062ae300000)]
  0x0000025aeddedd60 JavaThread "Monitor Deflation Thread" daemon [_thread_blocked, id=12868, stack(0x00000062ae300000,0x00000062ae400000)]
  0x0000025aeddf26a0 JavaThread "C2 CompilerThread0" daemon [_thread_in_native, id=17212, stack(0x00000062ae400000,0x00000062ae500000)]
=>0x0000025aeddf3f90 JavaThread "C1 CompilerThread0" daemon [_thread_in_native, id=11640, stack(0x00000062ae500000,0x00000062ae600000)]
  0x0000025aede5a370 JavaThread "Sweeper thread" daemon [_thread_blocked, id=13532, stack(0x00000062ae600000,0x00000062ae700000)]
  0x0000025aeddbdaf0 JavaThread "Common-Cleaner" daemon [_thread_blocked, id=11872, stack(0x00000062ae700000,0x00000062ae800000)]
  0x0000025aeeb4ee90 JavaThread "Monitor Ctrl-Break" daemon [_thread_in_native, id=4440, stack(0x00000062ae900000,0x00000062aea00000)]
  0x0000025aeeb51370 JavaThread "Notification Thread" daemon [_thread_blocked, id=4132, stack(0x00000062aea00000,0x00000062aeb00000)]
  0x0000025aef264d00 JavaThread "C2 CompilerThread1" daemon [_thread_in_native, id=13704, stack(0x00000062ae800000,0x00000062ae900000)]
  0x0000025aef2900b0 JavaThread "background-preinit" [_thread_in_vm, id=2576, stack(0x00000062aef00000,0x00000062af000000)]

Other Threads:
  0x0000025aeddcdbb0 VMThread "VM Thread" [stack: 0x00000062add00000,0x00000062ade00000] [id=11712]
  0x0000025ad0702470 WatcherThread [stack: 0x00000062aeb00000,0x00000062aec00000] [id=13076]
  0x0000025ad073d390 GCTaskThread "GC Thread#0" [stack: 0x00000062ad800000,0x00000062ad900000] [id=12264]
  0x0000025aef014e40 GCTaskThread "GC Thread#1" [stack: 0x00000062aec00000,0x00000062aed00000] [id=7472]
  0x0000025aef219170 GCTaskThread "GC Thread#2" [stack: 0x00000062aed00000,0x00000062aee00000] [id=12784]
  0x0000025aef340e10 GCTaskThread "GC Thread#3" [stack: 0x00000062aee00000,0x00000062aef00000] [id=10932]
  0x0000025ad074ed60 ConcurrentGCThread "G1 Main Marker" [stack: 0x00000062ad900000,0x00000062ada00000] [id=11056]
  0x0000025ad074f770 ConcurrentGCThread "G1 Conc#0" [stack: 0x00000062ada00000,0x00000062adb00000] [id=13168]
  0x0000025aedc90090 ConcurrentGCThread "G1 Refine#0" [stack: 0x00000062adb00000,0x00000062adc00000] [id=9684]
  0x0000025aedc91ac0 ConcurrentGCThread "G1 Service" [stack: 0x00000062adc00000,0x00000062add00000] [id=15296]

Threads with active compile tasks:
C2 CompilerThread0     3025 1618   !   4       java.net.URL::<init> (543 bytes)
C1 CompilerThread0     3025 1665       3       jdk.internal.org.objectweb.asm.FieldVisitor::<init> (88 bytes)
C2 CompilerThread1     3025 1653       4       jdk.internal.org.objectweb.asm.Frame::execute (2305 bytes)

VM state: not at safepoint (normal execution)

VM Mutex/Monitor currently owned by a thread:  ([mutex/lock_event])
[0x0000025ad06f9fb0] Metaspace_lock - owner thread: 0x0000025aef2900b0

Heap address: 0x0000000082c00000, size: 2004 MB, Compressed Oops mode: 32-bit

CDS archive(s) mapped at: [0x0000000800000000-0x0000000800bc0000-0x0000000800bc0000), size 12320768, SharedBaseAddress: 0x0000000800000000, ArchiveRelocationMode: 0.
Compressed class space mapped at: 0x0000000800c00000-0x0000000840c00000, reserved size: 1073741824
Narrow klass base: 0x0000000800000000, Narrow klass shift: 0, Narrow klass range: 0x100000000

GC Precious Log:
 CPUs: 4 total, 4 available
 Memory: 8015M
 Large Page Support: Disabled
 NUMA Support: Disabled
 Compressed Oops: Enabled (32-bit)
 Heap Region Size: 1M
 Heap Min Capacity: 8M
 Heap Initial Capacity: 126M
 Heap Max Capacity: 2004M
 Pre-touch: Disabled
 Parallel Workers: 4
 Concurrent Workers: 1
 Concurrent Refinement Workers: 4
 Periodic GC: Disabled

Heap:
 garbage-first heap   total 129024K, used 28066K [0x0000000082c00000, 0x0000000100000000)
  region size 1024K, 23 young (23552K), 1 survivors (1024K)
 Metaspace       used 11093K, committed 11328K, reserved 1064960K
  class space    used 1424K, committed 1536K, reserved 1048576K

Heap Regions: E=young(eden), S=young(survivor), O=old, HS=humongous(starts), HC=humongous(continues), CS=collection set, F=free, OA=open archive, CA=closed archive, TAMS=top-at-mark-start (previous, next)
|   0|0x0000000082c00000, 0x0000000082d00000, 0x0000000082d00000|100%|HS|  |TAMS 0x0000000082c00000, 0x0000000082c00000| Complete 
|   1|0x0000000082d00000, 0x0000000082e00000, 0x0000000082e00000|100%| O|  |TAMS 0x0000000082d00000, 0x0000000082d00000| Untracked 
|   2|0x0000000082e00000, 0x0000000082f00000, 0x0000000082f00000|100%| O|  |TAMS 0x0000000082e00000, 0x0000000082e00000| Untracked 
|   3|0x0000000082f00000, 0x0000000083000000, 0x0000000083000000|100%| O|  |TAMS 0x0000000082f00000, 0x0000000082f00000| Untracked 
|   4|0x0000000083000000, 0x0000000083100000, 0x0000000083100000|100%| O|  |TAMS 0x0000000083000000, 0x0000000083000000| Untracked 
|   5|0x0000000083100000, 0x0000000083200000, 0x0000000083200000|100%| O|  |TAMS 0x0000000083100000, 0x0000000083100000| Untracked 
|   6|0x0000000083200000, 0x0000000083289000, 0x0000000083300000| 53%| O|  |TAMS 0x0000000083200000, 0x0000000083200000| Untracked 
|   7|0x0000000083300000, 0x0000000083300000, 0x0000000083400000|  0%| F|  |TAMS 0x0000000083300000, 0x0000000083300000| Untracked 
|   8|0x0000000083400000, 0x0000000083400000, 0x0000000083500000|  0%| F|  |TAMS 0x0000000083400000, 0x0000000083400000| Untracked 
|   9|0x0000000083500000, 0x0000000083500000, 0x0000000083600000|  0%| F|  |TAMS 0x0000000083500000, 0x0000000083500000| Untracked 
|  10|0x0000000083600000, 0x0000000083600000, 0x0000000083700000|  0%| F|  |TAMS 0x0000000083600000, 0x0000000083600000| Untracked 
|  11|0x0000000083700000, 0x0000000083700000, 0x0000000083800000|  0%| F|  |TAMS 0x0000000083700000, 0x0000000083700000| Untracked 
|  12|0x0000000083800000, 0x0000000083800000, 0x0000000083900000|  0%| F|  |TAMS 0x0000000083800000, 0x0000000083800000| Untracked 
|  13|0x0000000083900000, 0x0000000083900000, 0x0000000083a00000|  0%| F|  |TAMS 0x0000000083900000, 0x0000000083900000| Untracked 
|  14|0x0000000083a00000, 0x0000000083a00000, 0x0000000083b00000|  0%| F|  |TAMS 0x0000000083a00000, 0x0000000083a00000| Untracked 
|  15|0x0000000083b00000, 0x0000000083b00000, 0x0000000083c00000|  0%| F|  |TAMS 0x0000000083b00000, 0x0000000083b00000| Untracked 
|  16|0x0000000083c00000, 0x0000000083c00000, 0x0000000083d00000|  0%| F|  |TAMS 0x0000000083c00000, 0x0000000083c00000| Untracked 
|  17|0x0000000083d00000, 0x0000000083d00000, 0x0000000083e00000|  0%| F|  |TAMS 0x0000000083d00000, 0x0000000083d00000| Untracked 
|  18|0x0000000083e00000, 0x0000000083e00000, 0x0000000083f00000|  0%| F|  |TAMS 0x0000000083e00000, 0x0000000083e00000| Untracked 
|  19|0x0000000083f00000, 0x0000000083f00000, 0x0000000084000000|  0%| F|  |TAMS 0x0000000083f00000, 0x0000000083f00000| Untracked 
|  20|0x0000000084000000, 0x0000000084000000, 0x0000000084100000|  0%| F|  |TAMS 0x0000000084000000, 0x0000000084000000| Untracked 
|  21|0x0000000084100000, 0x0000000084100000, 0x0000000084200000|  0%| F|  |TAMS 0x0000000084100000, 0x0000000084100000| Untracked 
|  22|0x0000000084200000, 0x0000000084200000, 0x0000000084300000|  0%| F|  |TAMS 0x0000000084200000, 0x0000000084200000| Untracked 
|  23|0x0000000084300000, 0x0000000084300000, 0x0000000084400000|  0%| F|  |TAMS 0x0000000084300000, 0x0000000084300000| Untracked 
|  24|0x0000000084400000, 0x0000000084400000, 0x0000000084500000|  0%| F|  |TAMS 0x0000000084400000, 0x0000000084400000| Untracked 
|  25|0x0000000084500000, 0x0000000084500000, 0x0000000084600000|  0%| F|  |TAMS 0x0000000084500000, 0x0000000084500000| Untracked 
|  26|0x0000000084600000, 0x0000000084600000, 0x0000000084700000|  0%| F|  |TAMS 0x0000000084600000, 0x0000000084600000| Untracked 
|  27|0x0000000084700000, 0x0000000084700000, 0x0000000084800000|  0%| F|  |TAMS 0x0000000084700000, 0x0000000084700000| Untracked 
|  28|0x0000000084800000, 0x0000000084800000, 0x0000000084900000|  0%| F|  |TAMS 0x0000000084800000, 0x0000000084800000| Untracked 
|  29|0x0000000084900000, 0x0000000084900000, 0x0000000084a00000|  0%| F|  |TAMS 0x0000000084900000, 0x0000000084900000| Untracked 
|  30|0x0000000084a00000, 0x0000000084a00000, 0x0000000084b00000|  0%| F|  |TAMS 0x0000000084a00000, 0x0000000084a00000| Untracked 
|  31|0x0000000084b00000, 0x0000000084b00000, 0x0000000084c00000|  0%| F|  |TAMS 0x0000000084b00000, 0x0000000084b00000| Untracked 
|  32|0x0000000084c00000, 0x0000000084c00000, 0x0000000084d00000|  0%| F|  |TAMS 0x0000000084c00000, 0x0000000084c00000| Untracked 
|  33|0x0000000084d00000, 0x0000000084d00000, 0x0000000084e00000|  0%| F|  |TAMS 0x0000000084d00000, 0x0000000084d00000| Untracked 
|  34|0x0000000084e00000, 0x0000000084e00000, 0x0000000084f00000|  0%| F|  |TAMS 0x0000000084e00000, 0x0000000084e00000| Untracked 
|  35|0x0000000084f00000, 0x0000000084f00000, 0x0000000085000000|  0%| F|  |TAMS 0x0000000084f00000, 0x0000000084f00000| Untracked 
|  36|0x0000000085000000, 0x0000000085000000, 0x0000000085100000|  0%| F|  |TAMS 0x0000000085000000, 0x0000000085000000| Untracked 
|  37|0x0000000085100000, 0x0000000085100000, 0x0000000085200000|  0%| F|  |TAMS 0x0000000085100000, 0x0000000085100000| Untracked 
|  38|0x0000000085200000, 0x0000000085200000, 0x0000000085300000|  0%| F|  |TAMS 0x0000000085200000, 0x0000000085200000| Untracked 
|  39|0x0000000085300000, 0x0000000085300000, 0x0000000085400000|  0%| F|  |TAMS 0x0000000085300000, 0x0000000085300000| Untracked 
|  40|0x0000000085400000, 0x0000000085400000, 0x0000000085500000|  0%| F|  |TAMS 0x0000000085400000, 0x0000000085400000| Untracked 
|  41|0x0000000085500000, 0x0000000085500000, 0x0000000085600000|  0%| F|  |TAMS 0x0000000085500000, 0x0000000085500000| Untracked 
|  42|0x0000000085600000, 0x0000000085600000, 0x0000000085700000|  0%| F|  |TAMS 0x0000000085600000, 0x0000000085600000| Untracked 
|  43|0x0000000085700000, 0x0000000085700000, 0x0000000085800000|  0%| F|  |TAMS 0x0000000085700000, 0x0000000085700000| Untracked 
|  44|0x0000000085800000, 0x0000000085800000, 0x0000000085900000|  0%| F|  |TAMS 0x0000000085800000, 0x0000000085800000| Untracked 
|  45|0x0000000085900000, 0x0000000085900000, 0x0000000085a00000|  0%| F|  |TAMS 0x0000000085900000, 0x0000000085900000| Untracked 
|  46|0x0000000085a00000, 0x0000000085a00000, 0x0000000085b00000|  0%| F|  |TAMS 0x0000000085a00000, 0x0000000085a00000| Untracked 
|  47|0x0000000085b00000, 0x0000000085b00000, 0x0000000085c00000|  0%| F|  |TAMS 0x0000000085b00000, 0x0000000085b00000| Untracked 
|  48|0x0000000085c00000, 0x0000000085c00000, 0x0000000085d00000|  0%| F|  |TAMS 0x0000000085c00000, 0x0000000085c00000| Untracked 
|  49|0x0000000085d00000, 0x0000000085d00000, 0x0000000085e00000|  0%| F|  |TAMS 0x0000000085d00000, 0x0000000085d00000| Untracked 
|  50|0x0000000085e00000, 0x0000000085e00000, 0x0000000085f00000|  0%| F|  |TAMS 0x0000000085e00000, 0x0000000085e00000| Untracked 
|  51|0x0000000085f00000, 0x0000000085f00000, 0x0000000086000000|  0%| F|  |TAMS 0x0000000085f00000, 0x0000000085f00000| Untracked 
|  52|0x0000000086000000, 0x0000000086000000, 0x0000000086100000|  0%| F|  |TAMS 0x0000000086000000, 0x0000000086000000| Untracked 
|  53|0x0000000086100000, 0x0000000086100000, 0x0000000086200000|  0%| F|  |TAMS 0x0000000086100000, 0x0000000086100000| Untracked 
|  54|0x0000000086200000, 0x0000000086200000, 0x0000000086300000|  0%| F|  |TAMS 0x0000000086200000, 0x0000000086200000| Untracked 
|  55|0x0000000086300000, 0x0000000086300000, 0x0000000086400000|  0%| F|  |TAMS 0x0000000086300000, 0x0000000086300000| Untracked 
|  56|0x0000000086400000, 0x0000000086400000, 0x0000000086500000|  0%| F|  |TAMS 0x0000000086400000, 0x0000000086400000| Untracked 
|  57|0x0000000086500000, 0x0000000086500000, 0x0000000086600000|  0%| F|  |TAMS 0x0000000086500000, 0x0000000086500000| Untracked 
|  58|0x0000000086600000, 0x0000000086600000, 0x0000000086700000|  0%| F|  |TAMS 0x0000000086600000, 0x0000000086600000| Untracked 
|  59|0x0000000086700000, 0x0000000086700000, 0x0000000086800000|  0%| F|  |TAMS 0x0000000086700000, 0x0000000086700000| Untracked 
|  60|0x0000000086800000, 0x0000000086800000, 0x0000000086900000|  0%| F|  |TAMS 0x0000000086800000, 0x0000000086800000| Untracked 
|  61|0x0000000086900000, 0x0000000086900000, 0x0000000086a00000|  0%| F|  |TAMS 0x0000000086900000, 0x0000000086900000| Untracked 
|  62|0x0000000086a00000, 0x0000000086a00000, 0x0000000086b00000|  0%| F|  |TAMS 0x0000000086a00000, 0x0000000086a00000| Untracked 
|  63|0x0000000086b00000, 0x0000000086b00000, 0x0000000086c00000|  0%| F|  |TAMS 0x0000000086b00000, 0x0000000086b00000| Untracked 
|  64|0x0000000086c00000, 0x0000000086c00000, 0x0000000086d00000|  0%| F|  |TAMS 0x0000000086c00000, 0x0000000086c00000| Untracked 
|  65|0x0000000086d00000, 0x0000000086d00000, 0x0000000086e00000|  0%| F|  |TAMS 0x0000000086d00000, 0x0000000086d00000| Untracked 
|  66|0x0000000086e00000, 0x0000000086e00000, 0x0000000086f00000|  0%| F|  |TAMS 0x0000000086e00000, 0x0000000086e00000| Untracked 
|  67|0x0000000086f00000, 0x0000000086f00000, 0x0000000087000000|  0%| F|  |TAMS 0x0000000086f00000, 0x0000000086f00000| Untracked 
|  68|0x0000000087000000, 0x0000000087000000, 0x0000000087100000|  0%| F|  |TAMS 0x0000000087000000, 0x0000000087000000| Untracked 
|  69|0x0000000087100000, 0x0000000087100000, 0x0000000087200000|  0%| F|  |TAMS 0x0000000087100000, 0x0000000087100000| Untracked 
|  70|0x0000000087200000, 0x0000000087200000, 0x0000000087300000|  0%| F|  |TAMS 0x0000000087200000, 0x0000000087200000| Untracked 
|  71|0x0000000087300000, 0x0000000087300000, 0x0000000087400000|  0%| F|  |TAMS 0x0000000087300000, 0x0000000087300000| Untracked 
|  72|0x0000000087400000, 0x0000000087400000, 0x0000000087500000|  0%| F|  |TAMS 0x0000000087400000, 0x0000000087400000| Untracked 
|  73|0x0000000087500000, 0x0000000087500000, 0x0000000087600000|  0%| F|  |TAMS 0x0000000087500000, 0x0000000087500000| Untracked 
|  74|0x0000000087600000, 0x0000000087600000, 0x0000000087700000|  0%| F|  |TAMS 0x0000000087600000, 0x0000000087600000| Untracked 
|  75|0x0000000087700000, 0x0000000087700000, 0x0000000087800000|  0%| F|  |TAMS 0x0000000087700000, 0x0000000087700000| Untracked 
|  76|0x0000000087800000, 0x0000000087800000, 0x0000000087900000|  0%| F|  |TAMS 0x0000000087800000, 0x0000000087800000| Untracked 
|  77|0x0000000087900000, 0x0000000087900000, 0x0000000087a00000|  0%| F|  |TAMS 0x0000000087900000, 0x0000000087900000| Untracked 
|  78|0x0000000087a00000, 0x0000000087a00000, 0x0000000087b00000|  0%| F|  |TAMS 0x0000000087a00000, 0x0000000087a00000| Untracked 
|  79|0x0000000087b00000, 0x0000000087b00000, 0x0000000087c00000|  0%| F|  |TAMS 0x0000000087b00000, 0x0000000087b00000| Untracked 
|  80|0x0000000087c00000, 0x0000000087c00000, 0x0000000087d00000|  0%| F|  |TAMS 0x0000000087c00000, 0x0000000087c00000| Untracked 
|  81|0x0000000087d00000, 0x0000000087d00000, 0x0000000087e00000|  0%| F|  |TAMS 0x0000000087d00000, 0x0000000087d00000| Untracked 
|  82|0x0000000087e00000, 0x0000000087e00000, 0x0000000087f00000|  0%| F|  |TAMS 0x0000000087e00000, 0x0000000087e00000| Untracked 
|  83|0x0000000087f00000, 0x0000000087f00000, 0x0000000088000000|  0%| F|  |TAMS 0x0000000087f00000, 0x0000000087f00000| Untracked 
|  84|0x0000000088000000, 0x0000000088000000, 0x0000000088100000|  0%| F|  |TAMS 0x0000000088000000, 0x0000000088000000| Untracked 
|  85|0x0000000088100000, 0x0000000088100000, 0x0000000088200000|  0%| F|  |TAMS 0x0000000088100000, 0x0000000088100000| Untracked 
|  86|0x0000000088200000, 0x0000000088200000, 0x0000000088300000|  0%| F|  |TAMS 0x0000000088200000, 0x0000000088200000| Untracked 
|  87|0x0000000088300000, 0x0000000088300000, 0x0000000088400000|  0%| F|  |TAMS 0x0000000088300000, 0x0000000088300000| Untracked 
|  88|0x0000000088400000, 0x0000000088400000, 0x0000000088500000|  0%| F|  |TAMS 0x0000000088400000, 0x0000000088400000| Untracked 
|  89|0x0000000088500000, 0x0000000088500000, 0x0000000088600000|  0%| F|  |TAMS 0x0000000088500000, 0x0000000088500000| Untracked 
|  90|0x0000000088600000, 0x0000000088600000, 0x0000000088700000|  0%| F|  |TAMS 0x0000000088600000, 0x0000000088600000| Untracked 
|  91|0x0000000088700000, 0x0000000088700000, 0x0000000088800000|  0%| F|  |TAMS 0x0000000088700000, 0x0000000088700000| Untracked 
|  92|0x0000000088800000, 0x0000000088800000, 0x0000000088900000|  0%| F|  |TAMS 0x0000000088800000, 0x0000000088800000| Untracked 
|  93|0x0000000088900000, 0x0000000088900000, 0x0000000088a00000|  0%| F|  |TAMS 0x0000000088900000, 0x0000000088900000| Untracked 
|  94|0x0000000088a00000, 0x0000000088a00000, 0x0000000088b00000|  0%| F|  |TAMS 0x0000000088a00000, 0x0000000088a00000| Untracked 
|  95|0x0000000088b00000, 0x0000000088b00000, 0x0000000088c00000|  0%| F|  |TAMS 0x0000000088b00000, 0x0000000088b00000| Untracked 
|  96|0x0000000088c00000, 0x0000000088c00000, 0x0000000088d00000|  0%| F|  |TAMS 0x0000000088c00000, 0x0000000088c00000| Untracked 
|  97|0x0000000088d00000, 0x0000000088d00000, 0x0000000088e00000|  0%| F|  |TAMS 0x0000000088d00000, 0x0000000088d00000| Untracked 
|  98|0x0000000088e00000, 0x0000000088e00000, 0x0000000088f00000|  0%| F|  |TAMS 0x0000000088e00000, 0x0000000088e00000| Untracked 
|  99|0x0000000088f00000, 0x0000000088f00000, 0x0000000089000000|  0%| F|  |TAMS 0x0000000088f00000, 0x0000000088f00000| Untracked 
| 100|0x0000000089000000, 0x0000000089000000, 0x0000000089100000|  0%| F|  |TAMS 0x0000000089000000, 0x0000000089000000| Untracked 
| 101|0x0000000089100000, 0x0000000089100000, 0x0000000089200000|  0%| F|  |TAMS 0x0000000089100000, 0x0000000089100000| Untracked 
| 102|0x0000000089200000, 0x0000000089200000, 0x0000000089300000|  0%| F|  |TAMS 0x0000000089200000, 0x0000000089200000| Untracked 
| 103|0x0000000089300000, 0x0000000089329c40, 0x0000000089400000| 16%| E|  |TAMS 0x0000000089300000, 0x0000000089300000| Complete 
| 104|0x0000000089400000, 0x0000000089500000, 0x0000000089500000|100%| E|CS|TAMS 0x0000000089400000, 0x0000000089400000| Complete 
| 105|0x0000000089500000, 0x0000000089600000, 0x0000000089600000|100%| E|CS|TAMS 0x0000000089500000, 0x0000000089500000| Complete 
| 106|0x0000000089600000, 0x0000000089700000, 0x0000000089700000|100%| E|CS|TAMS 0x0000000089600000, 0x0000000089600000| Complete 
| 107|0x0000000089700000, 0x0000000089800000, 0x0000000089800000|100%| E|  |TAMS 0x0000000089700000, 0x0000000089700000| Complete 
| 108|0x0000000089800000, 0x0000000089900000, 0x0000000089900000|100%| E|CS|TAMS 0x0000000089800000, 0x0000000089800000| Complete 
| 109|0x0000000089900000, 0x0000000089a00000, 0x0000000089a00000|100%| E|CS|TAMS 0x0000000089900000, 0x0000000089900000| Complete 
| 110|0x0000000089a00000, 0x0000000089b00000, 0x0000000089b00000|100%| E|CS|TAMS 0x0000000089a00000, 0x0000000089a00000| Complete 
| 111|0x0000000089b00000, 0x0000000089c00000, 0x0000000089c00000|100%| E|CS|TAMS 0x0000000089b00000, 0x0000000089b00000| Complete 
| 112|0x0000000089c00000, 0x0000000089d00000, 0x0000000089d00000|100%| E|CS|TAMS 0x0000000089c00000, 0x0000000089c00000| Complete 
| 113|0x0000000089d00000, 0x0000000089e00000, 0x0000000089e00000|100%| E|CS|TAMS 0x0000000089d00000, 0x0000000089d00000| Complete 
| 114|0x0000000089e00000, 0x0000000089f00000, 0x0000000089f00000|100%| E|CS|TAMS 0x0000000089e00000, 0x0000000089e00000| Complete 
| 115|0x0000000089f00000, 0x0000000089fdf9e0, 0x000000008a000000| 87%| S|CS|TAMS 0x0000000089f00000, 0x0000000089f00000| Complete 
| 116|0x000000008a000000, 0x000000008a100000, 0x000000008a100000|100%| E|CS|TAMS 0x000000008a000000, 0x000000008a000000| Complete 
| 117|0x000000008a100000, 0x000000008a200000, 0x000000008a200000|100%| E|CS|TAMS 0x000000008a100000, 0x000000008a100000| Complete 
| 118|0x000000008a200000, 0x000000008a300000, 0x000000008a300000|100%| E|CS|TAMS 0x000000008a200000, 0x000000008a200000| Complete 
| 119|0x000000008a300000, 0x000000008a400000, 0x000000008a400000|100%| E|CS|TAMS 0x000000008a300000, 0x000000008a300000| Complete 
| 120|0x000000008a400000, 0x000000008a500000, 0x000000008a500000|100%| E|CS|TAMS 0x000000008a400000, 0x000000008a400000| Complete 
| 121|0x000000008a500000, 0x000000008a600000, 0x000000008a600000|100%| E|CS|TAMS 0x000000008a500000, 0x000000008a500000| Complete 
| 122|0x000000008a600000, 0x000000008a700000, 0x000000008a700000|100%| E|CS|TAMS 0x000000008a600000, 0x000000008a600000| Complete 
| 123|0x000000008a700000, 0x000000008a800000, 0x000000008a800000|100%| E|CS|TAMS 0x000000008a700000, 0x000000008a700000| Complete 
| 124|0x000000008a800000, 0x000000008a900000, 0x000000008a900000|100%| E|CS|TAMS 0x000000008a800000, 0x000000008a800000| Complete 
| 125|0x000000008a900000, 0x000000008aa00000, 0x000000008aa00000|100%| E|CS|TAMS 0x000000008a900000, 0x000000008a900000| Complete 

Card table byte_map: [0x0000025ae72d0000,0x0000025ae76c0000] _byte_map_base: 0x0000025ae6eba000

Marking Bits (Prev, Next): (CMBitMap*) 0x0000025ad073e9b0, (CMBitMap*) 0x0000025ad073e9f0
 Prev Bits: [0x0000025ae7ab0000, 0x0000025ae9a00000)
 Next Bits: [0x0000025ae9a00000, 0x0000025aeb950000)

Polling page: 0x0000025acfec0000

Metaspace:

Usage:
  Non-class:      9.44 MB used.
      Class:      1.39 MB used.
       Both:     10.83 MB used.

Virtual space:
  Non-class space:       16.00 MB reserved,       9.56 MB ( 60%) committed,  2 nodes.
      Class space:        1.00 GB reserved,       1.50 MB ( <1%) committed,  1 nodes.
             Both:        1.02 GB reserved,      11.06 MB (  1%) committed. 

Chunk freelists:
   Non-Class:  2.05 MB
       Class:  2.41 MB
        Both:  4.45 MB

MaxMetaspaceSize: unlimited
CompressedClassSpaceSize: 1.00 GB
Initial GC threshold: 21.00 MB
Current GC threshold: 21.00 MB
CDS: on
MetaspaceReclaimPolicy: balanced
 - commit_granule_bytes: 65536.
 - commit_granule_words: 8192.
 - virtual_space_node_default_size: 1048576.
 - enlarge_chunks_in_place: 1.
 - new_chunks_are_fully_committed: 0.
 - uncommit_free_chunks: 1.
 - use_allocation_guard: 0.
 - handle_deallocations: 1.


Internal statistics:

num_allocs_failed_limit: 0.
num_arena_births: 184.
num_arena_deaths: 0.
num_vsnodes_births: 3.
num_vsnodes_deaths: 0.
num_space_committed: 177.
num_space_uncommitted: 0.
num_chunks_returned_to_freelist: 0.
num_chunks_taken_from_freelist: 530.
num_chunk_merges: 0.
num_chunk_splits: 348.
num_chunks_enlarged: 264.
num_purges: 0.
num_inconsistent_stats: 0.

CodeHeap 'non-profiled nmethods': size=120000Kb used=560Kb max_used=560Kb free=119440Kb
 bounds [0x0000025adf9b0000, 0x0000025adfc20000, 0x0000025ae6ee0000]
CodeHeap 'profiled nmethods': size=120000Kb used=3120Kb max_used=3120Kb free=116879Kb
 bounds [0x0000025ad8480000, 0x0000025ad8790000, 0x0000025adf9b0000]
CodeHeap 'non-nmethods': size=5760Kb used=1180Kb max_used=1197Kb free=4579Kb
 bounds [0x0000025ad7ee0000, 0x0000025ad8150000, 0x0000025ad8480000]
 total_blobs=2133 nmethods=1661 adapters=385
 compilation: enabled
              stopped_count=0, restarted_count=0
 full_count=0

Compilation events (20 events):
Event: 2.965 Thread 0x0000025aeddf3f90 nmethod 1655 0x0000025ad8788790 code [0x0000025ad8788920, 0x0000025ad8788a78]
Event: 2.965 Thread 0x0000025aeddf3f90 1656       3       java.lang.Class::getGenericSuperclass (28 bytes)
Event: 2.966 Thread 0x0000025aeddf3f90 nmethod 1656 0x0000025ad8788b10 code [0x0000025ad8788d60, 0x0000025ad8789758]
Event: 2.971 Thread 0x0000025aeddf3f90 1657       3       java.lang.reflect.Method::getParameterCount (6 bytes)
Event: 2.971 Thread 0x0000025aeddf3f90 nmethod 1657 0x0000025ad8789a90 code [0x0000025ad8789c20, 0x0000025ad8789d38]
Event: 2.972 Thread 0x0000025aeddf3f90 1658       3       org.springframework.core.annotation.AttributeMethods::size (6 bytes)
Event: 2.972 Thread 0x0000025aeddf3f90 nmethod 1658 0x0000025ad8789e10 code [0x0000025ad8789fa0, 0x0000025ad878a0b8]
Event: 2.972 Thread 0x0000025aeddf3f90 1659       3       java.util.LinkedHashMap::afterNodeAccess (116 bytes)
Event: 2.973 Thread 0x0000025aeddf3f90 nmethod 1659 0x0000025ad878a190 code [0x0000025ad878a360, 0x0000025ad878a9b8]
Event: 2.974 Thread 0x0000025aeddf3f90 1660       3       java.lang.reflect.Method::equals (65 bytes)
Event: 2.974 Thread 0x0000025aeddf3f90 nmethod 1660 0x0000025ad878ab10 code [0x0000025ad878ad00, 0x0000025ad878b3e8]
Event: 2.975 Thread 0x0000025aeddf3f90 1661       3       org.springframework.core.annotation.AttributeMethods::get (7 bytes)
Event: 2.975 Thread 0x0000025aeddf3f90 nmethod 1661 0x0000025ad878b510 code [0x0000025ad878b6a0, 0x0000025ad878b7d8]
Event: 2.976 Thread 0x0000025aeddf3f90 1662       1       java.lang.Class::getAnnotationType (5 bytes)
Event: 2.976 Thread 0x0000025aeddf3f90 nmethod 1662 0x0000025adfa3bd10 code [0x0000025adfa3bea0, 0x0000025adfa3bf78]
Event: 2.976 Thread 0x0000025aeddf3f90 1663       3       jdk.internal.misc.Unsafe::makeShort (26 bytes)
Event: 2.976 Thread 0x0000025aeddf3f90 nmethod 1663 0x0000025ad878b890 code [0x0000025ad878ba40, 0x0000025ad878bcd8]
Event: 2.977 Thread 0x0000025aeddf3f90 1664       3       java.lang.PublicMethods$MethodList::<init> (10 bytes)
Event: 2.977 Thread 0x0000025aeddf3f90 nmethod 1664 0x0000025ad878be10 code [0x0000025ad878bfa0, 0x0000025ad878c158]
Event: 2.978 Thread 0x0000025aeddf3f90 1665       3       jdk.internal.org.objectweb.asm.FieldVisitor::<init> (88 bytes)

GC Heap History (4 events):
Event: 1.104 GC heap before
{Heap before GC invocations=0 (full 0):
 garbage-first heap   total 129024K, used 13312K [0x0000000082c00000, 0x0000000100000000)
  region size 1024K, 13 young (13312K), 0 survivors (0K)
 Metaspace       used 2764K, committed 2944K, reserved 1056768K
  class space    used 261K, committed 384K, reserved 1048576K
}
Event: 1.111 GC heap after
{Heap after GC invocations=1 (full 0):
 garbage-first heap   total 129024K, used 6733K [0x0000000082c00000, 0x0000000100000000)
  region size 1024K, 2 young (2048K), 2 survivors (2048K)
 Metaspace       used 2764K, committed 2944K, reserved 1056768K
  class space    used 261K, committed 384K, reserved 1048576K
}
Event: 2.109 GC heap before
{Heap before GC invocations=1 (full 0):
 garbage-first heap   total 129024K, used 16973K [0x0000000082c00000, 0x0000000100000000)
  region size 1024K, 12 young (12288K), 2 survivors (2048K)
 Metaspace       used 5874K, committed 6016K, reserved 1056768K
  class space    used 668K, committed 768K, reserved 1048576K
}
Event: 2.115 GC heap after
{Heap after GC invocations=2 (full 0):
 garbage-first heap   total 129024K, used 7586K [0x0000000082c00000, 0x0000000100000000)
  region size 1024K, 1 young (1024K), 1 survivors (1024K)
 Metaspace       used 5874K, committed 6016K, reserved 1056768K
  class space    used 668K, committed 768K, reserved 1048576K
}

Deoptimization events (20 events):
Event: 2.454 Thread 0x0000025ad07017f0 Uncommon trap: trap_request=0xffffffc6 fr.pc=0x0000025adfa07060 relative=0x0000000000000580
Event: 2.454 Thread 0x0000025ad07017f0 Uncommon trap: reason=bimorphic_or_optimized_type_check action=maybe_recompile pc=0x0000025adfa07060 method=java.util.concurrent.ConcurrentHashMap.get(Ljava/lang/Object;)Ljava/lang/Object; @ 149 c2
Event: 2.454 Thread 0x0000025ad07017f0 DEOPT PACKING pc=0x0000025adfa07060 sp=0x00000062ad7fd150
Event: 2.454 Thread 0x0000025ad07017f0 DEOPT UNPACKING pc=0x0000025ad7f3239d sp=0x00000062ad7fd0e0 mode 2
Event: 2.799 Thread 0x0000025ad07017f0 Uncommon trap: trap_request=0xffffffc6 fr.pc=0x0000025adfa07060 relative=0x0000000000000580
Event: 2.799 Thread 0x0000025ad07017f0 Uncommon trap: reason=bimorphic_or_optimized_type_check action=maybe_recompile pc=0x0000025adfa07060 method=java.util.concurrent.ConcurrentHashMap.get(Ljava/lang/Object;)Ljava/lang/Object; @ 149 c2
Event: 2.799 Thread 0x0000025ad07017f0 DEOPT PACKING pc=0x0000025adfa07060 sp=0x00000062ad7fe2d0
Event: 2.799 Thread 0x0000025ad07017f0 DEOPT UNPACKING pc=0x0000025ad7f3239d sp=0x00000062ad7fe270 mode 2
Event: 2.843 Thread 0x0000025ad07017f0 Uncommon trap: trap_request=0xffffff45 fr.pc=0x0000025adfa04d08 relative=0x00000000000013a8
Event: 2.843 Thread 0x0000025ad07017f0 Uncommon trap: reason=unstable_if action=reinterpret pc=0x0000025adfa04d08 method=java.io.WinNTFileSystem.normalize(Ljava/lang/String;II)Ljava/lang/String; @ 87 c2
Event: 2.843 Thread 0x0000025ad07017f0 DEOPT PACKING pc=0x0000025adfa04d08 sp=0x00000062ad7fe8e0
Event: 2.843 Thread 0x0000025ad07017f0 DEOPT UNPACKING pc=0x0000025ad7f3239d sp=0x00000062ad7fe828 mode 2
Event: 2.867 Thread 0x0000025ad07017f0 Uncommon trap: trap_request=0xffffff45 fr.pc=0x0000025adfa15aa0 relative=0x0000000000001000
Event: 2.867 Thread 0x0000025ad07017f0 Uncommon trap: reason=unstable_if action=reinterpret pc=0x0000025adfa15aa0 method=java.util.concurrent.ConcurrentHashMap.addCount(JI)V @ 171 c2
Event: 2.867 Thread 0x0000025ad07017f0 DEOPT PACKING pc=0x0000025adfa15aa0 sp=0x00000062ad7fad80
Event: 2.867 Thread 0x0000025ad07017f0 DEOPT UNPACKING pc=0x0000025ad7f3239d sp=0x00000062ad7fac40 mode 2
Event: 2.958 Thread 0x0000025ad07017f0 Uncommon trap: trap_request=0xffffff45 fr.pc=0x0000025adfa1a914 relative=0x00000000000002f4
Event: 2.958 Thread 0x0000025ad07017f0 Uncommon trap: reason=unstable_if action=reinterpret pc=0x0000025adfa1a914 method=jdk.internal.org.objectweb.asm.SymbolTable.put(Ljdk/internal/org/objectweb/asm/SymbolTable$Entry;)Ljdk/internal/org/objectweb/asm/SymbolTable$Entry; @ 13 c2
Event: 2.958 Thread 0x0000025ad07017f0 DEOPT PACKING pc=0x0000025adfa1a914 sp=0x00000062ad7fd380
Event: 2.958 Thread 0x0000025ad07017f0 DEOPT UNPACKING pc=0x0000025ad7f3239d sp=0x00000062ad7fd300 mode 2

Classes unloaded (0 events):
No events

Classes redefined (0 events):
No events

Internal exceptions (20 events):
Event: 2.268 Thread 0x0000025ad07017f0 Exception <a 'java/lang/NoSuchMethodError'{0x000000008a647878}: 'java.lang.Object java.lang.invoke.DirectMethodHandle$Holder.invokeSpecial(java.lang.Object, java.lang.Object, java.lang.Object, java.lang.Object, java.lang.Object, java.lang.Object, int)'> (0x000000008a647878) 
thrown [t:\workspace\open\src\hotspot\share\interpreter\linkResolver.cpp, line 766]
Event: 2.269 Thread 0x0000025ad07017f0 Exception <a 'java/lang/NoSuchMethodError'{0x000000008a651de0}: 'java.lang.Object java.lang.invoke.DirectMethodHandle$Holder.newInvokeSpecial(java.lang.Object, java.lang.Object, java.lang.Object, java.lang.Object, java.lang.Object, java.lang.Object, int)'> (0x000000008a651de0) 
thrown [t:\workspace\open\src\hotspot\share\interpreter\linkResolver.cpp, line 766]
Event: 2.270 Thread 0x0000025ad07017f0 Exception <a 'java/lang/NoSuchMethodError'{0x000000008a656e20}: 'java.lang.Object java.lang.invoke.DirectMethodHandle$Holder.invokeSpecial(java.lang.Object, java.lang.Object, java.lang.Object, java.lang.Object, java.lang.Object, java.lang.Object, java.lang.Object, int)'> (0x000000008a656e20) 
thrown [t:\workspace\open\src\hotspot\share\interpreter\linkResolver.cpp, line 766]
Event: 2.344 Thread 0x0000025ad07017f0 Exception <a 'java/lang/NoSuchMethodError'{0x000000008a585640}: 'int java.lang.invoke.DirectMethodHandle$Holder.invokeInterface(java.lang.Object, java.lang.Object)'> (0x000000008a585640) 
thrown [t:\workspace\open\src\hotspot\share\interpreter\linkResolver.cpp, line 766]
Event: 2.354 Thread 0x0000025ad07017f0 Exception <a 'java/lang/NoSuchMethodError'{0x000000008a5aaaa8}: 'void java.lang.invoke.DirectMethodHandle$Holder.invokeSpecial(java.lang.Object, java.lang.Object, java.lang.Object, java.lang.Object, java.lang.Object)'> (0x000000008a5aaaa8) 
thrown [t:\workspace\open\src\hotspot\share\interpreter\linkResolver.cpp, line 766]
Event: 2.408 Thread 0x0000025ad07017f0 Exception <a 'java/lang/NoSuchMethodError'{0x000000008a486280}: 'java.lang.Object java.lang.invoke.DirectMethodHandle$Holder.invokeSpecial(java.lang.Object, java.lang.Object, java.lang.Object, int, java.lang.Object)'> (0x000000008a486280) 
thrown [t:\workspace\open\src\hotspot\share\interpreter\linkResolver.cpp, line 766]
Event: 2.409 Thread 0x0000025ad07017f0 Exception <a 'java/lang/NoSuchMethodError'{0x000000008a48e8e0}: 'java.lang.Object java.lang.invoke.DirectMethodHandle$Holder.newInvokeSpecial(java.lang.Object, java.lang.Object, java.lang.Object, int, java.lang.Object)'> (0x000000008a48e8e0) 
thrown [t:\workspace\open\src\hotspot\share\interpreter\linkResolver.cpp, line 766]
Event: 2.411 Thread 0x0000025ad07017f0 Exception <a 'java/lang/NoSuchMethodError'{0x000000008a4962b0}: 'java.lang.Object java.lang.invoke.Invokers$Holder.linkToTargetMethod(java.lang.Object, java.lang.Object, int, java.lang.Object, java.lang.Object)'> (0x000000008a4962b0) 
thrown [t:\workspace\open\src\hotspot\share\interpreter\linkResolver.cpp, line 766]
Event: 2.414 Thread 0x0000025ad07017f0 Exception <a 'java/lang/NoSuchMethodError'{0x000000008a4a4dc0}: 'java.lang.Object java.lang.invoke.DirectMethodHandle$Holder.newInvokeSpecial(java.lang.Object, int, java.lang.Object)'> (0x000000008a4a4dc0) 
thrown [t:\workspace\open\src\hotspot\share\interpreter\linkResolver.cpp, line 766]
Event: 2.415 Thread 0x0000025ad07017f0 Exception <a 'java/lang/NoSuchMethodError'{0x000000008a4a9aa0}: 'int java.lang.invoke.DirectMethodHandle$Holder.invokeSpecialIFC(java.lang.Object, java.lang.Object, java.lang.Object, java.lang.Object)'> (0x000000008a4a9aa0) 
thrown [t:\workspace\open\src\hotspot\share\interpreter\linkResolver.cpp, line 766]
Event: 2.463 Thread 0x0000025ad07017f0 Exception <a 'java/lang/NoSuchMethodError'{0x000000008a391c40}: 'void java.lang.invoke.DirectMethodHandle$Holder.invokeInterface(java.lang.Object, java.lang.Object, java.lang.Object)'> (0x000000008a391c40) 
thrown [t:\workspace\open\src\hotspot\share\interpreter\linkResolver.cpp, line 766]
Event: 2.504 Thread 0x0000025ad07017f0 Exception <a 'java/lang/NoSuchMethodError'{0x000000008a2181e0}: 'void java.lang.invoke.DirectMethodHandle$Holder.invokeStaticInit(java.lang.Object, java.lang.Object, java.lang.Object)'> (0x000000008a2181e0) 
thrown [t:\workspace\open\src\hotspot\share\interpreter\linkResolver.cpp, line 766]
Event: 2.515 Thread 0x0000025ad07017f0 Exception <a 'java/lang/NoSuchMethodError'{0x000000008a25f418}: 'java.lang.Object java.lang.invoke.DirectMethodHandle$Holder.invokeVirtual(java.lang.Object, java.lang.Object, java.lang.Object)'> (0x000000008a25f418) 
thrown [t:\workspace\open\src\hotspot\share\interpreter\linkResolver.cpp, line 766]
Event: 2.522 Thread 0x0000025ad07017f0 Exception <a 'java/lang/NoSuchMethodError'{0x000000008a283cc0}: 'java.lang.Object java.lang.invoke.DirectMethodHandle$Holder.invokeStatic(java.lang.Object, java.lang.Object, long, java.lang.Object)'> (0x000000008a283cc0) 
thrown [t:\workspace\open\src\hotspot\share\interpreter\linkResolver.cpp, line 766]
Event: 2.522 Thread 0x0000025ad07017f0 Exception <a 'java/lang/NoSuchMethodError'{0x000000008a287758}: 'java.lang.Object java.lang.invoke.DirectMethodHandle$Holder.invokeStaticInit(java.lang.Object, java.lang.Object, long, java.lang.Object)'> (0x000000008a287758) 
thrown [t:\workspace\open\src\hotspot\share\interpreter\linkResolver.cpp, line 766]
Event: 2.523 Thread 0x0000025ad07017f0 Exception <a 'java/lang/NoSuchMethodError'{0x000000008a28de98}: 'java.lang.Object java.lang.invoke.DirectMethodHandle$Holder.newInvokeSpecial(java.lang.Object, java.lang.Object, long)'> (0x000000008a28de98) 
thrown [t:\workspace\open\src\hotspot\share\interpreter\linkResolver.cpp, line 766]
Event: 2.524 Thread 0x0000025ad07017f0 Exception <a 'java/lang/NoSuchMethodError'{0x000000008a291a08}: 'java.lang.Object java.lang.invoke.Invokers$Holder.linkToTargetMethod(java.lang.Object, long, java.lang.Object)'> (0x000000008a291a08) 
thrown [t:\workspace\open\src\hotspot\share\interpreter\linkResolver.cpp, line 766]
Event: 2.556 Thread 0x0000025ad07017f0 Exception <a 'java/lang/NoSuchMethodError'{0x000000008a2ea7e8}: 'void java.lang.invoke.DirectMethodHandle$Holder.invokeVirtual(java.lang.Object, java.lang.Object, java.lang.Object, java.lang.Object)'> (0x000000008a2ea7e8) 
thrown [t:\workspace\open\src\hotspot\share\interpreter\linkResolver.cpp, line 766]
Event: 2.623 Thread 0x0000025ad07017f0 Exception <a 'java/lang/NoSuchMethodError'{0x000000008a03bc40}: 'void java.lang.invoke.DirectMethodHandle$Holder.invokeSpecial(java.lang.Object, java.lang.Object, java.lang.Object)'> (0x000000008a03bc40) 
thrown [t:\workspace\open\src\hotspot\share\interpreter\linkResolver.cpp, line 766]
Event: 2.639 Thread 0x0000025ad07017f0 Exception <a 'java/lang/IncompatibleClassChangeError'{0x000000008a06d1c8}: Found class java.lang.Object, but interface was expected> (0x000000008a06d1c8) 
thrown [t:\workspace\open\src\hotspot\share\interpreter\linkResolver.cpp, line 833]

VM Operations (20 events):
Event: 0.741 Executing VM operation: HandshakeAllThreads
Event: 0.741 Executing VM operation: HandshakeAllThreads done
Event: 0.759 Executing VM operation: HandshakeAllThreads
Event: 0.759 Executing VM operation: HandshakeAllThreads done
Event: 1.104 Executing VM operation: G1CollectForAllocation
Event: 1.111 Executing VM operation: G1CollectForAllocation done
Event: 1.972 Executing VM operation: HandshakeAllThreads
Event: 1.972 Executing VM operation: HandshakeAllThreads done
Event: 2.109 Executing VM operation: G1CollectForAllocation
Event: 2.115 Executing VM operation: G1CollectForAllocation done
Event: 2.369 Executing VM operation: HandshakeAllThreads
Event: 2.369 Executing VM operation: HandshakeAllThreads done
Event: 2.614 Executing VM operation: HandshakeAllThreads
Event: 2.614 Executing VM operation: HandshakeAllThreads done
Event: 2.619 Executing VM operation: HandshakeAllThreads
Event: 2.619 Executing VM operation: HandshakeAllThreads done
Event: 2.619 Executing VM operation: HandshakeAllThreads
Event: 2.619 Executing VM operation: HandshakeAllThreads done
Event: 2.635 Executing VM operation: ICBufferFull
Event: 2.636 Executing VM operation: ICBufferFull done

Events (20 events):
Event: 2.869 loading class javax/xml/parsers/ParserConfigurationException
Event: 2.869 loading class javax/xml/parsers/ParserConfigurationException done
Event: 2.869 loading class org/xml/sax/EntityResolver
Event: 2.869 loading class org/xml/sax/EntityResolver done
Event: 2.870 loading class java/lang/reflect/MalformedParameterizedTypeException
Event: 2.870 loading class java/lang/reflect/MalformedParameterizedTypeException done
Event: 2.882 loading class java/io/CharConversionException
Event: 2.882 loading class java/io/CharConversionException done
Event: 2.932 loading class java/time/chrono/HijrahDate
Event: 2.933 loading class java/time/chrono/ChronoLocalDateImpl
Event: 2.933 loading class java/time/chrono/ChronoLocalDateImpl done
Event: 2.933 loading class java/time/chrono/HijrahDate done
Event: 2.934 loading class java/time/chrono/JapaneseDate
Event: 2.934 loading class java/time/chrono/JapaneseDate done
Event: 2.935 loading class java/time/chrono/MinguoDate
Event: 2.935 loading class java/time/chrono/MinguoDate done
Event: 2.936 loading class java/time/chrono/ThaiBuddhistDate
Event: 2.936 loading class java/time/chrono/ThaiBuddhistDate done
Event: 2.940 loading class java/lang/annotation/Repeatable
Event: 2.940 loading class java/lang/annotation/Repeatable done


Dynamic libraries:
0x00007ff643430000 - 0x00007ff64343e000 	C:\Program Files\jdk-17\bin\java.exe
0x00007ffaa87b0000 - 0x00007ffaa89c7000 	C:\WINDOWS\SYSTEM32\ntdll.dll
0x00007ffaa66a0000 - 0x00007ffaa6764000 	C:\WINDOWS\System32\KERNEL32.DLL
0x00007ffaa5e10000 - 0x00007ffaa61bd000 	C:\WINDOWS\System32\KERNELBASE.dll
0x00007ffaa5b60000 - 0x00007ffaa5c71000 	C:\WINDOWS\System32\ucrtbase.dll
0x00007ffaa2190000 - 0x00007ffaa21aa000 	C:\Program Files\jdk-17\bin\VCRUNTIME140.dll
0x00007ffaa1430000 - 0x00007ffaa1448000 	C:\Program Files\jdk-17\bin\jli.dll
0x00007ffaa6830000 - 0x00007ffaa69de000 	C:\WINDOWS\System32\USER32.dll
0x00007ffa8ec90000 - 0x00007ffa8ef23000 	C:\WINDOWS\WinSxS\amd64_microsoft.windows.common-controls_6595b64144ccf1df_6.0.22621.3672_none_2713b9d173822955\COMCTL32.dll
0x00007ffaa5cb0000 - 0x00007ffaa5cd6000 	C:\WINDOWS\System32\win32u.dll
0x00007ffaa7d00000 - 0x00007ffaa7da7000 	C:\WINDOWS\System32\msvcrt.dll
0x00007ffaa6800000 - 0x00007ffaa6829000 	C:\WINDOWS\System32\GDI32.dll
0x00007ffaa63d0000 - 0x00007ffaa64e9000 	C:\WINDOWS\System32\gdi32full.dll
0x00007ffaa6330000 - 0x00007ffaa63ca000 	C:\WINDOWS\System32\msvcp_win.dll
0x00007ffaa79a0000 - 0x00007ffaa79d1000 	C:\WINDOWS\System32\IMM32.DLL
0x00007ffaa2180000 - 0x00007ffaa218c000 	C:\Program Files\jdk-17\bin\vcruntime140_1.dll
0x00007ffa82dd0000 - 0x00007ffa82e5d000 	C:\Program Files\jdk-17\bin\msvcp140.dll
0x00007ffa61a80000 - 0x00007ffa6263e000 	C:\Program Files\jdk-17\bin\server\jvm.dll
0x00007ffaa6ef0000 - 0x00007ffaa6fa2000 	C:\WINDOWS\System32\ADVAPI32.dll
0x00007ffaa7bf0000 - 0x00007ffaa7c99000 	C:\WINDOWS\System32\sechost.dll
0x00007ffaa5c80000 - 0x00007ffaa5ca8000 	C:\WINDOWS\System32\bcrypt.dll
0x00007ffaa6fb0000 - 0x00007ffaa70c4000 	C:\WINDOWS\System32\RPCRT4.dll
0x00007ffaa70d0000 - 0x00007ffaa70d8000 	C:\WINDOWS\System32\PSAPI.DLL
0x00007ffa82da0000 - 0x00007ffa82da9000 	C:\WINDOWS\SYSTEM32\WSOCK32.dll
0x00007ffaa6780000 - 0x00007ffaa67f1000 	C:\WINDOWS\System32\WS2_32.dll
0x00007ffa9c030000 - 0x00007ffa9c03a000 	C:\WINDOWS\SYSTEM32\VERSION.dll
0x00007ffaa1340000 - 0x00007ffaa1374000 	C:\WINDOWS\SYSTEM32\WINMM.dll
0x00007ffaa4ad0000 - 0x00007ffaa4ae8000 	C:\WINDOWS\SYSTEM32\kernel.appcore.dll
0x00007ffaa14e0000 - 0x00007ffaa14ea000 	C:\Program Files\jdk-17\bin\jimage.dll
0x00007ffaa3310000 - 0x00007ffaa3542000 	C:\WINDOWS\SYSTEM32\DBGHELP.DLL
0x00007ffaa6b60000 - 0x00007ffaa6ee8000 	C:\WINDOWS\System32\combase.dll
0x00007ffaa7a90000 - 0x00007ffaa7b67000 	C:\WINDOWS\System32\OLEAUT32.dll
0x00007ffa88540000 - 0x00007ffa88572000 	C:\WINDOWS\SYSTEM32\dbgcore.DLL
0x00007ffaa5ae0000 - 0x00007ffaa5b5b000 	C:\WINDOWS\System32\bcryptPrimitives.dll
0x00007ffaa1420000 - 0x00007ffaa142e000 	C:\Program Files\jdk-17\bin\instrument.dll
0x00007ffa9f1b0000 - 0x00007ffa9f1d5000 	C:\Program Files\jdk-17\bin\java.dll
0x00007ffa7e9c0000 - 0x00007ffa7ea96000 	C:\Program Files\jdk-17\bin\svml.dll
0x00007ffaa7140000 - 0x00007ffaa799f000 	C:\WINDOWS\System32\SHELL32.dll
0x00007ffaa39e0000 - 0x00007ffaa42dc000 	C:\WINDOWS\SYSTEM32\windows.storage.dll
0x00007ffaa38a0000 - 0x00007ffaa39df000 	C:\WINDOWS\SYSTEM32\wintypes.dll
0x00007ffaa69e0000 - 0x00007ffaa6ad4000 	C:\WINDOWS\System32\SHCORE.dll
0x00007ffaa7b90000 - 0x00007ffaa7bee000 	C:\WINDOWS\System32\shlwapi.dll
0x00007ffaa5a10000 - 0x00007ffaa5a31000 	C:\WINDOWS\SYSTEM32\profapi.dll
0x00007ffa90cc0000 - 0x00007ffa90cd8000 	C:\Program Files\jdk-17\bin\zip.dll
0x00007ffa90d00000 - 0x00007ffa90d19000 	C:\Program Files\jdk-17\bin\net.dll
0x00007ffaa19e0000 - 0x00007ffaa1b16000 	C:\WINDOWS\SYSTEM32\WINHTTP.dll
0x00007ffaa4f40000 - 0x00007ffaa4fa9000 	C:\WINDOWS\system32\mswsock.dll
0x00007ffa90ce0000 - 0x00007ffa90cf5000 	C:\Program Files\jdk-17\bin\nio.dll
0x00007ffa8fdc0000 - 0x00007ffa8fdda000 	C:\Program Files (x86)\JetBrains\IntelliJ IDEA Community Edition 2024.1.4\bin\breakgen64.dll

dbghelp: loaded successfully - version: 4.0.5 - missing functions: none
symbol engine: initialized successfully - sym options: 0x614 - pdb path: .;C:\Program Files\jdk-17\bin;C:\WINDOWS\SYSTEM32;C:\WINDOWS\WinSxS\amd64_microsoft.windows.common-controls_6595b64144ccf1df_6.0.22621.3672_none_2713b9d173822955;C:\Program Files\jdk-17\bin\server;C:\Program Files (x86)\JetBrains\IntelliJ IDEA Community Edition 2024.1.4\bin

VM Arguments:
jvm_args: -javaagent:C:\Program Files (x86)\JetBrains\IntelliJ IDEA Community Edition 2024.1.4\lib\idea_rt.jar=55044:C:\Program Files (x86)\JetBrains\IntelliJ IDEA Community Edition 2024.1.4\bin -Dfile.encoding=UTF-8 
java_command: com.jimsimrodev.foroconnet.ForoconnetApplication
java_class_path (initial): D:\work\foroconnet\target\classes;C:\Users\jhoan\.m2\repository\org\springframework\boot\spring-boot-starter-security\3.3.1\spring-boot-starter-security-3.3.1.jar;C:\Users\jhoan\.m2\repository\org\springframework\boot\spring-boot-starter\3.3.1\spring-boot-starter-3.3.1.jar;C:\Users\jhoan\.m2\repository\org\springframework\boot\spring-boot\3.3.1\spring-boot-3.3.1.jar;C:\Users\jhoan\.m2\repository\org\springframework\boot\spring-boot-autoconfigure\3.3.1\spring-boot-autoconfigure-3.3.1.jar;C:\Users\jhoan\.m2\repository\org\springframework\boot\spring-boot-starter-logging\3.3.1\spring-boot-starter-logging-3.3.1.jar;C:\Users\jhoan\.m2\repository\ch\qos\logback\logback-classic\1.5.6\logback-classic-1.5.6.jar;C:\Users\jhoan\.m2\repository\ch\qos\logback\logback-core\1.5.6\logback-core-1.5.6.jar;C:\Users\jhoan\.m2\repository\org\apache\logging\log4j\log4j-to-slf4j\2.23.1\log4j-to-slf4j-2.23.1.jar;C:\Users\jhoan\.m2\repository\org\apache\logging\log4j\log4j-api\2.23.1\log4j-api-2.23.1.jar;C:\Users\jhoan\.m2\repository\org\slf4j\jul-to-slf4j\2.0.13\jul-to-slf4j-2.0.13.jar;C:\Users\jhoan\.m2\repository\jakarta\annotation\jakarta.annotation-api\2.1.1\jakarta.annotation-api-2.1.1.jar;C:\Users\jhoan\.m2\repository\org\yaml\snakeyaml\2.2\snakeyaml-2.2.jar;C:\Users\jhoan\.m2\repository\org\springframework\spring-aop\6.1.10\spring-aop-6.1.10.jar;C:\Users\jhoan\.m2\repository\org\springframework\spring-beans\6.1.10\spring-beans-6.1.10.jar;C:\Users\jhoan\.m2\repository\org\springframework\security\spring-security-config\6.3.1\spring-security-config-6.3.1.jar;C:\Users\jhoan\.m2\repository\org\springframework\spring-context\6.1.10\spring-context-6.1.10.jar;C:\Users\jhoan\.m2\repository\org\springframework\security\spring-security-web\6.3.1\spring-security-web-6.3.1.jar;C:\Users\jhoan\.m2\repository\org\springframework\spring-expression\6.1.10\spring-expression-6.1.10.jar;C:\Users\jhoan\.m2\repository\org\springframework\boot\spring-boot-starter-validation\3.
Launcher Type: SUN_STANDARD

[Global flags]
     intx CICompilerCount                          = 3                                         {product} {ergonomic}
     uint ConcGCThreads                            = 1                                         {product} {ergonomic}
     uint G1ConcRefinementThreads                  = 4                                         {product} {ergonomic}
   size_t G1HeapRegionSize                         = 1048576                                   {product} {ergonomic}
    uintx GCDrainStackTargetSize                   = 64                                        {product} {ergonomic}
   size_t InitialHeapSize                          = 132120576                                 {product} {ergonomic}
   size_t MarkStackSize                            = 4194304                                   {product} {ergonomic}
   size_t MaxHeapSize                              = 2101346304                                {product} {ergonomic}
   size_t MaxNewSize                               = 1260388352                                {product} {ergonomic}
   size_t MinHeapDeltaBytes                        = 1048576                                   {product} {ergonomic}
   size_t MinHeapSize                              = 8388608                                   {product} {ergonomic}
    uintx NonNMethodCodeHeapSize                   = 5832780                                {pd product} {ergonomic}
    uintx NonProfiledCodeHeapSize                  = 122912730                              {pd product} {ergonomic}
    uintx ProfiledCodeHeapSize                     = 122912730                              {pd product} {ergonomic}
    uintx ReservedCodeCacheSize                    = 251658240                              {pd product} {ergonomic}
     bool SegmentedCodeCache                       = true                                      {product} {ergonomic}
   size_t SoftMaxHeapSize                          = 2101346304                             {manageable} {ergonomic}
     bool UseCompressedClassPointers               = true                           {product lp64_product} {ergonomic}
     bool UseCompressedOops                        = true                           {product lp64_product} {ergonomic}
     bool UseG1GC                                  = true                                      {product} {ergonomic}
     bool UseLargePagesIndividualAllocation        = false                                  {pd product} {ergonomic}

Logging:
Log output configuration:
 #0: stdout all=warning uptime,level,tags
 #1: stderr all=off uptime,level,tags

Environment Variables:
JAVA_HOME=C:\Program Files\jdk-17
PATH=C:\WINDOWS\system32;C:\WINDOWS;C:\WINDOWS\System32\Wbem;C:\WINDOWS\System32\WindowsPowerShell\v1.0\;C:\WINDOWS\System32\OpenSSH\;C:\Program Files\jdk-17\bin;C:\Program Files\WezTerm;C:\xampp\php;C:\ProgramData\ComposerSetup\bin;C:\Program Files\Git\cmd;C:\Program Files\nodejs\;C:\Program Files\MySQL\MySQL Shell 8.0\bin\;C:\Users\jhoan\AppData\Local\Microsoft\WindowsApps;C:\Users\jhoan\AppData\Local\Programs\Microsoft VS Code\bin;C:\Users\jhoan\AppData\Local\Programs\oh-my-posh\bin;C:\Users\jhoan\AppData\Local\Microsoft\WinGet\Packages\Schniz.fnm_Microsoft.Winget.Source_8wekyb3d8bbwe;C:\Users\jhoan\AppData\Roaming\Composer\vendor\bin;C:\Users\jhoan\AppData\Roaming\npm
USERNAME=jhoan
OS=Windows_NT
PROCESSOR_IDENTIFIER=Intel64 Family 6 Model 142 Stepping 12, GenuineIntel



---------------  S Y S T E M  ---------------

OS:
 Windows 10 , 64 bit Build 22621 (10.0.22621.3672)
OS uptime: 2 days 9:31 hours
Hyper-V role detected

CPU: total 4 (initial active 4) (2 cores per cpu, 2 threads per core) family 6 model 142 stepping 12 microcode 0xf8, cx8, cmov, fxsr, ht, mmx, 3dnowpref, sse, sse2, sse3, ssse3, sse4.1, sse4.2, popcnt, lzcnt, tsc, tscinvbit, aes, erms, clmul, clflush, clflushopt, hv

Memory: 4k page, system-wide physical 8015M (586M free)
TotalPageFile size 12111M (AvailPageFile size 4M)
current process WorkingSet (physical memory assigned to process): 92M, peak: 92M
current process commit charge ("private bytes"): 227M, peak: 227M

vm_info: OpenJDK 64-Bit Server VM (17+35-2724) for windows-amd64 JRE (17+35-2724), built on Aug  5 2021 23:26:02 by "mach5one" with MS VC++ 16.8 (VS2019)

END.
