#
# There is insufficient memory for the Java Runtime Environment to continue.
# Native memory allocation (malloc) failed to allocate 992976 bytes for Chunk::new
# Possible reasons:
#   The system is out of physical RAM or swap space
#   The process is running with CompressedOops enabled, and the Java Heap may be blocking the growth of the native heap
# Possible solutions:
#   Reduce memory load on the system
#   Increase physical memory or swap space
#   Check if swap backing store is full
#   Decrease Java heap size (-Xmx/-Xms)
#   Decrease number of Java threads
#   Decrease Java thread stack sizes (-Xss)
#   Set larger code cache with -XX:ReservedCodeCacheSize=
#   JVM is running with Unscaled Compressed Oops mode in which the Java heap is
#     placed in the first 4GB address space. The Java Heap base address is the
#     maximum limit for the native heap growth. Please use -XX:HeapBaseMinAddress
#     to set the Java Heap base and to place the Java Heap above 4GB virtual address.
# This output file may be truncated or incomplete.
#
#  Out of Memory Error (arena.cpp:189), pid=10512, tid=14192
#
# JRE version: OpenJDK Runtime Environment (17.0+35) (build 17+35-2724)
# Java VM: OpenJDK 64-Bit Server VM (17+35-2724, mixed mode, sharing, tiered, compressed oops, compressed class ptrs, g1 gc, windows-amd64)
# No core dump will be written. Minidumps are not enabled by default on client versions of Windows
#

---------------  S U M M A R Y ------------

Command Line: -javaagent:C:\Program Files (x86)\JetBrains\IntelliJ IDEA Community Edition 2024.1.4\lib\idea_rt.jar=53536:C:\Program Files (x86)\JetBrains\IntelliJ IDEA Community Edition 2024.1.4\bin -Dfile.encoding=UTF-8 com.jimsimrodev.foroconnet.ForoconnetApplication

Host: Intel(R) Pentium(R) CPU 6405U @ 2.40GHz, 4 cores, 7G,  Windows 10 , 64 bit Build 22621 (10.0.22621.3672)
Time: Thu Jul 25 20:54:11 2024 Hora est. Pacífico, Sudamérica elapsed time: 137.553436 seconds (0d 0h 2m 17s)

---------------  T H R E A D  ---------------

Current thread (0x0000021db90f9bf0):  JavaThread "C2 CompilerThread0" daemon [_thread_in_native, id=14192, stack(0x000000ca90300000,0x000000ca90400000)]


Current CompileTask:
C2: 137553 6681       4       org.springframework.core.ResolvableType::forType (112 bytes)

Stack: [0x000000ca90300000,0x000000ca90400000]
Native frames: (J=compiled Java code, j=interpreted, Vv=VM code, C=native code)
V  [jvm.dll+0x66f8ea]
V  [jvm.dll+0x7ce224]
V  [jvm.dll+0x7cf9ce]
V  [jvm.dll+0x7d0033]
V  [jvm.dll+0x242bb5]
V  [jvm.dll+0xaa05b]
V  [jvm.dll+0xaa5ec]
V  [jvm.dll+0x2a954f]
V  [jvm.dll+0x5784b9]
V  [jvm.dll+0x21de2d]
V  [jvm.dll+0x217651]
V  [jvm.dll+0x214fb5]
V  [jvm.dll+0x1a168d]
V  [jvm.dll+0x2248f8]
V  [jvm.dll+0x222a5c]
V  [jvm.dll+0x78422b]
V  [jvm.dll+0x77e7ea]
V  [jvm.dll+0x66e715]
C  [ucrtbase.dll+0x29333]
C  [KERNEL32.DLL+0x1257d]
C  [ntdll.dll+0x5af28]


---------------  P R O C E S S  ---------------

Threads class SMR info:
_java_thread_list=0x0000021dbeb18530, length=30, elements={
0x0000021db90e1c00, 0x0000021db90e3a80, 0x0000021db90f6f50, 0x0000021db90f7b00,
0x0000021db90f84b0, 0x0000021db90f8e60, 0x0000021db90f9bf0, 0x0000021db90fbe40,
0x0000021db91749b0, 0x0000021db90ccca0, 0x0000021db9f4f1e0, 0x0000021db9f68540,
0x0000021dbae66210, 0x0000021dbae64ed0, 0x0000021dbae653a0, 0x0000021dbae64530,
0x0000021dbae64060, 0x0000021dbae64a00, 0x0000021dbae65870, 0x0000021dbae66bb0,
0x0000021dbae65d40, 0x0000021db9c9ff20, 0x0000021db9ca55c0, 0x0000021db9ca5a90,
0x0000021db9ca03f0, 0x0000021db9ca38e0, 0x0000021db9ca6430, 0x0000021db9ca4c20,
0x0000021db9ca08c0, 0x0000021db9ca25a0
}

Java Threads: ( => current thread )
  0x0000021db90e1c00 JavaThread "Reference Handler" daemon [_thread_blocked, id=5296, stack(0x000000ca8fd00000,0x000000ca8fe00000)]
  0x0000021db90e3a80 JavaThread "Finalizer" daemon [_thread_blocked, id=4120, stack(0x000000ca8fe00000,0x000000ca8ff00000)]
  0x0000021db90f6f50 JavaThread "Signal Dispatcher" daemon [_thread_blocked, id=2636, stack(0x000000ca8ff00000,0x000000ca90000000)]
  0x0000021db90f7b00 JavaThread "Attach Listener" daemon [_thread_blocked, id=13820, stack(0x000000ca90000000,0x000000ca90100000)]
  0x0000021db90f84b0 JavaThread "Service Thread" daemon [_thread_blocked, id=1812, stack(0x000000ca90100000,0x000000ca90200000)]
  0x0000021db90f8e60 JavaThread "Monitor Deflation Thread" daemon [_thread_blocked, id=7948, stack(0x000000ca90200000,0x000000ca90300000)]
=>0x0000021db90f9bf0 JavaThread "C2 CompilerThread0" daemon [_thread_in_native, id=14192, stack(0x000000ca90300000,0x000000ca90400000)]
  0x0000021db90fbe40 JavaThread "C1 CompilerThread0" daemon [_thread_blocked, id=6360, stack(0x000000ca90400000,0x000000ca90500000)]
  0x0000021db91749b0 JavaThread "Sweeper thread" daemon [_thread_blocked, id=9592, stack(0x000000ca90500000,0x000000ca90600000)]
  0x0000021db90ccca0 JavaThread "Common-Cleaner" daemon [_thread_blocked, id=7156, stack(0x000000ca90600000,0x000000ca90700000)]
  0x0000021db9f4f1e0 JavaThread "Monitor Ctrl-Break" daemon [_thread_in_native, id=7800, stack(0x000000ca90800000,0x000000ca90900000)]
  0x0000021db9f68540 JavaThread "Notification Thread" daemon [_thread_blocked, id=14136, stack(0x000000ca90900000,0x000000ca90a00000)]
  0x0000021dbae66210 JavaThread "mysql-cj-abandoned-connection-cleanup" daemon [_thread_blocked, id=10728, stack(0x000000ca90700000,0x000000ca90800000)]
  0x0000021dbae64ed0 JavaThread "HikariPool-1 housekeeper" daemon [_thread_blocked, id=4136, stack(0x000000ca91000000,0x000000ca91100000)]
  0x0000021dbae653a0 JavaThread "Catalina-utility-1" [_thread_blocked, id=2924, stack(0x000000ca91100000,0x000000ca91200000)]
  0x0000021dbae64530 JavaThread "Catalina-utility-2" [_thread_blocked, id=1824, stack(0x000000ca91300000,0x000000ca91400000)]
  0x0000021dbae64060 JavaThread "container-0" [_thread_blocked, id=6488, stack(0x000000ca91400000,0x000000ca91500000)]
  0x0000021dbae64a00 JavaThread "http-nio-8080-exec-1" daemon [_thread_blocked, id=6600, stack(0x000000ca91500000,0x000000ca91600000)]
  0x0000021dbae65870 JavaThread "http-nio-8080-exec-2" daemon [_thread_blocked, id=4016, stack(0x000000ca91600000,0x000000ca91700000)]
  0x0000021dbae66bb0 JavaThread "http-nio-8080-exec-3" daemon [_thread_blocked, id=5832, stack(0x000000ca91700000,0x000000ca91800000)]
  0x0000021dbae65d40 JavaThread "http-nio-8080-exec-4" daemon [_thread_blocked, id=6956, stack(0x000000ca91800000,0x000000ca91900000)]
  0x0000021db9c9ff20 JavaThread "http-nio-8080-exec-5" daemon [_thread_blocked, id=5452, stack(0x000000ca91900000,0x000000ca91a00000)]
  0x0000021db9ca55c0 JavaThread "http-nio-8080-exec-6" daemon [_thread_blocked, id=12024, stack(0x000000ca91a00000,0x000000ca91b00000)]
  0x0000021db9ca5a90 JavaThread "http-nio-8080-exec-7" daemon [_thread_blocked, id=11048, stack(0x000000ca91b00000,0x000000ca91c00000)]
  0x0000021db9ca03f0 JavaThread "http-nio-8080-exec-8" daemon [_thread_blocked, id=7680, stack(0x000000ca91c00000,0x000000ca91d00000)]
  0x0000021db9ca38e0 JavaThread "http-nio-8080-exec-9" daemon [_thread_blocked, id=11652, stack(0x000000ca91d00000,0x000000ca91e00000)]
  0x0000021db9ca6430 JavaThread "http-nio-8080-exec-10" daemon [_thread_blocked, id=13960, stack(0x000000ca91e00000,0x000000ca91f00000)]
  0x0000021db9ca4c20 JavaThread "http-nio-8080-Poller" daemon [_thread_in_native, id=5800, stack(0x000000ca91f00000,0x000000ca92000000)]
  0x0000021db9ca08c0 JavaThread "http-nio-8080-Acceptor" daemon [_thread_in_native, id=4912, stack(0x000000ca92000000,0x000000ca92100000)]
  0x0000021db9ca25a0 JavaThread "DestroyJavaVM" [_thread_blocked, id=12312, stack(0x000000ca8f600000,0x000000ca8f700000)]

Other Threads:
  0x0000021db90de060 VMThread "VM Thread" [stack: 0x000000ca8fc00000,0x000000ca8fd00000] [id=13156]
  0x0000021db9f6aea0 WatcherThread [stack: 0x000000ca90a00000,0x000000ca90b00000] [id=8440]
  0x0000021d9ba4beb0 GCTaskThread "GC Thread#0" [stack: 0x000000ca8f700000,0x000000ca8f800000] [id=88]
  0x0000021dba2e8ce0 GCTaskThread "GC Thread#1" [stack: 0x000000ca90b00000,0x000000ca90c00000] [id=11236]
  0x0000021dba2e8f90 GCTaskThread "GC Thread#2" [stack: 0x000000ca90c00000,0x000000ca90d00000] [id=12656]
  0x0000021dba449870 GCTaskThread "GC Thread#3" [stack: 0x000000ca90d00000,0x000000ca90e00000] [id=6608]
  0x0000021d9ba5e890 ConcurrentGCThread "G1 Main Marker" [stack: 0x000000ca8f800000,0x000000ca8f900000] [id=3728]
  0x0000021d9ba5f2a0 ConcurrentGCThread "G1 Conc#0" [stack: 0x000000ca8f900000,0x000000ca8fa00000] [id=5168]
  0x0000021d9bac7f70 ConcurrentGCThread "G1 Refine#0" [stack: 0x000000ca8fa00000,0x000000ca8fb00000] [id=9148]
  0x0000021dbb89c280 ConcurrentGCThread "G1 Refine#1" [stack: 0x000000ca91200000,0x000000ca91300000] [id=13096]
  0x0000021d9bac8990 ConcurrentGCThread "G1 Service" [stack: 0x000000ca8fb00000,0x000000ca8fc00000] [id=12992]

Threads with active compile tasks:
C2 CompilerThread0   137604 6681       4       org.springframework.core.ResolvableType::forType (112 bytes)

VM state: not at safepoint (normal execution)

VM Mutex/Monitor currently owned by a thread: None

Heap address: 0x0000000082c00000, size: 2004 MB, Compressed Oops mode: 32-bit

CDS archive(s) mapped at: [0x0000000800000000-0x0000000800bc0000-0x0000000800bc0000), size 12320768, SharedBaseAddress: 0x0000000800000000, ArchiveRelocationMode: 0.
Compressed class space mapped at: 0x0000000800c00000-0x0000000840c00000, reserved size: 1073741824
Narrow klass base: 0x0000000800000000, Narrow klass shift: 0, Narrow klass range: 0x100000000

GC Precious Log:
 CPUs: 4 total, 4 available
 Memory: 8015M
 Large Page Support: Disabled
 NUMA Support: Disabled
 Compressed Oops: Enabled (32-bit)
 Heap Region Size: 1M
 Heap Min Capacity: 8M
 Heap Initial Capacity: 126M
 Heap Max Capacity: 2004M
 Pre-touch: Disabled
 Parallel Workers: 4
 Concurrent Workers: 1
 Concurrent Refinement Workers: 4
 Periodic GC: Disabled

Heap:
 garbage-first heap   total 75776K, used 36270K [0x0000000082c00000, 0x0000000100000000)
  region size 1024K, 9 young (9216K), 3 survivors (3072K)
 Metaspace       used 78348K, committed 79040K, reserved 1122304K
  class space    used 10792K, committed 11136K, reserved 1048576K

Heap Regions: E=young(eden), S=young(survivor), O=old, HS=humongous(starts), HC=humongous(continues), CS=collection set, F=free, OA=open archive, CA=closed archive, TAMS=top-at-mark-start (previous, next)
|   0|0x0000000082c00000, 0x0000000082d00000, 0x0000000082d00000|100%|HS|  |TAMS 0x0000000082d00000, 0x0000000082c00000| Complete 
|   1|0x0000000082d00000, 0x0000000082e00000, 0x0000000082e00000|100%| O|  |TAMS 0x0000000082e00000, 0x0000000082d00000| Untracked 
|   2|0x0000000082e00000, 0x0000000082f00000, 0x0000000082f00000|100%| O|  |TAMS 0x0000000082f00000, 0x0000000082e00000| Untracked 
|   3|0x0000000082f00000, 0x0000000082fffff8, 0x0000000083000000| 99%| O|  |TAMS 0x0000000082fffff8, 0x0000000082f00000| Untracked 
|   4|0x0000000083000000, 0x0000000083100000, 0x0000000083100000|100%| O|  |TAMS 0x0000000083100000, 0x0000000083000000| Untracked 
|   5|0x0000000083100000, 0x0000000083200000, 0x0000000083200000|100%| O|  |TAMS 0x0000000083200000, 0x0000000083100000| Untracked 
|   6|0x0000000083200000, 0x0000000083300000, 0x0000000083300000|100%| O|  |TAMS 0x0000000083300000, 0x0000000083200000| Untracked 
|   7|0x0000000083300000, 0x0000000083400000, 0x0000000083400000|100%| O|  |TAMS 0x0000000083400000, 0x0000000083300000| Untracked 
|   8|0x0000000083400000, 0x0000000083500000, 0x0000000083500000|100%| O|  |TAMS 0x0000000083500000, 0x0000000083400000| Untracked 
|   9|0x0000000083500000, 0x0000000083600000, 0x0000000083600000|100%| O|  |TAMS 0x0000000083600000, 0x0000000083500000| Untracked 
|  10|0x0000000083600000, 0x0000000083700000, 0x0000000083700000|100%| O|  |TAMS 0x0000000083700000, 0x0000000083600000| Untracked 
|  11|0x0000000083700000, 0x0000000083800000, 0x0000000083800000|100%| O|  |TAMS 0x0000000083800000, 0x0000000083700000| Untracked 
|  12|0x0000000083800000, 0x0000000083900000, 0x0000000083900000|100%| O|  |TAMS 0x0000000083900000, 0x0000000083800000| Untracked 
|  13|0x0000000083900000, 0x0000000083a00000, 0x0000000083a00000|100%| O|  |TAMS 0x0000000083a00000, 0x0000000083900000| Untracked 
|  14|0x0000000083a00000, 0x0000000083b00000, 0x0000000083b00000|100%| O|  |TAMS 0x0000000083b00000, 0x0000000083a00000| Untracked 
|  15|0x0000000083b00000, 0x0000000083c00000, 0x0000000083c00000|100%| O|  |TAMS 0x0000000083b00000, 0x0000000083b00000| Untracked 
|  16|0x0000000083c00000, 0x0000000083d00000, 0x0000000083d00000|100%| O|  |TAMS 0x0000000083d00000, 0x0000000083c00000| Untracked 
|  17|0x0000000083d00000, 0x0000000083e00000, 0x0000000083e00000|100%| O|  |TAMS 0x0000000083e00000, 0x0000000083d00000| Untracked 
|  18|0x0000000083e00000, 0x0000000083f00000, 0x0000000083f00000|100%| O|  |TAMS 0x0000000083f00000, 0x0000000083e00000| Untracked 
|  19|0x0000000083f00000, 0x0000000084000000, 0x0000000084000000|100%| O|  |TAMS 0x0000000084000000, 0x0000000083f00000| Untracked 
|  20|0x0000000084000000, 0x0000000084100000, 0x0000000084100000|100%| O|  |TAMS 0x0000000084100000, 0x0000000084000000| Untracked 
|  21|0x0000000084100000, 0x0000000084200000, 0x0000000084200000|100%| O|  |TAMS 0x0000000084200000, 0x0000000084100000| Untracked 
|  22|0x0000000084200000, 0x0000000084300000, 0x0000000084300000|100%| O|  |TAMS 0x0000000084300000, 0x0000000084200000| Untracked 
|  23|0x0000000084300000, 0x0000000084400000, 0x0000000084400000|100%| O|  |TAMS 0x0000000084400000, 0x0000000084300000| Untracked 
|  24|0x0000000084400000, 0x0000000084500000, 0x0000000084500000|100%| O|  |TAMS 0x0000000084500000, 0x0000000084400000| Untracked 
|  25|0x0000000084500000, 0x0000000084600000, 0x0000000084600000|100%| O|  |TAMS 0x0000000084600000, 0x0000000084500000| Untracked 
|  26|0x0000000084600000, 0x0000000084700000, 0x0000000084700000|100%| O|  |TAMS 0x0000000084700000, 0x0000000084600000| Untracked 
|  27|0x0000000084700000, 0x0000000084800000, 0x0000000084800000|100%| O|  |TAMS 0x0000000084700000, 0x0000000084700000| Untracked 
|  28|0x0000000084800000, 0x0000000084900000, 0x0000000084900000|100%| O|  |TAMS 0x0000000084800000, 0x0000000084800000| Untracked 
|  29|0x0000000084900000, 0x000000008490a600, 0x0000000084a00000|  4%| O|  |TAMS 0x0000000084900000, 0x0000000084900000| Untracked 
|  30|0x0000000084a00000, 0x0000000084a00000, 0x0000000084b00000|  0%| F|  |TAMS 0x0000000084a00000, 0x0000000084a00000| Untracked 
|  31|0x0000000084b00000, 0x0000000084b00000, 0x0000000084c00000|  0%| F|  |TAMS 0x0000000084b00000, 0x0000000084b00000| Untracked 
|  32|0x0000000084c00000, 0x0000000084c00000, 0x0000000084d00000|  0%| F|  |TAMS 0x0000000084c00000, 0x0000000084c00000| Untracked 
|  33|0x0000000084d00000, 0x0000000084d00000, 0x0000000084e00000|  0%| F|  |TAMS 0x0000000084d00000, 0x0000000084d00000| Untracked 
|  34|0x0000000084e00000, 0x0000000084e00000, 0x0000000084f00000|  0%| F|  |TAMS 0x0000000084e00000, 0x0000000084e00000| Untracked 
|  35|0x0000000084f00000, 0x0000000084f00000, 0x0000000085000000|  0%| F|  |TAMS 0x0000000084f00000, 0x0000000084f00000| Untracked 
|  36|0x0000000085000000, 0x0000000085000000, 0x0000000085100000|  0%| F|  |TAMS 0x0000000085000000, 0x0000000085000000| Untracked 
|  37|0x0000000085100000, 0x0000000085100000, 0x0000000085200000|  0%| F|  |TAMS 0x0000000085100000, 0x0000000085100000| Untracked 
|  38|0x0000000085200000, 0x0000000085200000, 0x0000000085300000|  0%| F|  |TAMS 0x0000000085200000, 0x0000000085200000| Untracked 
|  39|0x0000000085300000, 0x0000000085300000, 0x0000000085400000|  0%| F|  |TAMS 0x0000000085300000, 0x0000000085300000| Untracked 
|  40|0x0000000085400000, 0x0000000085400000, 0x0000000085500000|  0%| F|  |TAMS 0x0000000085400000, 0x0000000085400000| Untracked 
|  41|0x0000000085500000, 0x0000000085500000, 0x0000000085600000|  0%| F|  |TAMS 0x0000000085500000, 0x0000000085500000| Untracked 
|  42|0x0000000085600000, 0x0000000085661290, 0x0000000085700000| 37%| S|CS|TAMS 0x0000000085600000, 0x0000000085600000| Complete 
|  43|0x0000000085700000, 0x0000000085800000, 0x0000000085800000|100%| S|CS|TAMS 0x0000000085700000, 0x0000000085700000| Complete 
|  44|0x0000000085800000, 0x0000000085900000, 0x0000000085900000|100%| S|CS|TAMS 0x0000000085800000, 0x0000000085800000| Complete 
|  45|0x0000000085900000, 0x0000000085900000, 0x0000000085a00000|  0%| F|  |TAMS 0x0000000085900000, 0x0000000085900000| Untracked 
|  46|0x0000000085a00000, 0x0000000085a00000, 0x0000000085b00000|  0%| F|  |TAMS 0x0000000085a00000, 0x0000000085a00000| Untracked 
|  47|0x0000000085b00000, 0x0000000085b00000, 0x0000000085c00000|  0%| F|  |TAMS 0x0000000085b00000, 0x0000000085b00000| Untracked 
|  48|0x0000000085c00000, 0x0000000085c00000, 0x0000000085d00000|  0%| F|  |TAMS 0x0000000085c00000, 0x0000000085c00000| Untracked 
|  49|0x0000000085d00000, 0x0000000085d00000, 0x0000000085e00000|  0%| F|  |TAMS 0x0000000085d00000, 0x0000000085d00000| Untracked 
|  50|0x0000000085e00000, 0x0000000085e00000, 0x0000000085f00000|  0%| F|  |TAMS 0x0000000085e00000, 0x0000000085e00000| Untracked 
|  51|0x0000000085f00000, 0x0000000085f00000, 0x0000000086000000|  0%| F|  |TAMS 0x0000000085f00000, 0x0000000085f00000| Untracked 
|  52|0x0000000086000000, 0x0000000086000000, 0x0000000086100000|  0%| F|  |TAMS 0x0000000086000000, 0x0000000086000000| Untracked 
|  53|0x0000000086100000, 0x0000000086100000, 0x0000000086200000|  0%| F|  |TAMS 0x0000000086100000, 0x0000000086100000| Untracked 
|  54|0x0000000086200000, 0x0000000086200000, 0x0000000086300000|  0%| F|  |TAMS 0x0000000086200000, 0x0000000086200000| Untracked 
|  55|0x0000000086300000, 0x0000000086300000, 0x0000000086400000|  0%| F|  |TAMS 0x0000000086300000, 0x0000000086300000| Untracked 
|  56|0x0000000086400000, 0x0000000086400000, 0x0000000086500000|  0%| F|  |TAMS 0x0000000086400000, 0x0000000086400000| Untracked 
|  57|0x0000000086500000, 0x0000000086500000, 0x0000000086600000|  0%| F|  |TAMS 0x0000000086500000, 0x0000000086500000| Untracked 
|  58|0x0000000086600000, 0x0000000086600000, 0x0000000086700000|  0%| F|  |TAMS 0x0000000086600000, 0x0000000086600000| Untracked 
|  59|0x0000000086700000, 0x0000000086700000, 0x0000000086800000|  0%| F|  |TAMS 0x0000000086700000, 0x0000000086700000| Untracked 
|  60|0x0000000086800000, 0x0000000086800000, 0x0000000086900000|  0%| F|  |TAMS 0x0000000086800000, 0x0000000086800000| Untracked 
|  61|0x0000000086900000, 0x0000000086900000, 0x0000000086a00000|  0%| F|  |TAMS 0x0000000086900000, 0x0000000086900000| Untracked 
|  62|0x0000000086a00000, 0x0000000086a00000, 0x0000000086b00000|  0%| F|  |TAMS 0x0000000086a00000, 0x0000000086a00000| Untracked 
|  63|0x0000000086b00000, 0x0000000086b00000, 0x0000000086c00000|  0%| F|  |TAMS 0x0000000086b00000, 0x0000000086b00000| Untracked 
|  64|0x0000000086c00000, 0x0000000086c00000, 0x0000000086d00000|  0%| F|  |TAMS 0x0000000086c00000, 0x0000000086c00000| Untracked 
|  65|0x0000000086d00000, 0x0000000086d00000, 0x0000000086e00000|  0%| F|  |TAMS 0x0000000086d00000, 0x0000000086d00000| Untracked 
|  66|0x0000000086e00000, 0x0000000086e00000, 0x0000000086f00000|  0%| F|  |TAMS 0x0000000086e00000, 0x0000000086e00000| Untracked 
|  67|0x0000000086f00000, 0x0000000086f00000, 0x0000000087000000|  0%| F|  |TAMS 0x0000000086f00000, 0x0000000086f00000| Untracked 
|  79|0x0000000087b00000, 0x0000000087bb21b8, 0x0000000087c00000| 69%| E|  |TAMS 0x0000000087b00000, 0x0000000087b00000| Complete 
|  80|0x0000000087c00000, 0x0000000087d00000, 0x0000000087d00000|100%| E|CS|TAMS 0x0000000087c00000, 0x0000000087c00000| Complete 
|  81|0x0000000087d00000, 0x0000000087e00000, 0x0000000087e00000|100%| E|  |TAMS 0x0000000087d00000, 0x0000000087d00000| Complete 
|  82|0x0000000087e00000, 0x0000000087f00000, 0x0000000087f00000|100%| E|CS|TAMS 0x0000000087e00000, 0x0000000087e00000| Complete 
|  83|0x0000000087f00000, 0x0000000088000000, 0x0000000088000000|100%| E|CS|TAMS 0x0000000087f00000, 0x0000000087f00000| Complete 
| 125|0x000000008a900000, 0x000000008aa00000, 0x000000008aa00000|100%| E|CS|TAMS 0x000000008a900000, 0x000000008a900000| Complete 

Card table byte_map: [0x0000021db25e0000,0x0000021db29d0000] _byte_map_base: 0x0000021db21ca000

Marking Bits (Prev, Next): (CMBitMap*) 0x0000021d9ba4e4e0, (CMBitMap*) 0x0000021d9ba4e520
 Prev Bits: [0x0000021db2dc0000, 0x0000021db4d10000)
 Next Bits: [0x0000021db4d10000, 0x0000021db6c60000)

Polling page: 0x0000021d99980000

Metaspace:

Usage:
  Non-class:     65.97 MB used.
      Class:     10.54 MB used.
       Both:     76.51 MB used.

Virtual space:
  Non-class space:       72.00 MB reserved,      66.31 MB ( 92%) committed,  9 nodes.
      Class space:        1.00 GB reserved,      10.88 MB (  1%) committed,  1 nodes.
             Both:        1.07 GB reserved,      77.19 MB (  7%) committed. 

Chunk freelists:
   Non-Class:  1.20 MB
       Class:  1.19 MB
        Both:  2.39 MB

MaxMetaspaceSize: unlimited
CompressedClassSpaceSize: 1.00 GB
Initial GC threshold: 21.00 MB
Current GC threshold: 117.00 MB
CDS: on
MetaspaceReclaimPolicy: balanced
 - commit_granule_bytes: 65536.
 - commit_granule_words: 8192.
 - virtual_space_node_default_size: 1048576.
 - enlarge_chunks_in_place: 1.
 - new_chunks_are_fully_committed: 0.
 - uncommit_free_chunks: 1.
 - use_allocation_guard: 0.
 - handle_deallocations: 1.


Internal statistics:

num_allocs_failed_limit: 12.
num_arena_births: 906.
num_arena_deaths: 0.
num_vsnodes_births: 10.
num_vsnodes_deaths: 0.
num_space_committed: 1235.
num_space_uncommitted: 0.
num_chunks_returned_to_freelist: 12.
num_chunks_taken_from_freelist: 3712.
num_chunk_merges: 12.
num_chunk_splits: 2704.
num_chunks_enlarged: 2128.
num_purges: 0.
num_inconsistent_stats: 0.

CodeHeap 'non-profiled nmethods': size=120000Kb used=3711Kb max_used=3711Kb free=116288Kb
 bounds [0x0000021daacc0000, 0x0000021dab060000, 0x0000021db21f0000]
CodeHeap 'profiled nmethods': size=120000Kb used=11517Kb max_used=11517Kb free=108482Kb
 bounds [0x0000021da3790000, 0x0000021da42e0000, 0x0000021daacc0000]
CodeHeap 'non-nmethods': size=5760Kb used=1386Kb max_used=1451Kb free=4373Kb
 bounds [0x0000021da31f0000, 0x0000021da3460000, 0x0000021da3790000]
 total_blobs=6558 nmethods=5831 adapters=640
 compilation: enabled
              stopped_count=0, restarted_count=0
 full_count=0

Compilation events (20 events):
Event: 137.323 Thread 0x0000021db90fbe40 nmethod 6672 0x0000021da42d0210 code [0x0000021da42d03c0, 0x0000021da42d0528]
Event: 137.323 Thread 0x0000021db90fbe40 6673       1       com.fasterxml.jackson.databind.type.SimpleType::isContainerType (2 bytes)
Event: 137.323 Thread 0x0000021db90fbe40 nmethod 6673 0x0000021dab05ed10 code [0x0000021dab05eea0, 0x0000021dab05ef78]
Event: 137.335 Thread 0x0000021db90fbe40 6674       1       org.apache.catalina.connector.Response::getCoyoteResponse (5 bytes)
Event: 137.335 Thread 0x0000021db90fbe40 nmethod 6674 0x0000021dab05f010 code [0x0000021dab05f1a0, 0x0000021dab05f278]
Event: 137.335 Thread 0x0000021db90fbe40 6675       1       java.util.Calendar::getZone (5 bytes)
Event: 137.335 Thread 0x0000021db90fbe40 nmethod 6675 0x0000021dab05f310 code [0x0000021dab05f4a0, 0x0000021dab05f578]
Event: 137.335 Thread 0x0000021db90fbe40 6676       1       org.apache.tomcat.util.buf.AbstractChunk::getStart (5 bytes)
Event: 137.335 Thread 0x0000021db90fbe40 nmethod 6676 0x0000021dab05f610 code [0x0000021dab05f7a0, 0x0000021dab05f878]
Event: 137.337 Thread 0x0000021db90fbe40 6678       3       org.apache.tomcat.util.buf.MessageBytes::equalsIgnoreCase (78 bytes)
Event: 137.337 Thread 0x0000021db90f9bf0 6680       4       jdk.internal.reflect.AccessorGenerator::sub (5 bytes)
Event: 137.337 Thread 0x0000021db90fbe40 nmethod 6678 0x0000021da42d0610 code [0x0000021da42d0800, 0x0000021da42d0b88]
Event: 137.337 Thread 0x0000021db90fbe40 6679       3       jdk.internal.reflect.ByteVectorImpl::resize (44 bytes)
Event: 137.338 Thread 0x0000021db90fbe40 nmethod 6679 0x0000021da42d0c90 code [0x0000021da42d0e40, 0x0000021da42d1128]
Event: 137.338 Thread 0x0000021db90fbe40 6677       1       jakarta.servlet.ServletResponseWrapper::getResponse (5 bytes)
Event: 137.338 Thread 0x0000021db90f9bf0 nmethod 6680 0x0000021dab05f910 code [0x0000021dab05fa80, 0x0000021dab05fad8]
Event: 137.338 Thread 0x0000021db90fbe40 nmethod 6677 0x0000021dab05fc10 code [0x0000021dab05fda0, 0x0000021dab05fe78]
Event: 137.340 Thread 0x0000021db90f9bf0 6681       4       org.springframework.core.ResolvableType::forType (112 bytes)
Event: 137.341 Thread 0x0000021db90fbe40 6682       3       org.apache.tomcat.util.buf.AbstractChunk::recycle (21 bytes)
Event: 137.341 Thread 0x0000021db90fbe40 nmethod 6682 0x0000021da42d1210 code [0x0000021da42d13a0, 0x0000021da42d14b8]

GC Heap History (20 events):
Event: 9.514 GC heap before
{Heap before GC invocations=9 (full 0):
 garbage-first heap   total 55296K, used 41397K [0x0000000082c00000, 0x0000000100000000)
  region size 1024K, 25 young (25600K), 1 survivors (1024K)
 Metaspace       used 30615K, committed 31040K, reserved 1081344K
  class space    used 3966K, committed 4160K, reserved 1048576K
}
Event: 9.524 GC heap after
{Heap after GC invocations=10 (full 0):
 garbage-first heap   total 110592K, used 18959K [0x0000000082c00000, 0x0000000100000000)
  region size 1024K, 3 young (3072K), 3 survivors (3072K)
 Metaspace       used 30615K, committed 31040K, reserved 1081344K
  class space    used 3966K, committed 4160K, reserved 1048576K
}
Event: 10.894 GC heap before
{Heap before GC invocations=10 (full 0):
 garbage-first heap   total 110592K, used 42511K [0x0000000082c00000, 0x0000000100000000)
  region size 1024K, 27 young (27648K), 3 survivors (3072K)
 Metaspace       used 35607K, committed 35968K, reserved 1081344K
  class space    used 4596K, committed 4800K, reserved 1048576K
}
Event: 10.912 GC heap after
{Heap after GC invocations=11 (full 0):
 garbage-first heap   total 110592K, used 20996K [0x0000000082c00000, 0x0000000100000000)
  region size 1024K, 5 young (5120K), 5 survivors (5120K)
 Metaspace       used 35607K, committed 35968K, reserved 1081344K
  class space    used 4596K, committed 4800K, reserved 1048576K
}
Event: 13.152 GC heap before
{Heap before GC invocations=12 (full 0):
 garbage-first heap   total 75776K, used 60932K [0x0000000082c00000, 0x0000000100000000)
  region size 1024K, 44 young (45056K), 5 survivors (5120K)
 Metaspace       used 43615K, committed 44096K, reserved 1089536K
  class space    used 5574K, committed 5824K, reserved 1048576K
}
Event: 13.172 GC heap after
{Heap after GC invocations=13 (full 0):
 garbage-first heap   total 75776K, used 22848K [0x0000000082c00000, 0x0000000100000000)
  region size 1024K, 4 young (4096K), 4 survivors (4096K)
 Metaspace       used 43615K, committed 44096K, reserved 1089536K
  class space    used 5574K, committed 5824K, reserved 1048576K
}
Event: 13.253 GC heap before
{Heap before GC invocations=13 (full 0):
 garbage-first heap   total 75776K, used 23872K [0x0000000082c00000, 0x0000000100000000)
  region size 1024K, 5 young (5120K), 4 survivors (4096K)
 Metaspace       used 43847K, committed 44288K, reserved 1089536K
  class space    used 5616K, committed 5824K, reserved 1048576K
}
Event: 13.266 GC heap after
{Heap after GC invocations=14 (full 0):
 garbage-first heap   total 75776K, used 22650K [0x0000000082c00000, 0x0000000100000000)
  region size 1024K, 1 young (1024K), 1 survivors (1024K)
 Metaspace       used 43847K, committed 44288K, reserved 1089536K
  class space    used 5616K, committed 5824K, reserved 1048576K
}
Event: 14.887 GC heap before
{Heap before GC invocations=14 (full 0):
 garbage-first heap   total 75776K, used 58490K [0x0000000082c00000, 0x0000000100000000)
  region size 1024K, 36 young (36864K), 1 survivors (1024K)
 Metaspace       used 52158K, committed 52608K, reserved 1097728K
  class space    used 6913K, committed 7104K, reserved 1048576K
}
Event: 14.894 GC heap after
{Heap after GC invocations=15 (full 0):
 garbage-first heap   total 75776K, used 23837K [0x0000000082c00000, 0x0000000100000000)
  region size 1024K, 2 young (2048K), 2 survivors (2048K)
 Metaspace       used 52158K, committed 52608K, reserved 1097728K
  class space    used 6913K, committed 7104K, reserved 1048576K
}
Event: 16.147 GC heap before
{Heap before GC invocations=15 (full 0):
 garbage-first heap   total 75776K, used 53533K [0x0000000082c00000, 0x0000000100000000)
  region size 1024K, 33 young (33792K), 2 survivors (2048K)
 Metaspace       used 60038K, committed 60480K, reserved 1105920K
  class space    used 8122K, committed 8320K, reserved 1048576K
}
Event: 16.156 GC heap after
{Heap after GC invocations=16 (full 0):
 garbage-first heap   total 75776K, used 24920K [0x0000000082c00000, 0x0000000100000000)
  region size 1024K, 3 young (3072K), 3 survivors (3072K)
 Metaspace       used 60038K, committed 60480K, reserved 1105920K
  class space    used 8122K, committed 8320K, reserved 1048576K
}
Event: 17.630 GC heap before
{Heap before GC invocations=17 (full 0):
 garbage-first heap   total 75776K, used 59736K [0x0000000082c00000, 0x0000000100000000)
  region size 1024K, 37 young (37888K), 3 survivors (3072K)
 Metaspace       used 66531K, committed 67136K, reserved 1114112K
  class space    used 9098K, committed 9408K, reserved 1048576K
}
Event: 17.647 GC heap after
{Heap after GC invocations=18 (full 0):
 garbage-first heap   total 75776K, used 27156K [0x0000000082c00000, 0x0000000100000000)
  region size 1024K, 4 young (4096K), 4 survivors (4096K)
 Metaspace       used 66531K, committed 67136K, reserved 1114112K
  class space    used 9098K, committed 9408K, reserved 1048576K
}
Event: 17.699 GC heap before
{Heap before GC invocations=18 (full 0):
 garbage-first heap   total 75776K, used 28180K [0x0000000082c00000, 0x0000000100000000)
  region size 1024K, 5 young (5120K), 4 survivors (4096K)
 Metaspace       used 66706K, committed 67264K, reserved 1114112K
  class space    used 9129K, committed 9408K, reserved 1048576K
}
Event: 17.709 GC heap after
{Heap after GC invocations=19 (full 0):
 garbage-first heap   total 75776K, used 27232K [0x0000000082c00000, 0x0000000100000000)
  region size 1024K, 1 young (1024K), 1 survivors (1024K)
 Metaspace       used 66706K, committed 67264K, reserved 1114112K
  class space    used 9129K, committed 9408K, reserved 1048576K
}
Event: 19.086 GC heap before
{Heap before GC invocations=19 (full 0):
 garbage-first heap   total 75776K, used 61024K [0x0000000082c00000, 0x0000000100000000)
  region size 1024K, 34 young (34816K), 1 survivors (1024K)
 Metaspace       used 71255K, committed 71808K, reserved 1114112K
  class space    used 9781K, committed 10048K, reserved 1048576K
}
Event: 19.097 GC heap after
{Heap after GC invocations=20 (full 0):
 garbage-first heap   total 75776K, used 29955K [0x0000000082c00000, 0x0000000100000000)
  region size 1024K, 4 young (4096K), 4 survivors (4096K)
 Metaspace       used 71255K, committed 71808K, reserved 1114112K
  class space    used 9781K, committed 10048K, reserved 1048576K
}
Event: 137.004 GC heap before
{Heap before GC invocations=21 (full 0):
 garbage-first heap   total 75776K, used 58627K [0x0000000082c00000, 0x0000000100000000)
  region size 1024K, 33 young (33792K), 4 survivors (4096K)
 Metaspace       used 76781K, committed 77376K, reserved 1122304K
  class space    used 10583K, committed 10880K, reserved 1048576K
}
Event: 137.015 GC heap after
{Heap after GC invocations=22 (full 0):
 garbage-first heap   total 75776K, used 32174K [0x0000000082c00000, 0x0000000100000000)
  region size 1024K, 3 young (3072K), 3 survivors (3072K)
 Metaspace       used 76781K, committed 77376K, reserved 1122304K
  class space    used 10583K, committed 10880K, reserved 1048576K
}

Deoptimization events (20 events):
Event: 136.816 Thread 0x0000021dbae65870 DEOPT PACKING pc=0x0000021da42c6771 sp=0x000000ca916fa920
Event: 136.816 Thread 0x0000021dbae65870 DEOPT UNPACKING pc=0x0000021da3242b24 sp=0x000000ca916f9e00 mode 0
Event: 136.817 Thread 0x0000021dbae65870 DEOPT PACKING pc=0x0000021da42c6771 sp=0x000000ca916fa920
Event: 136.817 Thread 0x0000021dbae65870 DEOPT UNPACKING pc=0x0000021da3242b24 sp=0x000000ca916f9e00 mode 0
Event: 136.818 Thread 0x0000021dbae65870 DEOPT PACKING pc=0x0000021da42c6771 sp=0x000000ca916fa920
Event: 136.819 Thread 0x0000021dbae65870 DEOPT UNPACKING pc=0x0000021da3242b24 sp=0x000000ca916f9e00 mode 0
Event: 136.820 Thread 0x0000021dbae65870 DEOPT PACKING pc=0x0000021da42c6771 sp=0x000000ca916fa920
Event: 136.820 Thread 0x0000021dbae65870 DEOPT UNPACKING pc=0x0000021da3242b24 sp=0x000000ca916f9e00 mode 0
Event: 136.821 Thread 0x0000021dbae65870 DEOPT PACKING pc=0x0000021da42c6771 sp=0x000000ca916fa920
Event: 136.821 Thread 0x0000021dbae65870 DEOPT UNPACKING pc=0x0000021da3242b24 sp=0x000000ca916f9e00 mode 0
Event: 136.822 Thread 0x0000021dbae65870 DEOPT PACKING pc=0x0000021da42c6771 sp=0x000000ca916fa920
Event: 136.822 Thread 0x0000021dbae65870 DEOPT UNPACKING pc=0x0000021da3242b24 sp=0x000000ca916f9e00 mode 0
Event: 136.824 Thread 0x0000021dbae65870 DEOPT PACKING pc=0x0000021da42c6771 sp=0x000000ca916fa920
Event: 136.824 Thread 0x0000021dbae65870 DEOPT UNPACKING pc=0x0000021da3242b24 sp=0x000000ca916f9e00 mode 0
Event: 136.826 Thread 0x0000021dbae65870 DEOPT PACKING pc=0x0000021da42c6771 sp=0x000000ca916fa920
Event: 136.826 Thread 0x0000021dbae65870 DEOPT UNPACKING pc=0x0000021da3242b24 sp=0x000000ca916f9e00 mode 0
Event: 137.146 Thread 0x0000021dbae65870 Uncommon trap: trap_request=0xffffff45 fr.pc=0x0000021daad6f6b0 relative=0x0000000000000210
Event: 137.146 Thread 0x0000021dbae65870 Uncommon trap: reason=unstable_if action=reinterpret pc=0x0000021daad6f6b0 method=java.util.StringTokenizer.scanToken(I)I @ 96 c2
Event: 137.146 Thread 0x0000021dbae65870 DEOPT PACKING pc=0x0000021daad6f6b0 sp=0x000000ca916f9150
Event: 137.146 Thread 0x0000021dbae65870 DEOPT UNPACKING pc=0x0000021da324239d sp=0x000000ca916f90e0 mode 2

Classes unloaded (0 events):
No events

Classes redefined (0 events):
No events

Internal exceptions (20 events):
Event: 17.539 Thread 0x0000021d9ba10210 Exception <a 'java/lang/IncompatibleClassChangeError'{0x00000000853d6c58}: Found class java.lang.Object, but interface was expected> (0x00000000853d6c58) 
thrown [t:\workspace\open\src\hotspot\share\interpreter\linkResolver.cpp, line 833]
Event: 17.614 Thread 0x0000021d9ba10210 Exception <a 'java/lang/NoSuchMethodError'{0x00000000851b0228}: 'java.lang.Object java.lang.invoke.DirectMethodHandle$Holder.invokeInterface(java.lang.Object, java.lang.Object, int)'> (0x00000000851b0228) 
thrown [t:\workspace\open\src\hotspot\share\interpreter\linkResolver.cpp, line 766]
Event: 17.619 Thread 0x0000021d9ba10210 Implicit null exception at 0x0000021daaebf4ec to 0x0000021daaebf5a0
Event: 17.677 Thread 0x0000021d9ba10210 Exception <a 'java/lang/reflect/InvocationTargetException'{0x000000008a9947b0}> (0x000000008a9947b0) 
thrown [t:\workspace\open\src\hotspot\share\runtime\reflection.cpp, line 1121]
Event: 17.699 Thread 0x0000021d9ba10210 Exception <a 'java/lang/NoSuchMethodError'{0x000000008a9fd3b8}: 'int java.lang.invoke.DirectMethodHandle$Holder.invokeStatic(java.lang.Object, java.lang.Object, int)'> (0x000000008a9fd3b8) 
thrown [t:\workspace\open\src\hotspot\share\interpreter\linkResolver.cpp, line 766]
Event: 17.726 Thread 0x0000021d9ba10210 Exception <a 'java/lang/IncompatibleClassChangeError'{0x000000008a944ea0}: Found class java.lang.Object, but interface was expected> (0x000000008a944ea0) 
thrown [t:\workspace\open\src\hotspot\share\interpreter\linkResolver.cpp, line 833]
Event: 17.819 Thread 0x0000021d9ba10210 Exception <a 'java/lang/NoSuchMethodError'{0x0000000087d02150}: 'java.lang.Object java.lang.invoke.DirectMethodHandle$Holder.invokeStatic(java.lang.Object, int, java.lang.Object)'> (0x0000000087d02150) 
thrown [t:\workspace\open\src\hotspot\share\interpreter\linkResolver.cpp, line 766]
Event: 17.914 Thread 0x0000021d9ba10210 Exception <a 'java/lang/NoSuchMethodError'{0x0000000087b9afd8}: 'long java.lang.invoke.DirectMethodHandle$Holder.invokeVirtual(java.lang.Object, java.lang.Object)'> (0x0000000087b9afd8) 
thrown [t:\workspace\open\src\hotspot\share\interpreter\linkResolver.cpp, line 766]
Event: 18.110 Thread 0x0000021d9ba10210 Exception <a 'java/lang/reflect/InvocationTargetException'{0x0000000086cf3530}> (0x0000000086cf3530) 
thrown [t:\workspace\open\src\hotspot\share\runtime\reflection.cpp, line 1121]
Event: 18.766 Thread 0x0000021d9ba10210 Exception <a 'sun/nio/fs/WindowsException'{0x0000000085ce0670}> (0x0000000085ce0670) 
thrown [t:\workspace\open\src\hotspot\share\prims\jni.cpp, line 516]
Event: 18.874 Thread 0x0000021d9ba10210 Exception <a 'java/lang/IncompatibleClassChangeError'{0x0000000085844f68}: Found class java.lang.Object, but interface was expected> (0x0000000085844f68) 
thrown [t:\workspace\open\src\hotspot\share\interpreter\linkResolver.cpp, line 833]
Event: 19.215 Thread 0x0000021d9ba10210 Exception <a 'java/lang/NoSuchMethodError'{0x000000008a9eaf50}: 'java.lang.Object java.lang.invoke.DirectMethodHandle$Holder.invokeInterface(java.lang.Object, java.lang.Object, java.lang.Object, java.lang.Object)'> (0x000000008a9eaf50) 
thrown [t:\workspace\open\src\hotspot\share\interpreter\linkResolver.cpp, line 766]
Event: 19.330 Thread 0x0000021d9ba10210 Exception <a 'java/lang/NoSuchMethodError'{0x0000000087ee7530}: 'void java.lang.invoke.DirectMethodHandle$Holder.invokeVirtual(java.lang.Object, java.lang.Object, long)'> (0x0000000087ee7530) 
thrown [t:\workspace\open\src\hotspot\share\interpreter\linkResolver.cpp, line 766]
Event: 19.506 Thread 0x0000021d9ba10210 Exception <a 'java/lang/IncompatibleClassChangeError'{0x0000000086e01f98}: Found class java.lang.Object, but interface was expected> (0x0000000086e01f98) 
thrown [t:\workspace\open\src\hotspot\share\interpreter\linkResolver.cpp, line 833]
Event: 19.527 Thread 0x0000021d9ba10210 Implicit null exception at 0x0000021daae12bc0 to 0x0000021daae12dd8
Event: 19.739 Thread 0x0000021d9ba10210 Exception <a 'java/lang/NoSuchMethodError'{0x00000000868edcf0}: 'java.lang.Object java.lang.invoke.DirectMethodHandle$Holder.newInvokeSpecial(java.lang.Object, java.lang.Object, int, java.lang.Object, java.lang.Object)'> (0x00000000868edcf0) 
thrown [t:\workspace\open\src\hotspot\share\interpreter\linkResolver.cpp, line 766]
Event: 123.777 Thread 0x0000021dbae64a00 Exception <a 'java/lang/NoSuchMethodError'{0x00000000863ac588}: 'java.lang.Object java.lang.invoke.DirectMethodHandle$Holder.invokeSpecial(java.lang.Object, java.lang.Object, java.lang.Object, java.lang.Object, java.lang.Object, long)'> (0x00000000863ac588) 
thrown [t:\workspace\open\src\hotspot\share\interpreter\linkResolver.cpp, line 766]
Event: 123.777 Thread 0x0000021dbae64a00 Exception <a 'java/lang/NoSuchMethodError'{0x00000000863aff80}: 'java.lang.Object java.lang.invoke.Invokers$Holder.linkToTargetMethod(java.lang.Object, java.lang.Object, java.lang.Object, long, java.lang.Object)'> (0x00000000863aff80) 
thrown [t:\workspace\open\src\hotspot\share\interpreter\linkResolver.cpp, line 766]
Event: 123.943 Thread 0x0000021dbae64a00 Exception <a 'java/lang/NullPointerException'{0x00000000860d5dd0}> (0x00000000860d5dd0) 
thrown [t:\workspace\open\src\hotspot\share\interpreter\linkResolver.cpp, line 1440]
Event: 137.073 Thread 0x0000021dbae65870 Exception <a 'java/lang/NoSuchMethodError'{0x0000000087e15df8}: 'void java.lang.invoke.DirectMethodHandle$Holder.invokeSpecialIFC(java.lang.Object, java.lang.Object, int, java.lang.Object, java.lang.Object, java.lang.Object, java.lang.Object)'> (0x0000000087e15df8) 
thrown [t:\workspace\open\src\hotspot\share\interpreter\linkResolver.cpp, line 766]

VM Operations (20 events):
Event: 123.803 Executing VM operation: HandshakeAllThreads
Event: 123.803 Executing VM operation: HandshakeAllThreads done
Event: 123.803 Executing VM operation: Cleanup
Event: 123.803 Executing VM operation: Cleanup done
Event: 124.806 Executing VM operation: Cleanup
Event: 124.806 Executing VM operation: Cleanup done
Event: 136.547 Executing VM operation: HandshakeAllThreads
Event: 136.547 Executing VM operation: HandshakeAllThreads done
Event: 136.547 Executing VM operation: Cleanup
Event: 136.548 Executing VM operation: Cleanup done
Event: 136.612 Executing VM operation: HandshakeAllThreads
Event: 136.612 Executing VM operation: HandshakeAllThreads done
Event: 136.967 Executing VM operation: HandshakeAllThreads
Event: 136.967 Executing VM operation: HandshakeAllThreads done
Event: 137.003 Executing VM operation: G1CollectForAllocation
Event: 137.015 Executing VM operation: G1CollectForAllocation done
Event: 137.192 Executing VM operation: HandshakeAllThreads
Event: 137.192 Executing VM operation: HandshakeAllThreads done
Event: 137.316 Executing VM operation: HandshakeAllThreads
Event: 137.316 Executing VM operation: HandshakeAllThreads done

Events (20 events):
Event: 123.938 loading class com/sun/crypto/provider/HmacCore$HmacSHA256
Event: 123.938 loading class com/sun/crypto/provider/HmacCore$HmacSHA256 done
Event: 123.964 loading class java/util/stream/ReferencePipeline$4
Event: 123.964 loading class java/util/stream/ReferencePipeline$4 done
Event: 123.964 loading class java/util/function/IntBinaryOperator
Event: 123.965 loading class java/util/function/IntBinaryOperator done
Event: 123.965 loading class java/util/stream/ReduceOps$7
Event: 123.966 loading class java/util/stream/ReduceOps$7 done
Event: 123.966 loading class java/util/stream/ReduceOps$6ReducingSink
Event: 123.967 loading class java/util/stream/ReduceOps$6ReducingSink done
Event: 123.967 loading class java/util/stream/ReferencePipeline$4$1
Event: 123.967 loading class java/util/stream/ReferencePipeline$4$1 done
Event: 136.562 loading class java/time/format/DateTimeFormatterBuilder$ZoneTextPrinterParser
Event: 136.562 loading class java/time/format/DateTimeFormatterBuilder$ZoneTextPrinterParser done
Event: 136.563 loading class java/time/format/DateTimeFormatterBuilder$ReducedPrinterParser
Event: 136.563 loading class java/time/format/DateTimeFormatterBuilder$ReducedPrinterParser done
Event: 136.569 loading class java/io/PushbackInputStream
Event: 136.569 loading class java/io/PushbackInputStream done
Event: 137.320 loading class java/util/stream/DoubleStream
Event: 137.321 loading class java/util/stream/DoubleStream done


Dynamic libraries:
0x00007ff6be550000 - 0x00007ff6be55e000 	C:\Program Files\jdk-17\bin\java.exe
0x00007ffa8b4f0000 - 0x00007ffa8b707000 	C:\WINDOWS\SYSTEM32\ntdll.dll
0x00007ffa89b90000 - 0x00007ffa89c54000 	C:\WINDOWS\System32\KERNEL32.DLL
0x00007ffa88bf0000 - 0x00007ffa88f9d000 	C:\WINDOWS\System32\KERNELBASE.dll
0x00007ffa89110000 - 0x00007ffa89221000 	C:\WINDOWS\System32\ucrtbase.dll
0x00007ffa82360000 - 0x00007ffa8237a000 	C:\Program Files\jdk-17\bin\VCRUNTIME140.dll
0x00007ffa82340000 - 0x00007ffa82358000 	C:\Program Files\jdk-17\bin\jli.dll
0x00007ffa899e0000 - 0x00007ffa89b8e000 	C:\WINDOWS\System32\USER32.dll
0x00007ffa88bc0000 - 0x00007ffa88be6000 	C:\WINDOWS\System32\win32u.dll
0x00007ffa89e80000 - 0x00007ffa89ea9000 	C:\WINDOWS\System32\GDI32.dll
0x00007ffa88a30000 - 0x00007ffa88b49000 	C:\WINDOWS\System32\gdi32full.dll
0x00007ffa88990000 - 0x00007ffa88a2a000 	C:\WINDOWS\System32\msvcp_win.dll
0x00007ffa71d00000 - 0x00007ffa71f93000 	C:\WINDOWS\WinSxS\amd64_microsoft.windows.common-controls_6595b64144ccf1df_6.0.22621.3672_none_2713b9d173822955\COMCTL32.dll
0x00007ffa89c60000 - 0x00007ffa89d07000 	C:\WINDOWS\System32\msvcrt.dll
0x00007ffa8ab30000 - 0x00007ffa8ab61000 	C:\WINDOWS\System32\IMM32.DLL
0x00007ffa85580000 - 0x00007ffa8558c000 	C:\Program Files\jdk-17\bin\vcruntime140_1.dll
0x00007ffa710e0000 - 0x00007ffa7116d000 	C:\Program Files\jdk-17\bin\msvcp140.dll
0x00007ffa01b00000 - 0x00007ffa026be000 	C:\Program Files\jdk-17\bin\server\jvm.dll
0x00007ffa8a6b0000 - 0x00007ffa8a762000 	C:\WINDOWS\System32\ADVAPI32.dll
0x00007ffa89410000 - 0x00007ffa894b9000 	C:\WINDOWS\System32\sechost.dll
0x00007ffa88820000 - 0x00007ffa88848000 	C:\WINDOWS\System32\bcrypt.dll
0x00007ffa8a930000 - 0x00007ffa8aa44000 	C:\WINDOWS\System32\RPCRT4.dll
0x00007ffa8a110000 - 0x00007ffa8a118000 	C:\WINDOWS\System32\PSAPI.DLL
0x00007ffa842e0000 - 0x00007ffa842e9000 	C:\WINDOWS\SYSTEM32\WSOCK32.dll
0x00007ffa8b3d0000 - 0x00007ffa8b441000 	C:\WINDOWS\System32\WS2_32.dll
0x00007ffa840e0000 - 0x00007ffa84114000 	C:\WINDOWS\SYSTEM32\WINMM.dll
0x00007ffa80680000 - 0x00007ffa8068a000 	C:\WINDOWS\SYSTEM32\VERSION.dll
0x00007ffa87810000 - 0x00007ffa87828000 	C:\WINDOWS\SYSTEM32\kernel.appcore.dll
0x00007ffa82330000 - 0x00007ffa8233a000 	C:\Program Files\jdk-17\bin\jimage.dll
0x00007ffa86050000 - 0x00007ffa86282000 	C:\WINDOWS\SYSTEM32\DBGHELP.DLL
0x00007ffa894c0000 - 0x00007ffa89848000 	C:\WINDOWS\System32\combase.dll
0x00007ffa89900000 - 0x00007ffa899d7000 	C:\WINDOWS\System32\OLEAUT32.dll
0x00007ffa6b7c0000 - 0x00007ffa6b7f2000 	C:\WINDOWS\SYSTEM32\dbgcore.DLL
0x00007ffa88850000 - 0x00007ffa888cb000 	C:\WINDOWS\System32\bcryptPrimitives.dll
0x00007ffa85590000 - 0x00007ffa8559e000 	C:\Program Files\jdk-17\bin\instrument.dll
0x00007ffa82300000 - 0x00007ffa82325000 	C:\Program Files\jdk-17\bin\java.dll
0x00007ffa62b30000 - 0x00007ffa62c06000 	C:\Program Files\jdk-17\bin\svml.dll
0x00007ffa8ab70000 - 0x00007ffa8b3cf000 	C:\WINDOWS\System32\SHELL32.dll
0x00007ffa86720000 - 0x00007ffa8701c000 	C:\WINDOWS\SYSTEM32\windows.storage.dll
0x00007ffa865e0000 - 0x00007ffa8671f000 	C:\WINDOWS\SYSTEM32\wintypes.dll
0x00007ffa89d10000 - 0x00007ffa89e04000 	C:\WINDOWS\System32\SHCORE.dll
0x00007ffa89eb0000 - 0x00007ffa89f0e000 	C:\WINDOWS\System32\shlwapi.dll
0x00007ffa88750000 - 0x00007ffa88771000 	C:\WINDOWS\SYSTEM32\profapi.dll
0x00007ffa62cb0000 - 0x00007ffa62cc8000 	C:\Program Files\jdk-17\bin\zip.dll
0x00007ffa6f240000 - 0x00007ffa6f259000 	C:\Program Files\jdk-17\bin\net.dll
0x00007ffa846f0000 - 0x00007ffa84826000 	C:\WINDOWS\SYSTEM32\WINHTTP.dll
0x00007ffa87c80000 - 0x00007ffa87ce9000 	C:\WINDOWS\system32\mswsock.dll
0x00007ffa64820000 - 0x00007ffa64835000 	C:\Program Files\jdk-17\bin\nio.dll
0x00007ffa84290000 - 0x00007ffa842aa000 	C:\Program Files (x86)\JetBrains\IntelliJ IDEA Community Edition 2024.1.4\bin\breakgen64.dll
0x00007ffa720f0000 - 0x00007ffa720fe000 	C:\Program Files\jdk-17\bin\sunmscapi.dll
0x00007ffa88fa0000 - 0x00007ffa89107000 	C:\WINDOWS\System32\CRYPT32.dll
0x00007ffa880e0000 - 0x00007ffa8810e000 	C:\WINDOWS\SYSTEM32\ncrypt.dll
0x00007ffa880a0000 - 0x00007ffa880d7000 	C:\WINDOWS\SYSTEM32\NTASN1.dll
0x00007ffa87f00000 - 0x00007ffa87f1b000 	C:\WINDOWS\SYSTEM32\CRYPTSP.dll
0x00007ffa87770000 - 0x00007ffa877a5000 	C:\WINDOWS\system32\rsaenh.dll
0x00007ffa87da0000 - 0x00007ffa87dc8000 	C:\WINDOWS\SYSTEM32\USERENV.dll
0x00007ffa87f20000 - 0x00007ffa87f2c000 	C:\WINDOWS\SYSTEM32\CRYPTBASE.dll
0x00007ffa872c0000 - 0x00007ffa872ed000 	C:\WINDOWS\SYSTEM32\IPHLPAPI.DLL
0x00007ffa8a120000 - 0x00007ffa8a129000 	C:\WINDOWS\System32\NSI.dll
0x00007ffa84860000 - 0x00007ffa84879000 	C:\WINDOWS\SYSTEM32\dhcpcsvc6.DLL
0x00007ffa844c0000 - 0x00007ffa844df000 	C:\WINDOWS\SYSTEM32\dhcpcsvc.DLL
0x00007ffa872f0000 - 0x00007ffa873e8000 	C:\WINDOWS\SYSTEM32\DNSAPI.dll
0x00007ffa84280000 - 0x00007ffa84289000 	C:\Program Files\jdk-17\bin\management.dll
0x00007ffa74ad0000 - 0x00007ffa74adb000 	C:\Program Files\jdk-17\bin\management_ext.dll
0x00007ffa73a80000 - 0x00007ffa73a90000 	C:\Program Files\jdk-17\bin\verify.dll
0x00007ffa823c0000 - 0x00007ffa823c8000 	C:\WINDOWS\system32\wshunix.dll

dbghelp: loaded successfully - version: 4.0.5 - missing functions: none
symbol engine: initialized successfully - sym options: 0x614 - pdb path: .;C:\Program Files\jdk-17\bin;C:\WINDOWS\SYSTEM32;C:\WINDOWS\WinSxS\amd64_microsoft.windows.common-controls_6595b64144ccf1df_6.0.22621.3672_none_2713b9d173822955;C:\Program Files\jdk-17\bin\server;C:\Program Files (x86)\JetBrains\IntelliJ IDEA Community Edition 2024.1.4\bin

VM Arguments:
jvm_args: -javaagent:C:\Program Files (x86)\JetBrains\IntelliJ IDEA Community Edition 2024.1.4\lib\idea_rt.jar=53536:C:\Program Files (x86)\JetBrains\IntelliJ IDEA Community Edition 2024.1.4\bin -Dfile.encoding=UTF-8 
java_command: com.jimsimrodev.foroconnet.ForoconnetApplication
java_class_path (initial): D:\work\foroconnet\target\classes;C:\Users\jhoan\.m2\repository\org\springframework\boot\spring-boot-starter-security\3.3.1\spring-boot-starter-security-3.3.1.jar;C:\Users\jhoan\.m2\repository\org\springframework\boot\spring-boot-starter\3.3.1\spring-boot-starter-3.3.1.jar;C:\Users\jhoan\.m2\repository\org\springframework\boot\spring-boot\3.3.1\spring-boot-3.3.1.jar;C:\Users\jhoan\.m2\repository\org\springframework\boot\spring-boot-autoconfigure\3.3.1\spring-boot-autoconfigure-3.3.1.jar;C:\Users\jhoan\.m2\repository\org\springframework\boot\spring-boot-starter-logging\3.3.1\spring-boot-starter-logging-3.3.1.jar;C:\Users\jhoan\.m2\repository\ch\qos\logback\logback-classic\1.5.6\logback-classic-1.5.6.jar;C:\Users\jhoan\.m2\repository\ch\qos\logback\logback-core\1.5.6\logback-core-1.5.6.jar;C:\Users\jhoan\.m2\repository\org\apache\logging\log4j\log4j-to-slf4j\2.23.1\log4j-to-slf4j-2.23.1.jar;C:\Users\jhoan\.m2\repository\org\apache\logging\log4j\log4j-api\2.23.1\log4j-api-2.23.1.jar;C:\Users\jhoan\.m2\repository\org\slf4j\jul-to-slf4j\2.0.13\jul-to-slf4j-2.0.13.jar;C:\Users\jhoan\.m2\repository\jakarta\annotation\jakarta.annotation-api\2.1.1\jakarta.annotation-api-2.1.1.jar;C:\Users\jhoan\.m2\repository\org\yaml\snakeyaml\2.2\snakeyaml-2.2.jar;C:\Users\jhoan\.m2\repository\org\springframework\spring-aop\6.1.10\spring-aop-6.1.10.jar;C:\Users\jhoan\.m2\repository\org\springframework\security\spring-security-config\6.3.1\spring-security-config-6.3.1.jar;C:\Users\jhoan\.m2\repository\org\springframework\security\spring-security-web\6.3.1\spring-security-web-6.3.1.jar;C:\Users\jhoan\.m2\repository\org\springframework\boot\spring-boot-starter-validation\3.3.1\spring-boot-starter-validation-3.3.1.jar;C:\Users\jhoan\.m2\repository\org\apache\tomcat\embed\tomcat-embed-el\10.1.25\tomcat-embed-el-10.1.25.jar;C:\Users\jhoan\.m2\repository\jakarta\validation\jakarta.validation-api\3.0.1\jakarta.validation-api-3.0.1.jar;C:\Users\jhoan\.m2\repository\org\
Launcher Type: SUN_STANDARD

[Global flags]
     intx CICompilerCount                          = 3                                         {product} {ergonomic}
     uint ConcGCThreads                            = 1                                         {product} {ergonomic}
     uint G1ConcRefinementThreads                  = 4                                         {product} {ergonomic}
   size_t G1HeapRegionSize                         = 1048576                                   {product} {ergonomic}
    uintx GCDrainStackTargetSize                   = 64                                        {product} {ergonomic}
   size_t InitialHeapSize                          = 132120576                                 {product} {ergonomic}
   size_t MarkStackSize                            = 4194304                                   {product} {ergonomic}
   size_t MaxHeapSize                              = 2101346304                                {product} {ergonomic}
   size_t MaxNewSize                               = 1260388352                                {product} {ergonomic}
   size_t MinHeapDeltaBytes                        = 1048576                                   {product} {ergonomic}
   size_t MinHeapSize                              = 8388608                                   {product} {ergonomic}
    uintx NonNMethodCodeHeapSize                   = 5832780                                {pd product} {ergonomic}
    uintx NonProfiledCodeHeapSize                  = 122912730                              {pd product} {ergonomic}
    uintx ProfiledCodeHeapSize                     = 122912730                              {pd product} {ergonomic}
    uintx ReservedCodeCacheSize                    = 251658240                              {pd product} {ergonomic}
     bool SegmentedCodeCache                       = true                                      {product} {ergonomic}
   size_t SoftMaxHeapSize                          = 2101346304                             {manageable} {ergonomic}
     bool UseCompressedClassPointers               = true                           {product lp64_product} {ergonomic}
     bool UseCompressedOops                        = true                           {product lp64_product} {ergonomic}
     bool UseG1GC                                  = true                                      {product} {ergonomic}
     bool UseLargePagesIndividualAllocation        = false                                  {pd product} {ergonomic}

Logging:
Log output configuration:
 #0: stdout all=warning uptime,level,tags
 #1: stderr all=off uptime,level,tags

Environment Variables:
JAVA_HOME=C:\Program Files\jdk-17
PATH=C:\WINDOWS\system32;C:\WINDOWS;C:\WINDOWS\System32\Wbem;C:\WINDOWS\System32\WindowsPowerShell\v1.0\;C:\WINDOWS\System32\OpenSSH\;C:\Program Files\jdk-17\bin;C:\Program Files\WezTerm;C:\xampp\php;C:\ProgramData\ComposerSetup\bin;C:\Program Files\Git\cmd;C:\Program Files\nodejs\;C:\Program Files\MySQL\MySQL Shell 8.0\bin\;C:\Users\jhoan\AppData\Local\Microsoft\WindowsApps;C:\Users\jhoan\AppData\Local\Programs\Microsoft VS Code\bin;C:\Users\jhoan\AppData\Local\Programs\oh-my-posh\bin;C:\Users\jhoan\AppData\Local\Microsoft\WinGet\Packages\Schniz.fnm_Microsoft.Winget.Source_8wekyb3d8bbwe;C:\Users\jhoan\AppData\Roaming\Composer\vendor\bin;C:\Users\jhoan\AppData\Roaming\npm
USERNAME=jhoan
OS=Windows_NT
PROCESSOR_IDENTIFIER=Intel64 Family 6 Model 142 Stepping 12, GenuineIntel



---------------  S Y S T E M  ---------------

OS:
 Windows 10 , 64 bit Build 22621 (10.0.22621.3672)
OS uptime: 0 days 5:20 hours
Hyper-V role detected

CPU: total 4 (initial active 4) (2 cores per cpu, 2 threads per core) family 6 model 142 stepping 12 microcode 0xf8, cx8, cmov, fxsr, ht, mmx, 3dnowpref, sse, sse2, sse3, ssse3, sse4.1, sse4.2, popcnt, lzcnt, tsc, tscinvbit, aes, erms, clmul, clflush, clflushopt, hv

Memory: 4k page, system-wide physical 8015M (231M free)
TotalPageFile size 12111M (AvailPageFile size 0M)
current process WorkingSet (physical memory assigned to process): 256M, peak: 290M
current process commit charge ("private bytes"): 286M, peak: 320M

vm_info: OpenJDK 64-Bit Server VM (17+35-2724) for windows-amd64 JRE (17+35-2724), built on Aug  5 2021 23:26:02 by "mach5one" with MS VC++ 16.8 (VS2019)

END.
