#
# There is insufficient memory for the Java Runtime Environment to continue.
# Native memory allocation (malloc) failed to allocate 989136 bytes for Chunk::new
# Possible reasons:
#   The system is out of physical RAM or swap space
#   The process is running with CompressedOops enabled, and the Java Heap may be blocking the growth of the native heap
# Possible solutions:
#   Reduce memory load on the system
#   Increase physical memory or swap space
#   Check if swap backing store is full
#   Decrease Java heap size (-Xmx/-Xms)
#   Decrease number of Java threads
#   Decrease Java thread stack sizes (-Xss)
#   Set larger code cache with -XX:ReservedCodeCacheSize=
#   JVM is running with Unscaled Compressed Oops mode in which the Java heap is
#     placed in the first 4GB address space. The Java Heap base address is the
#     maximum limit for the native heap growth. Please use -XX:HeapBaseMinAddress
#     to set the Java Heap base and to place the Java Heap above 4GB virtual address.
# This output file may be truncated or incomplete.
#
#  Out of Memory Error (arena.cpp:189), pid=8208, tid=10428
#
# JRE version: OpenJDK Runtime Environment (17.0+35) (build 17+35-2724)
# Java VM: OpenJDK 64-Bit Server VM (17+35-2724, mixed mode, sharing, tiered, compressed oops, compressed class ptrs, g1 gc, windows-amd64)
# No core dump will be written. Minidumps are not enabled by default on client versions of Windows
#

---------------  S U M M A R Y ------------

Command Line: -javaagent:C:\Program Files (x86)\JetBrains\IntelliJ IDEA Community Edition 2024.1.4\lib\idea_rt.jar=62944:C:\Program Files (x86)\JetBrains\IntelliJ IDEA Community Edition 2024.1.4\bin -Dfile.encoding=UTF-8 com.jimsimrodev.foroconnet.ForoconnetApplication

Host: Intel(R) Pentium(R) CPU 6405U @ 2.40GHz, 4 cores, 7G,  Windows 10 , 64 bit Build 22621 (10.0.22621.3958)
Time: Tue Jul 30 19:09:36 2024 Hora est. Pacífico, Sudamérica elapsed time: 2.914197 seconds (0d 0h 0m 2s)

---------------  T H R E A D  ---------------

Current thread (0x0000020f7f6edf50):  JavaThread "C2 CompilerThread0" daemon [_thread_in_native, id=10428, stack(0x00000013ad400000,0x00000013ad500000)]


Current CompileTask:
C2:   2914 1629       4       jdk.internal.org.objectweb.asm.Frame::execute (2305 bytes)

Stack: [0x00000013ad400000,0x00000013ad500000]
Native frames: (J=compiled Java code, j=interpreted, Vv=VM code, C=native code)
V  [jvm.dll+0x66f8ea]
V  [jvm.dll+0x7ce224]
V  [jvm.dll+0x7cf9ce]
V  [jvm.dll+0x7d0033]
V  [jvm.dll+0x242bb5]
V  [jvm.dll+0xaa05b]
V  [jvm.dll+0xaa5ec]
V  [jvm.dll+0x35f9a2]
V  [jvm.dll+0x1b9a08]
V  [jvm.dll+0x215df9]
V  [jvm.dll+0x2150c1]
V  [jvm.dll+0x1a168d]
V  [jvm.dll+0x2248f8]
V  [jvm.dll+0x222a5c]
V  [jvm.dll+0x78422b]
V  [jvm.dll+0x77e7ea]
V  [jvm.dll+0x66e715]
C  [ucrtbase.dll+0x29333]
C  [KERNEL32.DLL+0x1257d]
C  [ntdll.dll+0x5af28]


---------------  P R O C E S S  ---------------

Threads class SMR info:
_java_thread_list=0x0000020f106deee0, length=15, elements={
0x0000020f70fff5d0, 0x0000020f7f6d2f30, 0x0000020f7f6d5550, 0x0000020f7f6e85f0,
0x0000020f7f6eb0b0, 0x0000020f7f6eba60, 0x0000020f7f6eca20, 0x0000020f7f6edf50,
0x0000020f7f6f2e30, 0x0000020f7f767970, 0x0000020f7f6bbd00, 0x0000020f0fd36410,
0x0000020f0fd368e0, 0x0000020f104934d0, 0x0000020f105358b0
}

Java Threads: ( => current thread )
  0x0000020f70fff5d0 JavaThread "main" [_thread_in_Java, id=12424, stack(0x00000013ac700000,0x00000013ac800000)]
  0x0000020f7f6d2f30 JavaThread "Reference Handler" daemon [_thread_blocked, id=9596, stack(0x00000013ace00000,0x00000013acf00000)]
  0x0000020f7f6d5550 JavaThread "Finalizer" daemon [_thread_blocked, id=11708, stack(0x00000013acf00000,0x00000013ad000000)]
  0x0000020f7f6e85f0 JavaThread "Signal Dispatcher" daemon [_thread_blocked, id=1192, stack(0x00000013ad000000,0x00000013ad100000)]
  0x0000020f7f6eb0b0 JavaThread "Attach Listener" daemon [_thread_blocked, id=7616, stack(0x00000013ad100000,0x00000013ad200000)]
  0x0000020f7f6eba60 JavaThread "Service Thread" daemon [_thread_blocked, id=704, stack(0x00000013ad200000,0x00000013ad300000)]
  0x0000020f7f6eca20 JavaThread "Monitor Deflation Thread" daemon [_thread_blocked, id=7200, stack(0x00000013ad300000,0x00000013ad400000)]
=>0x0000020f7f6edf50 JavaThread "C2 CompilerThread0" daemon [_thread_in_native, id=10428, stack(0x00000013ad400000,0x00000013ad500000)]
  0x0000020f7f6f2e30 JavaThread "C1 CompilerThread0" daemon [_thread_in_vm, id=1268, stack(0x00000013ad500000,0x00000013ad600000)]
  0x0000020f7f767970 JavaThread "Sweeper thread" daemon [_thread_blocked, id=10644, stack(0x00000013ad600000,0x00000013ad700000)]
  0x0000020f7f6bbd00 JavaThread "Common-Cleaner" daemon [_thread_blocked, id=2316, stack(0x00000013ad700000,0x00000013ad800000)]
  0x0000020f0fd36410 JavaThread "Monitor Ctrl-Break" daemon [_thread_in_native, id=14728, stack(0x00000013ad800000,0x00000013ad900000)]
  0x0000020f0fd368e0 JavaThread "Notification Thread" daemon [_thread_blocked, id=12888, stack(0x00000013ad900000,0x00000013ada00000)]
  0x0000020f104934d0 JavaThread "C2 CompilerThread1" daemon [_thread_in_native, id=14360, stack(0x00000013ade00000,0x00000013adf00000)]
  0x0000020f105358b0 JavaThread "background-preinit" [_thread_in_vm, id=3280, stack(0x00000013adf00000,0x00000013ae000000)]

Other Threads:
  0x0000020f7f6ce7a0 VMThread "VM Thread" [stack: 0x00000013acd00000,0x00000013ace00000] [id=9532]
  0x0000020f71059560 WatcherThread [stack: 0x00000013ada00000,0x00000013adb00000] [id=1264]
  0x0000020f7103c030 GCTaskThread "GC Thread#0" [stack: 0x00000013ac800000,0x00000013ac900000] [id=15136]
  0x0000020f10165e30 GCTaskThread "GC Thread#1" [stack: 0x00000013adb00000,0x00000013adc00000] [id=14404]
  0x0000020f101660e0 GCTaskThread "GC Thread#2" [stack: 0x00000013adc00000,0x00000013add00000] [id=6028]
  0x0000020f10189510 GCTaskThread "GC Thread#3" [stack: 0x00000013add00000,0x00000013ade00000] [id=10364]
  0x0000020f7104ee10 ConcurrentGCThread "G1 Main Marker" [stack: 0x00000013ac900000,0x00000013aca00000] [id=12792]
  0x0000020f71050fd0 ConcurrentGCThread "G1 Conc#0" [stack: 0x00000013aca00000,0x00000013acb00000] [id=8536]
  0x0000020f7f590090 ConcurrentGCThread "G1 Refine#0" [stack: 0x00000013acb00000,0x00000013acc00000] [id=2372]
  0x0000020f7f590ab0 ConcurrentGCThread "G1 Service" [stack: 0x00000013acc00000,0x00000013acd00000] [id=11848]

Threads with active compile tasks:
C2 CompilerThread0     2944 1629       4       jdk.internal.org.objectweb.asm.Frame::execute (2305 bytes)
C1 CompilerThread0     2944 1859   !   3       org.springframework.util.ConcurrentReferenceHashMap$Segment::doTask (179 bytes)
C2 CompilerThread1     2944 1818       4       java.io.WinNTFileSystem::normalize (143 bytes)

VM state: not at safepoint (normal execution)

VM Mutex/Monitor currently owned by a thread: None

Heap address: 0x0000000082c00000, size: 2004 MB, Compressed Oops mode: 32-bit

CDS archive(s) mapped at: [0x0000000800000000-0x0000000800bc0000-0x0000000800bc0000), size 12320768, SharedBaseAddress: 0x0000000800000000, ArchiveRelocationMode: 0.
Compressed class space mapped at: 0x0000000800c00000-0x0000000840c00000, reserved size: 1073741824
Narrow klass base: 0x0000000800000000, Narrow klass shift: 0, Narrow klass range: 0x100000000

GC Precious Log:
 CPUs: 4 total, 4 available
 Memory: 8015M
 Large Page Support: Disabled
 NUMA Support: Disabled
 Compressed Oops: Enabled (32-bit)
 Heap Region Size: 1M
 Heap Min Capacity: 8M
 Heap Initial Capacity: 126M
 Heap Max Capacity: 2004M
 Pre-touch: Disabled
 Parallel Workers: 4
 Concurrent Workers: 1
 Concurrent Refinement Workers: 4
 Periodic GC: Disabled

Heap:
 garbage-first heap   total 129024K, used 18977K [0x0000000082c00000, 0x0000000100000000)
  region size 1024K, 14 young (14336K), 3 survivors (3072K)
 Metaspace       used 14340K, committed 14592K, reserved 1064960K
  class space    used 1873K, committed 1984K, reserved 1048576K

Heap Regions: E=young(eden), S=young(survivor), O=old, HS=humongous(starts), HC=humongous(continues), CS=collection set, F=free, OA=open archive, CA=closed archive, TAMS=top-at-mark-start (previous, next)
|   0|0x0000000082c00000, 0x0000000082d00000, 0x0000000082d00000|100%|HS|  |TAMS 0x0000000082c00000, 0x0000000082c00000| Complete 
|   1|0x0000000082d00000, 0x0000000082e00000, 0x0000000082e00000|100%| O|  |TAMS 0x0000000082d00000, 0x0000000082d00000| Untracked 
|   2|0x0000000082e00000, 0x0000000082f00000, 0x0000000082f00000|100%| O|  |TAMS 0x0000000082e00000, 0x0000000082e00000| Untracked 
|   3|0x0000000082f00000, 0x0000000083000000, 0x0000000083000000|100%| O|  |TAMS 0x0000000082f00000, 0x0000000082f00000| Untracked 
|   4|0x0000000083000000, 0x0000000083100000, 0x0000000083100000|100%| O|  |TAMS 0x0000000083000000, 0x0000000083000000| Untracked 
|   5|0x0000000083100000, 0x0000000083200000, 0x0000000083200000|100%| O|  |TAMS 0x0000000083100000, 0x0000000083100000| Untracked 
|   6|0x0000000083200000, 0x00000000832b3a00, 0x0000000083300000| 70%| O|  |TAMS 0x0000000083200000, 0x0000000083200000| Untracked 
|   7|0x0000000083300000, 0x0000000083300000, 0x0000000083400000|  0%| F|  |TAMS 0x0000000083300000, 0x0000000083300000| Untracked 
|   8|0x0000000083400000, 0x0000000083400000, 0x0000000083500000|  0%| F|  |TAMS 0x0000000083400000, 0x0000000083400000| Untracked 
|   9|0x0000000083500000, 0x0000000083500000, 0x0000000083600000|  0%| F|  |TAMS 0x0000000083500000, 0x0000000083500000| Untracked 
|  10|0x0000000083600000, 0x0000000083600000, 0x0000000083700000|  0%| F|  |TAMS 0x0000000083600000, 0x0000000083600000| Untracked 
|  11|0x0000000083700000, 0x0000000083700000, 0x0000000083800000|  0%| F|  |TAMS 0x0000000083700000, 0x0000000083700000| Untracked 
|  12|0x0000000083800000, 0x0000000083800000, 0x0000000083900000|  0%| F|  |TAMS 0x0000000083800000, 0x0000000083800000| Untracked 
|  13|0x0000000083900000, 0x0000000083900000, 0x0000000083a00000|  0%| F|  |TAMS 0x0000000083900000, 0x0000000083900000| Untracked 
|  14|0x0000000083a00000, 0x0000000083a00000, 0x0000000083b00000|  0%| F|  |TAMS 0x0000000083a00000, 0x0000000083a00000| Untracked 
|  15|0x0000000083b00000, 0x0000000083b00000, 0x0000000083c00000|  0%| F|  |TAMS 0x0000000083b00000, 0x0000000083b00000| Untracked 
|  16|0x0000000083c00000, 0x0000000083c00000, 0x0000000083d00000|  0%| F|  |TAMS 0x0000000083c00000, 0x0000000083c00000| Untracked 
|  17|0x0000000083d00000, 0x0000000083d00000, 0x0000000083e00000|  0%| F|  |TAMS 0x0000000083d00000, 0x0000000083d00000| Untracked 
|  18|0x0000000083e00000, 0x0000000083e00000, 0x0000000083f00000|  0%| F|  |TAMS 0x0000000083e00000, 0x0000000083e00000| Untracked 
|  19|0x0000000083f00000, 0x0000000083f00000, 0x0000000084000000|  0%| F|  |TAMS 0x0000000083f00000, 0x0000000083f00000| Untracked 
|  20|0x0000000084000000, 0x0000000084000000, 0x0000000084100000|  0%| F|  |TAMS 0x0000000084000000, 0x0000000084000000| Untracked 
|  21|0x0000000084100000, 0x0000000084100000, 0x0000000084200000|  0%| F|  |TAMS 0x0000000084100000, 0x0000000084100000| Untracked 
|  22|0x0000000084200000, 0x0000000084200000, 0x0000000084300000|  0%| F|  |TAMS 0x0000000084200000, 0x0000000084200000| Untracked 
|  23|0x0000000084300000, 0x0000000084300000, 0x0000000084400000|  0%| F|  |TAMS 0x0000000084300000, 0x0000000084300000| Untracked 
|  24|0x0000000084400000, 0x0000000084400000, 0x0000000084500000|  0%| F|  |TAMS 0x0000000084400000, 0x0000000084400000| Untracked 
|  25|0x0000000084500000, 0x0000000084500000, 0x0000000084600000|  0%| F|  |TAMS 0x0000000084500000, 0x0000000084500000| Untracked 
|  26|0x0000000084600000, 0x0000000084600000, 0x0000000084700000|  0%| F|  |TAMS 0x0000000084600000, 0x0000000084600000| Untracked 
|  27|0x0000000084700000, 0x0000000084700000, 0x0000000084800000|  0%| F|  |TAMS 0x0000000084700000, 0x0000000084700000| Untracked 
|  28|0x0000000084800000, 0x0000000084800000, 0x0000000084900000|  0%| F|  |TAMS 0x0000000084800000, 0x0000000084800000| Untracked 
|  29|0x0000000084900000, 0x0000000084900000, 0x0000000084a00000|  0%| F|  |TAMS 0x0000000084900000, 0x0000000084900000| Untracked 
|  30|0x0000000084a00000, 0x0000000084a00000, 0x0000000084b00000|  0%| F|  |TAMS 0x0000000084a00000, 0x0000000084a00000| Untracked 
|  31|0x0000000084b00000, 0x0000000084b00000, 0x0000000084c00000|  0%| F|  |TAMS 0x0000000084b00000, 0x0000000084b00000| Untracked 
|  32|0x0000000084c00000, 0x0000000084c00000, 0x0000000084d00000|  0%| F|  |TAMS 0x0000000084c00000, 0x0000000084c00000| Untracked 
|  33|0x0000000084d00000, 0x0000000084d00000, 0x0000000084e00000|  0%| F|  |TAMS 0x0000000084d00000, 0x0000000084d00000| Untracked 
|  34|0x0000000084e00000, 0x0000000084e00000, 0x0000000084f00000|  0%| F|  |TAMS 0x0000000084e00000, 0x0000000084e00000| Untracked 
|  35|0x0000000084f00000, 0x0000000084f00000, 0x0000000085000000|  0%| F|  |TAMS 0x0000000084f00000, 0x0000000084f00000| Untracked 
|  36|0x0000000085000000, 0x0000000085000000, 0x0000000085100000|  0%| F|  |TAMS 0x0000000085000000, 0x0000000085000000| Untracked 
|  37|0x0000000085100000, 0x0000000085100000, 0x0000000085200000|  0%| F|  |TAMS 0x0000000085100000, 0x0000000085100000| Untracked 
|  38|0x0000000085200000, 0x0000000085200000, 0x0000000085300000|  0%| F|  |TAMS 0x0000000085200000, 0x0000000085200000| Untracked 
|  39|0x0000000085300000, 0x0000000085300000, 0x0000000085400000|  0%| F|  |TAMS 0x0000000085300000, 0x0000000085300000| Untracked 
|  40|0x0000000085400000, 0x0000000085400000, 0x0000000085500000|  0%| F|  |TAMS 0x0000000085400000, 0x0000000085400000| Untracked 
|  41|0x0000000085500000, 0x0000000085500000, 0x0000000085600000|  0%| F|  |TAMS 0x0000000085500000, 0x0000000085500000| Untracked 
|  42|0x0000000085600000, 0x0000000085600000, 0x0000000085700000|  0%| F|  |TAMS 0x0000000085600000, 0x0000000085600000| Untracked 
|  43|0x0000000085700000, 0x0000000085700000, 0x0000000085800000|  0%| F|  |TAMS 0x0000000085700000, 0x0000000085700000| Untracked 
|  44|0x0000000085800000, 0x0000000085800000, 0x0000000085900000|  0%| F|  |TAMS 0x0000000085800000, 0x0000000085800000| Untracked 
|  45|0x0000000085900000, 0x0000000085900000, 0x0000000085a00000|  0%| F|  |TAMS 0x0000000085900000, 0x0000000085900000| Untracked 
|  46|0x0000000085a00000, 0x0000000085a00000, 0x0000000085b00000|  0%| F|  |TAMS 0x0000000085a00000, 0x0000000085a00000| Untracked 
|  47|0x0000000085b00000, 0x0000000085b00000, 0x0000000085c00000|  0%| F|  |TAMS 0x0000000085b00000, 0x0000000085b00000| Untracked 
|  48|0x0000000085c00000, 0x0000000085c00000, 0x0000000085d00000|  0%| F|  |TAMS 0x0000000085c00000, 0x0000000085c00000| Untracked 
|  49|0x0000000085d00000, 0x0000000085d00000, 0x0000000085e00000|  0%| F|  |TAMS 0x0000000085d00000, 0x0000000085d00000| Untracked 
|  50|0x0000000085e00000, 0x0000000085e00000, 0x0000000085f00000|  0%| F|  |TAMS 0x0000000085e00000, 0x0000000085e00000| Untracked 
|  51|0x0000000085f00000, 0x0000000085f00000, 0x0000000086000000|  0%| F|  |TAMS 0x0000000085f00000, 0x0000000085f00000| Untracked 
|  52|0x0000000086000000, 0x0000000086000000, 0x0000000086100000|  0%| F|  |TAMS 0x0000000086000000, 0x0000000086000000| Untracked 
|  53|0x0000000086100000, 0x0000000086100000, 0x0000000086200000|  0%| F|  |TAMS 0x0000000086100000, 0x0000000086100000| Untracked 
|  54|0x0000000086200000, 0x0000000086200000, 0x0000000086300000|  0%| F|  |TAMS 0x0000000086200000, 0x0000000086200000| Untracked 
|  55|0x0000000086300000, 0x0000000086300000, 0x0000000086400000|  0%| F|  |TAMS 0x0000000086300000, 0x0000000086300000| Untracked 
|  56|0x0000000086400000, 0x0000000086400000, 0x0000000086500000|  0%| F|  |TAMS 0x0000000086400000, 0x0000000086400000| Untracked 
|  57|0x0000000086500000, 0x0000000086500000, 0x0000000086600000|  0%| F|  |TAMS 0x0000000086500000, 0x0000000086500000| Untracked 
|  58|0x0000000086600000, 0x0000000086600000, 0x0000000086700000|  0%| F|  |TAMS 0x0000000086600000, 0x0000000086600000| Untracked 
|  59|0x0000000086700000, 0x0000000086700000, 0x0000000086800000|  0%| F|  |TAMS 0x0000000086700000, 0x0000000086700000| Untracked 
|  60|0x0000000086800000, 0x0000000086800000, 0x0000000086900000|  0%| F|  |TAMS 0x0000000086800000, 0x0000000086800000| Untracked 
|  61|0x0000000086900000, 0x0000000086900000, 0x0000000086a00000|  0%| F|  |TAMS 0x0000000086900000, 0x0000000086900000| Untracked 
|  62|0x0000000086a00000, 0x0000000086a00000, 0x0000000086b00000|  0%| F|  |TAMS 0x0000000086a00000, 0x0000000086a00000| Untracked 
|  63|0x0000000086b00000, 0x0000000086b00000, 0x0000000086c00000|  0%| F|  |TAMS 0x0000000086b00000, 0x0000000086b00000| Untracked 
|  64|0x0000000086c00000, 0x0000000086c00000, 0x0000000086d00000|  0%| F|  |TAMS 0x0000000086c00000, 0x0000000086c00000| Untracked 
|  65|0x0000000086d00000, 0x0000000086d00000, 0x0000000086e00000|  0%| F|  |TAMS 0x0000000086d00000, 0x0000000086d00000| Untracked 
|  66|0x0000000086e00000, 0x0000000086e00000, 0x0000000086f00000|  0%| F|  |TAMS 0x0000000086e00000, 0x0000000086e00000| Untracked 
|  67|0x0000000086f00000, 0x0000000086f00000, 0x0000000087000000|  0%| F|  |TAMS 0x0000000086f00000, 0x0000000086f00000| Untracked 
|  68|0x0000000087000000, 0x0000000087000000, 0x0000000087100000|  0%| F|  |TAMS 0x0000000087000000, 0x0000000087000000| Untracked 
|  69|0x0000000087100000, 0x0000000087100000, 0x0000000087200000|  0%| F|  |TAMS 0x0000000087100000, 0x0000000087100000| Untracked 
|  70|0x0000000087200000, 0x0000000087200000, 0x0000000087300000|  0%| F|  |TAMS 0x0000000087200000, 0x0000000087200000| Untracked 
|  71|0x0000000087300000, 0x0000000087300000, 0x0000000087400000|  0%| F|  |TAMS 0x0000000087300000, 0x0000000087300000| Untracked 
|  72|0x0000000087400000, 0x0000000087400000, 0x0000000087500000|  0%| F|  |TAMS 0x0000000087400000, 0x0000000087400000| Untracked 
|  73|0x0000000087500000, 0x0000000087500000, 0x0000000087600000|  0%| F|  |TAMS 0x0000000087500000, 0x0000000087500000| Untracked 
|  74|0x0000000087600000, 0x0000000087600000, 0x0000000087700000|  0%| F|  |TAMS 0x0000000087600000, 0x0000000087600000| Untracked 
|  75|0x0000000087700000, 0x0000000087700000, 0x0000000087800000|  0%| F|  |TAMS 0x0000000087700000, 0x0000000087700000| Untracked 
|  76|0x0000000087800000, 0x0000000087800000, 0x0000000087900000|  0%| F|  |TAMS 0x0000000087800000, 0x0000000087800000| Untracked 
|  77|0x0000000087900000, 0x0000000087900000, 0x0000000087a00000|  0%| F|  |TAMS 0x0000000087900000, 0x0000000087900000| Untracked 
|  78|0x0000000087a00000, 0x0000000087a00000, 0x0000000087b00000|  0%| F|  |TAMS 0x0000000087a00000, 0x0000000087a00000| Untracked 
|  79|0x0000000087b00000, 0x0000000087b00000, 0x0000000087c00000|  0%| F|  |TAMS 0x0000000087b00000, 0x0000000087b00000| Untracked 
|  80|0x0000000087c00000, 0x0000000087c00000, 0x0000000087d00000|  0%| F|  |TAMS 0x0000000087c00000, 0x0000000087c00000| Untracked 
|  81|0x0000000087d00000, 0x0000000087d00000, 0x0000000087e00000|  0%| F|  |TAMS 0x0000000087d00000, 0x0000000087d00000| Untracked 
|  82|0x0000000087e00000, 0x0000000087e00000, 0x0000000087f00000|  0%| F|  |TAMS 0x0000000087e00000, 0x0000000087e00000| Untracked 
|  83|0x0000000087f00000, 0x0000000087f00000, 0x0000000088000000|  0%| F|  |TAMS 0x0000000087f00000, 0x0000000087f00000| Untracked 
|  84|0x0000000088000000, 0x0000000088000000, 0x0000000088100000|  0%| F|  |TAMS 0x0000000088000000, 0x0000000088000000| Untracked 
|  85|0x0000000088100000, 0x0000000088100000, 0x0000000088200000|  0%| F|  |TAMS 0x0000000088100000, 0x0000000088100000| Untracked 
|  86|0x0000000088200000, 0x0000000088200000, 0x0000000088300000|  0%| F|  |TAMS 0x0000000088200000, 0x0000000088200000| Untracked 
|  87|0x0000000088300000, 0x0000000088300000, 0x0000000088400000|  0%| F|  |TAMS 0x0000000088300000, 0x0000000088300000| Untracked 
|  88|0x0000000088400000, 0x0000000088400000, 0x0000000088500000|  0%| F|  |TAMS 0x0000000088400000, 0x0000000088400000| Untracked 
|  89|0x0000000088500000, 0x0000000088500000, 0x0000000088600000|  0%| F|  |TAMS 0x0000000088500000, 0x0000000088500000| Untracked 
|  90|0x0000000088600000, 0x0000000088600000, 0x0000000088700000|  0%| F|  |TAMS 0x0000000088600000, 0x0000000088600000| Untracked 
|  91|0x0000000088700000, 0x0000000088700000, 0x0000000088800000|  0%| F|  |TAMS 0x0000000088700000, 0x0000000088700000| Untracked 
|  92|0x0000000088800000, 0x0000000088800000, 0x0000000088900000|  0%| F|  |TAMS 0x0000000088800000, 0x0000000088800000| Untracked 
|  93|0x0000000088900000, 0x0000000088900000, 0x0000000088a00000|  0%| F|  |TAMS 0x0000000088900000, 0x0000000088900000| Untracked 
|  94|0x0000000088a00000, 0x0000000088a00000, 0x0000000088b00000|  0%| F|  |TAMS 0x0000000088a00000, 0x0000000088a00000| Untracked 
|  95|0x0000000088b00000, 0x0000000088b00000, 0x0000000088c00000|  0%| F|  |TAMS 0x0000000088b00000, 0x0000000088b00000| Untracked 
|  96|0x0000000088c00000, 0x0000000088c00000, 0x0000000088d00000|  0%| F|  |TAMS 0x0000000088c00000, 0x0000000088c00000| Untracked 
|  97|0x0000000088d00000, 0x0000000088dd4aa8, 0x0000000088e00000| 83%| S|CS|TAMS 0x0000000088d00000, 0x0000000088d00000| Complete 
|  98|0x0000000088e00000, 0x0000000088f00000, 0x0000000088f00000|100%| S|CS|TAMS 0x0000000088e00000, 0x0000000088e00000| Complete 
|  99|0x0000000088f00000, 0x0000000089000000, 0x0000000089000000|100%| S|CS|TAMS 0x0000000088f00000, 0x0000000088f00000| Complete 
| 100|0x0000000089000000, 0x0000000089000000, 0x0000000089100000|  0%| F|  |TAMS 0x0000000089000000, 0x0000000089000000| Untracked 
| 101|0x0000000089100000, 0x0000000089100000, 0x0000000089200000|  0%| F|  |TAMS 0x0000000089100000, 0x0000000089100000| Untracked 
| 102|0x0000000089200000, 0x0000000089200000, 0x0000000089300000|  0%| F|  |TAMS 0x0000000089200000, 0x0000000089200000| Untracked 
| 103|0x0000000089300000, 0x0000000089300000, 0x0000000089400000|  0%| F|  |TAMS 0x0000000089300000, 0x0000000089300000| Untracked 
| 104|0x0000000089400000, 0x0000000089400000, 0x0000000089500000|  0%| F|  |TAMS 0x0000000089400000, 0x0000000089400000| Untracked 
| 105|0x0000000089500000, 0x0000000089500000, 0x0000000089600000|  0%| F|  |TAMS 0x0000000089500000, 0x0000000089500000| Untracked 
| 106|0x0000000089600000, 0x0000000089600000, 0x0000000089700000|  0%| F|  |TAMS 0x0000000089600000, 0x0000000089600000| Untracked 
| 107|0x0000000089700000, 0x0000000089700000, 0x0000000089800000|  0%| F|  |TAMS 0x0000000089700000, 0x0000000089700000| Untracked 
| 108|0x0000000089800000, 0x0000000089800000, 0x0000000089900000|  0%| F|  |TAMS 0x0000000089800000, 0x0000000089800000| Untracked 
| 109|0x0000000089900000, 0x0000000089900000, 0x0000000089a00000|  0%| F|  |TAMS 0x0000000089900000, 0x0000000089900000| Untracked 
| 110|0x0000000089a00000, 0x0000000089a00000, 0x0000000089b00000|  0%| F|  |TAMS 0x0000000089a00000, 0x0000000089a00000| Untracked 
| 111|0x0000000089b00000, 0x0000000089b00000, 0x0000000089c00000|  0%| F|  |TAMS 0x0000000089b00000, 0x0000000089b00000| Untracked 
| 112|0x0000000089c00000, 0x0000000089c00000, 0x0000000089d00000|  0%| F|  |TAMS 0x0000000089c00000, 0x0000000089c00000| Untracked 
| 113|0x0000000089d00000, 0x0000000089d00000, 0x0000000089e00000|  0%| F|  |TAMS 0x0000000089d00000, 0x0000000089d00000| Untracked 
| 114|0x0000000089e00000, 0x0000000089e0d178, 0x0000000089f00000|  5%| E|  |TAMS 0x0000000089e00000, 0x0000000089e00000| Complete 
| 115|0x0000000089f00000, 0x000000008a000000, 0x000000008a000000|100%| E|CS|TAMS 0x0000000089f00000, 0x0000000089f00000| Complete 
| 116|0x000000008a000000, 0x000000008a100000, 0x000000008a100000|100%| E|CS|TAMS 0x000000008a000000, 0x000000008a000000| Complete 
| 117|0x000000008a100000, 0x000000008a200000, 0x000000008a200000|100%| E|CS|TAMS 0x000000008a100000, 0x000000008a100000| Complete 
| 118|0x000000008a200000, 0x000000008a300000, 0x000000008a300000|100%| E|CS|TAMS 0x000000008a200000, 0x000000008a200000| Complete 
| 119|0x000000008a300000, 0x000000008a400000, 0x000000008a400000|100%| E|CS|TAMS 0x000000008a300000, 0x000000008a300000| Complete 
| 120|0x000000008a400000, 0x000000008a500000, 0x000000008a500000|100%| E|  |TAMS 0x000000008a400000, 0x000000008a400000| Complete 
| 121|0x000000008a500000, 0x000000008a600000, 0x000000008a600000|100%| E|CS|TAMS 0x000000008a500000, 0x000000008a500000| Complete 
| 122|0x000000008a600000, 0x000000008a700000, 0x000000008a700000|100%| E|CS|TAMS 0x000000008a600000, 0x000000008a600000| Complete 
| 123|0x000000008a700000, 0x000000008a800000, 0x000000008a800000|100%| E|CS|TAMS 0x000000008a700000, 0x000000008a700000| Complete 
| 124|0x000000008a800000, 0x000000008a900000, 0x000000008a900000|100%| E|CS|TAMS 0x000000008a800000, 0x000000008a800000| Complete 
| 125|0x000000008a900000, 0x000000008aa00000, 0x000000008aa00000|100%| E|CS|TAMS 0x000000008a900000, 0x000000008a900000| Complete 

Card table byte_map: [0x0000020f78bd0000,0x0000020f78fc0000] _byte_map_base: 0x0000020f787ba000

Marking Bits (Prev, Next): (CMBitMap*) 0x0000020f7103ea60, (CMBitMap*) 0x0000020f7103eaa0
 Prev Bits: [0x0000020f793b0000, 0x0000020f7b300000)
 Next Bits: [0x0000020f7b300000, 0x0000020f7d250000)

Polling page: 0x0000020f6ef80000

Metaspace:

Usage:
  Non-class:     12.22 MB used.
      Class:      1.83 MB used.
       Both:     14.05 MB used.

Virtual space:
  Non-class space:       16.00 MB reserved,      12.31 MB ( 77%) committed,  2 nodes.
      Class space:        1.00 GB reserved,       1.94 MB ( <1%) committed,  1 nodes.
             Both:        1.02 GB reserved,      14.25 MB (  1%) committed. 

Chunk freelists:
   Non-Class:  3.56 MB
       Class:  2.04 MB
        Both:  5.61 MB

MaxMetaspaceSize: unlimited
CompressedClassSpaceSize: 1.00 GB
Initial GC threshold: 21.00 MB
Current GC threshold: 21.00 MB
CDS: on
MetaspaceReclaimPolicy: balanced
 - commit_granule_bytes: 65536.
 - commit_granule_words: 8192.
 - virtual_space_node_default_size: 1048576.
 - enlarge_chunks_in_place: 1.
 - new_chunks_are_fully_committed: 0.
 - uncommit_free_chunks: 1.
 - use_allocation_guard: 0.
 - handle_deallocations: 1.


Internal statistics:

num_allocs_failed_limit: 0.
num_arena_births: 194.
num_arena_deaths: 0.
num_vsnodes_births: 3.
num_vsnodes_deaths: 0.
num_space_committed: 228.
num_space_uncommitted: 0.
num_chunks_returned_to_freelist: 0.
num_chunks_taken_from_freelist: 644.
num_chunk_merges: 0.
num_chunk_splits: 437.
num_chunks_enlarged: 346.
num_purges: 0.
num_inconsistent_stats: 0.

CodeHeap 'non-profiled nmethods': size=120000Kb used=653Kb max_used=653Kb free=119347Kb
 bounds [0x0000020f07ad0000, 0x0000020f07d40000, 0x0000020f0f000000]
CodeHeap 'profiled nmethods': size=120000Kb used=3563Kb max_used=3563Kb free=116436Kb
 bounds [0x0000020f005a0000, 0x0000020f00920000, 0x0000020f07ad0000]
CodeHeap 'non-nmethods': size=5760Kb used=1210Kb max_used=1217Kb free=4550Kb
 bounds [0x0000020f00000000, 0x0000020f00270000, 0x0000020f005a0000]
 total_blobs=2340 nmethods=1857 adapters=394
 compilation: enabled
              stopped_count=0, restarted_count=0
 full_count=0

Compilation events (20 events):
Event: 2.883 Thread 0x0000020f7f6f2e30 nmethod 1815 0x0000020f008fcf90 code [0x0000020f008fd200, 0x0000020f008fe0f8]
Event: 2.883 Thread 0x0000020f7f6f2e30 1814       3       jdk.internal.misc.VM::isSystemDomainLoader (17 bytes)
Event: 2.884 Thread 0x0000020f7f6f2e30 nmethod 1814 0x0000020f008fe490 code [0x0000020f008fe6e0, 0x0000020f008ff198]
Event: 2.884 Thread 0x0000020f7f6f2e30 1813   !   3       java.lang.invoke.MethodHandles$Lookup::canBeCached (150 bytes)
Event: 2.888 Thread 0x0000020f7f6f2e30 nmethod 1813 0x0000020f008ff510 code [0x0000020f008ff940, 0x0000020f00901c88]
Event: 2.888 Thread 0x0000020f7f6f2e30 1817       3       jdk.internal.org.objectweb.asm.SymbolTable::putBootstrapMethods (56 bytes)
Event: 2.888 Thread 0x0000020f7f6f2e30 nmethod 1817 0x0000020f00902810 code [0x0000020f00902a00, 0x0000020f00902d08]
Event: 2.888 Thread 0x0000020f7f6f2e30 1816       3       java.util.Arrays$ArrayList::size (6 bytes)
Event: 2.888 Thread 0x0000020f7f6f2e30 nmethod 1816 0x0000020f00902f10 code [0x0000020f009030a0, 0x0000020f009031b8]
Event: 2.893 Thread 0x0000020f104934d0 1818       4       java.io.WinNTFileSystem::normalize (143 bytes)
Event: 2.893 Thread 0x0000020f7f6f2e30 1819       3       java.util.zip.ZipEntry::<init> (84 bytes)
Event: 2.894 Thread 0x0000020f7f6f2e30 nmethod 1819 0x0000020f00903290 code [0x0000020f00903480, 0x0000020f00903a18]
Event: 2.906 Thread 0x0000020f7f6f2e30 1820       3       java.io.BufferedReader::readLine (7 bytes)
Event: 2.906 Thread 0x0000020f7f6f2e30 nmethod 1820 0x0000020f00903c10 code [0x0000020f00903dc0, 0x0000020f00903f88]
Event: 2.906 Thread 0x0000020f7f6f2e30 1821       3       java.lang.String::trim (35 bytes)
Event: 2.907 Thread 0x0000020f7f6f2e30 nmethod 1821 0x0000020f00904010 code [0x0000020f009041e0, 0x0000020f009044d8]
Event: 2.908 Thread 0x0000020f7f6f2e30 1823       3       java.util.concurrent.ConcurrentHashMap::containsKey (14 bytes)
Event: 2.908 Thread 0x0000020f7f6f2e30 nmethod 1823 0x0000020f00904590 code [0x0000020f00904740, 0x0000020f009048e8]
Event: 2.909 Thread 0x0000020f7f6f2e30 1824       3       org.springframework.core.annotation.AnnotationTypeMappings::size (10 bytes)
Event: 2.909 Thread 0x0000020f7f6f2e30 nmethod 1824 0x0000020f00904990 code [0x0000020f00904b40, 0x0000020f00904d08]

GC Heap History (6 events):
Event: 0.963 GC heap before
{Heap before GC invocations=0 (full 0):
 garbage-first heap   total 129024K, used 13312K [0x0000000082c00000, 0x0000000100000000)
  region size 1024K, 13 young (13312K), 0 survivors (0K)
 Metaspace       used 2693K, committed 2880K, reserved 1056768K
  class space    used 268K, committed 384K, reserved 1048576K
}
Event: 0.969 GC heap after
{Heap after GC invocations=1 (full 0):
 garbage-first heap   total 129024K, used 6720K [0x0000000082c00000, 0x0000000100000000)
  region size 1024K, 2 young (2048K), 2 survivors (2048K)
 Metaspace       used 2693K, committed 2880K, reserved 1056768K
  class space    used 268K, committed 384K, reserved 1048576K
}
Event: 1.569 GC heap before
{Heap before GC invocations=1 (full 0):
 garbage-first heap   total 129024K, used 16960K [0x0000000082c00000, 0x0000000100000000)
  region size 1024K, 12 young (12288K), 2 survivors (2048K)
 Metaspace       used 5812K, committed 6016K, reserved 1056768K
  class space    used 662K, committed 768K, reserved 1048576K
}
Event: 1.574 GC heap after
{Heap after GC invocations=2 (full 0):
 garbage-first heap   total 129024K, used 8002K [0x0000000082c00000, 0x0000000100000000)
  region size 1024K, 2 young (2048K), 2 survivors (2048K)
 Metaspace       used 5812K, committed 6016K, reserved 1056768K
  class space    used 662K, committed 768K, reserved 1048576K
}
Event: 2.565 GC heap before
{Heap before GC invocations=2 (full 0):
 garbage-first heap   total 129024K, used 32578K [0x0000000082c00000, 0x0000000100000000)
  region size 1024K, 26 young (26624K), 2 survivors (2048K)
 Metaspace       used 11546K, committed 11712K, reserved 1064960K
  class space    used 1527K, committed 1600K, reserved 1048576K
}
Event: 2.571 GC heap after
{Heap after GC invocations=3 (full 0):
 garbage-first heap   total 129024K, used 9761K [0x0000000082c00000, 0x0000000100000000)
  region size 1024K, 3 young (3072K), 3 survivors (3072K)
 Metaspace       used 11546K, committed 11712K, reserved 1064960K
  class space    used 1527K, committed 1600K, reserved 1048576K
}

Deoptimization events (20 events):
Event: 2.772 Thread 0x0000020f105358b0 DEOPT PACKING pc=0x0000020f07b43428 sp=0x00000013adfff010
Event: 2.772 Thread 0x0000020f105358b0 DEOPT UNPACKING pc=0x0000020f0005239d sp=0x00000013adffef20 mode 2
Event: 2.829 Thread 0x0000020f70fff5d0 Uncommon trap: trap_request=0xffffff45 fr.pc=0x0000020f07b0c9e4 relative=0x0000000000001084
Event: 2.829 Thread 0x0000020f70fff5d0 Uncommon trap: reason=unstable_if action=reinterpret pc=0x0000020f07b0c9e4 method=java.util.zip.ZipCoder.hash(Ljava/lang/String;)I @ 23 c2
Event: 2.829 Thread 0x0000020f70fff5d0 DEOPT PACKING pc=0x0000020f07b0c9e4 sp=0x00000013ac7fe2b0
Event: 2.829 Thread 0x0000020f70fff5d0 DEOPT UNPACKING pc=0x0000020f0005239d sp=0x00000013ac7fe160 mode 2
Event: 2.829 Thread 0x0000020f70fff5d0 Uncommon trap: trap_request=0xffffff45 fr.pc=0x0000020f07b05fdc relative=0x00000000000005fc
Event: 2.829 Thread 0x0000020f70fff5d0 Uncommon trap: reason=unstable_if action=reinterpret pc=0x0000020f07b05fdc method=java.util.zip.ZipCoder.hash(Ljava/lang/String;)I @ 23 c2
Event: 2.829 Thread 0x0000020f70fff5d0 DEOPT PACKING pc=0x0000020f07b05fdc sp=0x00000013ac7fe220
Event: 2.829 Thread 0x0000020f70fff5d0 DEOPT UNPACKING pc=0x0000020f0005239d sp=0x00000013ac7fe150 mode 2
Event: 2.829 Thread 0x0000020f70fff5d0 Uncommon trap: trap_request=0xffffff45 fr.pc=0x0000020f07b04fe8 relative=0x0000000000000248
Event: 2.829 Thread 0x0000020f70fff5d0 Uncommon trap: reason=unstable_if action=reinterpret pc=0x0000020f07b04fe8 method=java.util.zip.ZipCoder.hash(Ljava/lang/String;)I @ 23 c2
Event: 2.829 Thread 0x0000020f70fff5d0 DEOPT PACKING pc=0x0000020f07b04fe8 sp=0x00000013ac7fe1b0
Event: 2.829 Thread 0x0000020f70fff5d0 DEOPT UNPACKING pc=0x0000020f0005239d sp=0x00000013ac7fe148 mode 2
Event: 2.834 Thread 0x0000020f70fff5d0 Uncommon trap: trap_request=0xffffff45 fr.pc=0x0000020f07ae8940 relative=0x0000000000000040
Event: 2.834 Thread 0x0000020f70fff5d0 Uncommon trap: reason=unstable_if action=reinterpret pc=0x0000020f07ae8940 method=sun.nio.fs.WindowsPathParser.isSlash(C)Z @ 9 c2
Event: 2.834 Thread 0x0000020f70fff5d0 DEOPT PACKING pc=0x0000020f07ae8940 sp=0x00000013ac7fe420
Event: 2.834 Thread 0x0000020f70fff5d0 DEOPT UNPACKING pc=0x0000020f0005239d sp=0x00000013ac7fe3a8 mode 2
Event: 2.893 Thread 0x0000020f105358b0 DEOPT PACKING pc=0x0000020f0086f508 sp=0x00000013adffe890
Event: 2.893 Thread 0x0000020f105358b0 DEOPT UNPACKING pc=0x0000020f00052b24 sp=0x00000013adffdd98 mode 0

Classes unloaded (0 events):
No events

Classes redefined (0 events):
No events

Internal exceptions (20 events):
Event: 1.819 Thread 0x0000020f70fff5d0 Exception <a 'java/lang/NoSuchMethodError'{0x000000008a5c4c60}: 'int java.lang.invoke.DirectMethodHandle$Holder.invokeInterface(java.lang.Object, java.lang.Object)'> (0x000000008a5c4c60) 
thrown [t:\workspace\open\src\hotspot\share\interpreter\linkResolver.cpp, line 766]
Event: 1.829 Thread 0x0000020f70fff5d0 Exception <a 'java/lang/NoSuchMethodError'{0x000000008a5ea0c8}: 'void java.lang.invoke.DirectMethodHandle$Holder.invokeSpecial(java.lang.Object, java.lang.Object, java.lang.Object, java.lang.Object, java.lang.Object)'> (0x000000008a5ea0c8) 
thrown [t:\workspace\open\src\hotspot\share\interpreter\linkResolver.cpp, line 766]
Event: 1.883 Thread 0x0000020f70fff5d0 Exception <a 'java/lang/NoSuchMethodError'{0x000000008a4c5e00}: 'java.lang.Object java.lang.invoke.DirectMethodHandle$Holder.invokeSpecial(java.lang.Object, java.lang.Object, java.lang.Object, int, java.lang.Object)'> (0x000000008a4c5e00) 
thrown [t:\workspace\open\src\hotspot\share\interpreter\linkResolver.cpp, line 766]
Event: 1.884 Thread 0x0000020f70fff5d0 Exception <a 'java/lang/NoSuchMethodError'{0x000000008a4ce460}: 'java.lang.Object java.lang.invoke.DirectMethodHandle$Holder.newInvokeSpecial(java.lang.Object, java.lang.Object, java.lang.Object, int, java.lang.Object)'> (0x000000008a4ce460) 
thrown [t:\workspace\open\src\hotspot\share\interpreter\linkResolver.cpp, line 766]
Event: 1.886 Thread 0x0000020f70fff5d0 Exception <a 'java/lang/NoSuchMethodError'{0x000000008a4d5e30}: 'java.lang.Object java.lang.invoke.Invokers$Holder.linkToTargetMethod(java.lang.Object, java.lang.Object, int, java.lang.Object, java.lang.Object)'> (0x000000008a4d5e30) 
thrown [t:\workspace\open\src\hotspot\share\interpreter\linkResolver.cpp, line 766]
Event: 1.888 Thread 0x0000020f70fff5d0 Exception <a 'java/lang/NoSuchMethodError'{0x000000008a4e4c60}: 'java.lang.Object java.lang.invoke.DirectMethodHandle$Holder.newInvokeSpecial(java.lang.Object, int, java.lang.Object)'> (0x000000008a4e4c60) 
thrown [t:\workspace\open\src\hotspot\share\interpreter\linkResolver.cpp, line 766]
Event: 1.889 Thread 0x0000020f70fff5d0 Exception <a 'java/lang/NoSuchMethodError'{0x000000008a4e9940}: 'int java.lang.invoke.DirectMethodHandle$Holder.invokeSpecialIFC(java.lang.Object, java.lang.Object, java.lang.Object, java.lang.Object)'> (0x000000008a4e9940) 
thrown [t:\workspace\open\src\hotspot\share\interpreter\linkResolver.cpp, line 766]
Event: 1.929 Thread 0x0000020f70fff5d0 Exception <a 'java/lang/NoSuchMethodError'{0x000000008a3cd178}: 'void java.lang.invoke.DirectMethodHandle$Holder.invokeInterface(java.lang.Object, java.lang.Object, java.lang.Object)'> (0x000000008a3cd178) 
thrown [t:\workspace\open\src\hotspot\share\interpreter\linkResolver.cpp, line 766]
Event: 1.966 Thread 0x0000020f70fff5d0 Exception <a 'java/lang/NoSuchMethodError'{0x000000008a252cb0}: 'void java.lang.invoke.DirectMethodHandle$Holder.invokeStaticInit(java.lang.Object, java.lang.Object, java.lang.Object)'> (0x000000008a252cb0) 
thrown [t:\workspace\open\src\hotspot\share\interpreter\linkResolver.cpp, line 766]
Event: 1.979 Thread 0x0000020f70fff5d0 Exception <a 'java/lang/NoSuchMethodError'{0x000000008a29b100}: 'java.lang.Object java.lang.invoke.DirectMethodHandle$Holder.invokeVirtual(java.lang.Object, java.lang.Object, java.lang.Object)'> (0x000000008a29b100) 
thrown [t:\workspace\open\src\hotspot\share\interpreter\linkResolver.cpp, line 766]
Event: 1.988 Thread 0x0000020f70fff5d0 Exception <a 'java/lang/NoSuchMethodError'{0x000000008a2bf348}: 'java.lang.Object java.lang.invoke.DirectMethodHandle$Holder.invokeStatic(java.lang.Object, java.lang.Object, long, java.lang.Object)'> (0x000000008a2bf348) 
thrown [t:\workspace\open\src\hotspot\share\interpreter\linkResolver.cpp, line 766]
Event: 1.988 Thread 0x0000020f70fff5d0 Exception <a 'java/lang/NoSuchMethodError'{0x000000008a2c2de0}: 'java.lang.Object java.lang.invoke.DirectMethodHandle$Holder.invokeStaticInit(java.lang.Object, java.lang.Object, long, java.lang.Object)'> (0x000000008a2c2de0) 
thrown [t:\workspace\open\src\hotspot\share\interpreter\linkResolver.cpp, line 766]
Event: 1.989 Thread 0x0000020f70fff5d0 Exception <a 'java/lang/NoSuchMethodError'{0x000000008a2c9520}: 'java.lang.Object java.lang.invoke.DirectMethodHandle$Holder.newInvokeSpecial(java.lang.Object, java.lang.Object, long)'> (0x000000008a2c9520) 
thrown [t:\workspace\open\src\hotspot\share\interpreter\linkResolver.cpp, line 766]
Event: 1.990 Thread 0x0000020f70fff5d0 Exception <a 'java/lang/NoSuchMethodError'{0x000000008a2cd090}: 'java.lang.Object java.lang.invoke.Invokers$Holder.linkToTargetMethod(java.lang.Object, long, java.lang.Object)'> (0x000000008a2cd090) 
thrown [t:\workspace\open\src\hotspot\share\interpreter\linkResolver.cpp, line 766]
Event: 2.022 Thread 0x0000020f70fff5d0 Exception <a 'java/lang/NoSuchMethodError'{0x000000008a1264f8}: 'void java.lang.invoke.DirectMethodHandle$Holder.invokeVirtual(java.lang.Object, java.lang.Object, java.lang.Object, java.lang.Object)'> (0x000000008a1264f8) 
thrown [t:\workspace\open\src\hotspot\share\interpreter\linkResolver.cpp, line 766]
Event: 2.106 Thread 0x0000020f70fff5d0 Exception <a 'java/lang/NoSuchMethodError'{0x000000008a077138}: 'void java.lang.invoke.DirectMethodHandle$Holder.invokeSpecial(java.lang.Object, java.lang.Object, java.lang.Object)'> (0x000000008a077138) 
thrown [t:\workspace\open\src\hotspot\share\interpreter\linkResolver.cpp, line 766]
Event: 2.123 Thread 0x0000020f70fff5d0 Exception <a 'java/lang/IncompatibleClassChangeError'{0x000000008a0a8718}: Found class java.lang.Object, but interface was expected> (0x000000008a0a8718) 
thrown [t:\workspace\open\src\hotspot\share\interpreter\linkResolver.cpp, line 833]
Event: 2.834 Thread 0x0000020f70fff5d0 Exception <a 'sun/nio/fs/WindowsException'{0x000000008a4ed450}> (0x000000008a4ed450) 
thrown [t:\workspace\open\src\hotspot\share\prims\jni.cpp, line 516]
Event: 2.835 Thread 0x0000020f70fff5d0 Exception <a 'java/lang/NoSuchMethodError'{0x000000008a4eec70}: 'int java.lang.invoke.DirectMethodHandle$Holder.invokeSpecial(java.lang.Object, java.lang.Object, java.lang.Object, java.lang.Object, java.lang.Object)'> (0x000000008a4eec70) 
thrown [t:\workspace\open\src\hotspot\share\interpreter\linkResolver.cpp, line 766]
Event: 2.839 Thread 0x0000020f70fff5d0 Exception <a 'java/lang/NoSuchMethodError'{0x000000008a2785b0}: 'void java.lang.invoke.DirectMethodHandle$Holder.invokeVirtual(java.lang.Object, java.lang.Object)'> (0x000000008a2785b0) 
thrown [t:\workspace\open\src\hotspot\share\interpreter\linkResolver.cpp, line 766]

VM Operations (20 events):
Event: 0.694 Executing VM operation: HandshakeAllThreads
Event: 0.694 Executing VM operation: HandshakeAllThreads done
Event: 0.963 Executing VM operation: G1CollectForAllocation
Event: 0.969 Executing VM operation: G1CollectForAllocation done
Event: 1.431 Executing VM operation: HandshakeAllThreads
Event: 1.431 Executing VM operation: HandshakeAllThreads done
Event: 1.569 Executing VM operation: G1CollectForAllocation
Event: 1.574 Executing VM operation: G1CollectForAllocation done
Event: 1.844 Executing VM operation: HandshakeAllThreads
Event: 1.844 Executing VM operation: HandshakeAllThreads done
Event: 2.094 Executing VM operation: HandshakeAllThreads
Event: 2.094 Executing VM operation: HandshakeAllThreads done
Event: 2.101 Executing VM operation: HandshakeAllThreads
Event: 2.101 Executing VM operation: HandshakeAllThreads done
Event: 2.130 Executing VM operation: ICBufferFull
Event: 2.130 Executing VM operation: ICBufferFull done
Event: 2.564 Executing VM operation: G1CollectForAllocation
Event: 2.571 Executing VM operation: G1CollectForAllocation done
Event: 2.752 Executing VM operation: HandshakeAllThreads
Event: 2.752 Executing VM operation: HandshakeAllThreads done

Events (20 events):
Event: 2.888 loading class jdk/xml/internal/JdkProperty$ImplPropMap
Event: 2.888 loading class jdk/xml/internal/JdkProperty$ImplPropMap done
Event: 2.888 loading class jdk/xml/internal/JdkProperty$State
Event: 2.888 loading class jdk/xml/internal/JdkProperty$State done
Event: 2.888 loading class com/sun/org/apache/xalan/internal/utils/XMLSecurityPropertyManager
Event: 2.889 loading class com/sun/org/apache/xalan/internal/utils/FeaturePropertyBase
Event: 2.889 loading class com/sun/org/apache/xalan/internal/utils/FeaturePropertyBase done
Event: 2.889 loading class com/sun/org/apache/xalan/internal/utils/XMLSecurityPropertyManager done
Event: 2.889 loading class com/sun/org/apache/xalan/internal/utils/FeaturePropertyBase$State
Event: 2.890 loading class com/sun/org/apache/xalan/internal/utils/FeaturePropertyBase$State done
Event: 2.890 loading class com/sun/org/apache/xalan/internal/utils/XMLSecurityPropertyManager$Property
Event: 2.890 loading class com/sun/org/apache/xalan/internal/utils/XMLSecurityPropertyManager$Property done
Event: 2.890 loading class com/sun/org/apache/xalan/internal/utils/XMLSecurityManager
Event: 2.891 loading class com/sun/org/apache/xalan/internal/utils/XMLSecurityManager done
Event: 2.891 loading class com/sun/org/apache/xalan/internal/utils/XMLSecurityManager$Limit
Event: 2.891 loading class com/sun/org/apache/xalan/internal/utils/XMLSecurityManager$Limit done
Event: 2.892 loading class com/sun/org/apache/xalan/internal/utils/XMLSecurityManager$NameMap
Event: 2.892 loading class com/sun/org/apache/xalan/internal/utils/XMLSecurityManager$NameMap done
Event: 2.892 loading class jdk/xml/internal/JdkProperty
Event: 2.892 loading class jdk/xml/internal/JdkProperty done


Dynamic libraries:
0x00007ff7cecb0000 - 0x00007ff7cecbe000 	C:\Program Files\jdk-17\bin\java.exe
0x00007ffaf03b0000 - 0x00007ffaf05c7000 	C:\WINDOWS\SYSTEM32\ntdll.dll
0x00007ffaeee20000 - 0x00007ffaeeee4000 	C:\WINDOWS\System32\KERNEL32.DLL
0x00007ffaed910000 - 0x00007ffaedcbd000 	C:\WINDOWS\System32\KERNELBASE.dll
0x00007ffaeddd0000 - 0x00007ffaedee1000 	C:\WINDOWS\System32\ucrtbase.dll
0x00007ffadd910000 - 0x00007ffadd92a000 	C:\Program Files\jdk-17\bin\VCRUNTIME140.dll
0x00007ffadd5b0000 - 0x00007ffadd5c8000 	C:\Program Files\jdk-17\bin\jli.dll
0x00007ffaef960000 - 0x00007ffaefb0e000 	C:\WINDOWS\System32\USER32.dll
0x00007ffacd8d0000 - 0x00007ffacdb63000 	C:\WINDOWS\WinSxS\amd64_microsoft.windows.common-controls_6595b64144ccf1df_6.0.22621.3672_none_2713b9d173822955\COMCTL32.dll
0x00007ffaed8e0000 - 0x00007ffaed906000 	C:\WINDOWS\System32\win32u.dll
0x00007ffaefc30000 - 0x00007ffaefc59000 	C:\WINDOWS\System32\GDI32.dll
0x00007ffaed7c0000 - 0x00007ffaed8d9000 	C:\WINDOWS\System32\gdi32full.dll
0x00007ffaedcc0000 - 0x00007ffaedd5a000 	C:\WINDOWS\System32\msvcp_win.dll
0x00007ffaee680000 - 0x00007ffaee727000 	C:\WINDOWS\System32\msvcrt.dll
0x00007ffaee790000 - 0x00007ffaee7c1000 	C:\WINDOWS\System32\IMM32.DLL
0x00007ffaddbe0000 - 0x00007ffaddbec000 	C:\Program Files\jdk-17\bin\vcruntime140_1.dll
0x00007ffaac7a0000 - 0x00007ffaac82d000 	C:\Program Files\jdk-17\bin\msvcp140.dll
0x00007ffa9dc60000 - 0x00007ffa9e81e000 	C:\Program Files\jdk-17\bin\server\jvm.dll
0x00007ffaee5c0000 - 0x00007ffaee672000 	C:\WINDOWS\System32\ADVAPI32.dll
0x00007ffaee990000 - 0x00007ffaeea39000 	C:\WINDOWS\System32\sechost.dll
0x00007ffaed790000 - 0x00007ffaed7b8000 	C:\WINDOWS\System32\bcrypt.dll
0x00007ffaefb10000 - 0x00007ffaefc24000 	C:\WINDOWS\System32\RPCRT4.dll
0x00007ffaee980000 - 0x00007ffaee988000 	C:\WINDOWS\System32\PSAPI.DLL
0x00007ffad7840000 - 0x00007ffad7849000 	C:\WINDOWS\SYSTEM32\WSOCK32.dll
0x00007ffaeeba0000 - 0x00007ffaeec11000 	C:\WINDOWS\System32\WS2_32.dll
0x00007ffae6570000 - 0x00007ffae65a4000 	C:\WINDOWS\SYSTEM32\WINMM.dll
0x00007ffaddf50000 - 0x00007ffaddf5a000 	C:\WINDOWS\SYSTEM32\VERSION.dll
0x00007ffaec6c0000 - 0x00007ffaec6d8000 	C:\WINDOWS\SYSTEM32\kernel.appcore.dll
0x00007ffadd760000 - 0x00007ffadd76a000 	C:\Program Files\jdk-17\bin\jimage.dll
0x00007ffaeaf00000 - 0x00007ffaeb132000 	C:\WINDOWS\SYSTEM32\DBGHELP.DLL
0x00007ffaefda0000 - 0x00007ffaf012d000 	C:\WINDOWS\System32\combase.dll
0x00007ffaefc60000 - 0x00007ffaefd37000 	C:\WINDOWS\System32\OLEAUT32.dll
0x00007ffade800000 - 0x00007ffade832000 	C:\WINDOWS\SYSTEM32\dbgcore.DLL
0x00007ffaee060000 - 0x00007ffaee0db000 	C:\WINDOWS\System32\bcryptPrimitives.dll
0x00007ffae68b0000 - 0x00007ffae68be000 	C:\Program Files\jdk-17\bin\instrument.dll
0x00007ffad70f0000 - 0x00007ffad7115000 	C:\Program Files\jdk-17\bin\java.dll
0x00007ffaab480000 - 0x00007ffaab556000 	C:\Program Files\jdk-17\bin\svml.dll
0x00007ffaef010000 - 0x00007ffaef877000 	C:\WINDOWS\System32\SHELL32.dll
0x00007ffaeb5d0000 - 0x00007ffaebece000 	C:\WINDOWS\SYSTEM32\windows.storage.dll
0x00007ffaeb490000 - 0x00007ffaeb5cf000 	C:\WINDOWS\SYSTEM32\wintypes.dll
0x00007ffaeed20000 - 0x00007ffaeee19000 	C:\WINDOWS\System32\SHCORE.dll
0x00007ffaee730000 - 0x00007ffaee78e000 	C:\WINDOWS\System32\shlwapi.dll
0x00007ffaed600000 - 0x00007ffaed621000 	C:\WINDOWS\SYSTEM32\profapi.dll
0x00007ffad6f40000 - 0x00007ffad6f58000 	C:\Program Files\jdk-17\bin\zip.dll
0x00007ffad70d0000 - 0x00007ffad70e9000 	C:\Program Files\jdk-17\bin\net.dll
0x00007ffae6430000 - 0x00007ffae6566000 	C:\WINDOWS\SYSTEM32\WINHTTP.dll
0x00007ffaecb30000 - 0x00007ffaecb99000 	C:\WINDOWS\system32\mswsock.dll
0x00007ffad7070000 - 0x00007ffad7085000 	C:\Program Files\jdk-17\bin\nio.dll
0x00007ffad7880000 - 0x00007ffad789a000 	C:\Program Files (x86)\JetBrains\IntelliJ IDEA Community Edition 2024.1.4\bin\breakgen64.dll

dbghelp: loaded successfully - version: 4.0.5 - missing functions: none
symbol engine: initialized successfully - sym options: 0x614 - pdb path: .;C:\Program Files\jdk-17\bin;C:\WINDOWS\SYSTEM32;C:\WINDOWS\WinSxS\amd64_microsoft.windows.common-controls_6595b64144ccf1df_6.0.22621.3672_none_2713b9d173822955;C:\Program Files\jdk-17\bin\server;C:\Program Files (x86)\JetBrains\IntelliJ IDEA Community Edition 2024.1.4\bin

VM Arguments:
jvm_args: -javaagent:C:\Program Files (x86)\JetBrains\IntelliJ IDEA Community Edition 2024.1.4\lib\idea_rt.jar=62944:C:\Program Files (x86)\JetBrains\IntelliJ IDEA Community Edition 2024.1.4\bin -Dfile.encoding=UTF-8 
java_command: com.jimsimrodev.foroconnet.ForoconnetApplication
java_class_path (initial): D:\work\foroconnet\target\classes;C:\Users\jhoan\.m2\repository\org\springframework\boot\spring-boot-starter-security\3.3.1\spring-boot-starter-security-3.3.1.jar;C:\Users\jhoan\.m2\repository\org\springframework\boot\spring-boot-starter\3.3.1\spring-boot-starter-3.3.1.jar;C:\Users\jhoan\.m2\repository\org\springframework\boot\spring-boot\3.3.1\spring-boot-3.3.1.jar;C:\Users\jhoan\.m2\repository\org\springframework\boot\spring-boot-autoconfigure\3.3.1\spring-boot-autoconfigure-3.3.1.jar;C:\Users\jhoan\.m2\repository\org\springframework\boot\spring-boot-starter-logging\3.3.1\spring-boot-starter-logging-3.3.1.jar;C:\Users\jhoan\.m2\repository\ch\qos\logback\logback-classic\1.5.6\logback-classic-1.5.6.jar;C:\Users\jhoan\.m2\repository\ch\qos\logback\logback-core\1.5.6\logback-core-1.5.6.jar;C:\Users\jhoan\.m2\repository\org\apache\logging\log4j\log4j-to-slf4j\2.23.1\log4j-to-slf4j-2.23.1.jar;C:\Users\jhoan\.m2\repository\org\apache\logging\log4j\log4j-api\2.23.1\log4j-api-2.23.1.jar;C:\Users\jhoan\.m2\repository\org\slf4j\jul-to-slf4j\2.0.13\jul-to-slf4j-2.0.13.jar;C:\Users\jhoan\.m2\repository\jakarta\annotation\jakarta.annotation-api\2.1.1\jakarta.annotation-api-2.1.1.jar;C:\Users\jhoan\.m2\repository\org\yaml\snakeyaml\2.2\snakeyaml-2.2.jar;C:\Users\jhoan\.m2\repository\org\springframework\spring-aop\6.1.10\spring-aop-6.1.10.jar;C:\Users\jhoan\.m2\repository\org\springframework\security\spring-security-config\6.3.1\spring-security-config-6.3.1.jar;C:\Users\jhoan\.m2\repository\org\springframework\security\spring-security-web\6.3.1\spring-security-web-6.3.1.jar;C:\Users\jhoan\.m2\repository\org\springframework\boot\spring-boot-starter-validation\3.3.1\spring-boot-starter-validation-3.3.1.jar;C:\Users\jhoan\.m2\repository\org\apache\tomcat\embed\tomcat-embed-el\10.1.25\tomcat-embed-el-10.1.25.jar;C:\Users\jhoan\.m2\repository\jakarta\validation\jakarta.validation-api\3.0.1\jakarta.validation-api-3.0.1.jar;C:\Users\jhoan\.m2\repository\org\
Launcher Type: SUN_STANDARD

[Global flags]
     intx CICompilerCount                          = 3                                         {product} {ergonomic}
     uint ConcGCThreads                            = 1                                         {product} {ergonomic}
     uint G1ConcRefinementThreads                  = 4                                         {product} {ergonomic}
   size_t G1HeapRegionSize                         = 1048576                                   {product} {ergonomic}
    uintx GCDrainStackTargetSize                   = 64                                        {product} {ergonomic}
   size_t InitialHeapSize                          = 132120576                                 {product} {ergonomic}
   size_t MarkStackSize                            = 4194304                                   {product} {ergonomic}
   size_t MaxHeapSize                              = 2101346304                                {product} {ergonomic}
   size_t MaxNewSize                               = 1260388352                                {product} {ergonomic}
   size_t MinHeapDeltaBytes                        = 1048576                                   {product} {ergonomic}
   size_t MinHeapSize                              = 8388608                                   {product} {ergonomic}
    uintx NonNMethodCodeHeapSize                   = 5832780                                {pd product} {ergonomic}
    uintx NonProfiledCodeHeapSize                  = 122912730                              {pd product} {ergonomic}
    uintx ProfiledCodeHeapSize                     = 122912730                              {pd product} {ergonomic}
    uintx ReservedCodeCacheSize                    = 251658240                              {pd product} {ergonomic}
     bool SegmentedCodeCache                       = true                                      {product} {ergonomic}
   size_t SoftMaxHeapSize                          = 2101346304                             {manageable} {ergonomic}
     bool UseCompressedClassPointers               = true                           {product lp64_product} {ergonomic}
     bool UseCompressedOops                        = true                           {product lp64_product} {ergonomic}
     bool UseG1GC                                  = true                                      {product} {ergonomic}
     bool UseLargePagesIndividualAllocation        = false                                  {pd product} {ergonomic}

Logging:
Log output configuration:
 #0: stdout all=warning uptime,level,tags
 #1: stderr all=off uptime,level,tags

Environment Variables:
JAVA_HOME=C:\Program Files\jdk-17
PATH=C:\WINDOWS\system32;C:\WINDOWS;C:\WINDOWS\System32\Wbem;C:\WINDOWS\System32\WindowsPowerShell\v1.0\;C:\WINDOWS\System32\OpenSSH\;C:\Program Files\jdk-17\bin;C:\Program Files\WezTerm;C:\xampp\php;C:\ProgramData\ComposerSetup\bin;C:\Program Files\Git\cmd;C:\Program Files\nodejs\;C:\Program Files\MySQL\MySQL Shell 8.0\bin\;C:\Users\jhoan\AppData\Local\Microsoft\WindowsApps;C:\Users\jhoan\AppData\Local\Programs\Microsoft VS Code\bin;C:\Users\jhoan\AppData\Local\Programs\oh-my-posh\bin;C:\Users\jhoan\AppData\Local\Microsoft\WinGet\Packages\Schniz.fnm_Microsoft.Winget.Source_8wekyb3d8bbwe;C:\Users\jhoan\AppData\Roaming\Composer\vendor\bin;C:\Users\jhoan\AppData\Roaming\npm
USERNAME=jhoan
OS=Windows_NT
PROCESSOR_IDENTIFIER=Intel64 Family 6 Model 142 Stepping 12, GenuineIntel



---------------  S Y S T E M  ---------------

OS:
 Windows 10 , 64 bit Build 22621 (10.0.22621.3958)
OS uptime: 2 days 3:47 hours
Hyper-V role detected

CPU: total 4 (initial active 4) (2 cores per cpu, 2 threads per core) family 6 model 142 stepping 12 microcode 0xf8, cx8, cmov, fxsr, ht, mmx, 3dnowpref, sse, sse2, sse3, ssse3, sse4.1, sse4.2, popcnt, lzcnt, tsc, tscinvbit, aes, erms, clmul, clflush, clflushopt, hv

Memory: 4k page, system-wide physical 8015M (819M free)
TotalPageFile size 12111M (AvailPageFile size 5M)
current process WorkingSet (physical memory assigned to process): 112M, peak: 112M
current process commit charge ("private bytes"): 242M, peak: 242M

vm_info: OpenJDK 64-Bit Server VM (17+35-2724) for windows-amd64 JRE (17+35-2724), built on Aug  5 2021 23:26:02 by "mach5one" with MS VC++ 16.8 (VS2019)

END.
