#
# There is insufficient memory for the Java Runtime Environment to continue.
# Native memory allocation (malloc) failed to allocate 917296 bytes for Chunk::new
# Possible reasons:
#   The system is out of physical RAM or swap space
#   The process is running with CompressedOops enabled, and the Java Heap may be blocking the growth of the native heap
# Possible solutions:
#   Reduce memory load on the system
#   Increase physical memory or swap space
#   Check if swap backing store is full
#   Decrease Java heap size (-Xmx/-Xms)
#   Decrease number of Java threads
#   Decrease Java thread stack sizes (-Xss)
#   Set larger code cache with -XX:ReservedCodeCacheSize=
#   JVM is running with Unscaled Compressed Oops mode in which the Java heap is
#     placed in the first 4GB address space. The Java Heap base address is the
#     maximum limit for the native heap growth. Please use -XX:HeapBaseMinAddress
#     to set the Java Heap base and to place the Java Heap above 4GB virtual address.
# This output file may be truncated or incomplete.
#
#  Out of Memory Error (arena.cpp:189), pid=6480, tid=7928
#
# JRE version: OpenJDK Runtime Environment (17.0+35) (build 17+35-2724)
# Java VM: OpenJDK 64-Bit Server VM (17+35-2724, mixed mode, sharing, tiered, compressed oops, compressed class ptrs, g1 gc, windows-amd64)
# No core dump will be written. Minidumps are not enabled by default on client versions of Windows
#

---------------  S U M M A R Y ------------

Command Line: -javaagent:C:\Program Files (x86)\JetBrains\IntelliJ IDEA Community Edition 2024.1.4\lib\idea_rt.jar=50091:C:\Program Files (x86)\JetBrains\IntelliJ IDEA Community Edition 2024.1.4\bin -Dfile.encoding=UTF-8 com.jimsimrodev.foroconnet.ForoconnetApplication

Host: Intel(R) Pentium(R) CPU 6405U @ 2.40GHz, 4 cores, 7G,  Windows 10 , 64 bit Build 22621 (10.0.22621.3672)
Time: Thu Jul 25 23:23:55 2024 Hora est. Pacífico, Sudamérica elapsed time: 4.536308 seconds (0d 0h 0m 4s)

---------------  T H R E A D  ---------------

Current thread (0x00000238a913c270):  JavaThread "C2 CompilerThread0" daemon [_thread_in_native, id=7928, stack(0x000000ea3b700000,0x000000ea3b800000)]


Current CompileTask:
C2:   4536 2459       4       org.springframework.boot.context.properties.source.ConfigurationPropertyName$ElementsParser::parse (234 bytes)

Stack: [0x000000ea3b700000,0x000000ea3b800000]
Native frames: (J=compiled Java code, j=interpreted, Vv=VM code, C=native code)
V  [jvm.dll+0x66f8ea]
V  [jvm.dll+0x7ce224]
V  [jvm.dll+0x7cf9ce]
V  [jvm.dll+0x7d0033]
V  [jvm.dll+0x242bb5]
V  [jvm.dll+0xaa05b]
V  [jvm.dll+0xaa5ec]
V  [jvm.dll+0x35f9a2]
V  [jvm.dll+0x329f61]
V  [jvm.dll+0x32940a]
V  [jvm.dll+0x215ca1]
V  [jvm.dll+0x2150c1]
V  [jvm.dll+0x1a168d]
V  [jvm.dll+0x2248f8]
V  [jvm.dll+0x222a5c]
V  [jvm.dll+0x78422b]
V  [jvm.dll+0x77e7ea]
V  [jvm.dll+0x66e715]
C  [ucrtbase.dll+0x29333]
C  [KERNEL32.DLL+0x1257d]
C  [ntdll.dll+0x5af28]


---------------  P R O C E S S  ---------------

Threads class SMR info:
_java_thread_list=0x00000238aad86080, length=14, elements={
0x000002388ba3f6e0, 0x00000238a91212e0, 0x00000238a9123d00, 0x00000238a9136cf0,
0x00000238a91377b0, 0x00000238a9138360, 0x00000238a913a5c0, 0x00000238a913c270,
0x00000238a9141060, 0x00000238a919fc00, 0x00000238a910bb70, 0x00000238aa1011c0,
0x00000238a9eddd00, 0x00000238aaa952a0
}

Java Threads: ( => current thread )
  0x000002388ba3f6e0 JavaThread "main" [_thread_in_Java, id=6712, stack(0x000000ea3aa00000,0x000000ea3ab00000)]
  0x00000238a91212e0 JavaThread "Reference Handler" daemon [_thread_blocked, id=5512, stack(0x000000ea3b100000,0x000000ea3b200000)]
  0x00000238a9123d00 JavaThread "Finalizer" daemon [_thread_blocked, id=7940, stack(0x000000ea3b200000,0x000000ea3b300000)]
  0x00000238a9136cf0 JavaThread "Signal Dispatcher" daemon [_thread_blocked, id=2636, stack(0x000000ea3b300000,0x000000ea3b400000)]
  0x00000238a91377b0 JavaThread "Attach Listener" daemon [_thread_blocked, id=11896, stack(0x000000ea3b400000,0x000000ea3b500000)]
  0x00000238a9138360 JavaThread "Service Thread" daemon [_thread_blocked, id=6864, stack(0x000000ea3b500000,0x000000ea3b600000)]
  0x00000238a913a5c0 JavaThread "Monitor Deflation Thread" daemon [_thread_blocked, id=6988, stack(0x000000ea3b600000,0x000000ea3b700000)]
=>0x00000238a913c270 JavaThread "C2 CompilerThread0" daemon [_thread_in_native, id=7928, stack(0x000000ea3b700000,0x000000ea3b800000)]
  0x00000238a9141060 JavaThread "C1 CompilerThread0" daemon [_thread_blocked, id=7992, stack(0x000000ea3b800000,0x000000ea3b900000)]
  0x00000238a919fc00 JavaThread "Sweeper thread" daemon [_thread_blocked, id=12620, stack(0x000000ea3b900000,0x000000ea3ba00000)]
  0x00000238a910bb70 JavaThread "Common-Cleaner" daemon [_thread_blocked, id=12388, stack(0x000000ea3ba00000,0x000000ea3bb00000)]
  0x00000238aa1011c0 JavaThread "Monitor Ctrl-Break" daemon [_thread_in_native, id=11980, stack(0x000000ea3bb00000,0x000000ea3bc00000)]
  0x00000238a9eddd00 JavaThread "Notification Thread" daemon [_thread_blocked, id=5832, stack(0x000000ea3bc00000,0x000000ea3bd00000)]
  0x00000238aaa952a0 JavaThread "C2 CompilerThread1" daemon [_thread_in_native, id=11324, stack(0x000000ea3c100000,0x000000ea3c200000)]

Other Threads:
  0x00000238a911cf50 VMThread "VM Thread" [stack: 0x000000ea3b000000,0x000000ea3b100000] [id=12964]
  0x000002388ba40360 WatcherThread [stack: 0x000000ea3bd00000,0x000000ea3be00000] [id=4660]
  0x000002388ba7b4d0 GCTaskThread "GC Thread#0" [stack: 0x000000ea3ab00000,0x000000ea3ac00000] [id=7076]
  0x00000238aa4ba000 GCTaskThread "GC Thread#1" [stack: 0x000000ea3be00000,0x000000ea3bf00000] [id=12492]
  0x00000238aa4ba2b0 GCTaskThread "GC Thread#2" [stack: 0x000000ea3bf00000,0x000000ea3c000000] [id=12012]
  0x00000238aa6665e0 GCTaskThread "GC Thread#3" [stack: 0x000000ea3c000000,0x000000ea3c100000] [id=52]
  0x000002388ba8deb0 ConcurrentGCThread "G1 Main Marker" [stack: 0x000000ea3ac00000,0x000000ea3ad00000] [id=1680]
  0x000002388ba8e8c0 ConcurrentGCThread "G1 Conc#0" [stack: 0x000000ea3ad00000,0x000000ea3ae00000] [id=11152]
  0x00000238a8fe0090 ConcurrentGCThread "G1 Refine#0" [stack: 0x000000ea3ae00000,0x000000ea3af00000] [id=8756]
  0x00000238a8fe1ac0 ConcurrentGCThread "G1 Service" [stack: 0x000000ea3af00000,0x000000ea3b000000] [id=88]

Threads with active compile tasks:
C2 CompilerThread0     4573 2459       4       org.springframework.boot.context.properties.source.ConfigurationPropertyName$ElementsParser::parse (234 bytes)
C2 CompilerThread1     4573 2214   !   4       jdk.internal.loader.BuiltinClassLoader::loadClassOrNull (143 bytes)

VM state: not at safepoint (normal execution)

VM Mutex/Monitor currently owned by a thread: None

Heap address: 0x0000000082c00000, size: 2004 MB, Compressed Oops mode: 32-bit

CDS archive(s) mapped at: [0x0000000800000000-0x0000000800bc0000-0x0000000800bc0000), size 12320768, SharedBaseAddress: 0x0000000800000000, ArchiveRelocationMode: 0.
Compressed class space mapped at: 0x0000000800c00000-0x0000000840c00000, reserved size: 1073741824
Narrow klass base: 0x0000000800000000, Narrow klass shift: 0, Narrow klass range: 0x100000000

GC Precious Log:
 CPUs: 4 total, 4 available
 Memory: 8015M
 Large Page Support: Disabled
 NUMA Support: Disabled
 Compressed Oops: Enabled (32-bit)
 Heap Region Size: 1M
 Heap Min Capacity: 8M
 Heap Initial Capacity: 126M
 Heap Max Capacity: 2004M
 Pre-touch: Disabled
 Parallel Workers: 4
 Concurrent Workers: 1
 Concurrent Refinement Workers: 4
 Periodic GC: Disabled

Heap:
 garbage-first heap   total 129024K, used 35266K [0x0000000082c00000, 0x0000000100000000)
  region size 1024K, 30 young (30720K), 5 survivors (5120K)
 Metaspace       used 20542K, committed 20736K, reserved 1073152K
  class space    used 2613K, committed 2688K, reserved 1048576K

Heap Regions: E=young(eden), S=young(survivor), O=old, HS=humongous(starts), HC=humongous(continues), CS=collection set, F=free, OA=open archive, CA=closed archive, TAMS=top-at-mark-start (previous, next)
|   0|0x0000000082c00000, 0x0000000082d00000, 0x0000000082d00000|100%|HS|  |TAMS 0x0000000082c00000, 0x0000000082c00000| Complete 
|   1|0x0000000082d00000, 0x0000000082e00000, 0x0000000082e00000|100%| O|  |TAMS 0x0000000082d00000, 0x0000000082d00000| Untracked 
|   2|0x0000000082e00000, 0x0000000082f00000, 0x0000000082f00000|100%| O|  |TAMS 0x0000000082e00000, 0x0000000082e00000| Untracked 
|   3|0x0000000082f00000, 0x0000000083000000, 0x0000000083000000|100%| O|  |TAMS 0x0000000082f00000, 0x0000000082f00000| Untracked 
|   4|0x0000000083000000, 0x0000000083100000, 0x0000000083100000|100%| O|  |TAMS 0x0000000083000000, 0x0000000083000000| Untracked 
|   5|0x0000000083100000, 0x0000000083200000, 0x0000000083200000|100%| O|  |TAMS 0x0000000083100000, 0x0000000083100000| Untracked 
|   6|0x0000000083200000, 0x00000000832aa000, 0x0000000083300000| 66%| O|  |TAMS 0x0000000083200000, 0x0000000083200000| Untracked 
|   7|0x0000000083300000, 0x0000000083300000, 0x0000000083400000|  0%| F|  |TAMS 0x0000000083300000, 0x0000000083300000| Untracked 
|   8|0x0000000083400000, 0x0000000083400000, 0x0000000083500000|  0%| F|  |TAMS 0x0000000083400000, 0x0000000083400000| Untracked 
|   9|0x0000000083500000, 0x0000000083500000, 0x0000000083600000|  0%| F|  |TAMS 0x0000000083500000, 0x0000000083500000| Untracked 
|  10|0x0000000083600000, 0x0000000083600000, 0x0000000083700000|  0%| F|  |TAMS 0x0000000083600000, 0x0000000083600000| Untracked 
|  11|0x0000000083700000, 0x0000000083700000, 0x0000000083800000|  0%| F|  |TAMS 0x0000000083700000, 0x0000000083700000| Untracked 
|  12|0x0000000083800000, 0x0000000083800000, 0x0000000083900000|  0%| F|  |TAMS 0x0000000083800000, 0x0000000083800000| Untracked 
|  13|0x0000000083900000, 0x0000000083900000, 0x0000000083a00000|  0%| F|  |TAMS 0x0000000083900000, 0x0000000083900000| Untracked 
|  14|0x0000000083a00000, 0x0000000083a00000, 0x0000000083b00000|  0%| F|  |TAMS 0x0000000083a00000, 0x0000000083a00000| Untracked 
|  15|0x0000000083b00000, 0x0000000083b00000, 0x0000000083c00000|  0%| F|  |TAMS 0x0000000083b00000, 0x0000000083b00000| Untracked 
|  16|0x0000000083c00000, 0x0000000083c00000, 0x0000000083d00000|  0%| F|  |TAMS 0x0000000083c00000, 0x0000000083c00000| Untracked 
|  17|0x0000000083d00000, 0x0000000083d00000, 0x0000000083e00000|  0%| F|  |TAMS 0x0000000083d00000, 0x0000000083d00000| Untracked 
|  18|0x0000000083e00000, 0x0000000083e00000, 0x0000000083f00000|  0%| F|  |TAMS 0x0000000083e00000, 0x0000000083e00000| Untracked 
|  19|0x0000000083f00000, 0x0000000083f00000, 0x0000000084000000|  0%| F|  |TAMS 0x0000000083f00000, 0x0000000083f00000| Untracked 
|  20|0x0000000084000000, 0x0000000084000000, 0x0000000084100000|  0%| F|  |TAMS 0x0000000084000000, 0x0000000084000000| Untracked 
|  21|0x0000000084100000, 0x0000000084100000, 0x0000000084200000|  0%| F|  |TAMS 0x0000000084100000, 0x0000000084100000| Untracked 
|  22|0x0000000084200000, 0x0000000084200000, 0x0000000084300000|  0%| F|  |TAMS 0x0000000084200000, 0x0000000084200000| Untracked 
|  23|0x0000000084300000, 0x0000000084300000, 0x0000000084400000|  0%| F|  |TAMS 0x0000000084300000, 0x0000000084300000| Untracked 
|  24|0x0000000084400000, 0x0000000084400000, 0x0000000084500000|  0%| F|  |TAMS 0x0000000084400000, 0x0000000084400000| Untracked 
|  25|0x0000000084500000, 0x0000000084500000, 0x0000000084600000|  0%| F|  |TAMS 0x0000000084500000, 0x0000000084500000| Untracked 
|  26|0x0000000084600000, 0x0000000084600000, 0x0000000084700000|  0%| F|  |TAMS 0x0000000084600000, 0x0000000084600000| Untracked 
|  27|0x0000000084700000, 0x0000000084700000, 0x0000000084800000|  0%| F|  |TAMS 0x0000000084700000, 0x0000000084700000| Untracked 
|  28|0x0000000084800000, 0x0000000084800000, 0x0000000084900000|  0%| F|  |TAMS 0x0000000084800000, 0x0000000084800000| Untracked 
|  29|0x0000000084900000, 0x0000000084900000, 0x0000000084a00000|  0%| F|  |TAMS 0x0000000084900000, 0x0000000084900000| Untracked 
|  30|0x0000000084a00000, 0x0000000084a00000, 0x0000000084b00000|  0%| F|  |TAMS 0x0000000084a00000, 0x0000000084a00000| Untracked 
|  31|0x0000000084b00000, 0x0000000084b00000, 0x0000000084c00000|  0%| F|  |TAMS 0x0000000084b00000, 0x0000000084b00000| Untracked 
|  32|0x0000000084c00000, 0x0000000084c00000, 0x0000000084d00000|  0%| F|  |TAMS 0x0000000084c00000, 0x0000000084c00000| Untracked 
|  33|0x0000000084d00000, 0x0000000084d00000, 0x0000000084e00000|  0%| F|  |TAMS 0x0000000084d00000, 0x0000000084d00000| Untracked 
|  34|0x0000000084e00000, 0x0000000084e00000, 0x0000000084f00000|  0%| F|  |TAMS 0x0000000084e00000, 0x0000000084e00000| Untracked 
|  35|0x0000000084f00000, 0x0000000084f00000, 0x0000000085000000|  0%| F|  |TAMS 0x0000000084f00000, 0x0000000084f00000| Untracked 
|  36|0x0000000085000000, 0x0000000085000000, 0x0000000085100000|  0%| F|  |TAMS 0x0000000085000000, 0x0000000085000000| Untracked 
|  37|0x0000000085100000, 0x0000000085100000, 0x0000000085200000|  0%| F|  |TAMS 0x0000000085100000, 0x0000000085100000| Untracked 
|  38|0x0000000085200000, 0x0000000085200000, 0x0000000085300000|  0%| F|  |TAMS 0x0000000085200000, 0x0000000085200000| Untracked 
|  39|0x0000000085300000, 0x0000000085300000, 0x0000000085400000|  0%| F|  |TAMS 0x0000000085300000, 0x0000000085300000| Untracked 
|  40|0x0000000085400000, 0x0000000085400000, 0x0000000085500000|  0%| F|  |TAMS 0x0000000085400000, 0x0000000085400000| Untracked 
|  41|0x0000000085500000, 0x0000000085500000, 0x0000000085600000|  0%| F|  |TAMS 0x0000000085500000, 0x0000000085500000| Untracked 
|  42|0x0000000085600000, 0x0000000085600000, 0x0000000085700000|  0%| F|  |TAMS 0x0000000085600000, 0x0000000085600000| Untracked 
|  43|0x0000000085700000, 0x0000000085700000, 0x0000000085800000|  0%| F|  |TAMS 0x0000000085700000, 0x0000000085700000| Untracked 
|  44|0x0000000085800000, 0x0000000085800000, 0x0000000085900000|  0%| F|  |TAMS 0x0000000085800000, 0x0000000085800000| Untracked 
|  45|0x0000000085900000, 0x0000000085900000, 0x0000000085a00000|  0%| F|  |TAMS 0x0000000085900000, 0x0000000085900000| Untracked 
|  46|0x0000000085a00000, 0x0000000085ac69c0, 0x0000000085b00000| 77%| S|CS|TAMS 0x0000000085a00000, 0x0000000085a00000| Complete 
|  47|0x0000000085b00000, 0x0000000085c00000, 0x0000000085c00000|100%| S|CS|TAMS 0x0000000085b00000, 0x0000000085b00000| Complete 
|  48|0x0000000085c00000, 0x0000000085d00000, 0x0000000085d00000|100%| S|CS|TAMS 0x0000000085c00000, 0x0000000085c00000| Complete 
|  49|0x0000000085d00000, 0x0000000085d00000, 0x0000000085e00000|  0%| F|  |TAMS 0x0000000085d00000, 0x0000000085d00000| Untracked 
|  50|0x0000000085e00000, 0x0000000085e00000, 0x0000000085f00000|  0%| F|  |TAMS 0x0000000085e00000, 0x0000000085e00000| Untracked 
|  51|0x0000000085f00000, 0x0000000085f00000, 0x0000000086000000|  0%| F|  |TAMS 0x0000000085f00000, 0x0000000085f00000| Untracked 
|  52|0x0000000086000000, 0x0000000086000000, 0x0000000086100000|  0%| F|  |TAMS 0x0000000086000000, 0x0000000086000000| Untracked 
|  53|0x0000000086100000, 0x0000000086100000, 0x0000000086200000|  0%| F|  |TAMS 0x0000000086100000, 0x0000000086100000| Untracked 
|  54|0x0000000086200000, 0x0000000086300000, 0x0000000086300000|100%| S|CS|TAMS 0x0000000086200000, 0x0000000086200000| Complete 
|  55|0x0000000086300000, 0x0000000086400000, 0x0000000086400000|100%| S|CS|TAMS 0x0000000086300000, 0x0000000086300000| Complete 
|  56|0x0000000086400000, 0x0000000086400000, 0x0000000086500000|  0%| F|  |TAMS 0x0000000086400000, 0x0000000086400000| Untracked 
|  57|0x0000000086500000, 0x0000000086500000, 0x0000000086600000|  0%| F|  |TAMS 0x0000000086500000, 0x0000000086500000| Untracked 
|  58|0x0000000086600000, 0x0000000086600000, 0x0000000086700000|  0%| F|  |TAMS 0x0000000086600000, 0x0000000086600000| Untracked 
|  59|0x0000000086700000, 0x0000000086700000, 0x0000000086800000|  0%| F|  |TAMS 0x0000000086700000, 0x0000000086700000| Untracked 
|  60|0x0000000086800000, 0x0000000086800000, 0x0000000086900000|  0%| F|  |TAMS 0x0000000086800000, 0x0000000086800000| Untracked 
|  61|0x0000000086900000, 0x0000000086900000, 0x0000000086a00000|  0%| F|  |TAMS 0x0000000086900000, 0x0000000086900000| Untracked 
|  62|0x0000000086a00000, 0x0000000086a00000, 0x0000000086b00000|  0%| F|  |TAMS 0x0000000086a00000, 0x0000000086a00000| Untracked 
|  63|0x0000000086b00000, 0x0000000086b00000, 0x0000000086c00000|  0%| F|  |TAMS 0x0000000086b00000, 0x0000000086b00000| Untracked 
|  64|0x0000000086c00000, 0x0000000086c00000, 0x0000000086d00000|  0%| F|  |TAMS 0x0000000086c00000, 0x0000000086c00000| Untracked 
|  65|0x0000000086d00000, 0x0000000086d00000, 0x0000000086e00000|  0%| F|  |TAMS 0x0000000086d00000, 0x0000000086d00000| Untracked 
|  66|0x0000000086e00000, 0x0000000086e00000, 0x0000000086f00000|  0%| F|  |TAMS 0x0000000086e00000, 0x0000000086e00000| Untracked 
|  67|0x0000000086f00000, 0x0000000086f00000, 0x0000000087000000|  0%| F|  |TAMS 0x0000000086f00000, 0x0000000086f00000| Untracked 
|  68|0x0000000087000000, 0x0000000087000000, 0x0000000087100000|  0%| F|  |TAMS 0x0000000087000000, 0x0000000087000000| Untracked 
|  69|0x0000000087100000, 0x0000000087100000, 0x0000000087200000|  0%| F|  |TAMS 0x0000000087100000, 0x0000000087100000| Untracked 
|  70|0x0000000087200000, 0x0000000087200000, 0x0000000087300000|  0%| F|  |TAMS 0x0000000087200000, 0x0000000087200000| Untracked 
|  71|0x0000000087300000, 0x0000000087300000, 0x0000000087400000|  0%| F|  |TAMS 0x0000000087300000, 0x0000000087300000| Untracked 
|  72|0x0000000087400000, 0x0000000087400000, 0x0000000087500000|  0%| F|  |TAMS 0x0000000087400000, 0x0000000087400000| Untracked 
|  73|0x0000000087500000, 0x0000000087500000, 0x0000000087600000|  0%| F|  |TAMS 0x0000000087500000, 0x0000000087500000| Untracked 
|  74|0x0000000087600000, 0x0000000087600000, 0x0000000087700000|  0%| F|  |TAMS 0x0000000087600000, 0x0000000087600000| Untracked 
|  75|0x0000000087700000, 0x0000000087700000, 0x0000000087800000|  0%| F|  |TAMS 0x0000000087700000, 0x0000000087700000| Untracked 
|  76|0x0000000087800000, 0x0000000087800000, 0x0000000087900000|  0%| F|  |TAMS 0x0000000087800000, 0x0000000087800000| Untracked 
|  77|0x0000000087900000, 0x0000000087900000, 0x0000000087a00000|  0%| F|  |TAMS 0x0000000087900000, 0x0000000087900000| Untracked 
|  78|0x0000000087a00000, 0x0000000087a00000, 0x0000000087b00000|  0%| F|  |TAMS 0x0000000087a00000, 0x0000000087a00000| Untracked 
|  79|0x0000000087b00000, 0x0000000087b00000, 0x0000000087c00000|  0%| F|  |TAMS 0x0000000087b00000, 0x0000000087b00000| Untracked 
|  80|0x0000000087c00000, 0x0000000087c00000, 0x0000000087d00000|  0%| F|  |TAMS 0x0000000087c00000, 0x0000000087c00000| Untracked 
|  81|0x0000000087d00000, 0x0000000087d00000, 0x0000000087e00000|  0%| F|  |TAMS 0x0000000087d00000, 0x0000000087d00000| Untracked 
|  82|0x0000000087e00000, 0x0000000087e00000, 0x0000000087f00000|  0%| F|  |TAMS 0x0000000087e00000, 0x0000000087e00000| Untracked 
|  83|0x0000000087f00000, 0x0000000087f00000, 0x0000000088000000|  0%| F|  |TAMS 0x0000000087f00000, 0x0000000087f00000| Untracked 
|  84|0x0000000088000000, 0x0000000088000000, 0x0000000088100000|  0%| F|  |TAMS 0x0000000088000000, 0x0000000088000000| Untracked 
|  85|0x0000000088100000, 0x0000000088100000, 0x0000000088200000|  0%| F|  |TAMS 0x0000000088100000, 0x0000000088100000| Untracked 
|  86|0x0000000088200000, 0x0000000088200000, 0x0000000088300000|  0%| F|  |TAMS 0x0000000088200000, 0x0000000088200000| Untracked 
|  87|0x0000000088300000, 0x0000000088300000, 0x0000000088400000|  0%| F|  |TAMS 0x0000000088300000, 0x0000000088300000| Untracked 
|  88|0x0000000088400000, 0x0000000088400000, 0x0000000088500000|  0%| F|  |TAMS 0x0000000088400000, 0x0000000088400000| Untracked 
|  89|0x0000000088500000, 0x0000000088500000, 0x0000000088600000|  0%| F|  |TAMS 0x0000000088500000, 0x0000000088500000| Untracked 
|  90|0x0000000088600000, 0x0000000088600000, 0x0000000088700000|  0%| F|  |TAMS 0x0000000088600000, 0x0000000088600000| Untracked 
|  91|0x0000000088700000, 0x0000000088700000, 0x0000000088800000|  0%| F|  |TAMS 0x0000000088700000, 0x0000000088700000| Untracked 
|  92|0x0000000088800000, 0x0000000088800000, 0x0000000088900000|  0%| F|  |TAMS 0x0000000088800000, 0x0000000088800000| Untracked 
|  93|0x0000000088900000, 0x0000000088900000, 0x0000000088a00000|  0%| F|  |TAMS 0x0000000088900000, 0x0000000088900000| Untracked 
|  94|0x0000000088a00000, 0x0000000088a00000, 0x0000000088b00000|  0%| F|  |TAMS 0x0000000088a00000, 0x0000000088a00000| Untracked 
|  95|0x0000000088b00000, 0x0000000088b00000, 0x0000000088c00000|  0%| F|  |TAMS 0x0000000088b00000, 0x0000000088b00000| Untracked 
|  96|0x0000000088c00000, 0x0000000088c00000, 0x0000000088d00000|  0%| F|  |TAMS 0x0000000088c00000, 0x0000000088c00000| Untracked 
|  97|0x0000000088d00000, 0x0000000088d00000, 0x0000000088e00000|  0%| F|  |TAMS 0x0000000088d00000, 0x0000000088d00000| Untracked 
|  98|0x0000000088e00000, 0x0000000088e00000, 0x0000000088f00000|  0%| F|  |TAMS 0x0000000088e00000, 0x0000000088e00000| Untracked 
|  99|0x0000000088f00000, 0x0000000088f00000, 0x0000000089000000|  0%| F|  |TAMS 0x0000000088f00000, 0x0000000088f00000| Untracked 
| 100|0x0000000089000000, 0x0000000089000000, 0x0000000089100000|  0%| F|  |TAMS 0x0000000089000000, 0x0000000089000000| Untracked 
| 101|0x0000000089100000, 0x0000000089180800, 0x0000000089200000| 50%| E|  |TAMS 0x0000000089100000, 0x0000000089100000| Complete 
| 102|0x0000000089200000, 0x0000000089300000, 0x0000000089300000|100%| E|CS|TAMS 0x0000000089200000, 0x0000000089200000| Complete 
| 103|0x0000000089300000, 0x0000000089400000, 0x0000000089400000|100%| E|CS|TAMS 0x0000000089300000, 0x0000000089300000| Complete 
| 104|0x0000000089400000, 0x0000000089500000, 0x0000000089500000|100%| E|CS|TAMS 0x0000000089400000, 0x0000000089400000| Complete 
| 105|0x0000000089500000, 0x0000000089600000, 0x0000000089600000|100%| E|CS|TAMS 0x0000000089500000, 0x0000000089500000| Complete 
| 106|0x0000000089600000, 0x0000000089700000, 0x0000000089700000|100%| E|CS|TAMS 0x0000000089600000, 0x0000000089600000| Complete 
| 107|0x0000000089700000, 0x0000000089800000, 0x0000000089800000|100%| E|CS|TAMS 0x0000000089700000, 0x0000000089700000| Complete 
| 108|0x0000000089800000, 0x0000000089900000, 0x0000000089900000|100%| E|CS|TAMS 0x0000000089800000, 0x0000000089800000| Complete 
| 109|0x0000000089900000, 0x0000000089a00000, 0x0000000089a00000|100%| E|CS|TAMS 0x0000000089900000, 0x0000000089900000| Complete 
| 110|0x0000000089a00000, 0x0000000089b00000, 0x0000000089b00000|100%| E|CS|TAMS 0x0000000089a00000, 0x0000000089a00000| Complete 
| 111|0x0000000089b00000, 0x0000000089c00000, 0x0000000089c00000|100%| E|CS|TAMS 0x0000000089b00000, 0x0000000089b00000| Complete 
| 112|0x0000000089c00000, 0x0000000089d00000, 0x0000000089d00000|100%| E|CS|TAMS 0x0000000089c00000, 0x0000000089c00000| Complete 
| 113|0x0000000089d00000, 0x0000000089e00000, 0x0000000089e00000|100%| E|CS|TAMS 0x0000000089d00000, 0x0000000089d00000| Complete 
| 114|0x0000000089e00000, 0x0000000089f00000, 0x0000000089f00000|100%| E|CS|TAMS 0x0000000089e00000, 0x0000000089e00000| Complete 
| 115|0x0000000089f00000, 0x000000008a000000, 0x000000008a000000|100%| E|CS|TAMS 0x0000000089f00000, 0x0000000089f00000| Complete 
| 116|0x000000008a000000, 0x000000008a100000, 0x000000008a100000|100%| E|CS|TAMS 0x000000008a000000, 0x000000008a000000| Complete 
| 117|0x000000008a100000, 0x000000008a200000, 0x000000008a200000|100%| E|CS|TAMS 0x000000008a100000, 0x000000008a100000| Complete 
| 118|0x000000008a200000, 0x000000008a300000, 0x000000008a300000|100%| E|CS|TAMS 0x000000008a200000, 0x000000008a200000| Complete 
| 119|0x000000008a300000, 0x000000008a400000, 0x000000008a400000|100%| E|CS|TAMS 0x000000008a300000, 0x000000008a300000| Complete 
| 120|0x000000008a400000, 0x000000008a500000, 0x000000008a500000|100%| E|CS|TAMS 0x000000008a400000, 0x000000008a400000| Complete 
| 121|0x000000008a500000, 0x000000008a600000, 0x000000008a600000|100%| E|CS|TAMS 0x000000008a500000, 0x000000008a500000| Complete 
| 122|0x000000008a600000, 0x000000008a700000, 0x000000008a700000|100%| E|CS|TAMS 0x000000008a600000, 0x000000008a600000| Complete 
| 123|0x000000008a700000, 0x000000008a800000, 0x000000008a800000|100%| E|CS|TAMS 0x000000008a700000, 0x000000008a700000| Complete 
| 124|0x000000008a800000, 0x000000008a900000, 0x000000008a900000|100%| E|  |TAMS 0x000000008a800000, 0x000000008a800000| Complete 
| 125|0x000000008a900000, 0x000000008aa00000, 0x000000008aa00000|100%| E|CS|TAMS 0x000000008a900000, 0x000000008a900000| Complete 

Card table byte_map: [0x00000238a2610000,0x00000238a2a00000] _byte_map_base: 0x00000238a21fa000

Marking Bits (Prev, Next): (CMBitMap*) 0x000002388ba7db00, (CMBitMap*) 0x000002388ba7db40
 Prev Bits: [0x00000238a2df0000, 0x00000238a4d40000)
 Next Bits: [0x00000238a4d40000, 0x00000238a6c90000)

Polling page: 0x00000238899c0000

Metaspace:

Usage:
  Non-class:     17.51 MB used.
      Class:      2.55 MB used.
       Both:     20.07 MB used.

Virtual space:
  Non-class space:       24.00 MB reserved,      17.62 MB ( 73%) committed,  3 nodes.
      Class space:        1.00 GB reserved,       2.62 MB ( <1%) committed,  1 nodes.
             Both:        1.02 GB reserved,      20.25 MB (  2%) committed. 

Chunk freelists:
   Non-Class:  2.06 MB
       Class:  1.38 MB
        Both:  3.45 MB

MaxMetaspaceSize: unlimited
CompressedClassSpaceSize: 1.00 GB
Initial GC threshold: 21.00 MB
Current GC threshold: 21.00 MB
CDS: on
MetaspaceReclaimPolicy: balanced
 - commit_granule_bytes: 65536.
 - commit_granule_words: 8192.
 - virtual_space_node_default_size: 1048576.
 - enlarge_chunks_in_place: 1.
 - new_chunks_are_fully_committed: 0.
 - uncommit_free_chunks: 1.
 - use_allocation_guard: 0.
 - handle_deallocations: 1.


Internal statistics:

num_allocs_failed_limit: 0.
num_arena_births: 222.
num_arena_deaths: 0.
num_vsnodes_births: 4.
num_vsnodes_deaths: 0.
num_space_committed: 324.
num_space_uncommitted: 0.
num_chunks_returned_to_freelist: 0.
num_chunks_taken_from_freelist: 890.
num_chunk_merges: 0.
num_chunk_splits: 626.
num_chunks_enlarged: 507.
num_purges: 0.
num_inconsistent_stats: 0.

CodeHeap 'non-profiled nmethods': size=120000Kb used=1021Kb max_used=1021Kb free=118978Kb
 bounds [0x000002389acf0000, 0x000002389af60000, 0x00000238a2220000]
CodeHeap 'profiled nmethods': size=120000Kb used=5184Kb max_used=5184Kb free=114815Kb
 bounds [0x00000238937c0000, 0x0000023893ce0000, 0x000002389acf0000]
CodeHeap 'non-nmethods': size=5760Kb used=1208Kb max_used=1241Kb free=4551Kb
 bounds [0x0000023893220000, 0x0000023893490000, 0x00000238937c0000]
 total_blobs=3051 nmethods=2540 adapters=424
 compilation: enabled
              stopped_count=0, restarted_count=0
 full_count=0

Compilation events (20 events):
Event: 4.507 Thread 0x00000238a9141060 2521       3       org.springframework.context.annotation.ConfigurationClassParser$SourceClass::getAnnotationAttributes (100 bytes)
Event: 4.508 Thread 0x00000238a9141060 nmethod 2521 0x0000023893cc1910 code [0x0000023893cc1b60, 0x0000023893cc2538]
Event: 4.508 Thread 0x00000238a9141060 2522   !   3       org.springframework.core.type.filter.AbstractTypeHierarchyTraversingFilter::match (245 bytes)
Event: 4.510 Thread 0x00000238a9141060 nmethod 2522 0x0000023893cc2890 code [0x0000023893cc2be0, 0x0000023893cc42a8]
Event: 4.511 Thread 0x00000238a9141060 2523       3       org.springframework.boot.autoconfigure.condition.FilteringSpringBootCondition$ClassNameFilter$2::matches (14 bytes)
Event: 4.512 Thread 0x00000238a9141060 nmethod 2523 0x0000023893cc4990 code [0x0000023893cc4b60, 0x0000023893cc4ec8]
Event: 4.512 Thread 0x00000238a9141060 2524       3       org.springframework.boot.autoconfigure.AutoConfigurationMetadataLoader$PropertiesAutoConfigurationMetadata::getSet (23 bytes)
Event: 4.516 Thread 0x00000238a9141060 nmethod 2524 0x0000023893cc5010 code [0x0000023893cc5480, 0x0000023893cc77f8]
Event: 4.517 Thread 0x00000238a9141060 2525       3       org.springframework.core.type.classreading.SimpleMethodMetadataReadingVisitor$$Lambda$313/0x0000000800df1808::<init> (10 bytes)
Event: 4.517 Thread 0x00000238a9141060 nmethod 2525 0x0000023893cc8590 code [0x0000023893cc8720, 0x0000023893cc88d8]
Event: 4.518 Thread 0x00000238a9141060 2526       3       org.springframework.core.annotation.MergedAnnotation$Adapt::values (34 bytes)
Event: 4.519 Thread 0x00000238a9141060 nmethod 2526 0x0000023893cc8990 code [0x0000023893cc8ba0, 0x0000023893cc91b8]
Event: 4.519 Thread 0x00000238a9141060 2527       3       java.lang.Long::numberOfTrailingZeros (26 bytes)
Event: 4.520 Thread 0x00000238a9141060 nmethod 2527 0x0000023893cc9490 code [0x0000023893cc9640, 0x0000023893cc97f8]
Event: 4.525 Thread 0x00000238a9141060 2528       3       java.util.IdentityHashMap::get (60 bytes)
Event: 4.526 Thread 0x00000238a9141060 nmethod 2528 0x0000023893cc9890 code [0x0000023893cc9a60, 0x0000023893cc9ee8]
Event: 4.528 Thread 0x00000238a9141060 2529       3       org.springframework.core.type.classreading.MergedAnnotationReadingVisitor::<init> (40 bytes)
Event: 4.529 Thread 0x00000238a9141060 nmethod 2529 0x0000023893cca110 code [0x0000023893cca320, 0x0000023893cca858]
Event: 4.530 Thread 0x00000238a9141060 2530       3       java.util.RegularEnumSet$EnumSetIterator::next (60 bytes)
Event: 4.532 Thread 0x00000238a9141060 nmethod 2530 0x0000023893ccaa10 code [0x0000023893ccabe0, 0x0000023893ccae98]

GC Heap History (10 events):
Event: 1.163 GC heap before
{Heap before GC invocations=0 (full 0):
 garbage-first heap   total 129024K, used 13312K [0x0000000082c00000, 0x0000000100000000)
  region size 1024K, 13 young (13312K), 0 survivors (0K)
 Metaspace       used 2719K, committed 2816K, reserved 1056768K
  class space    used 253K, committed 320K, reserved 1048576K
}
Event: 1.170 GC heap after
{Heap after GC invocations=1 (full 0):
 garbage-first heap   total 129024K, used 6850K [0x0000000082c00000, 0x0000000100000000)
  region size 1024K, 2 young (2048K), 2 survivors (2048K)
 Metaspace       used 2719K, committed 2816K, reserved 1056768K
  class space    used 253K, committed 320K, reserved 1048576K
}
Event: 1.691 GC heap before
{Heap before GC invocations=1 (full 0):
 garbage-first heap   total 129024K, used 16066K [0x0000000082c00000, 0x0000000100000000)
  region size 1024K, 11 young (11264K), 2 survivors (2048K)
 Metaspace       used 5369K, committed 5568K, reserved 1056768K
  class space    used 608K, committed 704K, reserved 1048576K
}
Event: 1.698 GC heap after
{Heap after GC invocations=2 (full 0):
 garbage-first heap   total 129024K, used 7559K [0x0000000082c00000, 0x0000000100000000)
  region size 1024K, 1 young (1024K), 1 survivors (1024K)
 Metaspace       used 5369K, committed 5568K, reserved 1056768K
  class space    used 608K, committed 704K, reserved 1048576K
}
Event: 2.884 GC heap before
{Heap before GC invocations=2 (full 0):
 garbage-first heap   total 129024K, used 31111K [0x0000000082c00000, 0x0000000100000000)
  region size 1024K, 25 young (25600K), 1 survivors (1024K)
 Metaspace       used 11366K, committed 11584K, reserved 1064960K
  class space    used 1488K, committed 1600K, reserved 1048576K
}
Event: 2.892 GC heap after
{Heap after GC invocations=3 (full 0):
 garbage-first heap   total 129024K, used 9340K [0x0000000082c00000, 0x0000000100000000)
  region size 1024K, 3 young (3072K), 3 survivors (3072K)
 Metaspace       used 11366K, committed 11584K, reserved 1064960K
  class space    used 1488K, committed 1600K, reserved 1048576K
}
Event: 3.893 GC heap before
{Heap before GC invocations=3 (full 0):
 garbage-first heap   total 129024K, used 78972K [0x0000000082c00000, 0x0000000100000000)
  region size 1024K, 72 young (73728K), 3 survivors (3072K)
 Metaspace       used 17276K, committed 17536K, reserved 1064960K
  class space    used 2173K, committed 2304K, reserved 1048576K
}
Event: 3.902 GC heap after
{Heap after GC invocations=4 (full 0):
 garbage-first heap   total 129024K, used 11606K [0x0000000082c00000, 0x0000000100000000)
  region size 1024K, 5 young (5120K), 5 survivors (5120K)
 Metaspace       used 17276K, committed 17536K, reserved 1064960K
  class space    used 2173K, committed 2304K, reserved 1048576K
}
Event: 3.932 GC heap before
{Heap before GC invocations=4 (full 0):
 garbage-first heap   total 129024K, used 82262K [0x0000000082c00000, 0x0000000100000000)
  region size 1024K, 75 young (76800K), 5 survivors (5120K)
 Metaspace       used 17450K, committed 17664K, reserved 1064960K
  class space    used 2191K, committed 2304K, reserved 1048576K
}
Event: 3.940 GC heap after
{Heap after GC invocations=5 (full 0):
 garbage-first heap   total 129024K, used 11714K [0x0000000082c00000, 0x0000000100000000)
  region size 1024K, 5 young (5120K), 5 survivors (5120K)
 Metaspace       used 17450K, committed 17664K, reserved 1064960K
  class space    used 2191K, committed 2304K, reserved 1048576K
}

Deoptimization events (20 events):
Event: 4.228 Thread 0x000002388ba3f6e0 DEOPT PACKING pc=0x000002389ad90a14 sp=0x000000ea3aafe650
Event: 4.228 Thread 0x000002388ba3f6e0 DEOPT UNPACKING pc=0x000002389327239d sp=0x000000ea3aafe560 mode 2
Event: 4.278 Thread 0x00000238aa7f2a50 Uncommon trap: trap_request=0xffffff45 fr.pc=0x000002389add9100 relative=0x0000000000000d00
Event: 4.278 Thread 0x00000238aa7f2a50 Uncommon trap: reason=unstable_if action=reinterpret pc=0x000002389add9100 method=java.util.Properties$LineReader.readLine()I @ 25 c2
Event: 4.278 Thread 0x00000238aa7f2a50 DEOPT PACKING pc=0x000002389add9100 sp=0x000000ea3c2fe200
Event: 4.278 Thread 0x00000238aa7f2a50 DEOPT UNPACKING pc=0x000002389327239d sp=0x000000ea3c2fe198 mode 2
Event: 4.279 Thread 0x00000238aa7f2a50 Uncommon trap: trap_request=0xffffff76 fr.pc=0x000002389adc33bc relative=0x00000000000012fc
Event: 4.279 Thread 0x00000238aa7f2a50 Uncommon trap: reason=predicate action=maybe_recompile pc=0x000002389adc33bc method=java.util.Properties$LineReader.readLine()I @ 53 c2
Event: 4.279 Thread 0x00000238aa7f2a50 DEOPT PACKING pc=0x000002389adc33bc sp=0x000000ea3c2fe1f0
Event: 4.279 Thread 0x00000238aa7f2a50 DEOPT UNPACKING pc=0x000002389327239d sp=0x000000ea3c2fe1a0 mode 2
Event: 4.280 Thread 0x00000238aa7f2a50 DEOPT PACKING pc=0x0000023893901f66 sp=0x000000ea3c2fe1d0
Event: 4.280 Thread 0x00000238aa7f2a50 DEOPT UNPACKING pc=0x0000023893272b24 sp=0x000000ea3c2fd698 mode 0
Event: 4.290 Thread 0x00000238aa7f2a50 Uncommon trap: trap_request=0xffffff45 fr.pc=0x000002389ad873b4 relative=0x0000000000000474
Event: 4.290 Thread 0x00000238aa7f2a50 Uncommon trap: reason=unstable_if action=reinterpret pc=0x000002389ad873b4 method=java.util.LinkedHashMap.get(Ljava/lang/Object;)Ljava/lang/Object; @ 16 c2
Event: 4.290 Thread 0x00000238aa7f2a50 DEOPT PACKING pc=0x000002389ad873b4 sp=0x000000ea3c2fe5c0
Event: 4.290 Thread 0x00000238aa7f2a50 DEOPT UNPACKING pc=0x000002389327239d sp=0x000000ea3c2fe588 mode 2
Event: 4.343 Thread 0x00000238aa7f2a50 DEOPT PACKING pc=0x0000023893bdaba5 sp=0x000000ea3c2fdf10
Event: 4.343 Thread 0x00000238aa7f2a50 DEOPT UNPACKING pc=0x0000023893272b24 sp=0x000000ea3c2fd408 mode 0
Event: 4.345 Thread 0x00000238aa7f2a50 DEOPT PACKING pc=0x0000023893901f66 sp=0x000000ea3c2fdea0
Event: 4.345 Thread 0x00000238aa7f2a50 DEOPT UNPACKING pc=0x0000023893272b24 sp=0x000000ea3c2fd368 mode 0

Classes unloaded (0 events):
No events

Classes redefined (0 events):
No events

Internal exceptions (20 events):
Event: 2.219 Thread 0x000002388ba3f6e0 Exception <a 'java/lang/NoSuchMethodError'{0x000000008a17b318}: 'void java.lang.invoke.DirectMethodHandle$Holder.invokeStaticInit(java.lang.Object, java.lang.Object, java.lang.Object)'> (0x000000008a17b318) 
thrown [t:\workspace\open\src\hotspot\share\interpreter\linkResolver.cpp, line 766]
Event: 2.230 Thread 0x000002388ba3f6e0 Exception <a 'java/lang/NoSuchMethodError'{0x000000008a1c2540}: 'java.lang.Object java.lang.invoke.DirectMethodHandle$Holder.invokeVirtual(java.lang.Object, java.lang.Object, java.lang.Object)'> (0x000000008a1c2540) 
thrown [t:\workspace\open\src\hotspot\share\interpreter\linkResolver.cpp, line 766]
Event: 2.241 Thread 0x000002388ba3f6e0 Exception <a 'java/lang/NoSuchMethodError'{0x000000008a1e6638}: 'java.lang.Object java.lang.invoke.DirectMethodHandle$Holder.invokeStatic(java.lang.Object, java.lang.Object, long, java.lang.Object)'> (0x000000008a1e6638) 
thrown [t:\workspace\open\src\hotspot\share\interpreter\linkResolver.cpp, line 766]
Event: 2.242 Thread 0x000002388ba3f6e0 Exception <a 'java/lang/NoSuchMethodError'{0x000000008a1ea0d0}: 'java.lang.Object java.lang.invoke.DirectMethodHandle$Holder.invokeStaticInit(java.lang.Object, java.lang.Object, long, java.lang.Object)'> (0x000000008a1ea0d0) 
thrown [t:\workspace\open\src\hotspot\share\interpreter\linkResolver.cpp, line 766]
Event: 2.243 Thread 0x000002388ba3f6e0 Exception <a 'java/lang/NoSuchMethodError'{0x000000008a1f0a98}: 'java.lang.Object java.lang.invoke.DirectMethodHandle$Holder.newInvokeSpecial(java.lang.Object, java.lang.Object, long)'> (0x000000008a1f0a98) 
thrown [t:\workspace\open\src\hotspot\share\interpreter\linkResolver.cpp, line 766]
Event: 2.244 Thread 0x000002388ba3f6e0 Exception <a 'java/lang/NoSuchMethodError'{0x000000008a1f4608}: 'java.lang.Object java.lang.invoke.Invokers$Holder.linkToTargetMethod(java.lang.Object, long, java.lang.Object)'> (0x000000008a1f4608) 
thrown [t:\workspace\open\src\hotspot\share\interpreter\linkResolver.cpp, line 766]
Event: 2.289 Thread 0x000002388ba3f6e0 Exception <a 'java/lang/NoSuchMethodError'{0x0000000089f4d650}: 'void java.lang.invoke.DirectMethodHandle$Holder.invokeVirtual(java.lang.Object, java.lang.Object, java.lang.Object, java.lang.Object)'> (0x0000000089f4d650) 
thrown [t:\workspace\open\src\hotspot\share\interpreter\linkResolver.cpp, line 766]
Event: 2.373 Thread 0x000002388ba3f6e0 Exception <a 'java/lang/NoSuchMethodError'{0x0000000089e9e3e8}: 'void java.lang.invoke.DirectMethodHandle$Holder.invokeSpecial(java.lang.Object, java.lang.Object, java.lang.Object)'> (0x0000000089e9e3e8) 
thrown [t:\workspace\open\src\hotspot\share\interpreter\linkResolver.cpp, line 766]
Event: 2.393 Thread 0x000002388ba3f6e0 Exception <a 'java/lang/IncompatibleClassChangeError'{0x0000000089ecf650}: Found class java.lang.Object, but interface was expected> (0x0000000089ecf650) 
thrown [t:\workspace\open\src\hotspot\share\interpreter\linkResolver.cpp, line 833]
Event: 3.177 Thread 0x000002388ba3f6e0 Exception <a 'sun/nio/fs/WindowsException'{0x000000008a279d18}> (0x000000008a279d18) 
thrown [t:\workspace\open\src\hotspot\share\prims\jni.cpp, line 516]
Event: 3.179 Thread 0x000002388ba3f6e0 Exception <a 'java/lang/NoSuchMethodError'{0x000000008a27b538}: 'int java.lang.invoke.DirectMethodHandle$Holder.invokeSpecial(java.lang.Object, java.lang.Object, java.lang.Object, java.lang.Object, java.lang.Object)'> (0x000000008a27b538) 
thrown [t:\workspace\open\src\hotspot\share\interpreter\linkResolver.cpp, line 766]
Event: 3.185 Thread 0x000002388ba3f6e0 Exception <a 'java/lang/NoSuchMethodError'{0x000000008a2841a0}: 'void java.lang.invoke.DirectMethodHandle$Holder.invokeVirtual(java.lang.Object, java.lang.Object)'> (0x000000008a2841a0) 
thrown [t:\workspace\open\src\hotspot\share\interpreter\linkResolver.cpp, line 766]
Event: 4.059 Thread 0x000002388ba3f6e0 Exception <a 'java/lang/IncompatibleClassChangeError'{0x0000000089ef4460}: Found class java.lang.Object, but interface was expected> (0x0000000089ef4460) 
thrown [t:\workspace\open\src\hotspot\share\interpreter\linkResolver.cpp, line 833]
Event: 4.194 Thread 0x00000238aa7f2a50 Exception <a 'java/lang/NoSuchMethodError'{0x000000008992f440}: 'long java.lang.invoke.DirectMethodHandle$Holder.invokeSpecial(java.lang.Object, java.lang.Object)'> (0x000000008992f440) 
thrown [t:\workspace\open\src\hotspot\share\interpreter\linkResolver.cpp, line 766]
Event: 4.201 Thread 0x00000238aa7f2a50 Exception <a 'java/lang/NoSuchMethodError'{0x000000008993a068}: 'long java.lang.invoke.DirectMethodHandle$Holder.invokeStatic(java.lang.Object, java.lang.Object)'> (0x000000008993a068) 
thrown [t:\workspace\open\src\hotspot\share\interpreter\linkResolver.cpp, line 766]
Event: 4.202 Thread 0x00000238aa7f2a50 Exception <a 'java/lang/NoSuchMethodError'{0x000000008993d3c0}: 'long java.lang.invoke.DirectMethodHandle$Holder.invokeStaticInit(java.lang.Object, java.lang.Object)'> (0x000000008993d3c0) 
thrown [t:\workspace\open\src\hotspot\share\interpreter\linkResolver.cpp, line 766]
Event: 4.207 Thread 0x00000238aa7f2a50 Exception <a 'java/lang/NoSuchMethodError'{0x00000000899caf00}: 'long java.lang.invoke.DirectMethodHandle$Holder.invokeInterface(java.lang.Object, java.lang.Object)'> (0x00000000899caf00) 
thrown [t:\workspace\open\src\hotspot\share\interpreter\linkResolver.cpp, line 766]
Event: 4.208 Thread 0x00000238aa7f2a50 Exception <a 'java/lang/IncompatibleClassChangeError'{0x00000000899ce1e8}: Found class java.lang.Object, but interface was expected> (0x00000000899ce1e8) 
thrown [t:\workspace\open\src\hotspot\share\interpreter\linkResolver.cpp, line 833]
Event: 4.226 Thread 0x00000238aa7f2a50 Exception <a 'java/lang/NoSuchMethodError'{0x00000000899e6238}: 'java.lang.Object java.lang.invoke.DirectMethodHandle$Holder.invokeVirtual(java.lang.Object, java.lang.Object, java.lang.Object, java.lang.Object)'> (0x00000000899e6238) 
thrown [t:\workspace\open\src\hotspot\share\interpreter\linkResolver.cpp, line 766]
Event: 4.279 Thread 0x00000238aa7f2a50 Implicit null exception at 0x000002389adc21c8 to 0x000002389adc339c

VM Operations (20 events):
Event: 2.368 Executing VM operation: HandshakeAllThreads
Event: 2.368 Executing VM operation: HandshakeAllThreads done
Event: 2.369 Executing VM operation: HandshakeAllThreads
Event: 2.369 Executing VM operation: HandshakeAllThreads done
Event: 2.884 Executing VM operation: G1CollectForAllocation
Event: 2.892 Executing VM operation: G1CollectForAllocation done
Event: 3.114 Executing VM operation: HandshakeAllThreads
Event: 3.114 Executing VM operation: HandshakeAllThreads done
Event: 3.638 Executing VM operation: HandshakeAllThreads
Event: 3.638 Executing VM operation: HandshakeAllThreads done
Event: 3.893 Executing VM operation: G1CollectForAllocation
Event: 3.902 Executing VM operation: G1CollectForAllocation done
Event: 3.932 Executing VM operation: G1CollectForAllocation
Event: 3.932 Executing VM operation: G1CollectForAllocation done
Event: 3.932 Executing VM operation: G1CollectForAllocation
Event: 3.940 Executing VM operation: G1CollectForAllocation done
Event: 4.363 Executing VM operation: HandshakeAllThreads
Event: 4.363 Executing VM operation: HandshakeAllThreads done
Event: 4.511 Executing VM operation: ICBufferFull
Event: 4.511 Executing VM operation: ICBufferFull done

Events (20 events):
Event: 4.476 loading class java/security/AuthProvider done
Event: 4.478 loading class java/security/PrivilegedActionException
Event: 4.478 loading class java/security/PrivilegedActionException done
Event: 4.482 loading class javax/security/auth/login/FailedLoginException
Event: 4.482 loading class javax/security/auth/login/FailedLoginException done
Event: 4.483 loading class javax/security/auth/Subject
Event: 4.483 loading class javax/security/auth/Subject done
Event: 4.483 loading class javax/security/auth/callback/CallbackHandler
Event: 4.483 loading class javax/security/auth/callback/CallbackHandler done
Event: 4.492 loading class com/sun/security/sasl/Provider
Event: 4.492 loading class com/sun/security/sasl/Provider done
Event: 4.493 loading class com/sun/security/sasl/Provider$1
Event: 4.493 loading class com/sun/security/sasl/Provider$1 done
Event: 4.493 loading class com/sun/security/sasl/Provider$ProviderService
Event: 4.493 loading class com/sun/security/sasl/Provider$ProviderService done
Event: 4.494 loading class sun/security/provider/certpath/ldap/JdkLDAP
Event: 4.494 loading class sun/security/provider/certpath/ldap/JdkLDAP done
Event: 4.497 loading class sun/security/provider/certpath/ldap/JdkLDAP$ProviderService
Event: 4.497 loading class sun/security/provider/certpath/ldap/JdkLDAP$ProviderService done
Event: 4.502 Thread 0x00000238aa7f2a50 Thread exited: 0x00000238aa7f2a50


Dynamic libraries:
0x00007ff651c30000 - 0x00007ff651c3e000 	C:\Program Files\jdk-17\bin\java.exe
0x00007ffb7dad0000 - 0x00007ffb7dce7000 	C:\WINDOWS\SYSTEM32\ntdll.dll
0x00007ffb7d200000 - 0x00007ffb7d2c4000 	C:\WINDOWS\System32\KERNEL32.DLL
0x00007ffb7b0c0000 - 0x00007ffb7b46d000 	C:\WINDOWS\System32\KERNELBASE.dll
0x00007ffb7b470000 - 0x00007ffb7b581000 	C:\WINDOWS\System32\ucrtbase.dll
0x00007ffb77b60000 - 0x00007ffb77b7a000 	C:\Program Files\jdk-17\bin\VCRUNTIME140.dll
0x00007ffb77190000 - 0x00007ffb771a8000 	C:\Program Files\jdk-17\bin\jli.dll
0x00007ffb7b9f0000 - 0x00007ffb7bb9e000 	C:\WINDOWS\System32\USER32.dll
0x00007ffb7ae70000 - 0x00007ffb7ae96000 	C:\WINDOWS\System32\win32u.dll
0x00007ffb7da60000 - 0x00007ffb7da89000 	C:\WINDOWS\System32\GDI32.dll
0x00007ffb7b650000 - 0x00007ffb7b769000 	C:\WINDOWS\System32\gdi32full.dll
0x00007ffb7b770000 - 0x00007ffb7b80a000 	C:\WINDOWS\System32\msvcp_win.dll
0x00007ffb62390000 - 0x00007ffb62623000 	C:\WINDOWS\WinSxS\amd64_microsoft.windows.common-controls_6595b64144ccf1df_6.0.22621.3672_none_2713b9d173822955\COMCTL32.dll
0x00007ffb7d140000 - 0x00007ffb7d1e7000 	C:\WINDOWS\System32\msvcrt.dll
0x00007ffb7c2a0000 - 0x00007ffb7c2d1000 	C:\WINDOWS\System32\IMM32.DLL
0x00007ffb74950000 - 0x00007ffb7495c000 	C:\Program Files\jdk-17\bin\vcruntime140_1.dll
0x00007ffb55fe0000 - 0x00007ffb5606d000 	C:\Program Files\jdk-17\bin\msvcp140.dll
0x00007ffb18eb0000 - 0x00007ffb19a6e000 	C:\Program Files\jdk-17\bin\server\jvm.dll
0x00007ffb7d9a0000 - 0x00007ffb7da52000 	C:\WINDOWS\System32\ADVAPI32.dll
0x00007ffb7d2d0000 - 0x00007ffb7d379000 	C:\WINDOWS\System32\sechost.dll
0x00007ffb7b010000 - 0x00007ffb7b038000 	C:\WINDOWS\System32\bcrypt.dll
0x00007ffb7c2e0000 - 0x00007ffb7c3f4000 	C:\WINDOWS\System32\RPCRT4.dll
0x00007ffb7d1f0000 - 0x00007ffb7d1f8000 	C:\WINDOWS\System32\PSAPI.DLL
0x00007ffb60980000 - 0x00007ffb60989000 	C:\WINDOWS\SYSTEM32\WSOCK32.dll
0x00007ffb74b30000 - 0x00007ffb74b64000 	C:\WINDOWS\SYSTEM32\WINMM.dll
0x00007ffb7d380000 - 0x00007ffb7d3f1000 	C:\WINDOWS\System32\WS2_32.dll
0x00007ffb6cdc0000 - 0x00007ffb6cdca000 	C:\WINDOWS\SYSTEM32\VERSION.dll
0x00007ffb79df0000 - 0x00007ffb79e08000 	C:\WINDOWS\SYSTEM32\kernel.appcore.dll
0x00007ffb74940000 - 0x00007ffb7494a000 	C:\Program Files\jdk-17\bin\jimage.dll
0x00007ffb78630000 - 0x00007ffb78862000 	C:\WINDOWS\SYSTEM32\DBGHELP.DLL
0x00007ffb7d400000 - 0x00007ffb7d788000 	C:\WINDOWS\System32\combase.dll
0x00007ffb7ce70000 - 0x00007ffb7cf47000 	C:\WINDOWS\System32\OLEAUT32.dll
0x00007ffb5bc10000 - 0x00007ffb5bc42000 	C:\WINDOWS\SYSTEM32\dbgcore.DLL
0x00007ffb7b040000 - 0x00007ffb7b0bb000 	C:\WINDOWS\System32\bcryptPrimitives.dll
0x00007ffb74930000 - 0x00007ffb7493e000 	C:\Program Files\jdk-17\bin\instrument.dll
0x00007ffb60bf0000 - 0x00007ffb60c15000 	C:\Program Files\jdk-17\bin\java.dll
0x00007ffb4bec0000 - 0x00007ffb4bf96000 	C:\Program Files\jdk-17\bin\svml.dll
0x00007ffb7c610000 - 0x00007ffb7ce6f000 	C:\WINDOWS\System32\SHELL32.dll
0x00007ffb78d00000 - 0x00007ffb795fc000 	C:\WINDOWS\SYSTEM32\windows.storage.dll
0x00007ffb78a60000 - 0x00007ffb78b9f000 	C:\WINDOWS\SYSTEM32\wintypes.dll
0x00007ffb7bba0000 - 0x00007ffb7bc94000 	C:\WINDOWS\System32\SHCORE.dll
0x00007ffb7d0d0000 - 0x00007ffb7d12e000 	C:\WINDOWS\System32\shlwapi.dll
0x00007ffb7ad30000 - 0x00007ffb7ad51000 	C:\WINDOWS\SYSTEM32\profapi.dll
0x00007ffb562d0000 - 0x00007ffb562e8000 	C:\Program Files\jdk-17\bin\zip.dll
0x00007ffb5f7b0000 - 0x00007ffb5f7c9000 	C:\Program Files\jdk-17\bin\net.dll
0x00007ffb75fc0000 - 0x00007ffb760f6000 	C:\WINDOWS\SYSTEM32\WINHTTP.dll
0x00007ffb7a260000 - 0x00007ffb7a2c9000 	C:\WINDOWS\system32\mswsock.dll
0x00007ffb5f790000 - 0x00007ffb5f7a5000 	C:\Program Files\jdk-17\bin\nio.dll
0x00007ffb55fc0000 - 0x00007ffb55fda000 	C:\Program Files (x86)\JetBrains\IntelliJ IDEA Community Edition 2024.1.4\bin\breakgen64.dll
0x00007ffb5e120000 - 0x00007ffb5e12e000 	C:\Program Files\jdk-17\bin\sunmscapi.dll
0x00007ffb7aea0000 - 0x00007ffb7b007000 	C:\WINDOWS\System32\CRYPT32.dll
0x00007ffb7a6c0000 - 0x00007ffb7a6ee000 	C:\WINDOWS\SYSTEM32\ncrypt.dll
0x00007ffb7a680000 - 0x00007ffb7a6b7000 	C:\WINDOWS\SYSTEM32\NTASN1.dll

dbghelp: loaded successfully - version: 4.0.5 - missing functions: none
symbol engine: initialized successfully - sym options: 0x614 - pdb path: .;C:\Program Files\jdk-17\bin;C:\WINDOWS\SYSTEM32;C:\WINDOWS\WinSxS\amd64_microsoft.windows.common-controls_6595b64144ccf1df_6.0.22621.3672_none_2713b9d173822955;C:\Program Files\jdk-17\bin\server;C:\Program Files (x86)\JetBrains\IntelliJ IDEA Community Edition 2024.1.4\bin

VM Arguments:
jvm_args: -javaagent:C:\Program Files (x86)\JetBrains\IntelliJ IDEA Community Edition 2024.1.4\lib\idea_rt.jar=50091:C:\Program Files (x86)\JetBrains\IntelliJ IDEA Community Edition 2024.1.4\bin -Dfile.encoding=UTF-8 
java_command: com.jimsimrodev.foroconnet.ForoconnetApplication
java_class_path (initial): D:\work\foroconnet\target\classes;C:\Users\jhoan\.m2\repository\org\springframework\boot\spring-boot-starter-security\3.3.1\spring-boot-starter-security-3.3.1.jar;C:\Users\jhoan\.m2\repository\org\springframework\boot\spring-boot-starter\3.3.1\spring-boot-starter-3.3.1.jar;C:\Users\jhoan\.m2\repository\org\springframework\boot\spring-boot\3.3.1\spring-boot-3.3.1.jar;C:\Users\jhoan\.m2\repository\org\springframework\boot\spring-boot-autoconfigure\3.3.1\spring-boot-autoconfigure-3.3.1.jar;C:\Users\jhoan\.m2\repository\org\springframework\boot\spring-boot-starter-logging\3.3.1\spring-boot-starter-logging-3.3.1.jar;C:\Users\jhoan\.m2\repository\ch\qos\logback\logback-classic\1.5.6\logback-classic-1.5.6.jar;C:\Users\jhoan\.m2\repository\ch\qos\logback\logback-core\1.5.6\logback-core-1.5.6.jar;C:\Users\jhoan\.m2\repository\org\apache\logging\log4j\log4j-to-slf4j\2.23.1\log4j-to-slf4j-2.23.1.jar;C:\Users\jhoan\.m2\repository\org\apache\logging\log4j\log4j-api\2.23.1\log4j-api-2.23.1.jar;C:\Users\jhoan\.m2\repository\org\slf4j\jul-to-slf4j\2.0.13\jul-to-slf4j-2.0.13.jar;C:\Users\jhoan\.m2\repository\jakarta\annotation\jakarta.annotation-api\2.1.1\jakarta.annotation-api-2.1.1.jar;C:\Users\jhoan\.m2\repository\org\yaml\snakeyaml\2.2\snakeyaml-2.2.jar;C:\Users\jhoan\.m2\repository\org\springframework\spring-aop\6.1.10\spring-aop-6.1.10.jar;C:\Users\jhoan\.m2\repository\org\springframework\security\spring-security-config\6.3.1\spring-security-config-6.3.1.jar;C:\Users\jhoan\.m2\repository\org\springframework\security\spring-security-web\6.3.1\spring-security-web-6.3.1.jar;C:\Users\jhoan\.m2\repository\org\springframework\boot\spring-boot-starter-validation\3.3.1\spring-boot-starter-validation-3.3.1.jar;C:\Users\jhoan\.m2\repository\org\apache\tomcat\embed\tomcat-embed-el\10.1.25\tomcat-embed-el-10.1.25.jar;C:\Users\jhoan\.m2\repository\jakarta\validation\jakarta.validation-api\3.0.1\jakarta.validation-api-3.0.1.jar;C:\Users\jhoan\.m2\repository\org\
Launcher Type: SUN_STANDARD

[Global flags]
     intx CICompilerCount                          = 3                                         {product} {ergonomic}
     uint ConcGCThreads                            = 1                                         {product} {ergonomic}
     uint G1ConcRefinementThreads                  = 4                                         {product} {ergonomic}
   size_t G1HeapRegionSize                         = 1048576                                   {product} {ergonomic}
    uintx GCDrainStackTargetSize                   = 64                                        {product} {ergonomic}
   size_t InitialHeapSize                          = 132120576                                 {product} {ergonomic}
   size_t MarkStackSize                            = 4194304                                   {product} {ergonomic}
   size_t MaxHeapSize                              = 2101346304                                {product} {ergonomic}
   size_t MaxNewSize                               = 1260388352                                {product} {ergonomic}
   size_t MinHeapDeltaBytes                        = 1048576                                   {product} {ergonomic}
   size_t MinHeapSize                              = 8388608                                   {product} {ergonomic}
    uintx NonNMethodCodeHeapSize                   = 5832780                                {pd product} {ergonomic}
    uintx NonProfiledCodeHeapSize                  = 122912730                              {pd product} {ergonomic}
    uintx ProfiledCodeHeapSize                     = 122912730                              {pd product} {ergonomic}
    uintx ReservedCodeCacheSize                    = 251658240                              {pd product} {ergonomic}
     bool SegmentedCodeCache                       = true                                      {product} {ergonomic}
   size_t SoftMaxHeapSize                          = 2101346304                             {manageable} {ergonomic}
     bool UseCompressedClassPointers               = true                           {product lp64_product} {ergonomic}
     bool UseCompressedOops                        = true                           {product lp64_product} {ergonomic}
     bool UseG1GC                                  = true                                      {product} {ergonomic}
     bool UseLargePagesIndividualAllocation        = false                                  {pd product} {ergonomic}

Logging:
Log output configuration:
 #0: stdout all=warning uptime,level,tags
 #1: stderr all=off uptime,level,tags

Environment Variables:
JAVA_HOME=C:\Program Files\jdk-17
PATH=C:\WINDOWS\system32;C:\WINDOWS;C:\WINDOWS\System32\Wbem;C:\WINDOWS\System32\WindowsPowerShell\v1.0\;C:\WINDOWS\System32\OpenSSH\;C:\Program Files\jdk-17\bin;C:\Program Files\WezTerm;C:\xampp\php;C:\ProgramData\ComposerSetup\bin;C:\Program Files\Git\cmd;C:\Program Files\nodejs\;C:\Program Files\MySQL\MySQL Shell 8.0\bin\;C:\Users\jhoan\AppData\Local\Microsoft\WindowsApps;C:\Users\jhoan\AppData\Local\Programs\Microsoft VS Code\bin;C:\Users\jhoan\AppData\Local\Programs\oh-my-posh\bin;C:\Users\jhoan\AppData\Local\Microsoft\WinGet\Packages\Schniz.fnm_Microsoft.Winget.Source_8wekyb3d8bbwe;C:\Users\jhoan\AppData\Roaming\Composer\vendor\bin;C:\Users\jhoan\AppData\Roaming\npm
USERNAME=jhoan
OS=Windows_NT
PROCESSOR_IDENTIFIER=Intel64 Family 6 Model 142 Stepping 12, GenuineIntel



---------------  S Y S T E M  ---------------

OS:
 Windows 10 , 64 bit Build 22621 (10.0.22621.3672)
OS uptime: 0 days 1:57 hours
Hyper-V role detected

CPU: total 4 (initial active 4) (2 cores per cpu, 2 threads per core) family 6 model 142 stepping 12 microcode 0xf8, cx8, cmov, fxsr, ht, mmx, 3dnowpref, sse, sse2, sse3, ssse3, sse4.1, sse4.2, popcnt, lzcnt, tsc, tscinvbit, aes, erms, clmul, clflush, clflushopt, hv

Memory: 4k page, system-wide physical 8015M (414M free)
TotalPageFile size 12111M (AvailPageFile size 4M)
current process WorkingSet (physical memory assigned to process): 191M, peak: 191M
current process commit charge ("private bytes"): 268M, peak: 268M

vm_info: OpenJDK 64-Bit Server VM (17+35-2724) for windows-amd64 JRE (17+35-2724), built on Aug  5 2021 23:26:02 by "mach5one" with MS VC++ 16.8 (VS2019)

END.
