#
# There is insufficient memory for the Java Runtime Environment to continue.
# Native memory allocation (malloc) failed to allocate 680608 bytes for Chunk::new
# Possible reasons:
#   The system is out of physical RAM or swap space
#   The process is running with CompressedOops enabled, and the Java Heap may be blocking the growth of the native heap
# Possible solutions:
#   Reduce memory load on the system
#   Increase physical memory or swap space
#   Check if swap backing store is full
#   Decrease Java heap size (-Xmx/-Xms)
#   Decrease number of Java threads
#   Decrease Java thread stack sizes (-Xss)
#   Set larger code cache with -XX:ReservedCodeCacheSize=
#   JVM is running with Unscaled Compressed Oops mode in which the Java heap is
#     placed in the first 4GB address space. The Java Heap base address is the
#     maximum limit for the native heap growth. Please use -XX:HeapBaseMinAddress
#     to set the Java Heap base and to place the Java Heap above 4GB virtual address.
# This output file may be truncated or incomplete.
#
#  Out of Memory Error (arena.cpp:189), pid=6776, tid=10416
#
# JRE version: OpenJDK Runtime Environment (17.0+35) (build 17+35-2724)
# Java VM: OpenJDK 64-Bit Server VM (17+35-2724, mixed mode, sharing, tiered, compressed oops, compressed class ptrs, g1 gc, windows-amd64)
# No core dump will be written. Minidumps are not enabled by default on client versions of Windows
#

---------------  S U M M A R Y ------------

Command Line: -javaagent:C:\Program Files (x86)\JetBrains\IntelliJ IDEA Community Edition 2024.1.4\lib\idea_rt.jar=63002:C:\Program Files (x86)\JetBrains\IntelliJ IDEA Community Edition 2024.1.4\bin -Dfile.encoding=UTF-8 com.jimsimrodev.foroconnet.ForoconnetApplication

Host: Intel(R) Pentium(R) CPU 6405U @ 2.40GHz, 4 cores, 7G,  Windows 10 , 64 bit Build 22621 (10.0.22621.3958)
Time: Tue Jul 30 19:11:10 2024 Hora est. Pacífico, Sudamérica elapsed time: 2.370791 seconds (0d 0h 0m 2s)

---------------  T H R E A D  ---------------

Current thread (0x00000210ffa12490):  JavaThread "C2 CompilerThread0" daemon [_thread_in_native, id=10416, stack(0x00000070faf00000,0x00000070fb000000)]


Current CompileTask:
C2:   2370 1718   !   4       java.net.URL::<init> (543 bytes)

Stack: [0x00000070faf00000,0x00000070fb000000]
Native frames: (J=compiled Java code, j=interpreted, Vv=VM code, C=native code)
V  [jvm.dll+0x66f8ea]
V  [jvm.dll+0x7ce224]
V  [jvm.dll+0x7cf9ce]
V  [jvm.dll+0x7d0033]
V  [jvm.dll+0x242bb5]
V  [jvm.dll+0xaa05b]
V  [jvm.dll+0xaa5ec]
V  [jvm.dll+0x35f9f7]
V  [jvm.dll+0x329f61]
V  [jvm.dll+0x32940a]
V  [jvm.dll+0x215ca1]
V  [jvm.dll+0x2150c1]
V  [jvm.dll+0x1a168d]
V  [jvm.dll+0x2248f8]
V  [jvm.dll+0x222a5c]
V  [jvm.dll+0x78422b]
V  [jvm.dll+0x77e7ea]
V  [jvm.dll+0x66e715]
C  [ucrtbase.dll+0x29333]
C  [KERNEL32.DLL+0x1257d]
C  [ntdll.dll+0x5af28]


---------------  P R O C E S S  ---------------

Threads class SMR info:
_java_thread_list=0x0000021091eeaa00, length=15, elements={
0x00000210f3310780, 0x00000210ff9f2e60, 0x00000210ff9f5c90, 0x00000210ffa06ce0,
0x00000210ffa077a0, 0x00000210ffa0a900, 0x00000210ffa0da60, 0x00000210ffa12490,
0x00000210ffa149f0, 0x00000210ffa30910, 0x00000210ff9dd440, 0x00000210ffd19580,
0x00000210ffd19a50, 0x00000210ffed2870, 0x0000021091ebebb0
}

Java Threads: ( => current thread )
  0x00000210f3310780 JavaThread "main" [_thread_in_vm, id=7204, stack(0x00000070fa200000,0x00000070fa300000)]
  0x00000210ff9f2e60 JavaThread "Reference Handler" daemon [_thread_blocked, id=8680, stack(0x00000070fa900000,0x00000070faa00000)]
  0x00000210ff9f5c90 JavaThread "Finalizer" daemon [_thread_blocked, id=5416, stack(0x00000070faa00000,0x00000070fab00000)]
  0x00000210ffa06ce0 JavaThread "Signal Dispatcher" daemon [_thread_blocked, id=9288, stack(0x00000070fab00000,0x00000070fac00000)]
  0x00000210ffa077a0 JavaThread "Attach Listener" daemon [_thread_blocked, id=5884, stack(0x00000070fac00000,0x00000070fad00000)]
  0x00000210ffa0a900 JavaThread "Service Thread" daemon [_thread_blocked, id=8196, stack(0x00000070fad00000,0x00000070fae00000)]
  0x00000210ffa0da60 JavaThread "Monitor Deflation Thread" daemon [_thread_blocked, id=6984, stack(0x00000070fae00000,0x00000070faf00000)]
=>0x00000210ffa12490 JavaThread "C2 CompilerThread0" daemon [_thread_in_native, id=10416, stack(0x00000070faf00000,0x00000070fb000000)]
  0x00000210ffa149f0 JavaThread "C1 CompilerThread0" daemon [_thread_blocked, id=2384, stack(0x00000070fb000000,0x00000070fb100000)]
  0x00000210ffa30910 JavaThread "Sweeper thread" daemon [_thread_blocked, id=10552, stack(0x00000070fb100000,0x00000070fb200000)]
  0x00000210ff9dd440 JavaThread "Common-Cleaner" daemon [_thread_blocked, id=12684, stack(0x00000070fb200000,0x00000070fb300000)]
  0x00000210ffd19580 JavaThread "Monitor Ctrl-Break" daemon [_thread_in_native, id=6948, stack(0x00000070fb300000,0x00000070fb400000)]
  0x00000210ffd19a50 JavaThread "Notification Thread" daemon [_thread_blocked, id=5844, stack(0x00000070fb400000,0x00000070fb500000)]
  0x00000210ffed2870 JavaThread "C2 CompilerThread1" daemon [_thread_in_native, id=9476, stack(0x00000070fb900000,0x00000070fba00000)]
  0x0000021091ebebb0 JavaThread "background-preinit" [_thread_in_vm, id=12424, stack(0x00000070fba00000,0x00000070fbb00000)]

Other Threads:
  0x00000210ff9ee6d0 VMThread "VM Thread" [stack: 0x00000070fa800000,0x00000070fa900000] [id=9552]
  0x00000210f3365400 WatcherThread [stack: 0x00000070fb500000,0x00000070fb600000] [id=14640]
  0x00000210f334b300 GCTaskThread "GC Thread#0" [stack: 0x00000070fa300000,0x00000070fa400000] [id=12340]
  0x00000210ffd335b0 GCTaskThread "GC Thread#1" [stack: 0x00000070fb600000,0x00000070fb700000] [id=12996]
  0x0000021091d200c0 GCTaskThread "GC Thread#2" [stack: 0x00000070fb700000,0x00000070fb800000] [id=8384]
  0x0000021091bc5b40 GCTaskThread "GC Thread#3" [stack: 0x00000070fb800000,0x00000070fb900000] [id=12984]
  0x00000210f335dce0 ConcurrentGCThread "G1 Main Marker" [stack: 0x00000070fa400000,0x00000070fa500000] [id=10420]
  0x00000210f335ee90 ConcurrentGCThread "G1 Conc#0" [stack: 0x00000070fa500000,0x00000070fa600000] [id=8696]
  0x00000210ff8b0090 ConcurrentGCThread "G1 Refine#0" [stack: 0x00000070fa600000,0x00000070fa700000] [id=5176]
  0x00000210ff8b1ac0 ConcurrentGCThread "G1 Service" [stack: 0x00000070fa700000,0x00000070fa800000] [id=4992]

Threads with active compile tasks:
C2 CompilerThread0     2403 1718   !   4       java.net.URL::<init> (543 bytes)
C2 CompilerThread1     2403 1640       4       jdk.internal.org.objectweb.asm.Frame::execute (2305 bytes)

VM state: not at safepoint (normal execution)

VM Mutex/Monitor currently owned by a thread: None

Heap address: 0x0000000082c00000, size: 2004 MB, Compressed Oops mode: 32-bit

CDS archive(s) mapped at: [0x0000000800000000-0x0000000800bc0000-0x0000000800bc0000), size 12320768, SharedBaseAddress: 0x0000000800000000, ArchiveRelocationMode: 0.
Compressed class space mapped at: 0x0000000800c00000-0x0000000840c00000, reserved size: 1073741824
Narrow klass base: 0x0000000800000000, Narrow klass shift: 0, Narrow klass range: 0x100000000

GC Precious Log:
 CPUs: 4 total, 4 available
 Memory: 8015M
 Large Page Support: Disabled
 NUMA Support: Disabled
 Compressed Oops: Enabled (32-bit)
 Heap Region Size: 1M
 Heap Min Capacity: 8M
 Heap Initial Capacity: 126M
 Heap Max Capacity: 2004M
 Pre-touch: Disabled
 Parallel Workers: 4
 Concurrent Workers: 1
 Concurrent Refinement Workers: 4
 Periodic GC: Disabled

Heap:
 garbage-first heap   total 129024K, used 13627K [0x0000000082c00000, 0x0000000100000000)
  region size 1024K, 8 young (8192K), 3 survivors (3072K)
 Metaspace       used 12529K, committed 12736K, reserved 1064960K
  class space    used 1675K, committed 1728K, reserved 1048576K

Heap Regions: E=young(eden), S=young(survivor), O=old, HS=humongous(starts), HC=humongous(continues), CS=collection set, F=free, OA=open archive, CA=closed archive, TAMS=top-at-mark-start (previous, next)
|   0|0x0000000082c00000, 0x0000000082d00000, 0x0000000082d00000|100%|HS|  |TAMS 0x0000000082c00000, 0x0000000082c00000| Complete 
|   1|0x0000000082d00000, 0x0000000082e00000, 0x0000000082e00000|100%| O|  |TAMS 0x0000000082d00000, 0x0000000082d00000| Untracked 
|   2|0x0000000082e00000, 0x0000000082f00000, 0x0000000082f00000|100%| O|  |TAMS 0x0000000082e00000, 0x0000000082e00000| Untracked 
|   3|0x0000000082f00000, 0x0000000083000000, 0x0000000083000000|100%| O|  |TAMS 0x0000000082f00000, 0x0000000082f00000| Untracked 
|   4|0x0000000083000000, 0x0000000083100000, 0x0000000083100000|100%| O|  |TAMS 0x0000000083000000, 0x0000000083000000| Untracked 
|   5|0x0000000083100000, 0x0000000083200000, 0x0000000083200000|100%| O|  |TAMS 0x0000000083100000, 0x0000000083100000| Untracked 
|   6|0x0000000083200000, 0x0000000083273c00, 0x0000000083300000| 45%| O|  |TAMS 0x0000000083200000, 0x0000000083200000| Untracked 
|   7|0x0000000083300000, 0x0000000083300000, 0x0000000083400000|  0%| F|  |TAMS 0x0000000083300000, 0x0000000083300000| Untracked 
|   8|0x0000000083400000, 0x0000000083400000, 0x0000000083500000|  0%| F|  |TAMS 0x0000000083400000, 0x0000000083400000| Untracked 
|   9|0x0000000083500000, 0x0000000083500000, 0x0000000083600000|  0%| F|  |TAMS 0x0000000083500000, 0x0000000083500000| Untracked 
|  10|0x0000000083600000, 0x0000000083600000, 0x0000000083700000|  0%| F|  |TAMS 0x0000000083600000, 0x0000000083600000| Untracked 
|  11|0x0000000083700000, 0x0000000083700000, 0x0000000083800000|  0%| F|  |TAMS 0x0000000083700000, 0x0000000083700000| Untracked 
|  12|0x0000000083800000, 0x0000000083800000, 0x0000000083900000|  0%| F|  |TAMS 0x0000000083800000, 0x0000000083800000| Untracked 
|  13|0x0000000083900000, 0x0000000083900000, 0x0000000083a00000|  0%| F|  |TAMS 0x0000000083900000, 0x0000000083900000| Untracked 
|  14|0x0000000083a00000, 0x0000000083a00000, 0x0000000083b00000|  0%| F|  |TAMS 0x0000000083a00000, 0x0000000083a00000| Untracked 
|  15|0x0000000083b00000, 0x0000000083b00000, 0x0000000083c00000|  0%| F|  |TAMS 0x0000000083b00000, 0x0000000083b00000| Untracked 
|  16|0x0000000083c00000, 0x0000000083c00000, 0x0000000083d00000|  0%| F|  |TAMS 0x0000000083c00000, 0x0000000083c00000| Untracked 
|  17|0x0000000083d00000, 0x0000000083d00000, 0x0000000083e00000|  0%| F|  |TAMS 0x0000000083d00000, 0x0000000083d00000| Untracked 
|  18|0x0000000083e00000, 0x0000000083e00000, 0x0000000083f00000|  0%| F|  |TAMS 0x0000000083e00000, 0x0000000083e00000| Untracked 
|  19|0x0000000083f00000, 0x0000000083f00000, 0x0000000084000000|  0%| F|  |TAMS 0x0000000083f00000, 0x0000000083f00000| Untracked 
|  20|0x0000000084000000, 0x0000000084000000, 0x0000000084100000|  0%| F|  |TAMS 0x0000000084000000, 0x0000000084000000| Untracked 
|  21|0x0000000084100000, 0x0000000084100000, 0x0000000084200000|  0%| F|  |TAMS 0x0000000084100000, 0x0000000084100000| Untracked 
|  22|0x0000000084200000, 0x0000000084200000, 0x0000000084300000|  0%| F|  |TAMS 0x0000000084200000, 0x0000000084200000| Untracked 
|  23|0x0000000084300000, 0x0000000084300000, 0x0000000084400000|  0%| F|  |TAMS 0x0000000084300000, 0x0000000084300000| Untracked 
|  24|0x0000000084400000, 0x0000000084400000, 0x0000000084500000|  0%| F|  |TAMS 0x0000000084400000, 0x0000000084400000| Untracked 
|  25|0x0000000084500000, 0x0000000084500000, 0x0000000084600000|  0%| F|  |TAMS 0x0000000084500000, 0x0000000084500000| Untracked 
|  26|0x0000000084600000, 0x0000000084600000, 0x0000000084700000|  0%| F|  |TAMS 0x0000000084600000, 0x0000000084600000| Untracked 
|  27|0x0000000084700000, 0x0000000084700000, 0x0000000084800000|  0%| F|  |TAMS 0x0000000084700000, 0x0000000084700000| Untracked 
|  28|0x0000000084800000, 0x0000000084800000, 0x0000000084900000|  0%| F|  |TAMS 0x0000000084800000, 0x0000000084800000| Untracked 
|  29|0x0000000084900000, 0x0000000084900000, 0x0000000084a00000|  0%| F|  |TAMS 0x0000000084900000, 0x0000000084900000| Untracked 
|  30|0x0000000084a00000, 0x0000000084a00000, 0x0000000084b00000|  0%| F|  |TAMS 0x0000000084a00000, 0x0000000084a00000| Untracked 
|  31|0x0000000084b00000, 0x0000000084b00000, 0x0000000084c00000|  0%| F|  |TAMS 0x0000000084b00000, 0x0000000084b00000| Untracked 
|  32|0x0000000084c00000, 0x0000000084c00000, 0x0000000084d00000|  0%| F|  |TAMS 0x0000000084c00000, 0x0000000084c00000| Untracked 
|  33|0x0000000084d00000, 0x0000000084d00000, 0x0000000084e00000|  0%| F|  |TAMS 0x0000000084d00000, 0x0000000084d00000| Untracked 
|  34|0x0000000084e00000, 0x0000000084e00000, 0x0000000084f00000|  0%| F|  |TAMS 0x0000000084e00000, 0x0000000084e00000| Untracked 
|  35|0x0000000084f00000, 0x0000000084f00000, 0x0000000085000000|  0%| F|  |TAMS 0x0000000084f00000, 0x0000000084f00000| Untracked 
|  36|0x0000000085000000, 0x0000000085000000, 0x0000000085100000|  0%| F|  |TAMS 0x0000000085000000, 0x0000000085000000| Untracked 
|  37|0x0000000085100000, 0x0000000085100000, 0x0000000085200000|  0%| F|  |TAMS 0x0000000085100000, 0x0000000085100000| Untracked 
|  38|0x0000000085200000, 0x0000000085200000, 0x0000000085300000|  0%| F|  |TAMS 0x0000000085200000, 0x0000000085200000| Untracked 
|  39|0x0000000085300000, 0x0000000085300000, 0x0000000085400000|  0%| F|  |TAMS 0x0000000085300000, 0x0000000085300000| Untracked 
|  40|0x0000000085400000, 0x0000000085400000, 0x0000000085500000|  0%| F|  |TAMS 0x0000000085400000, 0x0000000085400000| Untracked 
|  41|0x0000000085500000, 0x0000000085500000, 0x0000000085600000|  0%| F|  |TAMS 0x0000000085500000, 0x0000000085500000| Untracked 
|  42|0x0000000085600000, 0x0000000085600000, 0x0000000085700000|  0%| F|  |TAMS 0x0000000085600000, 0x0000000085600000| Untracked 
|  43|0x0000000085700000, 0x0000000085700000, 0x0000000085800000|  0%| F|  |TAMS 0x0000000085700000, 0x0000000085700000| Untracked 
|  44|0x0000000085800000, 0x0000000085800000, 0x0000000085900000|  0%| F|  |TAMS 0x0000000085800000, 0x0000000085800000| Untracked 
|  45|0x0000000085900000, 0x0000000085900000, 0x0000000085a00000|  0%| F|  |TAMS 0x0000000085900000, 0x0000000085900000| Untracked 
|  46|0x0000000085a00000, 0x0000000085a00000, 0x0000000085b00000|  0%| F|  |TAMS 0x0000000085a00000, 0x0000000085a00000| Untracked 
|  47|0x0000000085b00000, 0x0000000085b00000, 0x0000000085c00000|  0%| F|  |TAMS 0x0000000085b00000, 0x0000000085b00000| Untracked 
|  48|0x0000000085c00000, 0x0000000085c00000, 0x0000000085d00000|  0%| F|  |TAMS 0x0000000085c00000, 0x0000000085c00000| Untracked 
|  49|0x0000000085d00000, 0x0000000085d00000, 0x0000000085e00000|  0%| F|  |TAMS 0x0000000085d00000, 0x0000000085d00000| Untracked 
|  50|0x0000000085e00000, 0x0000000085e00000, 0x0000000085f00000|  0%| F|  |TAMS 0x0000000085e00000, 0x0000000085e00000| Untracked 
|  51|0x0000000085f00000, 0x0000000085f00000, 0x0000000086000000|  0%| F|  |TAMS 0x0000000085f00000, 0x0000000085f00000| Untracked 
|  52|0x0000000086000000, 0x0000000086000000, 0x0000000086100000|  0%| F|  |TAMS 0x0000000086000000, 0x0000000086000000| Untracked 
|  53|0x0000000086100000, 0x0000000086100000, 0x0000000086200000|  0%| F|  |TAMS 0x0000000086100000, 0x0000000086100000| Untracked 
|  54|0x0000000086200000, 0x0000000086200000, 0x0000000086300000|  0%| F|  |TAMS 0x0000000086200000, 0x0000000086200000| Untracked 
|  55|0x0000000086300000, 0x0000000086300000, 0x0000000086400000|  0%| F|  |TAMS 0x0000000086300000, 0x0000000086300000| Untracked 
|  56|0x0000000086400000, 0x0000000086400000, 0x0000000086500000|  0%| F|  |TAMS 0x0000000086400000, 0x0000000086400000| Untracked 
|  57|0x0000000086500000, 0x0000000086500000, 0x0000000086600000|  0%| F|  |TAMS 0x0000000086500000, 0x0000000086500000| Untracked 
|  58|0x0000000086600000, 0x0000000086600000, 0x0000000086700000|  0%| F|  |TAMS 0x0000000086600000, 0x0000000086600000| Untracked 
|  59|0x0000000086700000, 0x0000000086700000, 0x0000000086800000|  0%| F|  |TAMS 0x0000000086700000, 0x0000000086700000| Untracked 
|  60|0x0000000086800000, 0x0000000086800000, 0x0000000086900000|  0%| F|  |TAMS 0x0000000086800000, 0x0000000086800000| Untracked 
|  61|0x0000000086900000, 0x0000000086900000, 0x0000000086a00000|  0%| F|  |TAMS 0x0000000086900000, 0x0000000086900000| Untracked 
|  62|0x0000000086a00000, 0x0000000086a00000, 0x0000000086b00000|  0%| F|  |TAMS 0x0000000086a00000, 0x0000000086a00000| Untracked 
|  63|0x0000000086b00000, 0x0000000086b00000, 0x0000000086c00000|  0%| F|  |TAMS 0x0000000086b00000, 0x0000000086b00000| Untracked 
|  64|0x0000000086c00000, 0x0000000086c00000, 0x0000000086d00000|  0%| F|  |TAMS 0x0000000086c00000, 0x0000000086c00000| Untracked 
|  65|0x0000000086d00000, 0x0000000086d00000, 0x0000000086e00000|  0%| F|  |TAMS 0x0000000086d00000, 0x0000000086d00000| Untracked 
|  66|0x0000000086e00000, 0x0000000086e00000, 0x0000000086f00000|  0%| F|  |TAMS 0x0000000086e00000, 0x0000000086e00000| Untracked 
|  67|0x0000000086f00000, 0x0000000086f00000, 0x0000000087000000|  0%| F|  |TAMS 0x0000000086f00000, 0x0000000086f00000| Untracked 
|  68|0x0000000087000000, 0x0000000087000000, 0x0000000087100000|  0%| F|  |TAMS 0x0000000087000000, 0x0000000087000000| Untracked 
|  69|0x0000000087100000, 0x0000000087100000, 0x0000000087200000|  0%| F|  |TAMS 0x0000000087100000, 0x0000000087100000| Untracked 
|  70|0x0000000087200000, 0x0000000087200000, 0x0000000087300000|  0%| F|  |TAMS 0x0000000087200000, 0x0000000087200000| Untracked 
|  71|0x0000000087300000, 0x0000000087300000, 0x0000000087400000|  0%| F|  |TAMS 0x0000000087300000, 0x0000000087300000| Untracked 
|  72|0x0000000087400000, 0x0000000087400000, 0x0000000087500000|  0%| F|  |TAMS 0x0000000087400000, 0x0000000087400000| Untracked 
|  73|0x0000000087500000, 0x0000000087500000, 0x0000000087600000|  0%| F|  |TAMS 0x0000000087500000, 0x0000000087500000| Untracked 
|  74|0x0000000087600000, 0x0000000087600000, 0x0000000087700000|  0%| F|  |TAMS 0x0000000087600000, 0x0000000087600000| Untracked 
|  75|0x0000000087700000, 0x0000000087700000, 0x0000000087800000|  0%| F|  |TAMS 0x0000000087700000, 0x0000000087700000| Untracked 
|  76|0x0000000087800000, 0x0000000087800000, 0x0000000087900000|  0%| F|  |TAMS 0x0000000087800000, 0x0000000087800000| Untracked 
|  77|0x0000000087900000, 0x0000000087900000, 0x0000000087a00000|  0%| F|  |TAMS 0x0000000087900000, 0x0000000087900000| Untracked 
|  78|0x0000000087a00000, 0x0000000087a00000, 0x0000000087b00000|  0%| F|  |TAMS 0x0000000087a00000, 0x0000000087a00000| Untracked 
|  79|0x0000000087b00000, 0x0000000087b00000, 0x0000000087c00000|  0%| F|  |TAMS 0x0000000087b00000, 0x0000000087b00000| Untracked 
|  80|0x0000000087c00000, 0x0000000087c00000, 0x0000000087d00000|  0%| F|  |TAMS 0x0000000087c00000, 0x0000000087c00000| Untracked 
|  81|0x0000000087d00000, 0x0000000087d00000, 0x0000000087e00000|  0%| F|  |TAMS 0x0000000087d00000, 0x0000000087d00000| Untracked 
|  82|0x0000000087e00000, 0x0000000087e00000, 0x0000000087f00000|  0%| F|  |TAMS 0x0000000087e00000, 0x0000000087e00000| Untracked 
|  83|0x0000000087f00000, 0x0000000087f00000, 0x0000000088000000|  0%| F|  |TAMS 0x0000000087f00000, 0x0000000087f00000| Untracked 
|  84|0x0000000088000000, 0x0000000088000000, 0x0000000088100000|  0%| F|  |TAMS 0x0000000088000000, 0x0000000088000000| Untracked 
|  85|0x0000000088100000, 0x0000000088100000, 0x0000000088200000|  0%| F|  |TAMS 0x0000000088100000, 0x0000000088100000| Untracked 
|  86|0x0000000088200000, 0x0000000088200000, 0x0000000088300000|  0%| F|  |TAMS 0x0000000088200000, 0x0000000088200000| Untracked 
|  87|0x0000000088300000, 0x0000000088300000, 0x0000000088400000|  0%| F|  |TAMS 0x0000000088300000, 0x0000000088300000| Untracked 
|  88|0x0000000088400000, 0x0000000088400000, 0x0000000088500000|  0%| F|  |TAMS 0x0000000088400000, 0x0000000088400000| Untracked 
|  89|0x0000000088500000, 0x0000000088500000, 0x0000000088600000|  0%| F|  |TAMS 0x0000000088500000, 0x0000000088500000| Untracked 
|  90|0x0000000088600000, 0x0000000088600000, 0x0000000088700000|  0%| F|  |TAMS 0x0000000088600000, 0x0000000088600000| Untracked 
|  91|0x0000000088700000, 0x0000000088700000, 0x0000000088800000|  0%| F|  |TAMS 0x0000000088700000, 0x0000000088700000| Untracked 
|  92|0x0000000088800000, 0x0000000088800000, 0x0000000088900000|  0%| F|  |TAMS 0x0000000088800000, 0x0000000088800000| Untracked 
|  93|0x0000000088900000, 0x0000000088900000, 0x0000000088a00000|  0%| F|  |TAMS 0x0000000088900000, 0x0000000088900000| Untracked 
|  94|0x0000000088a00000, 0x0000000088a00000, 0x0000000088b00000|  0%| F|  |TAMS 0x0000000088a00000, 0x0000000088a00000| Untracked 
|  95|0x0000000088b00000, 0x0000000088b00000, 0x0000000088c00000|  0%| F|  |TAMS 0x0000000088b00000, 0x0000000088b00000| Untracked 
|  96|0x0000000088c00000, 0x0000000088c00000, 0x0000000088d00000|  0%| F|  |TAMS 0x0000000088c00000, 0x0000000088c00000| Untracked 
|  97|0x0000000088d00000, 0x0000000088ddb210, 0x0000000088e00000| 85%| S|CS|TAMS 0x0000000088d00000, 0x0000000088d00000| Complete 
|  98|0x0000000088e00000, 0x0000000088f00000, 0x0000000088f00000|100%| S|CS|TAMS 0x0000000088e00000, 0x0000000088e00000| Complete 
|  99|0x0000000088f00000, 0x0000000089000000, 0x0000000089000000|100%| S|CS|TAMS 0x0000000088f00000, 0x0000000088f00000| Complete 
| 100|0x0000000089000000, 0x0000000089000000, 0x0000000089100000|  0%| F|  |TAMS 0x0000000089000000, 0x0000000089000000| Untracked 
| 101|0x0000000089100000, 0x0000000089100000, 0x0000000089200000|  0%| F|  |TAMS 0x0000000089100000, 0x0000000089100000| Untracked 
| 102|0x0000000089200000, 0x0000000089200000, 0x0000000089300000|  0%| F|  |TAMS 0x0000000089200000, 0x0000000089200000| Untracked 
| 103|0x0000000089300000, 0x0000000089300000, 0x0000000089400000|  0%| F|  |TAMS 0x0000000089300000, 0x0000000089300000| Untracked 
| 104|0x0000000089400000, 0x0000000089400000, 0x0000000089500000|  0%| F|  |TAMS 0x0000000089400000, 0x0000000089400000| Untracked 
| 105|0x0000000089500000, 0x0000000089500000, 0x0000000089600000|  0%| F|  |TAMS 0x0000000089500000, 0x0000000089500000| Untracked 
| 106|0x0000000089600000, 0x0000000089600000, 0x0000000089700000|  0%| F|  |TAMS 0x0000000089600000, 0x0000000089600000| Untracked 
| 107|0x0000000089700000, 0x0000000089700000, 0x0000000089800000|  0%| F|  |TAMS 0x0000000089700000, 0x0000000089700000| Untracked 
| 108|0x0000000089800000, 0x0000000089800000, 0x0000000089900000|  0%| F|  |TAMS 0x0000000089800000, 0x0000000089800000| Untracked 
| 109|0x0000000089900000, 0x0000000089900000, 0x0000000089a00000|  0%| F|  |TAMS 0x0000000089900000, 0x0000000089900000| Untracked 
| 110|0x0000000089a00000, 0x0000000089a00000, 0x0000000089b00000|  0%| F|  |TAMS 0x0000000089a00000, 0x0000000089a00000| Untracked 
| 111|0x0000000089b00000, 0x0000000089b00000, 0x0000000089c00000|  0%| F|  |TAMS 0x0000000089b00000, 0x0000000089b00000| Untracked 
| 112|0x0000000089c00000, 0x0000000089c00000, 0x0000000089d00000|  0%| F|  |TAMS 0x0000000089c00000, 0x0000000089c00000| Untracked 
| 113|0x0000000089d00000, 0x0000000089d00000, 0x0000000089e00000|  0%| F|  |TAMS 0x0000000089d00000, 0x0000000089d00000| Untracked 
| 114|0x0000000089e00000, 0x0000000089e00000, 0x0000000089f00000|  0%| F|  |TAMS 0x0000000089e00000, 0x0000000089e00000| Untracked 
| 115|0x0000000089f00000, 0x0000000089f00000, 0x000000008a000000|  0%| F|  |TAMS 0x0000000089f00000, 0x0000000089f00000| Untracked 
| 116|0x000000008a000000, 0x000000008a000000, 0x000000008a100000|  0%| F|  |TAMS 0x000000008a000000, 0x000000008a000000| Untracked 
| 117|0x000000008a100000, 0x000000008a100000, 0x000000008a200000|  0%| F|  |TAMS 0x000000008a100000, 0x000000008a100000| Untracked 
| 118|0x000000008a200000, 0x000000008a200000, 0x000000008a300000|  0%| F|  |TAMS 0x000000008a200000, 0x000000008a200000| Untracked 
| 119|0x000000008a300000, 0x000000008a300000, 0x000000008a400000|  0%| F|  |TAMS 0x000000008a300000, 0x000000008a300000| Untracked 
| 120|0x000000008a400000, 0x000000008a400000, 0x000000008a500000|  0%| F|  |TAMS 0x000000008a400000, 0x000000008a400000| Untracked 
| 121|0x000000008a500000, 0x000000008a5f61f8, 0x000000008a600000| 96%| E|  |TAMS 0x000000008a500000, 0x000000008a500000| Complete 
| 122|0x000000008a600000, 0x000000008a700000, 0x000000008a700000|100%| E|CS|TAMS 0x000000008a600000, 0x000000008a600000| Complete 
| 123|0x000000008a700000, 0x000000008a800000, 0x000000008a800000|100%| E|CS|TAMS 0x000000008a700000, 0x000000008a700000| Complete 
| 124|0x000000008a800000, 0x000000008a900000, 0x000000008a900000|100%| E|CS|TAMS 0x000000008a800000, 0x000000008a800000| Complete 
| 125|0x000000008a900000, 0x000000008aa00000, 0x000000008aa00000|100%| E|CS|TAMS 0x000000008a900000, 0x000000008a900000| Complete 

Card table byte_map: [0x00000210faee0000,0x00000210fb2d0000] _byte_map_base: 0x00000210faaca000

Marking Bits (Prev, Next): (CMBitMap*) 0x00000210f334d930, (CMBitMap*) 0x00000210f334d970
 Prev Bits: [0x00000210fb6c0000, 0x00000210fd610000)
 Next Bits: [0x00000210fd610000, 0x00000210ff560000)

Polling page: 0x00000210f2ad0000

Metaspace:

Usage:
  Non-class:     10.64 MB used.
      Class:      1.64 MB used.
       Both:     12.29 MB used.

Virtual space:
  Non-class space:       16.00 MB reserved,      10.81 MB ( 68%) committed,  2 nodes.
      Class space:        1.00 GB reserved,       1.69 MB ( <1%) committed,  1 nodes.
             Both:        1.02 GB reserved,      12.50 MB (  1%) committed. 

Chunk freelists:
   Non-Class:  1008.00 KB
       Class:  2.17 MB
        Both:  3.16 MB

MaxMetaspaceSize: unlimited
CompressedClassSpaceSize: 1.00 GB
Initial GC threshold: 21.00 MB
Current GC threshold: 21.00 MB
CDS: on
MetaspaceReclaimPolicy: balanced
 - commit_granule_bytes: 65536.
 - commit_granule_words: 8192.
 - virtual_space_node_default_size: 1048576.
 - enlarge_chunks_in_place: 1.
 - new_chunks_are_fully_committed: 0.
 - uncommit_free_chunks: 1.
 - use_allocation_guard: 0.
 - handle_deallocations: 1.


Internal statistics:

num_allocs_failed_limit: 0.
num_arena_births: 184.
num_arena_deaths: 0.
num_vsnodes_births: 3.
num_vsnodes_deaths: 0.
num_space_committed: 201.
num_space_uncommitted: 0.
num_chunks_returned_to_freelist: 0.
num_chunks_taken_from_freelist: 584.
num_chunk_merges: 0.
num_chunk_splits: 391.
num_chunks_enlarged: 302.
num_purges: 0.
num_inconsistent_stats: 0.

CodeHeap 'non-profiled nmethods': size=120000Kb used=623Kb max_used=623Kb free=119376Kb
 bounds [0x0000021087ad0000, 0x0000021087d40000, 0x000002108f000000]
CodeHeap 'profiled nmethods': size=120000Kb used=3230Kb max_used=3230Kb free=116769Kb
 bounds [0x00000210805a0000, 0x00000210808d0000, 0x0000021087ad0000]
CodeHeap 'non-nmethods': size=5760Kb used=1182Kb max_used=1221Kb free=4577Kb
 bounds [0x0000021080000000, 0x0000021080270000, 0x00000210805a0000]
 total_blobs=2215 nmethods=1739 adapters=389
 compilation: enabled
              stopped_count=0, restarted_count=0
 full_count=0

Compilation events (20 events):
Event: 2.325 Thread 0x00000210ffa149f0 1728       3       java.lang.invoke.InfoFromMemberName::getName (8 bytes)
Event: 2.325 Thread 0x00000210ffa149f0 nmethod 1728 0x00000210808b6c10 code [0x00000210808b6de0, 0x00000210808b71c8]
Event: 2.325 Thread 0x00000210ffa149f0 1729       3       java.lang.invoke.InfoFromMemberName::getMethodType (8 bytes)
Event: 2.326 Thread 0x00000210ffa149f0 nmethod 1729 0x00000210808b7310 code [0x00000210808b74c0, 0x00000210808b7608]
Event: 2.327 Thread 0x00000210ffa149f0 1730       3       java.lang.invoke.BootstrapMethodInvoker::isLambdaMetafactoryIndyBSM (13 bytes)
Event: 2.327 Thread 0x00000210ffa149f0 nmethod 1730 0x00000210808b7710 code [0x00000210808b78a0, 0x00000210808b79f8]
Event: 2.327 Thread 0x00000210ffa149f0 1731       3       java.lang.invoke.InnerClassLambdaMetafactory::<init> (258 bytes)
Event: 2.331 Thread 0x00000210ffa149f0 nmethod 1731 0x00000210808b7a90 code [0x00000210808b7ea0, 0x00000210808b9dd8]
Event: 2.331 Thread 0x00000210ffa149f0 1732   !   3       java.lang.invoke.AbstractValidatingLambdaMetafactory::<init> (544 bytes)
Event: 2.341 Thread 0x00000210ffa149f0 nmethod 1732 0x00000210808ba890 code [0x00000210808bb200, 0x00000210808c0f28]
Event: 2.341 Thread 0x00000210ffa149f0 1733       3       java.lang.invoke.InfoFromMemberName::<init> (72 bytes)
Event: 2.342 Thread 0x00000210ffa149f0 nmethod 1733 0x00000210808c2d10 code [0x00000210808c2ec0, 0x00000210808c3098]
Event: 2.342 Thread 0x00000210ffa149f0 1735       3       java.lang.Short::<init> (10 bytes)
Event: 2.343 Thread 0x00000210ffa149f0 nmethod 1735 0x00000210808c3190 code [0x00000210808c3340, 0x00000210808c3518]
Event: 2.349 Thread 0x00000210ffa149f0 1736       3       java.lang.invoke.Invokers$Holder::invokeExact_MT (32 bytes)
Event: 2.350 Thread 0x00000210ffa149f0 nmethod 1736 0x00000210808c3610 code [0x00000210808c3820, 0x00000210808c4158]
Event: 2.350 Thread 0x00000210ffa149f0 1737       3       java.lang.invoke.LambdaMetafactory::metafactory (71 bytes)
Event: 2.351 Thread 0x00000210ffa149f0 nmethod 1737 0x00000210808c4390 code [0x00000210808c4620, 0x00000210808c5168]
Event: 2.351 Thread 0x00000210ffa149f0 1739       3       java.lang.ClassLoader::definePackage (53 bytes)
Event: 2.352 Thread 0x00000210ffa149f0 nmethod 1739 0x00000210808c5690 code [0x00000210808c5880, 0x00000210808c5dd8]

GC Heap History (6 events):
Event: 0.845 GC heap before
{Heap before GC invocations=0 (full 0):
 garbage-first heap   total 129024K, used 13312K [0x0000000082c00000, 0x0000000100000000)
  region size 1024K, 13 young (13312K), 0 survivors (0K)
 Metaspace       used 2695K, committed 2880K, reserved 1056768K
  class space    used 267K, committed 384K, reserved 1048576K
}
Event: 0.851 GC heap after
{Heap after GC invocations=1 (full 0):
 garbage-first heap   total 129024K, used 6465K [0x0000000082c00000, 0x0000000100000000)
  region size 1024K, 2 young (2048K), 2 survivors (2048K)
 Metaspace       used 2695K, committed 2880K, reserved 1056768K
  class space    used 267K, committed 384K, reserved 1048576K
}
Event: 1.365 GC heap before
{Heap before GC invocations=1 (full 0):
 garbage-first heap   total 129024K, used 16705K [0x0000000082c00000, 0x0000000100000000)
  region size 1024K, 12 young (12288K), 2 survivors (2048K)
 Metaspace       used 5798K, committed 6016K, reserved 1056768K
  class space    used 660K, committed 768K, reserved 1048576K
}
Event: 1.372 GC heap after
{Heap after GC invocations=2 (full 0):
 garbage-first heap   total 129024K, used 7683K [0x0000000082c00000, 0x0000000100000000)
  region size 1024K, 2 young (2048K), 2 survivors (2048K)
 Metaspace       used 5798K, committed 6016K, reserved 1056768K
  class space    used 660K, committed 768K, reserved 1048576K
}
Event: 2.257 GC heap before
{Heap before GC invocations=2 (full 0):
 garbage-first heap   total 129024K, used 32259K [0x0000000082c00000, 0x0000000100000000)
  region size 1024K, 26 young (26624K), 2 survivors (2048K)
 Metaspace       used 11538K, committed 11712K, reserved 1064960K
  class space    used 1530K, committed 1600K, reserved 1048576K
}
Event: 2.263 GC heap after
{Heap after GC invocations=3 (full 0):
 garbage-first heap   total 129024K, used 9531K [0x0000000082c00000, 0x0000000100000000)
  region size 1024K, 3 young (3072K), 3 survivors (3072K)
 Metaspace       used 11538K, committed 11712K, reserved 1064960K
  class space    used 1530K, committed 1600K, reserved 1048576K
}

Deoptimization events (20 events):
Event: 1.927 Thread 0x00000210f3310780 Uncommon trap: trap_request=0xffffff45 fr.pc=0x0000021087b380cc relative=0x0000000000000c2c
Event: 1.927 Thread 0x00000210f3310780 Uncommon trap: reason=unstable_if action=reinterpret pc=0x0000021087b380cc method=java.util.concurrent.ConcurrentHashMap.addCount(JI)V @ 34 c2
Event: 1.927 Thread 0x00000210f3310780 DEOPT PACKING pc=0x0000021087b380cc sp=0x00000070fa2faf90
Event: 1.927 Thread 0x00000210f3310780 DEOPT UNPACKING pc=0x000002108005239d sp=0x00000070fa2fae50 mode 2
Event: 1.928 Thread 0x0000021091ebebb0 Uncommon trap: trap_request=0xffffff45 fr.pc=0x0000021087b33194 relative=0x0000000000000154
Event: 1.928 Thread 0x0000021091ebebb0 Uncommon trap: reason=unstable_if action=reinterpret pc=0x0000021087b33194 method=java.util.concurrent.ConcurrentHashMap.addCount(JI)V @ 7 c2
Event: 1.928 Thread 0x0000021091ebebb0 DEOPT PACKING pc=0x0000021087b33194 sp=0x00000070fbaf9410
Event: 1.928 Thread 0x0000021091ebebb0 DEOPT UNPACKING pc=0x000002108005239d sp=0x00000070fbaf9370 mode 2
Event: 2.052 Thread 0x00000210f3310780 Uncommon trap: trap_request=0xffffffc6 fr.pc=0x0000021087b23fe0 relative=0x0000000000000580
Event: 2.052 Thread 0x00000210f3310780 Uncommon trap: reason=bimorphic_or_optimized_type_check action=maybe_recompile pc=0x0000021087b23fe0 method=java.util.concurrent.ConcurrentHashMap.get(Ljava/lang/Object;)Ljava/lang/Object; @ 149 c2
Event: 2.052 Thread 0x00000210f3310780 DEOPT PACKING pc=0x0000021087b23fe0 sp=0x00000070fa2fe7a0
Event: 2.052 Thread 0x00000210f3310780 DEOPT UNPACKING pc=0x000002108005239d sp=0x00000070fa2fe740 mode 2
Event: 2.099 Thread 0x00000210f3310780 Uncommon trap: trap_request=0xffffff45 fr.pc=0x0000021087b2693c relative=0x00000000000011dc
Event: 2.099 Thread 0x00000210f3310780 Uncommon trap: reason=unstable_if action=reinterpret pc=0x0000021087b2693c method=java.io.WinNTFileSystem.normalize(Ljava/lang/String;II)Ljava/lang/String; @ 87 c2
Event: 2.099 Thread 0x00000210f3310780 DEOPT PACKING pc=0x0000021087b2693c sp=0x00000070fa2fedc0
Event: 2.099 Thread 0x00000210f3310780 DEOPT UNPACKING pc=0x000002108005239d sp=0x00000070fa2fecf8 mode 2
Event: 2.186 Thread 0x00000210f3310780 Uncommon trap: trap_request=0xffffff45 fr.pc=0x0000021087b36d94 relative=0x00000000000002f4
Event: 2.186 Thread 0x00000210f3310780 Uncommon trap: reason=unstable_if action=reinterpret pc=0x0000021087b36d94 method=jdk.internal.org.objectweb.asm.SymbolTable.put(Ljdk/internal/org/objectweb/asm/SymbolTable$Entry;)Ljdk/internal/org/objectweb/asm/SymbolTable$Entry; @ 13 c2
Event: 2.186 Thread 0x00000210f3310780 DEOPT PACKING pc=0x0000021087b36d94 sp=0x00000070fa2fd8a0
Event: 2.186 Thread 0x00000210f3310780 DEOPT UNPACKING pc=0x000002108005239d sp=0x00000070fa2fd820 mode 2

Classes unloaded (0 events):
No events

Classes redefined (0 events):
No events

Internal exceptions (20 events):
Event: 1.533 Thread 0x00000210f3310780 Exception <a 'java/lang/NoSuchMethodError'{0x000000008a698be8}: 'java.lang.Object java.lang.invoke.DirectMethodHandle$Holder.invokeSpecial(java.lang.Object, java.lang.Object, java.lang.Object, java.lang.Object, java.lang.Object, java.lang.Object, int)'> (0x000000008a698be8) 
thrown [t:\workspace\open\src\hotspot\share\interpreter\linkResolver.cpp, line 766]
Event: 1.534 Thread 0x00000210f3310780 Exception <a 'java/lang/NoSuchMethodError'{0x000000008a6a3150}: 'java.lang.Object java.lang.invoke.DirectMethodHandle$Holder.newInvokeSpecial(java.lang.Object, java.lang.Object, java.lang.Object, java.lang.Object, java.lang.Object, java.lang.Object, int)'> (0x000000008a6a3150) 
thrown [t:\workspace\open\src\hotspot\share\interpreter\linkResolver.cpp, line 766]
Event: 1.535 Thread 0x00000210f3310780 Exception <a 'java/lang/NoSuchMethodError'{0x000000008a6a8190}: 'java.lang.Object java.lang.invoke.DirectMethodHandle$Holder.invokeSpecial(java.lang.Object, java.lang.Object, java.lang.Object, java.lang.Object, java.lang.Object, java.lang.Object, java.lang.Object, int)'> (0x000000008a6a8190) 
thrown [t:\workspace\open\src\hotspot\share\interpreter\linkResolver.cpp, line 766]
Event: 1.590 Thread 0x00000210f3310780 Exception <a 'java/lang/NoSuchMethodError'{0x000000008a5d5880}: 'int java.lang.invoke.DirectMethodHandle$Holder.invokeInterface(java.lang.Object, java.lang.Object)'> (0x000000008a5d5880) 
thrown [t:\workspace\open\src\hotspot\share\interpreter\linkResolver.cpp, line 766]
Event: 1.601 Thread 0x00000210f3310780 Exception <a 'java/lang/NoSuchMethodError'{0x000000008a5faf60}: 'void java.lang.invoke.DirectMethodHandle$Holder.invokeSpecial(java.lang.Object, java.lang.Object, java.lang.Object, java.lang.Object, java.lang.Object)'> (0x000000008a5faf60) 
thrown [t:\workspace\open\src\hotspot\share\interpreter\linkResolver.cpp, line 766]
Event: 1.652 Thread 0x00000210f3310780 Exception <a 'java/lang/NoSuchMethodError'{0x000000008a4d6ea0}: 'java.lang.Object java.lang.invoke.DirectMethodHandle$Holder.invokeSpecial(java.lang.Object, java.lang.Object, java.lang.Object, int, java.lang.Object)'> (0x000000008a4d6ea0) 
thrown [t:\workspace\open\src\hotspot\share\interpreter\linkResolver.cpp, line 766]
Event: 1.654 Thread 0x00000210f3310780 Exception <a 'java/lang/NoSuchMethodError'{0x000000008a4df500}: 'java.lang.Object java.lang.invoke.DirectMethodHandle$Holder.newInvokeSpecial(java.lang.Object, java.lang.Object, java.lang.Object, int, java.lang.Object)'> (0x000000008a4df500) 
thrown [t:\workspace\open\src\hotspot\share\interpreter\linkResolver.cpp, line 766]
Event: 1.655 Thread 0x00000210f3310780 Exception <a 'java/lang/NoSuchMethodError'{0x000000008a4e6ed0}: 'java.lang.Object java.lang.invoke.Invokers$Holder.linkToTargetMethod(java.lang.Object, java.lang.Object, int, java.lang.Object, java.lang.Object)'> (0x000000008a4e6ed0) 
thrown [t:\workspace\open\src\hotspot\share\interpreter\linkResolver.cpp, line 766]
Event: 1.658 Thread 0x00000210f3310780 Exception <a 'java/lang/NoSuchMethodError'{0x000000008a4f5f30}: 'java.lang.Object java.lang.invoke.DirectMethodHandle$Holder.newInvokeSpecial(java.lang.Object, int, java.lang.Object)'> (0x000000008a4f5f30) 
thrown [t:\workspace\open\src\hotspot\share\interpreter\linkResolver.cpp, line 766]
Event: 1.659 Thread 0x00000210f3310780 Exception <a 'java/lang/NoSuchMethodError'{0x000000008a4fac10}: 'int java.lang.invoke.DirectMethodHandle$Holder.invokeSpecialIFC(java.lang.Object, java.lang.Object, java.lang.Object, java.lang.Object)'> (0x000000008a4fac10) 
thrown [t:\workspace\open\src\hotspot\share\interpreter\linkResolver.cpp, line 766]
Event: 1.706 Thread 0x00000210f3310780 Exception <a 'java/lang/NoSuchMethodError'{0x000000008a3dd460}: 'void java.lang.invoke.DirectMethodHandle$Holder.invokeInterface(java.lang.Object, java.lang.Object, java.lang.Object)'> (0x000000008a3dd460) 
thrown [t:\workspace\open\src\hotspot\share\interpreter\linkResolver.cpp, line 766]
Event: 1.743 Thread 0x00000210f3310780 Exception <a 'java/lang/NoSuchMethodError'{0x000000008a262fb8}: 'void java.lang.invoke.DirectMethodHandle$Holder.invokeStaticInit(java.lang.Object, java.lang.Object, java.lang.Object)'> (0x000000008a262fb8) 
thrown [t:\workspace\open\src\hotspot\share\interpreter\linkResolver.cpp, line 766]
Event: 1.756 Thread 0x00000210f3310780 Exception <a 'java/lang/NoSuchMethodError'{0x000000008a2ab328}: 'java.lang.Object java.lang.invoke.DirectMethodHandle$Holder.invokeVirtual(java.lang.Object, java.lang.Object, java.lang.Object)'> (0x000000008a2ab328) 
thrown [t:\workspace\open\src\hotspot\share\interpreter\linkResolver.cpp, line 766]
Event: 1.765 Thread 0x00000210f3310780 Exception <a 'java/lang/NoSuchMethodError'{0x000000008a2cf570}: 'java.lang.Object java.lang.invoke.DirectMethodHandle$Holder.invokeStatic(java.lang.Object, java.lang.Object, long, java.lang.Object)'> (0x000000008a2cf570) 
thrown [t:\workspace\open\src\hotspot\share\interpreter\linkResolver.cpp, line 766]
Event: 1.766 Thread 0x00000210f3310780 Exception <a 'java/lang/NoSuchMethodError'{0x000000008a2d3008}: 'java.lang.Object java.lang.invoke.DirectMethodHandle$Holder.invokeStaticInit(java.lang.Object, java.lang.Object, long, java.lang.Object)'> (0x000000008a2d3008) 
thrown [t:\workspace\open\src\hotspot\share\interpreter\linkResolver.cpp, line 766]
Event: 1.767 Thread 0x00000210f3310780 Exception <a 'java/lang/NoSuchMethodError'{0x000000008a2d9748}: 'java.lang.Object java.lang.invoke.DirectMethodHandle$Holder.newInvokeSpecial(java.lang.Object, java.lang.Object, long)'> (0x000000008a2d9748) 
thrown [t:\workspace\open\src\hotspot\share\interpreter\linkResolver.cpp, line 766]
Event: 1.767 Thread 0x00000210f3310780 Exception <a 'java/lang/NoSuchMethodError'{0x000000008a2dd2b8}: 'java.lang.Object java.lang.invoke.Invokers$Holder.linkToTargetMethod(java.lang.Object, long, java.lang.Object)'> (0x000000008a2dd2b8) 
thrown [t:\workspace\open\src\hotspot\share\interpreter\linkResolver.cpp, line 766]
Event: 1.794 Thread 0x00000210f3310780 Exception <a 'java/lang/NoSuchMethodError'{0x000000008a1364a8}: 'void java.lang.invoke.DirectMethodHandle$Holder.invokeVirtual(java.lang.Object, java.lang.Object, java.lang.Object, java.lang.Object)'> (0x000000008a1364a8) 
thrown [t:\workspace\open\src\hotspot\share\interpreter\linkResolver.cpp, line 766]
Event: 1.871 Thread 0x00000210f3310780 Exception <a 'java/lang/NoSuchMethodError'{0x000000008a087610}: 'void java.lang.invoke.DirectMethodHandle$Holder.invokeSpecial(java.lang.Object, java.lang.Object, java.lang.Object)'> (0x000000008a087610) 
thrown [t:\workspace\open\src\hotspot\share\interpreter\linkResolver.cpp, line 766]
Event: 1.891 Thread 0x00000210f3310780 Exception <a 'java/lang/IncompatibleClassChangeError'{0x000000008a0b8878}: Found class java.lang.Object, but interface was expected> (0x000000008a0b8878) 
thrown [t:\workspace\open\src\hotspot\share\interpreter\linkResolver.cpp, line 833]

VM Operations (20 events):
Event: 0.628 Executing VM operation: HandshakeAllThreads
Event: 0.628 Executing VM operation: HandshakeAllThreads done
Event: 0.845 Executing VM operation: G1CollectForAllocation
Event: 0.851 Executing VM operation: G1CollectForAllocation done
Event: 1.237 Executing VM operation: HandshakeAllThreads
Event: 1.237 Executing VM operation: HandshakeAllThreads done
Event: 1.365 Executing VM operation: G1CollectForAllocation
Event: 1.372 Executing VM operation: G1CollectForAllocation done
Event: 1.617 Executing VM operation: HandshakeAllThreads
Event: 1.617 Executing VM operation: HandshakeAllThreads done
Event: 1.860 Executing VM operation: HandshakeAllThreads
Event: 1.860 Executing VM operation: HandshakeAllThreads done
Event: 1.866 Executing VM operation: HandshakeAllThreads
Event: 1.866 Executing VM operation: HandshakeAllThreads done
Event: 1.867 Executing VM operation: HandshakeAllThreads
Event: 1.867 Executing VM operation: HandshakeAllThreads done
Event: 1.879 Executing VM operation: ICBufferFull
Event: 1.879 Executing VM operation: ICBufferFull done
Event: 2.257 Executing VM operation: G1CollectForAllocation
Event: 2.263 Executing VM operation: G1CollectForAllocation done

Events (20 events):
Event: 2.178 loading class java/lang/annotation/Repeatable
Event: 2.178 loading class java/lang/annotation/Repeatable done
Event: 2.185 loading class sun/reflect/generics/tree/BooleanSignature
Event: 2.185 loading class sun/reflect/generics/tree/BooleanSignature done
Event: 2.185 loading class sun/reflect/generics/tree/DoubleSignature
Event: 2.186 loading class sun/reflect/generics/tree/DoubleSignature done
Event: 2.186 loading class sun/reflect/generics/tree/FloatSignature
Event: 2.186 loading class sun/reflect/generics/tree/FloatSignature done
Event: 2.186 loading class sun/reflect/generics/tree/IntSignature
Event: 2.186 loading class sun/reflect/generics/tree/IntSignature done
Event: 2.187 loading class sun/reflect/generics/tree/LongSignature
Event: 2.187 loading class sun/reflect/generics/tree/LongSignature done
Event: 2.187 loading class sun/reflect/generics/tree/ShortSignature
Event: 2.187 loading class sun/reflect/generics/tree/ShortSignature done
Event: 2.342 loading class java/lang/Byte$ByteCache
Event: 2.342 loading class java/lang/Byte$ByteCache done
Event: 2.342 loading class java/lang/Short$ShortCache
Event: 2.342 loading class java/lang/Short$ShortCache done
Event: 2.349 loading class java/lang/invoke/DirectMethodHandle$Special
Event: 2.349 loading class java/lang/invoke/DirectMethodHandle$Special done


Dynamic libraries:
0x00007ff7cecb0000 - 0x00007ff7cecbe000 	C:\Program Files\jdk-17\bin\java.exe
0x00007ffaf03b0000 - 0x00007ffaf05c7000 	C:\WINDOWS\SYSTEM32\ntdll.dll
0x00007ffaeee20000 - 0x00007ffaeeee4000 	C:\WINDOWS\System32\KERNEL32.DLL
0x00007ffaed910000 - 0x00007ffaedcbd000 	C:\WINDOWS\System32\KERNELBASE.dll
0x00007ffaeddd0000 - 0x00007ffaedee1000 	C:\WINDOWS\System32\ucrtbase.dll
0x00007ffadd910000 - 0x00007ffadd92a000 	C:\Program Files\jdk-17\bin\VCRUNTIME140.dll
0x00007ffadd5b0000 - 0x00007ffadd5c8000 	C:\Program Files\jdk-17\bin\jli.dll
0x00007ffaef960000 - 0x00007ffaefb0e000 	C:\WINDOWS\System32\USER32.dll
0x00007ffaed8e0000 - 0x00007ffaed906000 	C:\WINDOWS\System32\win32u.dll
0x00007ffaefc30000 - 0x00007ffaefc59000 	C:\WINDOWS\System32\GDI32.dll
0x00007ffacd8d0000 - 0x00007ffacdb63000 	C:\WINDOWS\WinSxS\amd64_microsoft.windows.common-controls_6595b64144ccf1df_6.0.22621.3672_none_2713b9d173822955\COMCTL32.dll
0x00007ffaed7c0000 - 0x00007ffaed8d9000 	C:\WINDOWS\System32\gdi32full.dll
0x00007ffaee680000 - 0x00007ffaee727000 	C:\WINDOWS\System32\msvcrt.dll
0x00007ffaedcc0000 - 0x00007ffaedd5a000 	C:\WINDOWS\System32\msvcp_win.dll
0x00007ffaee790000 - 0x00007ffaee7c1000 	C:\WINDOWS\System32\IMM32.DLL
0x00007ffaddbe0000 - 0x00007ffaddbec000 	C:\Program Files\jdk-17\bin\vcruntime140_1.dll
0x00007ffaac7a0000 - 0x00007ffaac82d000 	C:\Program Files\jdk-17\bin\msvcp140.dll
0x00007ffa9dc60000 - 0x00007ffa9e81e000 	C:\Program Files\jdk-17\bin\server\jvm.dll
0x00007ffaee5c0000 - 0x00007ffaee672000 	C:\WINDOWS\System32\ADVAPI32.dll
0x00007ffaee990000 - 0x00007ffaeea39000 	C:\WINDOWS\System32\sechost.dll
0x00007ffaed790000 - 0x00007ffaed7b8000 	C:\WINDOWS\System32\bcrypt.dll
0x00007ffaefb10000 - 0x00007ffaefc24000 	C:\WINDOWS\System32\RPCRT4.dll
0x00007ffaee980000 - 0x00007ffaee988000 	C:\WINDOWS\System32\PSAPI.DLL
0x00007ffad7840000 - 0x00007ffad7849000 	C:\WINDOWS\SYSTEM32\WSOCK32.dll
0x00007ffaeeba0000 - 0x00007ffaeec11000 	C:\WINDOWS\System32\WS2_32.dll
0x00007ffaddf50000 - 0x00007ffaddf5a000 	C:\WINDOWS\SYSTEM32\VERSION.dll
0x00007ffae6570000 - 0x00007ffae65a4000 	C:\WINDOWS\SYSTEM32\WINMM.dll
0x00007ffaec6c0000 - 0x00007ffaec6d8000 	C:\WINDOWS\SYSTEM32\kernel.appcore.dll
0x00007ffadd760000 - 0x00007ffadd76a000 	C:\Program Files\jdk-17\bin\jimage.dll
0x00007ffaeaf00000 - 0x00007ffaeb132000 	C:\WINDOWS\SYSTEM32\DBGHELP.DLL
0x00007ffaefda0000 - 0x00007ffaf012d000 	C:\WINDOWS\System32\combase.dll
0x00007ffaefc60000 - 0x00007ffaefd37000 	C:\WINDOWS\System32\OLEAUT32.dll
0x00007ffade800000 - 0x00007ffade832000 	C:\WINDOWS\SYSTEM32\dbgcore.DLL
0x00007ffaee060000 - 0x00007ffaee0db000 	C:\WINDOWS\System32\bcryptPrimitives.dll
0x00007ffae6700000 - 0x00007ffae670e000 	C:\Program Files\jdk-17\bin\instrument.dll
0x00007ffad70f0000 - 0x00007ffad7115000 	C:\Program Files\jdk-17\bin\java.dll
0x00007ffaab480000 - 0x00007ffaab556000 	C:\Program Files\jdk-17\bin\svml.dll
0x00007ffaef010000 - 0x00007ffaef877000 	C:\WINDOWS\System32\SHELL32.dll
0x00007ffaeb5d0000 - 0x00007ffaebece000 	C:\WINDOWS\SYSTEM32\windows.storage.dll
0x00007ffaeb490000 - 0x00007ffaeb5cf000 	C:\WINDOWS\SYSTEM32\wintypes.dll
0x00007ffaeed20000 - 0x00007ffaeee19000 	C:\WINDOWS\System32\SHCORE.dll
0x00007ffaee730000 - 0x00007ffaee78e000 	C:\WINDOWS\System32\shlwapi.dll
0x00007ffaed600000 - 0x00007ffaed621000 	C:\WINDOWS\SYSTEM32\profapi.dll
0x00007ffad6f40000 - 0x00007ffad6f58000 	C:\Program Files\jdk-17\bin\zip.dll
0x00007ffad70d0000 - 0x00007ffad70e9000 	C:\Program Files\jdk-17\bin\net.dll
0x00007ffae6430000 - 0x00007ffae6566000 	C:\WINDOWS\SYSTEM32\WINHTTP.dll
0x00007ffaecb30000 - 0x00007ffaecb99000 	C:\WINDOWS\system32\mswsock.dll
0x00007ffad7070000 - 0x00007ffad7085000 	C:\Program Files\jdk-17\bin\nio.dll
0x00007ffad7880000 - 0x00007ffad789a000 	C:\Program Files (x86)\JetBrains\IntelliJ IDEA Community Edition 2024.1.4\bin\breakgen64.dll

dbghelp: loaded successfully - version: 4.0.5 - missing functions: none
symbol engine: initialized successfully - sym options: 0x614 - pdb path: .;C:\Program Files\jdk-17\bin;C:\WINDOWS\SYSTEM32;C:\WINDOWS\WinSxS\amd64_microsoft.windows.common-controls_6595b64144ccf1df_6.0.22621.3672_none_2713b9d173822955;C:\Program Files\jdk-17\bin\server;C:\Program Files (x86)\JetBrains\IntelliJ IDEA Community Edition 2024.1.4\bin

VM Arguments:
jvm_args: -javaagent:C:\Program Files (x86)\JetBrains\IntelliJ IDEA Community Edition 2024.1.4\lib\idea_rt.jar=63002:C:\Program Files (x86)\JetBrains\IntelliJ IDEA Community Edition 2024.1.4\bin -Dfile.encoding=UTF-8 
java_command: com.jimsimrodev.foroconnet.ForoconnetApplication
java_class_path (initial): D:\work\foroconnet\target\classes;C:\Users\jhoan\.m2\repository\org\springframework\boot\spring-boot-starter-security\3.3.1\spring-boot-starter-security-3.3.1.jar;C:\Users\jhoan\.m2\repository\org\springframework\boot\spring-boot-starter\3.3.1\spring-boot-starter-3.3.1.jar;C:\Users\jhoan\.m2\repository\org\springframework\boot\spring-boot\3.3.1\spring-boot-3.3.1.jar;C:\Users\jhoan\.m2\repository\org\springframework\boot\spring-boot-autoconfigure\3.3.1\spring-boot-autoconfigure-3.3.1.jar;C:\Users\jhoan\.m2\repository\org\springframework\boot\spring-boot-starter-logging\3.3.1\spring-boot-starter-logging-3.3.1.jar;C:\Users\jhoan\.m2\repository\ch\qos\logback\logback-classic\1.5.6\logback-classic-1.5.6.jar;C:\Users\jhoan\.m2\repository\ch\qos\logback\logback-core\1.5.6\logback-core-1.5.6.jar;C:\Users\jhoan\.m2\repository\org\apache\logging\log4j\log4j-to-slf4j\2.23.1\log4j-to-slf4j-2.23.1.jar;C:\Users\jhoan\.m2\repository\org\apache\logging\log4j\log4j-api\2.23.1\log4j-api-2.23.1.jar;C:\Users\jhoan\.m2\repository\org\slf4j\jul-to-slf4j\2.0.13\jul-to-slf4j-2.0.13.jar;C:\Users\jhoan\.m2\repository\jakarta\annotation\jakarta.annotation-api\2.1.1\jakarta.annotation-api-2.1.1.jar;C:\Users\jhoan\.m2\repository\org\yaml\snakeyaml\2.2\snakeyaml-2.2.jar;C:\Users\jhoan\.m2\repository\org\springframework\spring-aop\6.1.10\spring-aop-6.1.10.jar;C:\Users\jhoan\.m2\repository\org\springframework\security\spring-security-config\6.3.1\spring-security-config-6.3.1.jar;C:\Users\jhoan\.m2\repository\org\springframework\security\spring-security-web\6.3.1\spring-security-web-6.3.1.jar;C:\Users\jhoan\.m2\repository\org\springframework\boot\spring-boot-starter-validation\3.3.1\spring-boot-starter-validation-3.3.1.jar;C:\Users\jhoan\.m2\repository\org\apache\tomcat\embed\tomcat-embed-el\10.1.25\tomcat-embed-el-10.1.25.jar;C:\Users\jhoan\.m2\repository\jakarta\validation\jakarta.validation-api\3.0.1\jakarta.validation-api-3.0.1.jar;C:\Users\jhoan\.m2\repository\org\
Launcher Type: SUN_STANDARD

[Global flags]
     intx CICompilerCount                          = 3                                         {product} {ergonomic}
     uint ConcGCThreads                            = 1                                         {product} {ergonomic}
     uint G1ConcRefinementThreads                  = 4                                         {product} {ergonomic}
   size_t G1HeapRegionSize                         = 1048576                                   {product} {ergonomic}
    uintx GCDrainStackTargetSize                   = 64                                        {product} {ergonomic}
   size_t InitialHeapSize                          = 132120576                                 {product} {ergonomic}
   size_t MarkStackSize                            = 4194304                                   {product} {ergonomic}
   size_t MaxHeapSize                              = 2101346304                                {product} {ergonomic}
   size_t MaxNewSize                               = 1260388352                                {product} {ergonomic}
   size_t MinHeapDeltaBytes                        = 1048576                                   {product} {ergonomic}
   size_t MinHeapSize                              = 8388608                                   {product} {ergonomic}
    uintx NonNMethodCodeHeapSize                   = 5832780                                {pd product} {ergonomic}
    uintx NonProfiledCodeHeapSize                  = 122912730                              {pd product} {ergonomic}
    uintx ProfiledCodeHeapSize                     = 122912730                              {pd product} {ergonomic}
    uintx ReservedCodeCacheSize                    = 251658240                              {pd product} {ergonomic}
     bool SegmentedCodeCache                       = true                                      {product} {ergonomic}
   size_t SoftMaxHeapSize                          = 2101346304                             {manageable} {ergonomic}
     bool UseCompressedClassPointers               = true                           {product lp64_product} {ergonomic}
     bool UseCompressedOops                        = true                           {product lp64_product} {ergonomic}
     bool UseG1GC                                  = true                                      {product} {ergonomic}
     bool UseLargePagesIndividualAllocation        = false                                  {pd product} {ergonomic}

Logging:
Log output configuration:
 #0: stdout all=warning uptime,level,tags
 #1: stderr all=off uptime,level,tags

Environment Variables:
JAVA_HOME=C:\Program Files\jdk-17
PATH=C:\WINDOWS\system32;C:\WINDOWS;C:\WINDOWS\System32\Wbem;C:\WINDOWS\System32\WindowsPowerShell\v1.0\;C:\WINDOWS\System32\OpenSSH\;C:\Program Files\jdk-17\bin;C:\Program Files\WezTerm;C:\xampp\php;C:\ProgramData\ComposerSetup\bin;C:\Program Files\Git\cmd;C:\Program Files\nodejs\;C:\Program Files\MySQL\MySQL Shell 8.0\bin\;C:\Users\jhoan\AppData\Local\Microsoft\WindowsApps;C:\Users\jhoan\AppData\Local\Programs\Microsoft VS Code\bin;C:\Users\jhoan\AppData\Local\Programs\oh-my-posh\bin;C:\Users\jhoan\AppData\Local\Microsoft\WinGet\Packages\Schniz.fnm_Microsoft.Winget.Source_8wekyb3d8bbwe;C:\Users\jhoan\AppData\Roaming\Composer\vendor\bin;C:\Users\jhoan\AppData\Roaming\npm
USERNAME=jhoan
OS=Windows_NT
PROCESSOR_IDENTIFIER=Intel64 Family 6 Model 142 Stepping 12, GenuineIntel



---------------  S Y S T E M  ---------------

OS:
 Windows 10 , 64 bit Build 22621 (10.0.22621.3958)
OS uptime: 2 days 3:48 hours
Hyper-V role detected

CPU: total 4 (initial active 4) (2 cores per cpu, 2 threads per core) family 6 model 142 stepping 12 microcode 0xf8, cx8, cmov, fxsr, ht, mmx, 3dnowpref, sse, sse2, sse3, ssse3, sse4.1, sse4.2, popcnt, lzcnt, tsc, tscinvbit, aes, erms, clmul, clflush, clflushopt, hv

Memory: 4k page, system-wide physical 8015M (835M free)
TotalPageFile size 12111M (AvailPageFile size 5M)
current process WorkingSet (physical memory assigned to process): 107M, peak: 107M
current process commit charge ("private bytes"): 236M, peak: 236M

vm_info: OpenJDK 64-Bit Server VM (17+35-2724) for windows-amd64 JRE (17+35-2724), built on Aug  5 2021 23:26:02 by "mach5one" with MS VC++ 16.8 (VS2019)

END.
