#
# There is insufficient memory for the Java Runtime Environment to continue.
# Native memory allocation (malloc) failed to allocate 1686416 bytes for Chunk::new
# Possible reasons:
#   The system is out of physical RAM or swap space
#   The process is running with CompressedOops enabled, and the Java Heap may be blocking the growth of the native heap
# Possible solutions:
#   Reduce memory load on the system
#   Increase physical memory or swap space
#   Check if swap backing store is full
#   Decrease Java heap size (-Xmx/-Xms)
#   Decrease number of Java threads
#   Decrease Java thread stack sizes (-Xss)
#   Set larger code cache with -XX:ReservedCodeCacheSize=
#   JVM is running with Unscaled Compressed Oops mode in which the Java heap is
#     placed in the first 4GB address space. The Java Heap base address is the
#     maximum limit for the native heap growth. Please use -XX:HeapBaseMinAddress
#     to set the Java Heap base and to place the Java Heap above 4GB virtual address.
# This output file may be truncated or incomplete.
#
#  Out of Memory Error (arena.cpp:189), pid=3916, tid=6932
#
# JRE version: OpenJDK Runtime Environment (17.0+35) (build 17+35-2724)
# Java VM: OpenJDK 64-Bit Server VM (17+35-2724, mixed mode, sharing, tiered, compressed oops, compressed class ptrs, g1 gc, windows-amd64)
# No core dump will be written. Minidumps are not enabled by default on client versions of Windows
#

---------------  S U M M A R Y ------------

Command Line: -javaagent:C:\Program Files (x86)\JetBrains\IntelliJ IDEA Community Edition 2024.1.4\lib\idea_rt.jar=50103:C:\Program Files (x86)\JetBrains\IntelliJ IDEA Community Edition 2024.1.4\bin -Dfile.encoding=UTF-8 com.jimsimrodev.foroconnet.ForoconnetApplication

Host: Intel(R) Pentium(R) CPU 6405U @ 2.40GHz, 4 cores, 7G,  Windows 10 , 64 bit Build 22621 (10.0.22621.3672)
Time: Thu Jul 25 23:25:01 2024 Hora est. Pacífico, Sudamérica elapsed time: 2.957294 seconds (0d 0h 0m 2s)

---------------  T H R E A D  ---------------

Current thread (0x000002476778ada0):  JavaThread "C2 CompilerThread0" daemon [_thread_in_native, id=6932, stack(0x000000812d700000,0x000000812d800000)]


Current CompileTask:
C2:   2957 1651       4       jdk.internal.org.objectweb.asm.Frame::execute (2305 bytes)

Stack: [0x000000812d700000,0x000000812d800000]
Native frames: (J=compiled Java code, j=interpreted, Vv=VM code, C=native code)
V  [jvm.dll+0x66f8ea]
V  [jvm.dll+0x7ce224]
V  [jvm.dll+0x7cf9ce]
V  [jvm.dll+0x7d0033]
V  [jvm.dll+0x242bb5]
V  [jvm.dll+0xaa05b]
V  [jvm.dll+0xaa5ec]
V  [jvm.dll+0x35f9a2]
V  [jvm.dll+0x329f61]
V  [jvm.dll+0x32940a]
V  [jvm.dll+0x215ca1]
V  [jvm.dll+0x2150c1]
V  [jvm.dll+0x1a168d]
V  [jvm.dll+0x2248f8]
V  [jvm.dll+0x222a5c]
V  [jvm.dll+0x78422b]
V  [jvm.dll+0x77e7ea]
V  [jvm.dll+0x66e715]
C  [ucrtbase.dll+0x29333]
C  [KERNEL32.DLL+0x1257d]
C  [ntdll.dll+0x5af28]


---------------  P R O C E S S  ---------------

Threads class SMR info:
_java_thread_list=0x000002476900c6e0, length=15, elements={
0x000002474a09f4a0, 0x0000024767772150, 0x0000024767774680, 0x0000024767788370,
0x0000024767788e30, 0x00000247677898f0, 0x000002476778a1b0, 0x000002476778ada0,
0x000002476778cf00, 0x0000024767794050, 0x0000024768470080, 0x000002476865fc50,
0x0000024768660120, 0x0000024768ebd1c0, 0x0000024769074760
}

Java Threads: ( => current thread )
  0x000002474a09f4a0 JavaThread "main" [_thread_in_vm, id=13272, stack(0x000000812ca00000,0x000000812cb00000)]
  0x0000024767772150 JavaThread "Reference Handler" daemon [_thread_blocked, id=11968, stack(0x000000812d100000,0x000000812d200000)]
  0x0000024767774680 JavaThread "Finalizer" daemon [_thread_blocked, id=13116, stack(0x000000812d200000,0x000000812d300000)]
  0x0000024767788370 JavaThread "Signal Dispatcher" daemon [_thread_blocked, id=1200, stack(0x000000812d300000,0x000000812d400000)]
  0x0000024767788e30 JavaThread "Attach Listener" daemon [_thread_blocked, id=4068, stack(0x000000812d400000,0x000000812d500000)]
  0x00000247677898f0 JavaThread "Service Thread" daemon [_thread_blocked, id=12360, stack(0x000000812d500000,0x000000812d600000)]
  0x000002476778a1b0 JavaThread "Monitor Deflation Thread" daemon [_thread_blocked, id=11144, stack(0x000000812d600000,0x000000812d700000)]
=>0x000002476778ada0 JavaThread "C2 CompilerThread0" daemon [_thread_in_native, id=6932, stack(0x000000812d700000,0x000000812d800000)]
  0x000002476778cf00 JavaThread "C1 CompilerThread0" daemon [_thread_blocked, id=5488, stack(0x000000812d800000,0x000000812d900000)]
  0x0000024767794050 JavaThread "Sweeper thread" daemon [_thread_blocked, id=12544, stack(0x000000812d900000,0x000000812da00000)]
  0x0000024768470080 JavaThread "Common-Cleaner" daemon [_thread_blocked, id=6848, stack(0x000000812da00000,0x000000812db00000)]
  0x000002476865fc50 JavaThread "Monitor Ctrl-Break" daemon [_thread_in_native, id=12520, stack(0x000000812db00000,0x000000812dc00000)]
  0x0000024768660120 JavaThread "Notification Thread" daemon [_thread_blocked, id=10116, stack(0x000000812dc00000,0x000000812dd00000)]
  0x0000024768ebd1c0 JavaThread "C2 CompilerThread1" daemon [_thread_in_native, id=2636, stack(0x000000812e100000,0x000000812e200000)]
  0x0000024769074760 JavaThread "background-preinit" [_thread_in_vm, id=6864, stack(0x000000812e200000,0x000000812e300000)]

Other Threads:
  0x000002476776dab0 VMThread "VM Thread" [stack: 0x000000812d000000,0x000000812d100000] [id=12248]
  0x0000024768662f00 WatcherThread [stack: 0x000000812dd00000,0x000000812de00000] [id=3604]
  0x000002474a0dc2a0 GCTaskThread "GC Thread#0" [stack: 0x000000812cb00000,0x000000812cc00000] [id=3260]
  0x0000024768b4e9c0 GCTaskThread "GC Thread#1" [stack: 0x000000812de00000,0x000000812df00000] [id=6712]
  0x0000024768b4ec70 GCTaskThread "GC Thread#2" [stack: 0x000000812df00000,0x000000812e000000] [id=7076]
  0x0000024768d60100 GCTaskThread "GC Thread#3" [stack: 0x000000812e000000,0x000000812e100000] [id=1680]
  0x000002474a0edc70 ConcurrentGCThread "G1 Main Marker" [stack: 0x000000812cc00000,0x000000812cd00000] [id=8004]
  0x000002474a0ee680 ConcurrentGCThread "G1 Conc#0" [stack: 0x000000812cd00000,0x000000812ce00000] [id=11100]
  0x000002474a157350 ConcurrentGCThread "G1 Refine#0" [stack: 0x000000812ce00000,0x000000812cf00000] [id=7280]
  0x000002474a158c90 ConcurrentGCThread "G1 Service" [stack: 0x000000812cf00000,0x000000812d000000] [id=3740]

Threads with active compile tasks:
C2 CompilerThread0     2990 1651       4       jdk.internal.org.objectweb.asm.Frame::execute (2305 bytes)
C2 CompilerThread1     2990 1773 %     4       java.io.WinNTFileSystem::normalize @ 22 (143 bytes)

VM state: not at safepoint (normal execution)

VM Mutex/Monitor currently owned by a thread: None

Heap address: 0x0000000082c00000, size: 2004 MB, Compressed Oops mode: 32-bit

CDS archive(s) mapped at: [0x0000000800000000-0x0000000800bc0000-0x0000000800bc0000), size 12320768, SharedBaseAddress: 0x0000000800000000, ArchiveRelocationMode: 0.
Compressed class space mapped at: 0x0000000800c00000-0x0000000840c00000, reserved size: 1073741824
Narrow klass base: 0x0000000800000000, Narrow klass shift: 0, Narrow klass range: 0x100000000

GC Precious Log:
 CPUs: 4 total, 4 available
 Memory: 8015M
 Large Page Support: Disabled
 NUMA Support: Disabled
 Compressed Oops: Enabled (32-bit)
 Heap Region Size: 1M
 Heap Min Capacity: 8M
 Heap Initial Capacity: 126M
 Heap Max Capacity: 2004M
 Pre-touch: Disabled
 Parallel Workers: 4
 Concurrent Workers: 1
 Concurrent Refinement Workers: 4
 Periodic GC: Disabled

Heap:
 garbage-first heap   total 129024K, used 13508K [0x0000000082c00000, 0x0000000100000000)
  region size 1024K, 8 young (8192K), 3 survivors (3072K)
 Metaspace       used 12945K, committed 13184K, reserved 1064960K
  class space    used 1721K, committed 1856K, reserved 1048576K

Heap Regions: E=young(eden), S=young(survivor), O=old, HS=humongous(starts), HC=humongous(continues), CS=collection set, F=free, OA=open archive, CA=closed archive, TAMS=top-at-mark-start (previous, next)
|   0|0x0000000082c00000, 0x0000000082d00000, 0x0000000082d00000|100%|HS|  |TAMS 0x0000000082c00000, 0x0000000082c00000| Complete 
|   1|0x0000000082d00000, 0x0000000082e00000, 0x0000000082e00000|100%| O|  |TAMS 0x0000000082d00000, 0x0000000082d00000| Untracked 
|   2|0x0000000082e00000, 0x0000000082f00000, 0x0000000082f00000|100%| O|  |TAMS 0x0000000082e00000, 0x0000000082e00000| Untracked 
|   3|0x0000000082f00000, 0x0000000083000000, 0x0000000083000000|100%| O|  |TAMS 0x0000000082f00000, 0x0000000082f00000| Untracked 
|   4|0x0000000083000000, 0x0000000083100000, 0x0000000083100000|100%| O|  |TAMS 0x0000000083000000, 0x0000000083000000| Untracked 
|   5|0x0000000083100000, 0x0000000083200000, 0x0000000083200000|100%| O|  |TAMS 0x0000000083100000, 0x0000000083100000| Untracked 
|   6|0x0000000083200000, 0x0000000083243a00, 0x0000000083300000| 26%| O|  |TAMS 0x0000000083200000, 0x0000000083200000| Untracked 
|   7|0x0000000083300000, 0x0000000083300000, 0x0000000083400000|  0%| F|  |TAMS 0x0000000083300000, 0x0000000083300000| Untracked 
|   8|0x0000000083400000, 0x0000000083400000, 0x0000000083500000|  0%| F|  |TAMS 0x0000000083400000, 0x0000000083400000| Untracked 
|   9|0x0000000083500000, 0x0000000083500000, 0x0000000083600000|  0%| F|  |TAMS 0x0000000083500000, 0x0000000083500000| Untracked 
|  10|0x0000000083600000, 0x0000000083600000, 0x0000000083700000|  0%| F|  |TAMS 0x0000000083600000, 0x0000000083600000| Untracked 
|  11|0x0000000083700000, 0x0000000083700000, 0x0000000083800000|  0%| F|  |TAMS 0x0000000083700000, 0x0000000083700000| Untracked 
|  12|0x0000000083800000, 0x0000000083800000, 0x0000000083900000|  0%| F|  |TAMS 0x0000000083800000, 0x0000000083800000| Untracked 
|  13|0x0000000083900000, 0x0000000083900000, 0x0000000083a00000|  0%| F|  |TAMS 0x0000000083900000, 0x0000000083900000| Untracked 
|  14|0x0000000083a00000, 0x0000000083a00000, 0x0000000083b00000|  0%| F|  |TAMS 0x0000000083a00000, 0x0000000083a00000| Untracked 
|  15|0x0000000083b00000, 0x0000000083b00000, 0x0000000083c00000|  0%| F|  |TAMS 0x0000000083b00000, 0x0000000083b00000| Untracked 
|  16|0x0000000083c00000, 0x0000000083c00000, 0x0000000083d00000|  0%| F|  |TAMS 0x0000000083c00000, 0x0000000083c00000| Untracked 
|  17|0x0000000083d00000, 0x0000000083d00000, 0x0000000083e00000|  0%| F|  |TAMS 0x0000000083d00000, 0x0000000083d00000| Untracked 
|  18|0x0000000083e00000, 0x0000000083e00000, 0x0000000083f00000|  0%| F|  |TAMS 0x0000000083e00000, 0x0000000083e00000| Untracked 
|  19|0x0000000083f00000, 0x0000000083f00000, 0x0000000084000000|  0%| F|  |TAMS 0x0000000083f00000, 0x0000000083f00000| Untracked 
|  20|0x0000000084000000, 0x0000000084000000, 0x0000000084100000|  0%| F|  |TAMS 0x0000000084000000, 0x0000000084000000| Untracked 
|  21|0x0000000084100000, 0x0000000084100000, 0x0000000084200000|  0%| F|  |TAMS 0x0000000084100000, 0x0000000084100000| Untracked 
|  22|0x0000000084200000, 0x0000000084200000, 0x0000000084300000|  0%| F|  |TAMS 0x0000000084200000, 0x0000000084200000| Untracked 
|  23|0x0000000084300000, 0x0000000084300000, 0x0000000084400000|  0%| F|  |TAMS 0x0000000084300000, 0x0000000084300000| Untracked 
|  24|0x0000000084400000, 0x0000000084400000, 0x0000000084500000|  0%| F|  |TAMS 0x0000000084400000, 0x0000000084400000| Untracked 
|  25|0x0000000084500000, 0x0000000084500000, 0x0000000084600000|  0%| F|  |TAMS 0x0000000084500000, 0x0000000084500000| Untracked 
|  26|0x0000000084600000, 0x0000000084600000, 0x0000000084700000|  0%| F|  |TAMS 0x0000000084600000, 0x0000000084600000| Untracked 
|  27|0x0000000084700000, 0x0000000084700000, 0x0000000084800000|  0%| F|  |TAMS 0x0000000084700000, 0x0000000084700000| Untracked 
|  28|0x0000000084800000, 0x0000000084800000, 0x0000000084900000|  0%| F|  |TAMS 0x0000000084800000, 0x0000000084800000| Untracked 
|  29|0x0000000084900000, 0x0000000084900000, 0x0000000084a00000|  0%| F|  |TAMS 0x0000000084900000, 0x0000000084900000| Untracked 
|  30|0x0000000084a00000, 0x0000000084a00000, 0x0000000084b00000|  0%| F|  |TAMS 0x0000000084a00000, 0x0000000084a00000| Untracked 
|  31|0x0000000084b00000, 0x0000000084b00000, 0x0000000084c00000|  0%| F|  |TAMS 0x0000000084b00000, 0x0000000084b00000| Untracked 
|  32|0x0000000084c00000, 0x0000000084c00000, 0x0000000084d00000|  0%| F|  |TAMS 0x0000000084c00000, 0x0000000084c00000| Untracked 
|  33|0x0000000084d00000, 0x0000000084d00000, 0x0000000084e00000|  0%| F|  |TAMS 0x0000000084d00000, 0x0000000084d00000| Untracked 
|  34|0x0000000084e00000, 0x0000000084e00000, 0x0000000084f00000|  0%| F|  |TAMS 0x0000000084e00000, 0x0000000084e00000| Untracked 
|  35|0x0000000084f00000, 0x0000000084f00000, 0x0000000085000000|  0%| F|  |TAMS 0x0000000084f00000, 0x0000000084f00000| Untracked 
|  36|0x0000000085000000, 0x0000000085000000, 0x0000000085100000|  0%| F|  |TAMS 0x0000000085000000, 0x0000000085000000| Untracked 
|  37|0x0000000085100000, 0x0000000085100000, 0x0000000085200000|  0%| F|  |TAMS 0x0000000085100000, 0x0000000085100000| Untracked 
|  38|0x0000000085200000, 0x0000000085200000, 0x0000000085300000|  0%| F|  |TAMS 0x0000000085200000, 0x0000000085200000| Untracked 
|  39|0x0000000085300000, 0x0000000085300000, 0x0000000085400000|  0%| F|  |TAMS 0x0000000085300000, 0x0000000085300000| Untracked 
|  40|0x0000000085400000, 0x0000000085400000, 0x0000000085500000|  0%| F|  |TAMS 0x0000000085400000, 0x0000000085400000| Untracked 
|  41|0x0000000085500000, 0x0000000085500000, 0x0000000085600000|  0%| F|  |TAMS 0x0000000085500000, 0x0000000085500000| Untracked 
|  42|0x0000000085600000, 0x0000000085600000, 0x0000000085700000|  0%| F|  |TAMS 0x0000000085600000, 0x0000000085600000| Untracked 
|  43|0x0000000085700000, 0x0000000085700000, 0x0000000085800000|  0%| F|  |TAMS 0x0000000085700000, 0x0000000085700000| Untracked 
|  44|0x0000000085800000, 0x0000000085800000, 0x0000000085900000|  0%| F|  |TAMS 0x0000000085800000, 0x0000000085800000| Untracked 
|  45|0x0000000085900000, 0x0000000085900000, 0x0000000085a00000|  0%| F|  |TAMS 0x0000000085900000, 0x0000000085900000| Untracked 
|  46|0x0000000085a00000, 0x0000000085a00000, 0x0000000085b00000|  0%| F|  |TAMS 0x0000000085a00000, 0x0000000085a00000| Untracked 
|  47|0x0000000085b00000, 0x0000000085b00000, 0x0000000085c00000|  0%| F|  |TAMS 0x0000000085b00000, 0x0000000085b00000| Untracked 
|  48|0x0000000085c00000, 0x0000000085c00000, 0x0000000085d00000|  0%| F|  |TAMS 0x0000000085c00000, 0x0000000085c00000| Untracked 
|  49|0x0000000085d00000, 0x0000000085d00000, 0x0000000085e00000|  0%| F|  |TAMS 0x0000000085d00000, 0x0000000085d00000| Untracked 
|  50|0x0000000085e00000, 0x0000000085e00000, 0x0000000085f00000|  0%| F|  |TAMS 0x0000000085e00000, 0x0000000085e00000| Untracked 
|  51|0x0000000085f00000, 0x0000000085f00000, 0x0000000086000000|  0%| F|  |TAMS 0x0000000085f00000, 0x0000000085f00000| Untracked 
|  52|0x0000000086000000, 0x0000000086000000, 0x0000000086100000|  0%| F|  |TAMS 0x0000000086000000, 0x0000000086000000| Untracked 
|  53|0x0000000086100000, 0x0000000086100000, 0x0000000086200000|  0%| F|  |TAMS 0x0000000086100000, 0x0000000086100000| Untracked 
|  54|0x0000000086200000, 0x0000000086200000, 0x0000000086300000|  0%| F|  |TAMS 0x0000000086200000, 0x0000000086200000| Untracked 
|  55|0x0000000086300000, 0x0000000086300000, 0x0000000086400000|  0%| F|  |TAMS 0x0000000086300000, 0x0000000086300000| Untracked 
|  56|0x0000000086400000, 0x0000000086400000, 0x0000000086500000|  0%| F|  |TAMS 0x0000000086400000, 0x0000000086400000| Untracked 
|  57|0x0000000086500000, 0x0000000086500000, 0x0000000086600000|  0%| F|  |TAMS 0x0000000086500000, 0x0000000086500000| Untracked 
|  58|0x0000000086600000, 0x0000000086600000, 0x0000000086700000|  0%| F|  |TAMS 0x0000000086600000, 0x0000000086600000| Untracked 
|  59|0x0000000086700000, 0x0000000086700000, 0x0000000086800000|  0%| F|  |TAMS 0x0000000086700000, 0x0000000086700000| Untracked 
|  60|0x0000000086800000, 0x0000000086800000, 0x0000000086900000|  0%| F|  |TAMS 0x0000000086800000, 0x0000000086800000| Untracked 
|  61|0x0000000086900000, 0x0000000086900000, 0x0000000086a00000|  0%| F|  |TAMS 0x0000000086900000, 0x0000000086900000| Untracked 
|  62|0x0000000086a00000, 0x0000000086a00000, 0x0000000086b00000|  0%| F|  |TAMS 0x0000000086a00000, 0x0000000086a00000| Untracked 
|  63|0x0000000086b00000, 0x0000000086b00000, 0x0000000086c00000|  0%| F|  |TAMS 0x0000000086b00000, 0x0000000086b00000| Untracked 
|  64|0x0000000086c00000, 0x0000000086c00000, 0x0000000086d00000|  0%| F|  |TAMS 0x0000000086c00000, 0x0000000086c00000| Untracked 
|  65|0x0000000086d00000, 0x0000000086d00000, 0x0000000086e00000|  0%| F|  |TAMS 0x0000000086d00000, 0x0000000086d00000| Untracked 
|  66|0x0000000086e00000, 0x0000000086e00000, 0x0000000086f00000|  0%| F|  |TAMS 0x0000000086e00000, 0x0000000086e00000| Untracked 
|  67|0x0000000086f00000, 0x0000000086f00000, 0x0000000087000000|  0%| F|  |TAMS 0x0000000086f00000, 0x0000000086f00000| Untracked 
|  68|0x0000000087000000, 0x0000000087000000, 0x0000000087100000|  0%| F|  |TAMS 0x0000000087000000, 0x0000000087000000| Untracked 
|  69|0x0000000087100000, 0x0000000087100000, 0x0000000087200000|  0%| F|  |TAMS 0x0000000087100000, 0x0000000087100000| Untracked 
|  70|0x0000000087200000, 0x0000000087200000, 0x0000000087300000|  0%| F|  |TAMS 0x0000000087200000, 0x0000000087200000| Untracked 
|  71|0x0000000087300000, 0x0000000087300000, 0x0000000087400000|  0%| F|  |TAMS 0x0000000087300000, 0x0000000087300000| Untracked 
|  72|0x0000000087400000, 0x0000000087400000, 0x0000000087500000|  0%| F|  |TAMS 0x0000000087400000, 0x0000000087400000| Untracked 
|  73|0x0000000087500000, 0x0000000087500000, 0x0000000087600000|  0%| F|  |TAMS 0x0000000087500000, 0x0000000087500000| Untracked 
|  74|0x0000000087600000, 0x0000000087600000, 0x0000000087700000|  0%| F|  |TAMS 0x0000000087600000, 0x0000000087600000| Untracked 
|  75|0x0000000087700000, 0x0000000087700000, 0x0000000087800000|  0%| F|  |TAMS 0x0000000087700000, 0x0000000087700000| Untracked 
|  76|0x0000000087800000, 0x0000000087800000, 0x0000000087900000|  0%| F|  |TAMS 0x0000000087800000, 0x0000000087800000| Untracked 
|  77|0x0000000087900000, 0x0000000087900000, 0x0000000087a00000|  0%| F|  |TAMS 0x0000000087900000, 0x0000000087900000| Untracked 
|  78|0x0000000087a00000, 0x0000000087a00000, 0x0000000087b00000|  0%| F|  |TAMS 0x0000000087a00000, 0x0000000087a00000| Untracked 
|  79|0x0000000087b00000, 0x0000000087b00000, 0x0000000087c00000|  0%| F|  |TAMS 0x0000000087b00000, 0x0000000087b00000| Untracked 
|  80|0x0000000087c00000, 0x0000000087c00000, 0x0000000087d00000|  0%| F|  |TAMS 0x0000000087c00000, 0x0000000087c00000| Untracked 
|  81|0x0000000087d00000, 0x0000000087d00000, 0x0000000087e00000|  0%| F|  |TAMS 0x0000000087d00000, 0x0000000087d00000| Untracked 
|  82|0x0000000087e00000, 0x0000000087e00000, 0x0000000087f00000|  0%| F|  |TAMS 0x0000000087e00000, 0x0000000087e00000| Untracked 
|  83|0x0000000087f00000, 0x0000000087f00000, 0x0000000088000000|  0%| F|  |TAMS 0x0000000087f00000, 0x0000000087f00000| Untracked 
|  84|0x0000000088000000, 0x0000000088000000, 0x0000000088100000|  0%| F|  |TAMS 0x0000000088000000, 0x0000000088000000| Untracked 
|  85|0x0000000088100000, 0x0000000088100000, 0x0000000088200000|  0%| F|  |TAMS 0x0000000088100000, 0x0000000088100000| Untracked 
|  86|0x0000000088200000, 0x0000000088200000, 0x0000000088300000|  0%| F|  |TAMS 0x0000000088200000, 0x0000000088200000| Untracked 
|  87|0x0000000088300000, 0x0000000088300000, 0x0000000088400000|  0%| F|  |TAMS 0x0000000088300000, 0x0000000088300000| Untracked 
|  88|0x0000000088400000, 0x0000000088400000, 0x0000000088500000|  0%| F|  |TAMS 0x0000000088400000, 0x0000000088400000| Untracked 
|  89|0x0000000088500000, 0x0000000088500000, 0x0000000088600000|  0%| F|  |TAMS 0x0000000088500000, 0x0000000088500000| Untracked 
|  90|0x0000000088600000, 0x0000000088600000, 0x0000000088700000|  0%| F|  |TAMS 0x0000000088600000, 0x0000000088600000| Untracked 
|  91|0x0000000088700000, 0x0000000088700000, 0x0000000088800000|  0%| F|  |TAMS 0x0000000088700000, 0x0000000088700000| Untracked 
|  92|0x0000000088800000, 0x0000000088800000, 0x0000000088900000|  0%| F|  |TAMS 0x0000000088800000, 0x0000000088800000| Untracked 
|  93|0x0000000088900000, 0x0000000088900000, 0x0000000088a00000|  0%| F|  |TAMS 0x0000000088900000, 0x0000000088900000| Untracked 
|  94|0x0000000088a00000, 0x0000000088a00000, 0x0000000088b00000|  0%| F|  |TAMS 0x0000000088a00000, 0x0000000088a00000| Untracked 
|  95|0x0000000088b00000, 0x0000000088b00000, 0x0000000088c00000|  0%| F|  |TAMS 0x0000000088b00000, 0x0000000088b00000| Untracked 
|  96|0x0000000088c00000, 0x0000000088c00000, 0x0000000088d00000|  0%| F|  |TAMS 0x0000000088c00000, 0x0000000088c00000| Untracked 
|  97|0x0000000088d00000, 0x0000000088ded9a0, 0x0000000088e00000| 92%| S|CS|TAMS 0x0000000088d00000, 0x0000000088d00000| Complete 
|  98|0x0000000088e00000, 0x0000000088f00000, 0x0000000088f00000|100%| S|CS|TAMS 0x0000000088e00000, 0x0000000088e00000| Complete 
|  99|0x0000000088f00000, 0x0000000089000000, 0x0000000089000000|100%| S|CS|TAMS 0x0000000088f00000, 0x0000000088f00000| Complete 
| 100|0x0000000089000000, 0x0000000089000000, 0x0000000089100000|  0%| F|  |TAMS 0x0000000089000000, 0x0000000089000000| Untracked 
| 101|0x0000000089100000, 0x0000000089100000, 0x0000000089200000|  0%| F|  |TAMS 0x0000000089100000, 0x0000000089100000| Untracked 
| 102|0x0000000089200000, 0x0000000089200000, 0x0000000089300000|  0%| F|  |TAMS 0x0000000089200000, 0x0000000089200000| Untracked 
| 103|0x0000000089300000, 0x0000000089300000, 0x0000000089400000|  0%| F|  |TAMS 0x0000000089300000, 0x0000000089300000| Untracked 
| 104|0x0000000089400000, 0x0000000089400000, 0x0000000089500000|  0%| F|  |TAMS 0x0000000089400000, 0x0000000089400000| Untracked 
| 105|0x0000000089500000, 0x0000000089500000, 0x0000000089600000|  0%| F|  |TAMS 0x0000000089500000, 0x0000000089500000| Untracked 
| 106|0x0000000089600000, 0x0000000089600000, 0x0000000089700000|  0%| F|  |TAMS 0x0000000089600000, 0x0000000089600000| Untracked 
| 107|0x0000000089700000, 0x0000000089700000, 0x0000000089800000|  0%| F|  |TAMS 0x0000000089700000, 0x0000000089700000| Untracked 
| 108|0x0000000089800000, 0x0000000089800000, 0x0000000089900000|  0%| F|  |TAMS 0x0000000089800000, 0x0000000089800000| Untracked 
| 109|0x0000000089900000, 0x0000000089900000, 0x0000000089a00000|  0%| F|  |TAMS 0x0000000089900000, 0x0000000089900000| Untracked 
| 110|0x0000000089a00000, 0x0000000089a00000, 0x0000000089b00000|  0%| F|  |TAMS 0x0000000089a00000, 0x0000000089a00000| Untracked 
| 111|0x0000000089b00000, 0x0000000089b00000, 0x0000000089c00000|  0%| F|  |TAMS 0x0000000089b00000, 0x0000000089b00000| Untracked 
| 112|0x0000000089c00000, 0x0000000089c00000, 0x0000000089d00000|  0%| F|  |TAMS 0x0000000089c00000, 0x0000000089c00000| Untracked 
| 113|0x0000000089d00000, 0x0000000089d00000, 0x0000000089e00000|  0%| F|  |TAMS 0x0000000089d00000, 0x0000000089d00000| Untracked 
| 114|0x0000000089e00000, 0x0000000089e00000, 0x0000000089f00000|  0%| F|  |TAMS 0x0000000089e00000, 0x0000000089e00000| Untracked 
| 115|0x0000000089f00000, 0x0000000089f00000, 0x000000008a000000|  0%| F|  |TAMS 0x0000000089f00000, 0x0000000089f00000| Untracked 
| 116|0x000000008a000000, 0x000000008a000000, 0x000000008a100000|  0%| F|  |TAMS 0x000000008a000000, 0x000000008a000000| Untracked 
| 117|0x000000008a100000, 0x000000008a100000, 0x000000008a200000|  0%| F|  |TAMS 0x000000008a100000, 0x000000008a100000| Untracked 
| 118|0x000000008a200000, 0x000000008a200000, 0x000000008a300000|  0%| F|  |TAMS 0x000000008a200000, 0x000000008a200000| Untracked 
| 119|0x000000008a300000, 0x000000008a300000, 0x000000008a400000|  0%| F|  |TAMS 0x000000008a300000, 0x000000008a300000| Untracked 
| 120|0x000000008a400000, 0x000000008a400000, 0x000000008a500000|  0%| F|  |TAMS 0x000000008a400000, 0x000000008a400000| Untracked 
| 121|0x000000008a500000, 0x000000008a600000, 0x000000008a600000|100%| E|  |TAMS 0x000000008a500000, 0x000000008a500000| Complete 
| 122|0x000000008a600000, 0x000000008a700000, 0x000000008a700000|100%| E|CS|TAMS 0x000000008a600000, 0x000000008a600000| Complete 
| 123|0x000000008a700000, 0x000000008a800000, 0x000000008a800000|100%| E|CS|TAMS 0x000000008a700000, 0x000000008a700000| Complete 
| 124|0x000000008a800000, 0x000000008a900000, 0x000000008a900000|100%| E|CS|TAMS 0x000000008a800000, 0x000000008a800000| Complete 
| 125|0x000000008a900000, 0x000000008aa00000, 0x000000008aa00000|100%| E|CS|TAMS 0x000000008a900000, 0x000000008a900000| Complete 

Card table byte_map: [0x0000024760c70000,0x0000024761060000] _byte_map_base: 0x000002476085a000

Marking Bits (Prev, Next): (CMBitMap*) 0x000002474a0dd8c0, (CMBitMap*) 0x000002474a0dd900
 Prev Bits: [0x0000024761450000, 0x00000247633a0000)
 Next Bits: [0x00000247633a0000, 0x00000247652f0000)

Polling page: 0x0000024749860000

Metaspace:

Usage:
  Non-class:     11.02 MB used.
      Class:      1.69 MB used.
       Both:     12.71 MB used.

Virtual space:
  Non-class space:       16.00 MB reserved,      11.12 MB ( 70%) committed,  2 nodes.
      Class space:        1.00 GB reserved,       1.81 MB ( <1%) committed,  1 nodes.
             Both:        1.02 GB reserved,      12.94 MB (  1%) committed. 

Chunk freelists:
   Non-Class:  752.00 KB
       Class:  2.14 MB
        Both:  2.88 MB

MaxMetaspaceSize: unlimited
CompressedClassSpaceSize: 1.00 GB
Initial GC threshold: 21.00 MB
Current GC threshold: 21.00 MB
CDS: on
MetaspaceReclaimPolicy: balanced
 - commit_granule_bytes: 65536.
 - commit_granule_words: 8192.
 - virtual_space_node_default_size: 1048576.
 - enlarge_chunks_in_place: 1.
 - new_chunks_are_fully_committed: 0.
 - uncommit_free_chunks: 1.
 - use_allocation_guard: 0.
 - handle_deallocations: 1.


Internal statistics:

num_allocs_failed_limit: 0.
num_arena_births: 184.
num_arena_deaths: 0.
num_vsnodes_births: 3.
num_vsnodes_deaths: 0.
num_space_committed: 207.
num_space_uncommitted: 0.
num_chunks_returned_to_freelist: 0.
num_chunks_taken_from_freelist: 588.
num_chunk_merges: 0.
num_chunk_splits: 399.
num_chunks_enlarged: 314.
num_purges: 0.
num_inconsistent_stats: 0.

CodeHeap 'non-profiled nmethods': size=120000Kb used=633Kb max_used=633Kb free=119367Kb
 bounds [0x0000024759350000, 0x00000247595c0000, 0x0000024760880000]
CodeHeap 'profiled nmethods': size=120000Kb used=3310Kb max_used=3310Kb free=116689Kb
 bounds [0x0000024751e20000, 0x0000024752160000, 0x0000024759350000]
CodeHeap 'non-nmethods': size=5760Kb used=1181Kb max_used=1210Kb free=4578Kb
 bounds [0x0000024751880000, 0x0000024751af0000, 0x0000024751e20000]
 total_blobs=2252 nmethods=1776 adapters=389
 compilation: enabled
              stopped_count=0, restarted_count=0
 full_count=0

Compilation events (20 events):
Event: 2.873 Thread 0x0000024768ebd1c0 1752       4       java.net.URLStreamHandler::setURL (73 bytes)
Event: 2.884 Thread 0x000002476778cf00 1753       3       java.lang.invoke.Invokers$Holder::invokeExact_MT (32 bytes)
Event: 2.885 Thread 0x000002476778cf00 nmethod 1753 0x000002475214a590 code [0x000002475214a7a0, 0x000002475214b0d8]
Event: 2.885 Thread 0x000002476778cf00 1754       3       java.lang.invoke.LambdaMetafactory::metafactory (71 bytes)
Event: 2.886 Thread 0x000002476778cf00 nmethod 1754 0x000002475214b310 code [0x000002475214b5a0, 0x000002475214c0e8]
Event: 2.907 Thread 0x0000024768ebd1c0 nmethod 1752 0x00000247593ec290 code [0x00000247593ec440, 0x00000247593ed0a8]
Event: 2.914 Thread 0x0000024768ebd1c0 1756   !   4       java.util.WeakHashMap::expungeStaleEntries (139 bytes)
Event: 2.916 Thread 0x000002476778cf00 1757       3       java.lang.Class::privateGetDeclaredMethods (64 bytes)
Event: 2.916 Thread 0x000002476778cf00 nmethod 1757 0x000002475214c610 code [0x000002475214c840, 0x000002475214d038]
Event: 2.924 Thread 0x0000024768ebd1c0 nmethod 1756 0x00000247593ed510 code [0x00000247593ed6a0, 0x00000247593edc88]
Event: 2.929 Thread 0x000002476778cf00 1758       3       java.lang.invoke.LambdaFormEditor$TransformKey::inRange (36 bytes)
Event: 2.929 Thread 0x000002476778cf00 nmethod 1758 0x000002475214d290 code [0x000002475214d420, 0x000002475214d578]
Event: 2.932 Thread 0x000002476778cf00 1759       3       jdk.internal.loader.ClassLoaders::platformClassLoader (4 bytes)
Event: 2.932 Thread 0x000002476778cf00 nmethod 1759 0x000002475214d610 code [0x000002475214d7a0, 0x000002475214d898]
Event: 2.935 Thread 0x000002476778cf00 1760       3       java.util.concurrent.ThreadLocalRandom::getProbe (13 bytes)
Event: 2.935 Thread 0x000002476778cf00 nmethod 1760 0x000002475214d910 code [0x000002475214daa0, 0x000002475214dbb8]
Event: 2.936 Thread 0x000002476778cf00 1761       3       java.lang.ThreadLocal::get (38 bytes)
Event: 2.937 Thread 0x000002476778cf00 nmethod 1761 0x000002475214dc10 code [0x000002475214dde0, 0x000002475214e0e8]
Event: 2.947 Thread 0x000002476778cf00 1762       3       java.lang.NamedPackage::<init> (59 bytes)
Event: 2.948 Thread 0x000002476778cf00 nmethod 1762 0x000002475214e210 code [0x000002475214e4a0, 0x000002475214ef78]

GC Heap History (6 events):
Event: 0.993 GC heap before
{Heap before GC invocations=0 (full 0):
 garbage-first heap   total 129024K, used 13312K [0x0000000082c00000, 0x0000000100000000)
  region size 1024K, 13 young (13312K), 0 survivors (0K)
 Metaspace       used 2693K, committed 2880K, reserved 1056768K
  class space    used 267K, committed 384K, reserved 1048576K
}
Event: 1.000 GC heap after
{Heap after GC invocations=1 (full 0):
 garbage-first heap   total 129024K, used 6410K [0x0000000082c00000, 0x0000000100000000)
  region size 1024K, 2 young (2048K), 2 survivors (2048K)
 Metaspace       used 2693K, committed 2880K, reserved 1056768K
  class space    used 267K, committed 384K, reserved 1048576K
}
Event: 1.649 GC heap before
{Heap before GC invocations=1 (full 0):
 garbage-first heap   total 129024K, used 17674K [0x0000000082c00000, 0x0000000100000000)
  region size 1024K, 13 young (13312K), 2 survivors (2048K)
 Metaspace       used 6063K, committed 6272K, reserved 1056768K
  class space    used 696K, committed 832K, reserved 1048576K
}
Event: 1.655 GC heap after
{Heap after GC invocations=2 (full 0):
 garbage-first heap   total 129024K, used 7672K [0x0000000082c00000, 0x0000000100000000)
  region size 1024K, 2 young (2048K), 2 survivors (2048K)
 Metaspace       used 6063K, committed 6272K, reserved 1056768K
  class space    used 696K, committed 832K, reserved 1048576K
}
Event: 2.785 GC heap before
{Heap before GC invocations=2 (full 0):
 garbage-first heap   total 129024K, used 31224K [0x0000000082c00000, 0x0000000100000000)
  region size 1024K, 26 young (26624K), 2 survivors (2048K)
 Metaspace       used 11713K, committed 11904K, reserved 1064960K
  class space    used 1560K, committed 1664K, reserved 1048576K
}
Event: 2.793 GC heap after
{Heap after GC invocations=3 (full 0):
 garbage-first heap   total 129024K, used 9412K [0x0000000082c00000, 0x0000000100000000)
  region size 1024K, 3 young (3072K), 3 survivors (3072K)
 Metaspace       used 11713K, committed 11904K, reserved 1064960K
  class space    used 1560K, committed 1664K, reserved 1048576K
}

Deoptimization events (20 events):
Event: 2.506 Thread 0x0000024769074760 Uncommon trap: trap_request=0xffffff45 fr.pc=0x00000247593b1c78 relative=0x0000000000000cd8
Event: 2.506 Thread 0x0000024769074760 Uncommon trap: reason=unstable_if action=reinterpret pc=0x00000247593b1c78 method=java.util.concurrent.ConcurrentHashMap.putVal(Ljava/lang/Object;Ljava/lang/Object;Z)Ljava/lang/Object; @ 112 c2
Event: 2.506 Thread 0x0000024769074760 DEOPT PACKING pc=0x00000247593b1c78 sp=0x000000812e2fe4c0
Event: 2.506 Thread 0x0000024769074760 DEOPT UNPACKING pc=0x00000247518d239d sp=0x000000812e2fe440 mode 2
Event: 2.507 Thread 0x000002474a09f4a0 Uncommon trap: trap_request=0xffffff45 fr.pc=0x00000247593b1fa0 relative=0x0000000000001000
Event: 2.507 Thread 0x000002474a09f4a0 Uncommon trap: reason=unstable_if action=reinterpret pc=0x00000247593b1fa0 method=java.util.concurrent.ConcurrentHashMap.addCount(JI)V @ 171 c2
Event: 2.507 Thread 0x000002474a09f4a0 DEOPT PACKING pc=0x00000247593b1fa0 sp=0x000000812cafdb60
Event: 2.507 Thread 0x000002474a09f4a0 DEOPT UNPACKING pc=0x00000247518d239d sp=0x000000812cafda20 mode 2
Event: 2.630 Thread 0x000002474a09f4a0 Uncommon trap: trap_request=0xffffff45 fr.pc=0x00000247593b7b14 relative=0x00000000000002f4
Event: 2.630 Thread 0x000002474a09f4a0 Uncommon trap: reason=unstable_if action=reinterpret pc=0x00000247593b7b14 method=jdk.internal.org.objectweb.asm.SymbolTable.put(Ljdk/internal/org/objectweb/asm/SymbolTable$Entry;)Ljdk/internal/org/objectweb/asm/SymbolTable$Entry; @ 13 c2
Event: 2.630 Thread 0x000002474a09f4a0 DEOPT PACKING pc=0x00000247593b7b14 sp=0x000000812cafd780
Event: 2.630 Thread 0x000002474a09f4a0 DEOPT UNPACKING pc=0x00000247518d239d sp=0x000000812cafd700 mode 2
Event: 2.953 Thread 0x0000024769074760 Uncommon trap: trap_request=0xffffffc6 fr.pc=0x00000247593c5488 relative=0x0000000000000868
Event: 2.953 Thread 0x0000024769074760 Uncommon trap: reason=bimorphic_or_optimized_type_check action=maybe_recompile pc=0x00000247593c5488 method=java.util.HashMap.putVal(ILjava/lang/Object;Ljava/lang/Object;ZZ)Ljava/lang/Object; @ 91 c2
Event: 2.953 Thread 0x0000024769074760 DEOPT PACKING pc=0x00000247593c5488 sp=0x000000812e2fec40
Event: 2.953 Thread 0x0000024769074760 DEOPT UNPACKING pc=0x00000247518d239d sp=0x000000812e2feb50 mode 2
Event: 2.953 Thread 0x0000024769074760 Uncommon trap: trap_request=0xffffffc6 fr.pc=0x00000247593c5488 relative=0x0000000000000868
Event: 2.953 Thread 0x0000024769074760 Uncommon trap: reason=bimorphic_or_optimized_type_check action=maybe_recompile pc=0x00000247593c5488 method=java.util.HashMap.putVal(ILjava/lang/Object;Ljava/lang/Object;ZZ)Ljava/lang/Object; @ 91 c2
Event: 2.953 Thread 0x0000024769074760 DEOPT PACKING pc=0x00000247593c5488 sp=0x000000812e2fec40
Event: 2.953 Thread 0x0000024769074760 DEOPT UNPACKING pc=0x00000247518d239d sp=0x000000812e2feb50 mode 2

Classes unloaded (0 events):
No events

Classes redefined (0 events):
No events

Internal exceptions (20 events):
Event: 1.772 Thread 0x000002474a09f4a0 Exception <a 'java/lang/NoSuchMethodError'{0x000000008a796668}: 'java.lang.Object java.lang.invoke.DirectMethodHandle$Holder.invokeSpecial(java.lang.Object, java.lang.Object, java.lang.Object, java.lang.Object, java.lang.Object, java.lang.Object, int)'> (0x000000008a796668) 
thrown [t:\workspace\open\src\hotspot\share\interpreter\linkResolver.cpp, line 766]
Event: 1.773 Thread 0x000002474a09f4a0 Exception <a 'java/lang/NoSuchMethodError'{0x000000008a7a0bd0}: 'java.lang.Object java.lang.invoke.DirectMethodHandle$Holder.newInvokeSpecial(java.lang.Object, java.lang.Object, java.lang.Object, java.lang.Object, java.lang.Object, java.lang.Object, int)'> (0x000000008a7a0bd0) 
thrown [t:\workspace\open\src\hotspot\share\interpreter\linkResolver.cpp, line 766]
Event: 1.774 Thread 0x000002474a09f4a0 Exception <a 'java/lang/NoSuchMethodError'{0x000000008a7a5c10}: 'java.lang.Object java.lang.invoke.DirectMethodHandle$Holder.invokeSpecial(java.lang.Object, java.lang.Object, java.lang.Object, java.lang.Object, java.lang.Object, java.lang.Object, java.lang.Object, int)'> (0x000000008a7a5c10) 
thrown [t:\workspace\open\src\hotspot\share\interpreter\linkResolver.cpp, line 766]
Event: 1.839 Thread 0x000002474a09f4a0 Exception <a 'java/lang/NoSuchMethodError'{0x000000008a6d1840}: 'int java.lang.invoke.DirectMethodHandle$Holder.invokeInterface(java.lang.Object, java.lang.Object)'> (0x000000008a6d1840) 
thrown [t:\workspace\open\src\hotspot\share\interpreter\linkResolver.cpp, line 766]
Event: 1.859 Thread 0x000002474a09f4a0 Exception <a 'java/lang/NoSuchMethodError'{0x000000008a6f70b0}: 'void java.lang.invoke.DirectMethodHandle$Holder.invokeSpecial(java.lang.Object, java.lang.Object, java.lang.Object, java.lang.Object, java.lang.Object)'> (0x000000008a6f70b0) 
thrown [t:\workspace\open\src\hotspot\share\interpreter\linkResolver.cpp, line 766]
Event: 1.947 Thread 0x000002474a09f4a0 Exception <a 'java/lang/NoSuchMethodError'{0x000000008a5d30f8}: 'java.lang.Object java.lang.invoke.DirectMethodHandle$Holder.invokeSpecial(java.lang.Object, java.lang.Object, java.lang.Object, int, java.lang.Object)'> (0x000000008a5d30f8) 
thrown [t:\workspace\open\src\hotspot\share\interpreter\linkResolver.cpp, line 766]
Event: 1.948 Thread 0x000002474a09f4a0 Exception <a 'java/lang/NoSuchMethodError'{0x000000008a5db758}: 'java.lang.Object java.lang.invoke.DirectMethodHandle$Holder.newInvokeSpecial(java.lang.Object, java.lang.Object, java.lang.Object, int, java.lang.Object)'> (0x000000008a5db758) 
thrown [t:\workspace\open\src\hotspot\share\interpreter\linkResolver.cpp, line 766]
Event: 1.949 Thread 0x000002474a09f4a0 Exception <a 'java/lang/NoSuchMethodError'{0x000000008a5e3128}: 'java.lang.Object java.lang.invoke.Invokers$Holder.linkToTargetMethod(java.lang.Object, java.lang.Object, int, java.lang.Object, java.lang.Object)'> (0x000000008a5e3128) 
thrown [t:\workspace\open\src\hotspot\share\interpreter\linkResolver.cpp, line 766]
Event: 1.952 Thread 0x000002474a09f4a0 Exception <a 'java/lang/NoSuchMethodError'{0x000000008a5f2168}: 'java.lang.Object java.lang.invoke.DirectMethodHandle$Holder.newInvokeSpecial(java.lang.Object, int, java.lang.Object)'> (0x000000008a5f2168) 
thrown [t:\workspace\open\src\hotspot\share\interpreter\linkResolver.cpp, line 766]
Event: 1.953 Thread 0x000002474a09f4a0 Exception <a 'java/lang/NoSuchMethodError'{0x000000008a5f6e48}: 'int java.lang.invoke.DirectMethodHandle$Holder.invokeSpecialIFC(java.lang.Object, java.lang.Object, java.lang.Object, java.lang.Object)'> (0x000000008a5f6e48) 
thrown [t:\workspace\open\src\hotspot\share\interpreter\linkResolver.cpp, line 766]
Event: 2.037 Thread 0x000002474a09f4a0 Exception <a 'java/lang/NoSuchMethodError'{0x000000008a4d97b0}: 'void java.lang.invoke.DirectMethodHandle$Holder.invokeInterface(java.lang.Object, java.lang.Object, java.lang.Object)'> (0x000000008a4d97b0) 
thrown [t:\workspace\open\src\hotspot\share\interpreter\linkResolver.cpp, line 766]
Event: 2.100 Thread 0x000002474a09f4a0 Exception <a 'java/lang/NoSuchMethodError'{0x000000008a35f3a0}: 'void java.lang.invoke.DirectMethodHandle$Holder.invokeStaticInit(java.lang.Object, java.lang.Object, java.lang.Object)'> (0x000000008a35f3a0) 
thrown [t:\workspace\open\src\hotspot\share\interpreter\linkResolver.cpp, line 766]
Event: 2.115 Thread 0x000002474a09f4a0 Exception <a 'java/lang/NoSuchMethodError'{0x000000008a3a6a00}: 'java.lang.Object java.lang.invoke.DirectMethodHandle$Holder.invokeVirtual(java.lang.Object, java.lang.Object, java.lang.Object)'> (0x000000008a3a6a00) 
thrown [t:\workspace\open\src\hotspot\share\interpreter\linkResolver.cpp, line 766]
Event: 2.124 Thread 0x000002474a09f4a0 Exception <a 'java/lang/NoSuchMethodError'{0x000000008a3cac28}: 'java.lang.Object java.lang.invoke.DirectMethodHandle$Holder.invokeStatic(java.lang.Object, java.lang.Object, long, java.lang.Object)'> (0x000000008a3cac28) 
thrown [t:\workspace\open\src\hotspot\share\interpreter\linkResolver.cpp, line 766]
Event: 2.125 Thread 0x000002474a09f4a0 Exception <a 'java/lang/NoSuchMethodError'{0x000000008a3ce6c0}: 'java.lang.Object java.lang.invoke.DirectMethodHandle$Holder.invokeStaticInit(java.lang.Object, java.lang.Object, long, java.lang.Object)'> (0x000000008a3ce6c0) 
thrown [t:\workspace\open\src\hotspot\share\interpreter\linkResolver.cpp, line 766]
Event: 2.126 Thread 0x000002474a09f4a0 Exception <a 'java/lang/NoSuchMethodError'{0x000000008a3d4e00}: 'java.lang.Object java.lang.invoke.DirectMethodHandle$Holder.newInvokeSpecial(java.lang.Object, java.lang.Object, long)'> (0x000000008a3d4e00) 
thrown [t:\workspace\open\src\hotspot\share\interpreter\linkResolver.cpp, line 766]
Event: 2.128 Thread 0x000002474a09f4a0 Exception <a 'java/lang/NoSuchMethodError'{0x000000008a3d8970}: 'java.lang.Object java.lang.invoke.Invokers$Holder.linkToTargetMethod(java.lang.Object, long, java.lang.Object)'> (0x000000008a3d8970) 
thrown [t:\workspace\open\src\hotspot\share\interpreter\linkResolver.cpp, line 766]
Event: 2.160 Thread 0x000002474a09f4a0 Exception <a 'java/lang/NoSuchMethodError'{0x000000008a231bf8}: 'void java.lang.invoke.DirectMethodHandle$Holder.invokeVirtual(java.lang.Object, java.lang.Object, java.lang.Object, java.lang.Object)'> (0x000000008a231bf8) 
thrown [t:\workspace\open\src\hotspot\share\interpreter\linkResolver.cpp, line 766]
Event: 2.264 Thread 0x000002474a09f4a0 Exception <a 'java/lang/NoSuchMethodError'{0x000000008a183990}: 'void java.lang.invoke.DirectMethodHandle$Holder.invokeSpecial(java.lang.Object, java.lang.Object, java.lang.Object)'> (0x000000008a183990) 
thrown [t:\workspace\open\src\hotspot\share\interpreter\linkResolver.cpp, line 766]
Event: 2.283 Thread 0x000002474a09f4a0 Exception <a 'java/lang/IncompatibleClassChangeError'{0x000000008a1b4bf8}: Found class java.lang.Object, but interface was expected> (0x000000008a1b4bf8) 
thrown [t:\workspace\open\src\hotspot\share\interpreter\linkResolver.cpp, line 833]

VM Operations (20 events):
Event: 0.717 Executing VM operation: HandshakeAllThreads
Event: 0.717 Executing VM operation: HandshakeAllThreads done
Event: 0.731 Executing VM operation: HandshakeAllThreads
Event: 0.731 Executing VM operation: HandshakeAllThreads done
Event: 0.993 Executing VM operation: G1CollectForAllocation
Event: 1.001 Executing VM operation: G1CollectForAllocation done
Event: 1.438 Executing VM operation: HandshakeAllThreads
Event: 1.438 Executing VM operation: HandshakeAllThreads done
Event: 1.649 Executing VM operation: G1CollectForAllocation
Event: 1.655 Executing VM operation: G1CollectForAllocation done
Event: 1.887 Executing VM operation: HandshakeAllThreads
Event: 1.887 Executing VM operation: HandshakeAllThreads done
Event: 2.252 Executing VM operation: HandshakeAllThreads
Event: 2.252 Executing VM operation: HandshakeAllThreads done
Event: 2.258 Executing VM operation: HandshakeAllThreads
Event: 2.258 Executing VM operation: HandshakeAllThreads done
Event: 2.343 Executing VM operation: ICBufferFull
Event: 2.343 Executing VM operation: ICBufferFull done
Event: 2.784 Executing VM operation: G1CollectForAllocation
Event: 2.793 Executing VM operation: G1CollectForAllocation done

Events (20 events):
Event: 2.932 loading class sun/reflect/annotation/AnnotatedTypeFactory
Event: 2.933 loading class sun/reflect/annotation/AnnotatedTypeFactory done
Event: 2.933 loading class sun/reflect/annotation/AnnotatedTypeFactory$AnnotatedTypeBaseImpl
Event: 2.933 loading class sun/reflect/annotation/AnnotatedTypeFactory$AnnotatedTypeBaseImpl done
Event: 2.933 loading class java/lang/reflect/AnnotatedParameterizedType
Event: 2.933 loading class java/lang/reflect/AnnotatedParameterizedType done
Event: 2.933 loading class java/lang/reflect/AnnotatedArrayType
Event: 2.933 loading class java/lang/reflect/AnnotatedArrayType done
Event: 2.935 loading class java/util/concurrent/ExecutionException
Event: 2.936 loading class java/util/concurrent/ExecutionException done
Event: 2.943 loading class java/beans/IntrospectionException
Event: 2.943 loading class java/beans/IntrospectionException done
Event: 2.943 loading class java/beans/PropertyDescriptor
Event: 2.944 loading class java/beans/FeatureDescriptor
Event: 2.944 loading class java/beans/FeatureDescriptor done
Event: 2.944 loading class java/beans/PropertyDescriptor done
Event: 2.951 loading class java/beans/BeanInfo
Event: 2.951 loading class java/beans/BeanInfo done
Event: 2.953 loading class jdk/internal/vm/annotation/IntrinsicCandidate
Event: 2.954 loading class jdk/internal/vm/annotation/IntrinsicCandidate done


Dynamic libraries:
0x00007ff651c30000 - 0x00007ff651c3e000 	C:\Program Files\jdk-17\bin\java.exe
0x00007ffb7dad0000 - 0x00007ffb7dce7000 	C:\WINDOWS\SYSTEM32\ntdll.dll
0x00007ffb7d200000 - 0x00007ffb7d2c4000 	C:\WINDOWS\System32\KERNEL32.DLL
0x00007ffb7b0c0000 - 0x00007ffb7b46d000 	C:\WINDOWS\System32\KERNELBASE.dll
0x00007ffb77190000 - 0x00007ffb771a8000 	C:\Program Files\jdk-17\bin\jli.dll
0x00007ffb7b470000 - 0x00007ffb7b581000 	C:\WINDOWS\System32\ucrtbase.dll
0x00007ffb77b60000 - 0x00007ffb77b7a000 	C:\Program Files\jdk-17\bin\VCRUNTIME140.dll
0x00007ffb7b9f0000 - 0x00007ffb7bb9e000 	C:\WINDOWS\System32\USER32.dll
0x00007ffb7ae70000 - 0x00007ffb7ae96000 	C:\WINDOWS\System32\win32u.dll
0x00007ffb62390000 - 0x00007ffb62623000 	C:\WINDOWS\WinSxS\amd64_microsoft.windows.common-controls_6595b64144ccf1df_6.0.22621.3672_none_2713b9d173822955\COMCTL32.dll
0x00007ffb7d140000 - 0x00007ffb7d1e7000 	C:\WINDOWS\System32\msvcrt.dll
0x00007ffb7da60000 - 0x00007ffb7da89000 	C:\WINDOWS\System32\GDI32.dll
0x00007ffb7b650000 - 0x00007ffb7b769000 	C:\WINDOWS\System32\gdi32full.dll
0x00007ffb7b770000 - 0x00007ffb7b80a000 	C:\WINDOWS\System32\msvcp_win.dll
0x00007ffb7c2a0000 - 0x00007ffb7c2d1000 	C:\WINDOWS\System32\IMM32.DLL
0x00007ffb74950000 - 0x00007ffb7495c000 	C:\Program Files\jdk-17\bin\vcruntime140_1.dll
0x00007ffb55fe0000 - 0x00007ffb5606d000 	C:\Program Files\jdk-17\bin\msvcp140.dll
0x00007ffb18eb0000 - 0x00007ffb19a6e000 	C:\Program Files\jdk-17\bin\server\jvm.dll
0x00007ffb7d9a0000 - 0x00007ffb7da52000 	C:\WINDOWS\System32\ADVAPI32.dll
0x00007ffb7d2d0000 - 0x00007ffb7d379000 	C:\WINDOWS\System32\sechost.dll
0x00007ffb7b010000 - 0x00007ffb7b038000 	C:\WINDOWS\System32\bcrypt.dll
0x00007ffb7c2e0000 - 0x00007ffb7c3f4000 	C:\WINDOWS\System32\RPCRT4.dll
0x00007ffb7d1f0000 - 0x00007ffb7d1f8000 	C:\WINDOWS\System32\PSAPI.DLL
0x00007ffb6cdc0000 - 0x00007ffb6cdca000 	C:\WINDOWS\SYSTEM32\VERSION.dll
0x00007ffb74b30000 - 0x00007ffb74b64000 	C:\WINDOWS\SYSTEM32\WINMM.dll
0x00007ffb60980000 - 0x00007ffb60989000 	C:\WINDOWS\SYSTEM32\WSOCK32.dll
0x00007ffb7d380000 - 0x00007ffb7d3f1000 	C:\WINDOWS\System32\WS2_32.dll
0x00007ffb79df0000 - 0x00007ffb79e08000 	C:\WINDOWS\SYSTEM32\kernel.appcore.dll
0x00007ffb74940000 - 0x00007ffb7494a000 	C:\Program Files\jdk-17\bin\jimage.dll
0x00007ffb78630000 - 0x00007ffb78862000 	C:\WINDOWS\SYSTEM32\DBGHELP.DLL
0x00007ffb7d400000 - 0x00007ffb7d788000 	C:\WINDOWS\System32\combase.dll
0x00007ffb7ce70000 - 0x00007ffb7cf47000 	C:\WINDOWS\System32\OLEAUT32.dll
0x00007ffb5bc10000 - 0x00007ffb5bc42000 	C:\WINDOWS\SYSTEM32\dbgcore.DLL
0x00007ffb7b040000 - 0x00007ffb7b0bb000 	C:\WINDOWS\System32\bcryptPrimitives.dll
0x00007ffb74930000 - 0x00007ffb7493e000 	C:\Program Files\jdk-17\bin\instrument.dll
0x00007ffb60bf0000 - 0x00007ffb60c15000 	C:\Program Files\jdk-17\bin\java.dll
0x00007ffb4bec0000 - 0x00007ffb4bf96000 	C:\Program Files\jdk-17\bin\svml.dll
0x00007ffb7c610000 - 0x00007ffb7ce6f000 	C:\WINDOWS\System32\SHELL32.dll
0x00007ffb78d00000 - 0x00007ffb795fc000 	C:\WINDOWS\SYSTEM32\windows.storage.dll
0x00007ffb78a60000 - 0x00007ffb78b9f000 	C:\WINDOWS\SYSTEM32\wintypes.dll
0x00007ffb7bba0000 - 0x00007ffb7bc94000 	C:\WINDOWS\System32\SHCORE.dll
0x00007ffb7d0d0000 - 0x00007ffb7d12e000 	C:\WINDOWS\System32\shlwapi.dll
0x00007ffb7ad30000 - 0x00007ffb7ad51000 	C:\WINDOWS\SYSTEM32\profapi.dll
0x00007ffb562d0000 - 0x00007ffb562e8000 	C:\Program Files\jdk-17\bin\zip.dll
0x00007ffb5f7b0000 - 0x00007ffb5f7c9000 	C:\Program Files\jdk-17\bin\net.dll
0x00007ffb75fc0000 - 0x00007ffb760f6000 	C:\WINDOWS\SYSTEM32\WINHTTP.dll
0x00007ffb7a260000 - 0x00007ffb7a2c9000 	C:\WINDOWS\system32\mswsock.dll
0x00007ffb5f790000 - 0x00007ffb5f7a5000 	C:\Program Files\jdk-17\bin\nio.dll
0x00007ffb55fc0000 - 0x00007ffb55fda000 	C:\Program Files (x86)\JetBrains\IntelliJ IDEA Community Edition 2024.1.4\bin\breakgen64.dll

dbghelp: loaded successfully - version: 4.0.5 - missing functions: none
symbol engine: initialized successfully - sym options: 0x614 - pdb path: .;C:\Program Files\jdk-17\bin;C:\WINDOWS\SYSTEM32;C:\WINDOWS\WinSxS\amd64_microsoft.windows.common-controls_6595b64144ccf1df_6.0.22621.3672_none_2713b9d173822955;C:\Program Files\jdk-17\bin\server;C:\Program Files (x86)\JetBrains\IntelliJ IDEA Community Edition 2024.1.4\bin

VM Arguments:
jvm_args: -javaagent:C:\Program Files (x86)\JetBrains\IntelliJ IDEA Community Edition 2024.1.4\lib\idea_rt.jar=50103:C:\Program Files (x86)\JetBrains\IntelliJ IDEA Community Edition 2024.1.4\bin -Dfile.encoding=UTF-8 
java_command: com.jimsimrodev.foroconnet.ForoconnetApplication
java_class_path (initial): D:\work\foroconnet\target\classes;C:\Users\jhoan\.m2\repository\org\springframework\boot\spring-boot-starter-security\3.3.1\spring-boot-starter-security-3.3.1.jar;C:\Users\jhoan\.m2\repository\org\springframework\boot\spring-boot-starter\3.3.1\spring-boot-starter-3.3.1.jar;C:\Users\jhoan\.m2\repository\org\springframework\boot\spring-boot\3.3.1\spring-boot-3.3.1.jar;C:\Users\jhoan\.m2\repository\org\springframework\boot\spring-boot-autoconfigure\3.3.1\spring-boot-autoconfigure-3.3.1.jar;C:\Users\jhoan\.m2\repository\org\springframework\boot\spring-boot-starter-logging\3.3.1\spring-boot-starter-logging-3.3.1.jar;C:\Users\jhoan\.m2\repository\ch\qos\logback\logback-classic\1.5.6\logback-classic-1.5.6.jar;C:\Users\jhoan\.m2\repository\ch\qos\logback\logback-core\1.5.6\logback-core-1.5.6.jar;C:\Users\jhoan\.m2\repository\org\apache\logging\log4j\log4j-to-slf4j\2.23.1\log4j-to-slf4j-2.23.1.jar;C:\Users\jhoan\.m2\repository\org\apache\logging\log4j\log4j-api\2.23.1\log4j-api-2.23.1.jar;C:\Users\jhoan\.m2\repository\org\slf4j\jul-to-slf4j\2.0.13\jul-to-slf4j-2.0.13.jar;C:\Users\jhoan\.m2\repository\jakarta\annotation\jakarta.annotation-api\2.1.1\jakarta.annotation-api-2.1.1.jar;C:\Users\jhoan\.m2\repository\org\yaml\snakeyaml\2.2\snakeyaml-2.2.jar;C:\Users\jhoan\.m2\repository\org\springframework\spring-aop\6.1.10\spring-aop-6.1.10.jar;C:\Users\jhoan\.m2\repository\org\springframework\security\spring-security-config\6.3.1\spring-security-config-6.3.1.jar;C:\Users\jhoan\.m2\repository\org\springframework\security\spring-security-web\6.3.1\spring-security-web-6.3.1.jar;C:\Users\jhoan\.m2\repository\org\springframework\boot\spring-boot-starter-validation\3.3.1\spring-boot-starter-validation-3.3.1.jar;C:\Users\jhoan\.m2\repository\org\apache\tomcat\embed\tomcat-embed-el\10.1.25\tomcat-embed-el-10.1.25.jar;C:\Users\jhoan\.m2\repository\jakarta\validation\jakarta.validation-api\3.0.1\jakarta.validation-api-3.0.1.jar;C:\Users\jhoan\.m2\repository\org\
Launcher Type: SUN_STANDARD

[Global flags]
     intx CICompilerCount                          = 3                                         {product} {ergonomic}
     uint ConcGCThreads                            = 1                                         {product} {ergonomic}
     uint G1ConcRefinementThreads                  = 4                                         {product} {ergonomic}
   size_t G1HeapRegionSize                         = 1048576                                   {product} {ergonomic}
    uintx GCDrainStackTargetSize                   = 64                                        {product} {ergonomic}
   size_t InitialHeapSize                          = 132120576                                 {product} {ergonomic}
   size_t MarkStackSize                            = 4194304                                   {product} {ergonomic}
   size_t MaxHeapSize                              = 2101346304                                {product} {ergonomic}
   size_t MaxNewSize                               = 1260388352                                {product} {ergonomic}
   size_t MinHeapDeltaBytes                        = 1048576                                   {product} {ergonomic}
   size_t MinHeapSize                              = 8388608                                   {product} {ergonomic}
    uintx NonNMethodCodeHeapSize                   = 5832780                                {pd product} {ergonomic}
    uintx NonProfiledCodeHeapSize                  = 122912730                              {pd product} {ergonomic}
    uintx ProfiledCodeHeapSize                     = 122912730                              {pd product} {ergonomic}
    uintx ReservedCodeCacheSize                    = 251658240                              {pd product} {ergonomic}
     bool SegmentedCodeCache                       = true                                      {product} {ergonomic}
   size_t SoftMaxHeapSize                          = 2101346304                             {manageable} {ergonomic}
     bool UseCompressedClassPointers               = true                           {product lp64_product} {ergonomic}
     bool UseCompressedOops                        = true                           {product lp64_product} {ergonomic}
     bool UseG1GC                                  = true                                      {product} {ergonomic}
     bool UseLargePagesIndividualAllocation        = false                                  {pd product} {ergonomic}

Logging:
Log output configuration:
 #0: stdout all=warning uptime,level,tags
 #1: stderr all=off uptime,level,tags

Environment Variables:
JAVA_HOME=C:\Program Files\jdk-17
PATH=C:\WINDOWS\system32;C:\WINDOWS;C:\WINDOWS\System32\Wbem;C:\WINDOWS\System32\WindowsPowerShell\v1.0\;C:\WINDOWS\System32\OpenSSH\;C:\Program Files\jdk-17\bin;C:\Program Files\WezTerm;C:\xampp\php;C:\ProgramData\ComposerSetup\bin;C:\Program Files\Git\cmd;C:\Program Files\nodejs\;C:\Program Files\MySQL\MySQL Shell 8.0\bin\;C:\Users\jhoan\AppData\Local\Microsoft\WindowsApps;C:\Users\jhoan\AppData\Local\Programs\Microsoft VS Code\bin;C:\Users\jhoan\AppData\Local\Programs\oh-my-posh\bin;C:\Users\jhoan\AppData\Local\Microsoft\WinGet\Packages\Schniz.fnm_Microsoft.Winget.Source_8wekyb3d8bbwe;C:\Users\jhoan\AppData\Roaming\Composer\vendor\bin;C:\Users\jhoan\AppData\Roaming\npm
USERNAME=jhoan
OS=Windows_NT
PROCESSOR_IDENTIFIER=Intel64 Family 6 Model 142 Stepping 12, GenuineIntel



---------------  S Y S T E M  ---------------

OS:
 Windows 10 , 64 bit Build 22621 (10.0.22621.3672)
OS uptime: 0 days 1:58 hours
Hyper-V role detected

CPU: total 4 (initial active 4) (2 cores per cpu, 2 threads per core) family 6 model 142 stepping 12 microcode 0xf8, cx8, cmov, fxsr, ht, mmx, 3dnowpref, sse, sse2, sse3, ssse3, sse4.1, sse4.2, popcnt, lzcnt, tsc, tscinvbit, aes, erms, clmul, clflush, clflushopt, hv

Memory: 4k page, system-wide physical 8015M (571M free)
TotalPageFile size 12111M (AvailPageFile size 4M)
current process WorkingSet (physical memory assigned to process): 107M, peak: 107M
current process commit charge ("private bytes"): 237M, peak: 237M

vm_info: OpenJDK 64-Bit Server VM (17+35-2724) for windows-amd64 JRE (17+35-2724), built on Aug  5 2021 23:26:02 by "mach5one" with MS VC++ 16.8 (VS2019)

END.
