#
# There is insufficient memory for the Java Runtime Environment to continue.
# Native memory allocation (malloc) failed to allocate 297984 bytes for Chunk::new
# Possible reasons:
#   The system is out of physical RAM or swap space
#   The process is running with CompressedOops enabled, and the Java Heap may be blocking the growth of the native heap
# Possible solutions:
#   Reduce memory load on the system
#   Increase physical memory or swap space
#   Check if swap backing store is full
#   Decrease Java heap size (-Xmx/-Xms)
#   Decrease number of Java threads
#   Decrease Java thread stack sizes (-Xss)
#   Set larger code cache with -XX:ReservedCodeCacheSize=
#   JVM is running with Unscaled Compressed Oops mode in which the Java heap is
#     placed in the first 4GB address space. The Java Heap base address is the
#     maximum limit for the native heap growth. Please use -XX:HeapBaseMinAddress
#     to set the Java Heap base and to place the Java Heap above 4GB virtual address.
# This output file may be truncated or incomplete.
#
#  Out of Memory Error (arena.cpp:189), pid=14384, tid=3912
#
# JRE version: OpenJDK Runtime Environment (17.0+35) (build 17+35-2724)
# Java VM: OpenJDK 64-Bit Server VM (17+35-2724, mixed mode, sharing, tiered, compressed oops, compressed class ptrs, g1 gc, windows-amd64)
# No core dump will be written. Minidumps are not enabled by default on client versions of Windows
#

---------------  S U M M A R Y ------------

Command Line: -javaagent:C:\Program Files (x86)\JetBrains\IntelliJ IDEA Community Edition 2024.1.4\lib\idea_rt.jar=55029:C:\Program Files (x86)\JetBrains\IntelliJ IDEA Community Edition 2024.1.4\bin -Dfile.encoding=UTF-8 com.jimsimrodev.foroconnet.ForoconnetApplication

Host: Intel(R) Pentium(R) CPU 6405U @ 2.40GHz, 4 cores, 7G,  Windows 10 , 64 bit Build 22621 (10.0.22621.3672)
Time: Tue Jul 16 21:15:49 2024 Hora est. Pacífico, Sudamérica elapsed time: 4.584544 seconds (0d 0h 0m 4s)

---------------  T H R E A D  ---------------

Current thread (0x000001d3cb4d16c0):  JavaThread "C2 CompilerThread1" daemon [_thread_in_native, id=3912, stack(0x000000215cb00000,0x000000215cc00000)]


Current CompileTask:
C2:   4584 2248   !   4       java.util.zip.InflaterInputStream::read (138 bytes)

Stack: [0x000000215cb00000,0x000000215cc00000]
Native frames: (J=compiled Java code, j=interpreted, Vv=VM code, C=native code)
V  [jvm.dll+0x66f8ea]
V  [jvm.dll+0x7ce224]
V  [jvm.dll+0x7cf9ce]
V  [jvm.dll+0x7d0033]
V  [jvm.dll+0x242bb5]
V  [jvm.dll+0xaa05b]
V  [jvm.dll+0xaa5ec]
V  [jvm.dll+0x35f9f7]
V  [jvm.dll+0x329f61]
V  [jvm.dll+0x32940a]
V  [jvm.dll+0x215ca1]
V  [jvm.dll+0x2150c1]
V  [jvm.dll+0x1a168d]
V  [jvm.dll+0x2248f8]
V  [jvm.dll+0x222a5c]
V  [jvm.dll+0x78422b]
V  [jvm.dll+0x77e7ea]
V  [jvm.dll+0x66e715]
C  [ucrtbase.dll+0x29333]
C  [KERNEL32.DLL+0x1257d]
C  [ntdll.dll+0x5af28]


---------------  P R O C E S S  ---------------

Threads class SMR info:
_java_thread_list=0x000001d3cb907600, length=15, elements={
0x000001d3ac2af5c0, 0x000001d3c99823a0, 0x000001d3c99839b0, 0x000001d3c9996e70,
0x000001d3c9997a20, 0x000001d3c999af90, 0x000001d3c999b940, 0x000001d3c999ce70,
0x000001d3c99a1740, 0x000001d3c9a2e530, 0x000001d3c996b900, 0x000001d3ca6c9420,
0x000001d3ca6a3930, 0x000001d3cb4d16c0, 0x000001d3cb1831a0
}

Java Threads: ( => current thread )
  0x000001d3ac2af5c0 JavaThread "main" [_thread_in_Java, id=10032, stack(0x000000215ba00000,0x000000215bb00000)]
  0x000001d3c99823a0 JavaThread "Reference Handler" daemon [_thread_blocked, id=3648, stack(0x000000215c100000,0x000000215c200000)]
  0x000001d3c99839b0 JavaThread "Finalizer" daemon [_thread_blocked, id=9468, stack(0x000000215c200000,0x000000215c300000)]
  0x000001d3c9996e70 JavaThread "Signal Dispatcher" daemon [_thread_blocked, id=9760, stack(0x000000215c300000,0x000000215c400000)]
  0x000001d3c9997a20 JavaThread "Attach Listener" daemon [_thread_blocked, id=8320, stack(0x000000215c400000,0x000000215c500000)]
  0x000001d3c999af90 JavaThread "Service Thread" daemon [_thread_blocked, id=13816, stack(0x000000215c500000,0x000000215c600000)]
  0x000001d3c999b940 JavaThread "Monitor Deflation Thread" daemon [_thread_blocked, id=17388, stack(0x000000215c600000,0x000000215c700000)]
  0x000001d3c999ce70 JavaThread "C2 CompilerThread0" daemon [_thread_in_native, id=10348, stack(0x000000215c700000,0x000000215c800000)]
  0x000001d3c99a1740 JavaThread "C1 CompilerThread0" daemon [_thread_blocked, id=7376, stack(0x000000215c800000,0x000000215c900000)]
  0x000001d3c9a2e530 JavaThread "Sweeper thread" daemon [_thread_blocked, id=7404, stack(0x000000215c900000,0x000000215ca00000)]
  0x000001d3c996b900 JavaThread "Common-Cleaner" daemon [_thread_blocked, id=16440, stack(0x000000215ca00000,0x000000215cb00000)]
  0x000001d3ca6c9420 JavaThread "Monitor Ctrl-Break" daemon [_thread_in_native, id=1940, stack(0x000000215cc00000,0x000000215cd00000)]
  0x000001d3ca6a3930 JavaThread "Notification Thread" daemon [_thread_blocked, id=17080, stack(0x000000215cd00000,0x000000215ce00000)]
=>0x000001d3cb4d16c0 JavaThread "C2 CompilerThread1" daemon [_thread_in_native, id=3912, stack(0x000000215cb00000,0x000000215cc00000)]
  0x000001d3cb1831a0 JavaThread "background-preinit" [_thread_in_vm, id=2184, stack(0x000000215d200000,0x000000215d300000)]

Other Threads:
  0x000001d3c997d000 VMThread "VM Thread" [stack: 0x000000215c000000,0x000000215c100000] [id=17172]
  0x000001d3ca6c98f0 WatcherThread [stack: 0x000000215ce00000,0x000000215cf00000] [id=12116]
  0x000001d3ac2ec530 GCTaskThread "GC Thread#0" [stack: 0x000000215bb00000,0x000000215bc00000] [id=12160]
  0x000001d3caac3d80 GCTaskThread "GC Thread#1" [stack: 0x000000215cf00000,0x000000215d000000] [id=10568]
  0x000001d3cab74dd0 GCTaskThread "GC Thread#2" [stack: 0x000000215d000000,0x000000215d100000] [id=9268]
  0x000001d3cacb4ad0 GCTaskThread "GC Thread#3" [stack: 0x000000215d100000,0x000000215d200000] [id=16436]
  0x000001d3ac2fdf00 ConcurrentGCThread "G1 Main Marker" [stack: 0x000000215bc00000,0x000000215bd00000] [id=5028]
  0x000001d3ac2fe910 ConcurrentGCThread "G1 Conc#0" [stack: 0x000000215bd00000,0x000000215be00000] [id=16396]
  0x000001d3c9840090 ConcurrentGCThread "G1 Refine#0" [stack: 0x000000215be00000,0x000000215bf00000] [id=9624]
  0x000001d3c98419d0 ConcurrentGCThread "G1 Service" [stack: 0x000000215bf00000,0x000000215c000000] [id=16024]

Threads with active compile tasks:
C2 CompilerThread0     4637 2242   !   4       jdk.internal.loader.URLClassPath$JarLoader::getResource (354 bytes)
C2 CompilerThread1     4637 2248   !   4       java.util.zip.InflaterInputStream::read (138 bytes)

VM state: not at safepoint (normal execution)

VM Mutex/Monitor currently owned by a thread: None

Heap address: 0x0000000082c00000, size: 2004 MB, Compressed Oops mode: 32-bit

CDS archive(s) mapped at: [0x0000000800000000-0x0000000800bc0000-0x0000000800bc0000), size 12320768, SharedBaseAddress: 0x0000000800000000, ArchiveRelocationMode: 0.
Compressed class space mapped at: 0x0000000800c00000-0x0000000840c00000, reserved size: 1073741824
Narrow klass base: 0x0000000800000000, Narrow klass shift: 0, Narrow klass range: 0x100000000

GC Precious Log:
 CPUs: 4 total, 4 available
 Memory: 8015M
 Large Page Support: Disabled
 NUMA Support: Disabled
 Compressed Oops: Enabled (32-bit)
 Heap Region Size: 1M
 Heap Min Capacity: 8M
 Heap Initial Capacity: 126M
 Heap Max Capacity: 2004M
 Pre-touch: Disabled
 Parallel Workers: 4
 Concurrent Workers: 1
 Concurrent Refinement Workers: 4
 Periodic GC: Disabled

Heap:
 garbage-first heap   total 129024K, used 25388K [0x0000000082c00000, 0x0000000100000000)
  region size 1024K, 21 young (21504K), 6 survivors (6144K)
 Metaspace       used 19290K, committed 19584K, reserved 1073152K
  class space    used 2455K, committed 2624K, reserved 1048576K

Heap Regions: E=young(eden), S=young(survivor), O=old, HS=humongous(starts), HC=humongous(continues), CS=collection set, F=free, OA=open archive, CA=closed archive, TAMS=top-at-mark-start (previous, next)
|   0|0x0000000082c00000, 0x0000000082d00000, 0x0000000082d00000|100%|HS|  |TAMS 0x0000000082c00000, 0x0000000082c00000| Complete 
|   1|0x0000000082d00000, 0x0000000082e00000, 0x0000000082e00000|100%| O|  |TAMS 0x0000000082d00000, 0x0000000082d00000| Untracked 
|   2|0x0000000082e00000, 0x0000000082f00000, 0x0000000082f00000|100%| O|  |TAMS 0x0000000082e00000, 0x0000000082e00000| Untracked 
|   3|0x0000000082f00000, 0x0000000083000000, 0x0000000083000000|100%| O|  |TAMS 0x0000000082f00000, 0x0000000082f00000| Untracked 
|   4|0x0000000083000000, 0x0000000083100000, 0x0000000083100000|100%| O|  |TAMS 0x0000000083000000, 0x0000000083000000| Untracked 
|   5|0x0000000083100000, 0x0000000083200000, 0x0000000083200000|100%| O|  |TAMS 0x0000000083100000, 0x0000000083100000| Untracked 
|   6|0x0000000083200000, 0x0000000083261800, 0x0000000083300000| 38%| O|  |TAMS 0x0000000083200000, 0x0000000083200000| Untracked 
|   7|0x0000000083300000, 0x0000000083300000, 0x0000000083400000|  0%| F|  |TAMS 0x0000000083300000, 0x0000000083300000| Untracked 
|   8|0x0000000083400000, 0x0000000083400000, 0x0000000083500000|  0%| F|  |TAMS 0x0000000083400000, 0x0000000083400000| Untracked 
|   9|0x0000000083500000, 0x0000000083500000, 0x0000000083600000|  0%| F|  |TAMS 0x0000000083500000, 0x0000000083500000| Untracked 
|  10|0x0000000083600000, 0x0000000083600000, 0x0000000083700000|  0%| F|  |TAMS 0x0000000083600000, 0x0000000083600000| Untracked 
|  11|0x0000000083700000, 0x0000000083700000, 0x0000000083800000|  0%| F|  |TAMS 0x0000000083700000, 0x0000000083700000| Untracked 
|  12|0x0000000083800000, 0x0000000083800000, 0x0000000083900000|  0%| F|  |TAMS 0x0000000083800000, 0x0000000083800000| Untracked 
|  13|0x0000000083900000, 0x0000000083900000, 0x0000000083a00000|  0%| F|  |TAMS 0x0000000083900000, 0x0000000083900000| Untracked 
|  14|0x0000000083a00000, 0x0000000083a00000, 0x0000000083b00000|  0%| F|  |TAMS 0x0000000083a00000, 0x0000000083a00000| Untracked 
|  15|0x0000000083b00000, 0x0000000083b00000, 0x0000000083c00000|  0%| F|  |TAMS 0x0000000083b00000, 0x0000000083b00000| Untracked 
|  16|0x0000000083c00000, 0x0000000083c00000, 0x0000000083d00000|  0%| F|  |TAMS 0x0000000083c00000, 0x0000000083c00000| Untracked 
|  17|0x0000000083d00000, 0x0000000083d00000, 0x0000000083e00000|  0%| F|  |TAMS 0x0000000083d00000, 0x0000000083d00000| Untracked 
|  18|0x0000000083e00000, 0x0000000083e00000, 0x0000000083f00000|  0%| F|  |TAMS 0x0000000083e00000, 0x0000000083e00000| Untracked 
|  19|0x0000000083f00000, 0x0000000083f00000, 0x0000000084000000|  0%| F|  |TAMS 0x0000000083f00000, 0x0000000083f00000| Untracked 
|  20|0x0000000084000000, 0x0000000084000000, 0x0000000084100000|  0%| F|  |TAMS 0x0000000084000000, 0x0000000084000000| Untracked 
|  21|0x0000000084100000, 0x0000000084100000, 0x0000000084200000|  0%| F|  |TAMS 0x0000000084100000, 0x0000000084100000| Untracked 
|  22|0x0000000084200000, 0x0000000084200000, 0x0000000084300000|  0%| F|  |TAMS 0x0000000084200000, 0x0000000084200000| Untracked 
|  23|0x0000000084300000, 0x0000000084300000, 0x0000000084400000|  0%| F|  |TAMS 0x0000000084300000, 0x0000000084300000| Untracked 
|  24|0x0000000084400000, 0x0000000084400000, 0x0000000084500000|  0%| F|  |TAMS 0x0000000084400000, 0x0000000084400000| Untracked 
|  25|0x0000000084500000, 0x0000000084500000, 0x0000000084600000|  0%| F|  |TAMS 0x0000000084500000, 0x0000000084500000| Untracked 
|  26|0x0000000084600000, 0x0000000084600000, 0x0000000084700000|  0%| F|  |TAMS 0x0000000084600000, 0x0000000084600000| Untracked 
|  27|0x0000000084700000, 0x0000000084700000, 0x0000000084800000|  0%| F|  |TAMS 0x0000000084700000, 0x0000000084700000| Untracked 
|  28|0x0000000084800000, 0x0000000084800000, 0x0000000084900000|  0%| F|  |TAMS 0x0000000084800000, 0x0000000084800000| Untracked 
|  29|0x0000000084900000, 0x0000000084900000, 0x0000000084a00000|  0%| F|  |TAMS 0x0000000084900000, 0x0000000084900000| Untracked 
|  30|0x0000000084a00000, 0x0000000084a00000, 0x0000000084b00000|  0%| F|  |TAMS 0x0000000084a00000, 0x0000000084a00000| Untracked 
|  31|0x0000000084b00000, 0x0000000084b00000, 0x0000000084c00000|  0%| F|  |TAMS 0x0000000084b00000, 0x0000000084b00000| Untracked 
|  32|0x0000000084c00000, 0x0000000084c00000, 0x0000000084d00000|  0%| F|  |TAMS 0x0000000084c00000, 0x0000000084c00000| Untracked 
|  33|0x0000000084d00000, 0x0000000084d00000, 0x0000000084e00000|  0%| F|  |TAMS 0x0000000084d00000, 0x0000000084d00000| Untracked 
|  34|0x0000000084e00000, 0x0000000084e00000, 0x0000000084f00000|  0%| F|  |TAMS 0x0000000084e00000, 0x0000000084e00000| Untracked 
|  35|0x0000000084f00000, 0x0000000084f00000, 0x0000000085000000|  0%| F|  |TAMS 0x0000000084f00000, 0x0000000084f00000| Untracked 
|  36|0x0000000085000000, 0x0000000085000000, 0x0000000085100000|  0%| F|  |TAMS 0x0000000085000000, 0x0000000085000000| Untracked 
|  37|0x0000000085100000, 0x0000000085100000, 0x0000000085200000|  0%| F|  |TAMS 0x0000000085100000, 0x0000000085100000| Untracked 
|  38|0x0000000085200000, 0x0000000085200000, 0x0000000085300000|  0%| F|  |TAMS 0x0000000085200000, 0x0000000085200000| Untracked 
|  39|0x0000000085300000, 0x0000000085300000, 0x0000000085400000|  0%| F|  |TAMS 0x0000000085300000, 0x0000000085300000| Untracked 
|  40|0x0000000085400000, 0x0000000085400000, 0x0000000085500000|  0%| F|  |TAMS 0x0000000085400000, 0x0000000085400000| Untracked 
|  41|0x0000000085500000, 0x0000000085500000, 0x0000000085600000|  0%| F|  |TAMS 0x0000000085500000, 0x0000000085500000| Untracked 
|  42|0x0000000085600000, 0x0000000085600000, 0x0000000085700000|  0%| F|  |TAMS 0x0000000085600000, 0x0000000085600000| Untracked 
|  43|0x0000000085700000, 0x0000000085700000, 0x0000000085800000|  0%| F|  |TAMS 0x0000000085700000, 0x0000000085700000| Untracked 
|  44|0x0000000085800000, 0x0000000085800000, 0x0000000085900000|  0%| F|  |TAMS 0x0000000085800000, 0x0000000085800000| Untracked 
|  45|0x0000000085900000, 0x0000000085969b10, 0x0000000085a00000| 41%| S|CS|TAMS 0x0000000085900000, 0x0000000085900000| Complete 
|  46|0x0000000085a00000, 0x0000000085b00000, 0x0000000085b00000|100%| S|CS|TAMS 0x0000000085a00000, 0x0000000085a00000| Complete 
|  47|0x0000000085b00000, 0x0000000085c00000, 0x0000000085c00000|100%| S|CS|TAMS 0x0000000085b00000, 0x0000000085b00000| Complete 
|  48|0x0000000085c00000, 0x0000000085d00000, 0x0000000085d00000|100%| S|CS|TAMS 0x0000000085c00000, 0x0000000085c00000| Complete 
|  49|0x0000000085d00000, 0x0000000085d00000, 0x0000000085e00000|  0%| F|  |TAMS 0x0000000085d00000, 0x0000000085d00000| Untracked 
|  50|0x0000000085e00000, 0x0000000085e00000, 0x0000000085f00000|  0%| F|  |TAMS 0x0000000085e00000, 0x0000000085e00000| Untracked 
|  51|0x0000000085f00000, 0x0000000085f00000, 0x0000000086000000|  0%| F|  |TAMS 0x0000000085f00000, 0x0000000085f00000| Untracked 
|  52|0x0000000086000000, 0x0000000086000000, 0x0000000086100000|  0%| F|  |TAMS 0x0000000086000000, 0x0000000086000000| Untracked 
|  53|0x0000000086100000, 0x0000000086100000, 0x0000000086200000|  0%| F|  |TAMS 0x0000000086100000, 0x0000000086100000| Untracked 
|  54|0x0000000086200000, 0x0000000086300000, 0x0000000086300000|100%| S|CS|TAMS 0x0000000086200000, 0x0000000086200000| Complete 
|  55|0x0000000086300000, 0x0000000086400000, 0x0000000086400000|100%| S|CS|TAMS 0x0000000086300000, 0x0000000086300000| Complete 
|  56|0x0000000086400000, 0x0000000086400000, 0x0000000086500000|  0%| F|  |TAMS 0x0000000086400000, 0x0000000086400000| Untracked 
|  57|0x0000000086500000, 0x0000000086500000, 0x0000000086600000|  0%| F|  |TAMS 0x0000000086500000, 0x0000000086500000| Untracked 
|  58|0x0000000086600000, 0x0000000086600000, 0x0000000086700000|  0%| F|  |TAMS 0x0000000086600000, 0x0000000086600000| Untracked 
|  59|0x0000000086700000, 0x0000000086700000, 0x0000000086800000|  0%| F|  |TAMS 0x0000000086700000, 0x0000000086700000| Untracked 
|  60|0x0000000086800000, 0x0000000086800000, 0x0000000086900000|  0%| F|  |TAMS 0x0000000086800000, 0x0000000086800000| Untracked 
|  61|0x0000000086900000, 0x0000000086900000, 0x0000000086a00000|  0%| F|  |TAMS 0x0000000086900000, 0x0000000086900000| Untracked 
|  62|0x0000000086a00000, 0x0000000086a00000, 0x0000000086b00000|  0%| F|  |TAMS 0x0000000086a00000, 0x0000000086a00000| Untracked 
|  63|0x0000000086b00000, 0x0000000086b00000, 0x0000000086c00000|  0%| F|  |TAMS 0x0000000086b00000, 0x0000000086b00000| Untracked 
|  64|0x0000000086c00000, 0x0000000086c00000, 0x0000000086d00000|  0%| F|  |TAMS 0x0000000086c00000, 0x0000000086c00000| Untracked 
|  65|0x0000000086d00000, 0x0000000086d00000, 0x0000000086e00000|  0%| F|  |TAMS 0x0000000086d00000, 0x0000000086d00000| Untracked 
|  66|0x0000000086e00000, 0x0000000086e00000, 0x0000000086f00000|  0%| F|  |TAMS 0x0000000086e00000, 0x0000000086e00000| Untracked 
|  67|0x0000000086f00000, 0x0000000086f00000, 0x0000000087000000|  0%| F|  |TAMS 0x0000000086f00000, 0x0000000086f00000| Untracked 
|  68|0x0000000087000000, 0x0000000087000000, 0x0000000087100000|  0%| F|  |TAMS 0x0000000087000000, 0x0000000087000000| Untracked 
|  69|0x0000000087100000, 0x0000000087100000, 0x0000000087200000|  0%| F|  |TAMS 0x0000000087100000, 0x0000000087100000| Untracked 
|  70|0x0000000087200000, 0x0000000087200000, 0x0000000087300000|  0%| F|  |TAMS 0x0000000087200000, 0x0000000087200000| Untracked 
|  71|0x0000000087300000, 0x0000000087300000, 0x0000000087400000|  0%| F|  |TAMS 0x0000000087300000, 0x0000000087300000| Untracked 
|  72|0x0000000087400000, 0x0000000087400000, 0x0000000087500000|  0%| F|  |TAMS 0x0000000087400000, 0x0000000087400000| Untracked 
|  73|0x0000000087500000, 0x0000000087500000, 0x0000000087600000|  0%| F|  |TAMS 0x0000000087500000, 0x0000000087500000| Untracked 
|  74|0x0000000087600000, 0x0000000087600000, 0x0000000087700000|  0%| F|  |TAMS 0x0000000087600000, 0x0000000087600000| Untracked 
|  75|0x0000000087700000, 0x0000000087700000, 0x0000000087800000|  0%| F|  |TAMS 0x0000000087700000, 0x0000000087700000| Untracked 
|  76|0x0000000087800000, 0x0000000087800000, 0x0000000087900000|  0%| F|  |TAMS 0x0000000087800000, 0x0000000087800000| Untracked 
|  77|0x0000000087900000, 0x0000000087900000, 0x0000000087a00000|  0%| F|  |TAMS 0x0000000087900000, 0x0000000087900000| Untracked 
|  78|0x0000000087a00000, 0x0000000087a00000, 0x0000000087b00000|  0%| F|  |TAMS 0x0000000087a00000, 0x0000000087a00000| Untracked 
|  79|0x0000000087b00000, 0x0000000087b00000, 0x0000000087c00000|  0%| F|  |TAMS 0x0000000087b00000, 0x0000000087b00000| Untracked 
|  80|0x0000000087c00000, 0x0000000087c00000, 0x0000000087d00000|  0%| F|  |TAMS 0x0000000087c00000, 0x0000000087c00000| Untracked 
|  81|0x0000000087d00000, 0x0000000087d00000, 0x0000000087e00000|  0%| F|  |TAMS 0x0000000087d00000, 0x0000000087d00000| Untracked 
|  82|0x0000000087e00000, 0x0000000087e00000, 0x0000000087f00000|  0%| F|  |TAMS 0x0000000087e00000, 0x0000000087e00000| Untracked 
|  83|0x0000000087f00000, 0x0000000087f00000, 0x0000000088000000|  0%| F|  |TAMS 0x0000000087f00000, 0x0000000087f00000| Untracked 
|  84|0x0000000088000000, 0x0000000088000000, 0x0000000088100000|  0%| F|  |TAMS 0x0000000088000000, 0x0000000088000000| Untracked 
|  85|0x0000000088100000, 0x0000000088100000, 0x0000000088200000|  0%| F|  |TAMS 0x0000000088100000, 0x0000000088100000| Untracked 
|  86|0x0000000088200000, 0x0000000088200000, 0x0000000088300000|  0%| F|  |TAMS 0x0000000088200000, 0x0000000088200000| Untracked 
|  87|0x0000000088300000, 0x0000000088300000, 0x0000000088400000|  0%| F|  |TAMS 0x0000000088300000, 0x0000000088300000| Untracked 
|  88|0x0000000088400000, 0x0000000088400000, 0x0000000088500000|  0%| F|  |TAMS 0x0000000088400000, 0x0000000088400000| Untracked 
|  89|0x0000000088500000, 0x0000000088500000, 0x0000000088600000|  0%| F|  |TAMS 0x0000000088500000, 0x0000000088500000| Untracked 
|  90|0x0000000088600000, 0x0000000088600000, 0x0000000088700000|  0%| F|  |TAMS 0x0000000088600000, 0x0000000088600000| Untracked 
|  91|0x0000000088700000, 0x0000000088700000, 0x0000000088800000|  0%| F|  |TAMS 0x0000000088700000, 0x0000000088700000| Untracked 
|  92|0x0000000088800000, 0x0000000088800000, 0x0000000088900000|  0%| F|  |TAMS 0x0000000088800000, 0x0000000088800000| Untracked 
|  93|0x0000000088900000, 0x0000000088900000, 0x0000000088a00000|  0%| F|  |TAMS 0x0000000088900000, 0x0000000088900000| Untracked 
|  94|0x0000000088a00000, 0x0000000088a00000, 0x0000000088b00000|  0%| F|  |TAMS 0x0000000088a00000, 0x0000000088a00000| Untracked 
|  95|0x0000000088b00000, 0x0000000088b00000, 0x0000000088c00000|  0%| F|  |TAMS 0x0000000088b00000, 0x0000000088b00000| Untracked 
|  96|0x0000000088c00000, 0x0000000088c00000, 0x0000000088d00000|  0%| F|  |TAMS 0x0000000088c00000, 0x0000000088c00000| Untracked 
|  97|0x0000000088d00000, 0x0000000088d00000, 0x0000000088e00000|  0%| F|  |TAMS 0x0000000088d00000, 0x0000000088d00000| Untracked 
|  98|0x0000000088e00000, 0x0000000088e00000, 0x0000000088f00000|  0%| F|  |TAMS 0x0000000088e00000, 0x0000000088e00000| Untracked 
|  99|0x0000000088f00000, 0x0000000088f00000, 0x0000000089000000|  0%| F|  |TAMS 0x0000000088f00000, 0x0000000088f00000| Untracked 
| 100|0x0000000089000000, 0x0000000089000000, 0x0000000089100000|  0%| F|  |TAMS 0x0000000089000000, 0x0000000089000000| Untracked 
| 101|0x0000000089100000, 0x0000000089100000, 0x0000000089200000|  0%| F|  |TAMS 0x0000000089100000, 0x0000000089100000| Untracked 
| 102|0x0000000089200000, 0x0000000089200000, 0x0000000089300000|  0%| F|  |TAMS 0x0000000089200000, 0x0000000089200000| Untracked 
| 103|0x0000000089300000, 0x0000000089300000, 0x0000000089400000|  0%| F|  |TAMS 0x0000000089300000, 0x0000000089300000| Untracked 
| 104|0x0000000089400000, 0x0000000089400000, 0x0000000089500000|  0%| F|  |TAMS 0x0000000089400000, 0x0000000089400000| Untracked 
| 105|0x0000000089500000, 0x0000000089500000, 0x0000000089600000|  0%| F|  |TAMS 0x0000000089500000, 0x0000000089500000| Untracked 
| 106|0x0000000089600000, 0x0000000089600000, 0x0000000089700000|  0%| F|  |TAMS 0x0000000089600000, 0x0000000089600000| Untracked 
| 107|0x0000000089700000, 0x0000000089700000, 0x0000000089800000|  0%| F|  |TAMS 0x0000000089700000, 0x0000000089700000| Untracked 
| 108|0x0000000089800000, 0x0000000089800000, 0x0000000089900000|  0%| F|  |TAMS 0x0000000089800000, 0x0000000089800000| Untracked 
| 109|0x0000000089900000, 0x0000000089900000, 0x0000000089a00000|  0%| F|  |TAMS 0x0000000089900000, 0x0000000089900000| Untracked 
| 110|0x0000000089a00000, 0x0000000089a00000, 0x0000000089b00000|  0%| F|  |TAMS 0x0000000089a00000, 0x0000000089a00000| Untracked 
| 111|0x0000000089b00000, 0x0000000089c00000, 0x0000000089c00000|100%| E|  |TAMS 0x0000000089b00000, 0x0000000089b00000| Complete 
| 112|0x0000000089c00000, 0x0000000089d00000, 0x0000000089d00000|100%| E|CS|TAMS 0x0000000089c00000, 0x0000000089c00000| Complete 
| 113|0x0000000089d00000, 0x0000000089e00000, 0x0000000089e00000|100%| E|CS|TAMS 0x0000000089d00000, 0x0000000089d00000| Complete 
| 114|0x0000000089e00000, 0x0000000089f00000, 0x0000000089f00000|100%| E|CS|TAMS 0x0000000089e00000, 0x0000000089e00000| Complete 
| 115|0x0000000089f00000, 0x000000008a000000, 0x000000008a000000|100%| E|CS|TAMS 0x0000000089f00000, 0x0000000089f00000| Complete 
| 116|0x000000008a000000, 0x000000008a100000, 0x000000008a100000|100%| E|CS|TAMS 0x000000008a000000, 0x000000008a000000| Complete 
| 117|0x000000008a100000, 0x000000008a200000, 0x000000008a200000|100%| E|CS|TAMS 0x000000008a100000, 0x000000008a100000| Complete 
| 118|0x000000008a200000, 0x000000008a300000, 0x000000008a300000|100%| E|CS|TAMS 0x000000008a200000, 0x000000008a200000| Complete 
| 119|0x000000008a300000, 0x000000008a400000, 0x000000008a400000|100%| E|CS|TAMS 0x000000008a300000, 0x000000008a300000| Complete 
| 120|0x000000008a400000, 0x000000008a500000, 0x000000008a500000|100%| E|CS|TAMS 0x000000008a400000, 0x000000008a400000| Complete 
| 121|0x000000008a500000, 0x000000008a600000, 0x000000008a600000|100%| E|CS|TAMS 0x000000008a500000, 0x000000008a500000| Complete 
| 122|0x000000008a600000, 0x000000008a700000, 0x000000008a700000|100%| E|CS|TAMS 0x000000008a600000, 0x000000008a600000| Complete 
| 123|0x000000008a700000, 0x000000008a800000, 0x000000008a800000|100%| E|  |TAMS 0x000000008a700000, 0x000000008a700000| Complete 
| 124|0x000000008a800000, 0x000000008a900000, 0x000000008a900000|100%| E|CS|TAMS 0x000000008a800000, 0x000000008a800000| Complete 
| 125|0x000000008a900000, 0x000000008aa00000, 0x000000008aa00000|100%| E|CS|TAMS 0x000000008a900000, 0x000000008a900000| Complete 

Card table byte_map: [0x000001d3c2e80000,0x000001d3c3270000] _byte_map_base: 0x000001d3c2a6a000

Marking Bits (Prev, Next): (CMBitMap*) 0x000001d3ac2edb50, (CMBitMap*) 0x000001d3ac2edb90
 Prev Bits: [0x000001d3c3660000, 0x000001d3c55b0000)
 Next Bits: [0x000001d3c55b0000, 0x000001d3c7500000)

Polling page: 0x000001d3aa110000

Metaspace:

Usage:
  Non-class:     16.50 MB used.
      Class:      2.40 MB used.
       Both:     18.90 MB used.

Virtual space:
  Non-class space:       24.00 MB reserved,      16.62 MB ( 69%) committed,  3 nodes.
      Class space:        1.00 GB reserved,       2.56 MB ( <1%) committed,  1 nodes.
             Both:        1.02 GB reserved,      19.19 MB (  2%) committed. 

Chunk freelists:
   Non-Class:  2.72 MB
       Class:  1.48 MB
        Both:  4.20 MB

MaxMetaspaceSize: unlimited
CompressedClassSpaceSize: 1.00 GB
Initial GC threshold: 21.00 MB
Current GC threshold: 21.00 MB
CDS: on
MetaspaceReclaimPolicy: balanced
 - commit_granule_bytes: 65536.
 - commit_granule_words: 8192.
 - virtual_space_node_default_size: 1048576.
 - enlarge_chunks_in_place: 1.
 - new_chunks_are_fully_committed: 0.
 - uncommit_free_chunks: 1.
 - use_allocation_guard: 0.
 - handle_deallocations: 1.


Internal statistics:

num_allocs_failed_limit: 0.
num_arena_births: 204.
num_arena_deaths: 0.
num_vsnodes_births: 4.
num_vsnodes_deaths: 0.
num_space_committed: 307.
num_space_uncommitted: 0.
num_chunks_returned_to_freelist: 0.
num_chunks_taken_from_freelist: 824.
num_chunk_merges: 0.
num_chunk_splits: 589.
num_chunks_enlarged: 487.
num_purges: 0.
num_inconsistent_stats: 0.

CodeHeap 'non-profiled nmethods': size=120000Kb used=1049Kb max_used=1049Kb free=118950Kb
 bounds [0x000001d3bb560000, 0x000001d3bb7d0000, 0x000001d3c2a90000]
CodeHeap 'profiled nmethods': size=120000Kb used=4541Kb max_used=4541Kb free=115458Kb
 bounds [0x000001d3b4030000, 0x000001d3b44a0000, 0x000001d3bb560000]
CodeHeap 'non-nmethods': size=5760Kb used=1200Kb max_used=1240Kb free=4559Kb
 bounds [0x000001d3b3a90000, 0x000001d3b3d00000, 0x000001d3b4030000]
 total_blobs=2792 nmethods=2290 adapters=415
 compilation: enabled
              stopped_count=0, restarted_count=0
 full_count=0

Compilation events (20 events):
Event: 4.555 Thread 0x000001d3c99a1740 2252   !   3       ch.qos.logback.classic.LoggerContext::getLogger (164 bytes)
Event: 4.556 Thread 0x000001d3c99a1740 nmethod 2252 0x000001d3b447a610 code [0x000001d3b447a860, 0x000001d3b447b238]
Event: 4.565 Thread 0x000001d3c99a1740 2254       3       org.springframework.asm.ClassReader::readClass (7 bytes)
Event: 4.566 Thread 0x000001d3c99a1740 nmethod 2254 0x000001d3b447b610 code [0x000001d3b447b7e0, 0x000001d3b447bb48]
Event: 4.566 Thread 0x000001d3c99a1740 2255       3       org.springframework.asm.ClassReader::readStringish (16 bytes)
Event: 4.566 Thread 0x000001d3c99a1740 nmethod 2255 0x000001d3b447bd10 code [0x000001d3b447bee0, 0x000001d3b447c1e8]
Event: 4.570 Thread 0x000001d3c99a1740 2256       3       java.util.LinkedHashMap::<init> (11 bytes)
Event: 4.570 Thread 0x000001d3c99a1740 nmethod 2256 0x000001d3b447c390 code [0x000001d3b447c560, 0x000001d3b447c728]
Event: 4.570 Thread 0x000001d3c99a1740 2257       3       java.lang.reflect.Constructor::setAccessible (21 bytes)
Event: 4.571 Thread 0x000001d3c99a1740 nmethod 2257 0x000001d3b447c810 code [0x000001d3b447ca20, 0x000001d3b447d118]
Event: 4.573 Thread 0x000001d3c99a1740 2259       3       org.springframework.asm.ClassReader::readElementValues (88 bytes)
Event: 4.574 Thread 0x000001d3c99a1740 nmethod 2259 0x000001d3b447d390 code [0x000001d3b447d5a0, 0x000001d3b447dbf8]
Event: 4.575 Thread 0x000001d3c99a1740 2260   !   3       org.springframework.util.ClassUtils::getDefaultClassLoader (37 bytes)
Event: 4.577 Thread 0x000001d3c99a1740 nmethod 2260 0x000001d3b447de90 code [0x000001d3b447e180, 0x000001d3b447f4f8]
Event: 4.577 Thread 0x000001d3c99a1740 2261       3       java.util.LinkedHashSet::<init> (9 bytes)
Event: 4.577 Thread 0x000001d3c99a1740 nmethod 2261 0x000001d3b447fb10 code [0x000001d3b447fce0, 0x000001d3b447fe28]
Event: 4.577 Thread 0x000001d3c99a1740 2262       3       java.lang.reflect.Constructor::copy (72 bytes)
Event: 4.578 Thread 0x000001d3c99a1740 nmethod 2262 0x000001d3b447ff10 code [0x000001d3b44800e0, 0x000001d3b4480498]
Event: 4.579 Thread 0x000001d3c99a1740 2263       3       java.lang.reflect.Constructor::acquireConstructorAccessor (44 bytes)
Event: 4.580 Thread 0x000001d3c99a1740 nmethod 2263 0x000001d3b4480590 code [0x000001d3b4480780, 0x000001d3b4480c78]

GC Heap History (10 events):
Event: 0.939 GC heap before
{Heap before GC invocations=0 (full 0):
 garbage-first heap   total 129024K, used 13312K [0x0000000082c00000, 0x0000000100000000)
  region size 1024K, 13 young (13312K), 0 survivors (0K)
 Metaspace       used 2708K, committed 2880K, reserved 1056768K
  class space    used 267K, committed 384K, reserved 1048576K
}
Event: 0.945 GC heap after
{Heap after GC invocations=1 (full 0):
 garbage-first heap   total 129024K, used 6508K [0x0000000082c00000, 0x0000000100000000)
  region size 1024K, 2 young (2048K), 2 survivors (2048K)
 Metaspace       used 2708K, committed 2880K, reserved 1056768K
  class space    used 267K, committed 384K, reserved 1048576K
}
Event: 1.641 GC heap before
{Heap before GC invocations=1 (full 0):
 garbage-first heap   total 129024K, used 16748K [0x0000000082c00000, 0x0000000100000000)
  region size 1024K, 12 young (12288K), 2 survivors (2048K)
 Metaspace       used 5871K, committed 6080K, reserved 1056768K
  class space    used 670K, committed 768K, reserved 1048576K
}
Event: 1.646 GC heap after
{Heap after GC invocations=2 (full 0):
 garbage-first heap   total 129024K, used 7666K [0x0000000082c00000, 0x0000000100000000)
  region size 1024K, 2 young (2048K), 2 survivors (2048K)
 Metaspace       used 5871K, committed 6080K, reserved 1056768K
  class space    used 670K, committed 768K, reserved 1048576K
}
Event: 3.025 GC heap before
{Heap before GC invocations=2 (full 0):
 garbage-first heap   total 129024K, used 31218K [0x0000000082c00000, 0x0000000100000000)
  region size 1024K, 26 young (26624K), 2 survivors (2048K)
 Metaspace       used 11697K, committed 11904K, reserved 1064960K
  class space    used 1554K, committed 1664K, reserved 1048576K
}
Event: 3.035 GC heap after
{Heap after GC invocations=3 (full 0):
 garbage-first heap   total 129024K, used 9435K [0x0000000082c00000, 0x0000000100000000)
  region size 1024K, 3 young (3072K), 3 survivors (3072K)
 Metaspace       used 11697K, committed 11904K, reserved 1064960K
  class space    used 1554K, committed 1664K, reserved 1048576K
}
Event: 3.938 GC heap before
{Heap before GC invocations=3 (full 0):
 garbage-first heap   total 129024K, used 79067K [0x0000000082c00000, 0x0000000100000000)
  region size 1024K, 72 young (73728K), 3 survivors (3072K)
 Metaspace       used 17069K, committed 17344K, reserved 1064960K
  class space    used 2152K, committed 2304K, reserved 1048576K
}
Event: 3.947 GC heap after
{Heap after GC invocations=4 (full 0):
 garbage-first heap   total 129024K, used 11654K [0x0000000082c00000, 0x0000000100000000)
  region size 1024K, 5 young (5120K), 5 survivors (5120K)
 Metaspace       used 17069K, committed 17344K, reserved 1064960K
  class space    used 2152K, committed 2304K, reserved 1048576K
}
Event: 3.972 GC heap before
{Heap before GC invocations=4 (full 0):
 garbage-first heap   total 129024K, used 82310K [0x0000000082c00000, 0x0000000100000000)
  region size 1024K, 75 young (76800K), 5 survivors (5120K)
 Metaspace       used 17177K, committed 17472K, reserved 1064960K
  class space    used 2168K, committed 2304K, reserved 1048576K
}
Event: 3.980 GC heap after
{Heap after GC invocations=5 (full 0):
 garbage-first heap   total 129024K, used 12076K [0x0000000082c00000, 0x0000000100000000)
  region size 1024K, 6 young (6144K), 6 survivors (6144K)
 Metaspace       used 17177K, committed 17472K, reserved 1064960K
  class space    used 2168K, committed 2304K, reserved 1048576K
}

Deoptimization events (20 events):
Event: 4.258 Thread 0x000001d3ac2af5c0 DEOPT PACKING pc=0x000001d3b4160366 sp=0x000000215bafe820
Event: 4.258 Thread 0x000001d3ac2af5c0 DEOPT UNPACKING pc=0x000001d3b3ae2b24 sp=0x000000215bafdce8 mode 0
Event: 4.259 Thread 0x000001d3ac2af5c0 DEOPT PACKING pc=0x000001d3b415e031 sp=0x000000215bafe7f0
Event: 4.259 Thread 0x000001d3ac2af5c0 DEOPT UNPACKING pc=0x000001d3b3ae2b24 sp=0x000000215bafdce0 mode 0
Event: 4.259 Thread 0x000001d3ac2af5c0 DEOPT PACKING pc=0x000001d3b4160366 sp=0x000000215bafe820
Event: 4.259 Thread 0x000001d3ac2af5c0 DEOPT UNPACKING pc=0x000001d3b3ae2b24 sp=0x000000215bafdce8 mode 0
Event: 4.259 Thread 0x000001d3ac2af5c0 DEOPT PACKING pc=0x000001d3b415e031 sp=0x000000215bafe7f0
Event: 4.259 Thread 0x000001d3ac2af5c0 DEOPT UNPACKING pc=0x000001d3b3ae2b24 sp=0x000000215bafdce0 mode 0
Event: 4.260 Thread 0x000001d3ac2af5c0 DEOPT PACKING pc=0x000001d3b4160366 sp=0x000000215bafe820
Event: 4.260 Thread 0x000001d3ac2af5c0 DEOPT UNPACKING pc=0x000001d3b3ae2b24 sp=0x000000215bafdce8 mode 0
Event: 4.270 Thread 0x000001d3ac2af5c0 DEOPT PACKING pc=0x000001d3b415e031 sp=0x000000215bafe7f0
Event: 4.270 Thread 0x000001d3ac2af5c0 DEOPT UNPACKING pc=0x000001d3b3ae2b24 sp=0x000000215bafdce0 mode 0
Event: 4.271 Thread 0x000001d3ac2af5c0 DEOPT PACKING pc=0x000001d3b415e031 sp=0x000000215bafe7f0
Event: 4.271 Thread 0x000001d3ac2af5c0 DEOPT UNPACKING pc=0x000001d3b3ae2b24 sp=0x000000215bafdce0 mode 0
Event: 4.271 Thread 0x000001d3ac2af5c0 DEOPT PACKING pc=0x000001d3b415e031 sp=0x000000215bafe7f0
Event: 4.271 Thread 0x000001d3ac2af5c0 DEOPT UNPACKING pc=0x000001d3b3ae2b24 sp=0x000000215bafdce0 mode 0
Event: 4.272 Thread 0x000001d3ac2af5c0 DEOPT PACKING pc=0x000001d3b415e031 sp=0x000000215bafe7f0
Event: 4.272 Thread 0x000001d3ac2af5c0 DEOPT UNPACKING pc=0x000001d3b3ae2b24 sp=0x000000215bafdce0 mode 0
Event: 4.273 Thread 0x000001d3ac2af5c0 DEOPT PACKING pc=0x000001d3b415e031 sp=0x000000215bafe7f0
Event: 4.273 Thread 0x000001d3ac2af5c0 DEOPT UNPACKING pc=0x000001d3b3ae2b24 sp=0x000000215bafdce0 mode 0

Classes unloaded (0 events):
No events

Classes redefined (0 events):
No events

Internal exceptions (20 events):
Event: 1.896 Thread 0x000001d3ac2af5c0 Exception <a 'java/lang/NoSuchMethodError'{0x000000008a59c0a0}: 'void java.lang.invoke.DirectMethodHandle$Holder.invokeSpecial(java.lang.Object, java.lang.Object, java.lang.Object, java.lang.Object, java.lang.Object)'> (0x000000008a59c0a0) 
thrown [t:\workspace\open\src\hotspot\share\interpreter\linkResolver.cpp, line 766]
Event: 1.946 Thread 0x000001d3ac2af5c0 Exception <a 'java/lang/NoSuchMethodError'{0x000000008a478878}: 'java.lang.Object java.lang.invoke.DirectMethodHandle$Holder.invokeSpecial(java.lang.Object, java.lang.Object, java.lang.Object, int, java.lang.Object)'> (0x000000008a478878) 
thrown [t:\workspace\open\src\hotspot\share\interpreter\linkResolver.cpp, line 766]
Event: 1.948 Thread 0x000001d3ac2af5c0 Exception <a 'java/lang/NoSuchMethodError'{0x000000008a481140}: 'java.lang.Object java.lang.invoke.DirectMethodHandle$Holder.newInvokeSpecial(java.lang.Object, java.lang.Object, java.lang.Object, int, java.lang.Object)'> (0x000000008a481140) 
thrown [t:\workspace\open\src\hotspot\share\interpreter\linkResolver.cpp, line 766]
Event: 1.950 Thread 0x000001d3ac2af5c0 Exception <a 'java/lang/NoSuchMethodError'{0x000000008a488b10}: 'java.lang.Object java.lang.invoke.Invokers$Holder.linkToTargetMethod(java.lang.Object, java.lang.Object, int, java.lang.Object, java.lang.Object)'> (0x000000008a488b10) 
thrown [t:\workspace\open\src\hotspot\share\interpreter\linkResolver.cpp, line 766]
Event: 1.953 Thread 0x000001d3ac2af5c0 Exception <a 'java/lang/NoSuchMethodError'{0x000000008a497940}: 'java.lang.Object java.lang.invoke.DirectMethodHandle$Holder.newInvokeSpecial(java.lang.Object, int, java.lang.Object)'> (0x000000008a497940) 
thrown [t:\workspace\open\src\hotspot\share\interpreter\linkResolver.cpp, line 766]
Event: 1.954 Thread 0x000001d3ac2af5c0 Exception <a 'java/lang/NoSuchMethodError'{0x000000008a49c620}: 'int java.lang.invoke.DirectMethodHandle$Holder.invokeSpecialIFC(java.lang.Object, java.lang.Object, java.lang.Object, java.lang.Object)'> (0x000000008a49c620) 
thrown [t:\workspace\open\src\hotspot\share\interpreter\linkResolver.cpp, line 766]
Event: 2.003 Thread 0x000001d3ac2af5c0 Exception <a 'java/lang/NoSuchMethodError'{0x000000008a3836c0}: 'void java.lang.invoke.DirectMethodHandle$Holder.invokeInterface(java.lang.Object, java.lang.Object, java.lang.Object)'> (0x000000008a3836c0) 
thrown [t:\workspace\open\src\hotspot\share\interpreter\linkResolver.cpp, line 766]
Event: 2.055 Thread 0x000001d3ac2af5c0 Exception <a 'java/lang/NoSuchMethodError'{0x000000008a209b38}: 'void java.lang.invoke.DirectMethodHandle$Holder.invokeStaticInit(java.lang.Object, java.lang.Object, java.lang.Object)'> (0x000000008a209b38) 
thrown [t:\workspace\open\src\hotspot\share\interpreter\linkResolver.cpp, line 766]
Event: 2.070 Thread 0x000001d3ac2af5c0 Exception <a 'java/lang/NoSuchMethodError'{0x000000008a250d70}: 'java.lang.Object java.lang.invoke.DirectMethodHandle$Holder.invokeVirtual(java.lang.Object, java.lang.Object, java.lang.Object)'> (0x000000008a250d70) 
thrown [t:\workspace\open\src\hotspot\share\interpreter\linkResolver.cpp, line 766]
Event: 2.082 Thread 0x000001d3ac2af5c0 Exception <a 'java/lang/NoSuchMethodError'{0x000000008a2750e0}: 'java.lang.Object java.lang.invoke.DirectMethodHandle$Holder.invokeStatic(java.lang.Object, java.lang.Object, long, java.lang.Object)'> (0x000000008a2750e0) 
thrown [t:\workspace\open\src\hotspot\share\interpreter\linkResolver.cpp, line 766]
Event: 2.082 Thread 0x000001d3ac2af5c0 Exception <a 'java/lang/NoSuchMethodError'{0x000000008a278e58}: 'java.lang.Object java.lang.invoke.DirectMethodHandle$Holder.invokeStaticInit(java.lang.Object, java.lang.Object, long, java.lang.Object)'> (0x000000008a278e58) 
thrown [t:\workspace\open\src\hotspot\share\interpreter\linkResolver.cpp, line 766]
Event: 2.083 Thread 0x000001d3ac2af5c0 Exception <a 'java/lang/NoSuchMethodError'{0x000000008a27f598}: 'java.lang.Object java.lang.invoke.DirectMethodHandle$Holder.newInvokeSpecial(java.lang.Object, java.lang.Object, long)'> (0x000000008a27f598) 
thrown [t:\workspace\open\src\hotspot\share\interpreter\linkResolver.cpp, line 766]
Event: 2.084 Thread 0x000001d3ac2af5c0 Exception <a 'java/lang/NoSuchMethodError'{0x000000008a283108}: 'java.lang.Object java.lang.invoke.Invokers$Holder.linkToTargetMethod(java.lang.Object, long, java.lang.Object)'> (0x000000008a283108) 
thrown [t:\workspace\open\src\hotspot\share\interpreter\linkResolver.cpp, line 766]
Event: 2.226 Thread 0x000001d3ac2af5c0 Exception <a 'java/lang/NoSuchMethodError'{0x000000008a2dbee8}: 'void java.lang.invoke.DirectMethodHandle$Holder.invokeVirtual(java.lang.Object, java.lang.Object, java.lang.Object, java.lang.Object)'> (0x000000008a2dbee8) 
thrown [t:\workspace\open\src\hotspot\share\interpreter\linkResolver.cpp, line 766]
Event: 2.325 Thread 0x000001d3ac2af5c0 Exception <a 'java/lang/NoSuchMethodError'{0x000000008a02e988}: 'void java.lang.invoke.DirectMethodHandle$Holder.invokeSpecial(java.lang.Object, java.lang.Object, java.lang.Object)'> (0x000000008a02e988) 
thrown [t:\workspace\open\src\hotspot\share\interpreter\linkResolver.cpp, line 766]
Event: 2.349 Thread 0x000001d3ac2af5c0 Exception <a 'java/lang/IncompatibleClassChangeError'{0x000000008a05fec8}: Found class java.lang.Object, but interface was expected> (0x000000008a05fec8) 
thrown [t:\workspace\open\src\hotspot\share\interpreter\linkResolver.cpp, line 833]
Event: 3.268 Thread 0x000001d3ac2af5c0 Exception <a 'sun/nio/fs/WindowsException'{0x000000008a4a1698}> (0x000000008a4a1698) 
thrown [t:\workspace\open\src\hotspot\share\prims\jni.cpp, line 516]
Event: 3.269 Thread 0x000001d3ac2af5c0 Exception <a 'java/lang/NoSuchMethodError'{0x000000008a4a2eb8}: 'int java.lang.invoke.DirectMethodHandle$Holder.invokeSpecial(java.lang.Object, java.lang.Object, java.lang.Object, java.lang.Object, java.lang.Object)'> (0x000000008a4a2eb8) 
thrown [t:\workspace\open\src\hotspot\share\interpreter\linkResolver.cpp, line 766]
Event: 3.272 Thread 0x000001d3ac2af5c0 Exception <a 'java/lang/NoSuchMethodError'{0x000000008a4abb20}: 'void java.lang.invoke.DirectMethodHandle$Holder.invokeVirtual(java.lang.Object, java.lang.Object)'> (0x000000008a4abb20) 
thrown [t:\workspace\open\src\hotspot\share\interpreter\linkResolver.cpp, line 766]
Event: 4.232 Thread 0x000001d3ac2af5c0 Exception <a 'java/lang/IncompatibleClassChangeError'{0x000000008a08b908}: Found class java.lang.Object, but interface was expected> (0x000000008a08b908) 
thrown [t:\workspace\open\src\hotspot\share\interpreter\linkResolver.cpp, line 833]

VM Operations (20 events):
Event: 1.912 Executing VM operation: HandshakeAllThreads
Event: 1.912 Executing VM operation: HandshakeAllThreads done
Event: 2.310 Executing VM operation: HandshakeAllThreads
Event: 2.310 Executing VM operation: HandshakeAllThreads done
Event: 2.318 Executing VM operation: HandshakeAllThreads
Event: 2.318 Executing VM operation: HandshakeAllThreads done
Event: 2.319 Executing VM operation: HandshakeAllThreads
Event: 2.319 Executing VM operation: HandshakeAllThreads done
Event: 2.601 Executing VM operation: ICBufferFull
Event: 2.603 Executing VM operation: ICBufferFull done
Event: 3.024 Executing VM operation: G1CollectForAllocation
Event: 3.036 Executing VM operation: G1CollectForAllocation done
Event: 3.216 Executing VM operation: HandshakeAllThreads
Event: 3.216 Executing VM operation: HandshakeAllThreads done
Event: 3.711 Executing VM operation: HandshakeAllThreads
Event: 3.711 Executing VM operation: HandshakeAllThreads done
Event: 3.937 Executing VM operation: G1CollectForAllocation
Event: 3.947 Executing VM operation: G1CollectForAllocation done
Event: 3.972 Executing VM operation: G1CollectForAllocation
Event: 3.980 Executing VM operation: G1CollectForAllocation done

Events (20 events):
Event: 3.569 loading class java/lang/invoke/VarHandleLongs$Array
Event: 3.571 loading class java/lang/invoke/VarHandleLongs$Array done
Event: 3.571 loading class java/util/concurrent/atomic/AtomicReferenceArray
Event: 3.572 loading class java/util/concurrent/atomic/AtomicReferenceArray done
Event: 3.695 loading class sun/text/resources/cldr/FormatData_en
Event: 3.695 loading class sun/text/resources/cldr/FormatData_en done
Event: 3.696 loading class sun/text/resources/cldr/FormatData_en_US
Event: 3.696 loading class sun/text/resources/cldr/FormatData_en_US done
Event: 3.785 loading class java/io/CharArrayReader
Event: 3.785 loading class java/io/CharArrayReader done
Event: 3.792 Thread 0x000001d3cb8dcc60 Thread added: 0x000001d3cb8dcc60
Event: 3.844 loading class javax/naming/ldap/LdapContext
Event: 3.844 loading class javax/naming/directory/DirContext
Event: 3.845 loading class javax/naming/directory/DirContext done
Event: 3.845 loading class javax/naming/ldap/LdapContext done
Event: 3.888 Thread 0x000001d3cb8dcc60 Thread exited: 0x000001d3cb8dcc60
Event: 4.559 loading class java/lang/reflect/MalformedParametersException
Event: 4.559 loading class java/lang/reflect/MalformedParametersException done
Event: 4.569 loading class java/util/regex/Pattern$Pos
Event: 4.569 loading class java/util/regex/Pattern$Pos done


Dynamic libraries:
0x00007ff643430000 - 0x00007ff64343e000 	C:\Program Files\jdk-17\bin\java.exe
0x00007ffaa87b0000 - 0x00007ffaa89c7000 	C:\WINDOWS\SYSTEM32\ntdll.dll
0x00007ffaa66a0000 - 0x00007ffaa6764000 	C:\WINDOWS\System32\KERNEL32.DLL
0x00007ffaa5e10000 - 0x00007ffaa61bd000 	C:\WINDOWS\System32\KERNELBASE.dll
0x00007ffaa5b60000 - 0x00007ffaa5c71000 	C:\WINDOWS\System32\ucrtbase.dll
0x00007ffaa2190000 - 0x00007ffaa21aa000 	C:\Program Files\jdk-17\bin\VCRUNTIME140.dll
0x00007ffaa1430000 - 0x00007ffaa1448000 	C:\Program Files\jdk-17\bin\jli.dll
0x00007ffaa6830000 - 0x00007ffaa69de000 	C:\WINDOWS\System32\USER32.dll
0x00007ffa8ec90000 - 0x00007ffa8ef23000 	C:\WINDOWS\WinSxS\amd64_microsoft.windows.common-controls_6595b64144ccf1df_6.0.22621.3672_none_2713b9d173822955\COMCTL32.dll
0x00007ffaa5cb0000 - 0x00007ffaa5cd6000 	C:\WINDOWS\System32\win32u.dll
0x00007ffaa7d00000 - 0x00007ffaa7da7000 	C:\WINDOWS\System32\msvcrt.dll
0x00007ffaa6800000 - 0x00007ffaa6829000 	C:\WINDOWS\System32\GDI32.dll
0x00007ffaa63d0000 - 0x00007ffaa64e9000 	C:\WINDOWS\System32\gdi32full.dll
0x00007ffaa6330000 - 0x00007ffaa63ca000 	C:\WINDOWS\System32\msvcp_win.dll
0x00007ffaa79a0000 - 0x00007ffaa79d1000 	C:\WINDOWS\System32\IMM32.DLL
0x00007ffaa2180000 - 0x00007ffaa218c000 	C:\Program Files\jdk-17\bin\vcruntime140_1.dll
0x00007ffa82dd0000 - 0x00007ffa82e5d000 	C:\Program Files\jdk-17\bin\msvcp140.dll
0x00007ffa61a80000 - 0x00007ffa6263e000 	C:\Program Files\jdk-17\bin\server\jvm.dll
0x00007ffaa6ef0000 - 0x00007ffaa6fa2000 	C:\WINDOWS\System32\ADVAPI32.dll
0x00007ffaa7bf0000 - 0x00007ffaa7c99000 	C:\WINDOWS\System32\sechost.dll
0x00007ffaa5c80000 - 0x00007ffaa5ca8000 	C:\WINDOWS\System32\bcrypt.dll
0x00007ffaa6fb0000 - 0x00007ffaa70c4000 	C:\WINDOWS\System32\RPCRT4.dll
0x00007ffaa70d0000 - 0x00007ffaa70d8000 	C:\WINDOWS\System32\PSAPI.DLL
0x00007ffa82da0000 - 0x00007ffa82da9000 	C:\WINDOWS\SYSTEM32\WSOCK32.dll
0x00007ffaa6780000 - 0x00007ffaa67f1000 	C:\WINDOWS\System32\WS2_32.dll
0x00007ffaa1340000 - 0x00007ffaa1374000 	C:\WINDOWS\SYSTEM32\WINMM.dll
0x00007ffa9c030000 - 0x00007ffa9c03a000 	C:\WINDOWS\SYSTEM32\VERSION.dll
0x00007ffaa4ad0000 - 0x00007ffaa4ae8000 	C:\WINDOWS\SYSTEM32\kernel.appcore.dll
0x00007ffaa14e0000 - 0x00007ffaa14ea000 	C:\Program Files\jdk-17\bin\jimage.dll
0x00007ffaa3310000 - 0x00007ffaa3542000 	C:\WINDOWS\SYSTEM32\DBGHELP.DLL
0x00007ffaa6b60000 - 0x00007ffaa6ee8000 	C:\WINDOWS\System32\combase.dll
0x00007ffaa7a90000 - 0x00007ffaa7b67000 	C:\WINDOWS\System32\OLEAUT32.dll
0x00007ffa88540000 - 0x00007ffa88572000 	C:\WINDOWS\SYSTEM32\dbgcore.DLL
0x00007ffaa5ae0000 - 0x00007ffaa5b5b000 	C:\WINDOWS\System32\bcryptPrimitives.dll
0x00007ffaa1420000 - 0x00007ffaa142e000 	C:\Program Files\jdk-17\bin\instrument.dll
0x00007ffa9f1b0000 - 0x00007ffa9f1d5000 	C:\Program Files\jdk-17\bin\java.dll
0x00007ffa7e9c0000 - 0x00007ffa7ea96000 	C:\Program Files\jdk-17\bin\svml.dll
0x00007ffaa7140000 - 0x00007ffaa799f000 	C:\WINDOWS\System32\SHELL32.dll
0x00007ffaa39e0000 - 0x00007ffaa42dc000 	C:\WINDOWS\SYSTEM32\windows.storage.dll
0x00007ffaa38a0000 - 0x00007ffaa39df000 	C:\WINDOWS\SYSTEM32\wintypes.dll
0x00007ffaa69e0000 - 0x00007ffaa6ad4000 	C:\WINDOWS\System32\SHCORE.dll
0x00007ffaa7b90000 - 0x00007ffaa7bee000 	C:\WINDOWS\System32\shlwapi.dll
0x00007ffaa5a10000 - 0x00007ffaa5a31000 	C:\WINDOWS\SYSTEM32\profapi.dll
0x00007ffa90cc0000 - 0x00007ffa90cd8000 	C:\Program Files\jdk-17\bin\zip.dll
0x00007ffa90d00000 - 0x00007ffa90d19000 	C:\Program Files\jdk-17\bin\net.dll
0x00007ffaa19e0000 - 0x00007ffaa1b16000 	C:\WINDOWS\SYSTEM32\WINHTTP.dll
0x00007ffaa4f40000 - 0x00007ffaa4fa9000 	C:\WINDOWS\system32\mswsock.dll
0x00007ffa90ce0000 - 0x00007ffa90cf5000 	C:\Program Files\jdk-17\bin\nio.dll
0x00007ffa8fdc0000 - 0x00007ffa8fdda000 	C:\Program Files (x86)\JetBrains\IntelliJ IDEA Community Edition 2024.1.4\bin\breakgen64.dll

dbghelp: loaded successfully - version: 4.0.5 - missing functions: none
symbol engine: initialized successfully - sym options: 0x614 - pdb path: .;C:\Program Files\jdk-17\bin;C:\WINDOWS\SYSTEM32;C:\WINDOWS\WinSxS\amd64_microsoft.windows.common-controls_6595b64144ccf1df_6.0.22621.3672_none_2713b9d173822955;C:\Program Files\jdk-17\bin\server;C:\Program Files (x86)\JetBrains\IntelliJ IDEA Community Edition 2024.1.4\bin

VM Arguments:
jvm_args: -javaagent:C:\Program Files (x86)\JetBrains\IntelliJ IDEA Community Edition 2024.1.4\lib\idea_rt.jar=55029:C:\Program Files (x86)\JetBrains\IntelliJ IDEA Community Edition 2024.1.4\bin -Dfile.encoding=UTF-8 
java_command: com.jimsimrodev.foroconnet.ForoconnetApplication
java_class_path (initial): D:\work\foroconnet\target\classes;C:\Users\jhoan\.m2\repository\org\springframework\boot\spring-boot-starter-security\3.3.1\spring-boot-starter-security-3.3.1.jar;C:\Users\jhoan\.m2\repository\org\springframework\boot\spring-boot-starter\3.3.1\spring-boot-starter-3.3.1.jar;C:\Users\jhoan\.m2\repository\org\springframework\boot\spring-boot\3.3.1\spring-boot-3.3.1.jar;C:\Users\jhoan\.m2\repository\org\springframework\boot\spring-boot-autoconfigure\3.3.1\spring-boot-autoconfigure-3.3.1.jar;C:\Users\jhoan\.m2\repository\org\springframework\boot\spring-boot-starter-logging\3.3.1\spring-boot-starter-logging-3.3.1.jar;C:\Users\jhoan\.m2\repository\ch\qos\logback\logback-classic\1.5.6\logback-classic-1.5.6.jar;C:\Users\jhoan\.m2\repository\ch\qos\logback\logback-core\1.5.6\logback-core-1.5.6.jar;C:\Users\jhoan\.m2\repository\org\apache\logging\log4j\log4j-to-slf4j\2.23.1\log4j-to-slf4j-2.23.1.jar;C:\Users\jhoan\.m2\repository\org\apache\logging\log4j\log4j-api\2.23.1\log4j-api-2.23.1.jar;C:\Users\jhoan\.m2\repository\org\slf4j\jul-to-slf4j\2.0.13\jul-to-slf4j-2.0.13.jar;C:\Users\jhoan\.m2\repository\jakarta\annotation\jakarta.annotation-api\2.1.1\jakarta.annotation-api-2.1.1.jar;C:\Users\jhoan\.m2\repository\org\yaml\snakeyaml\2.2\snakeyaml-2.2.jar;C:\Users\jhoan\.m2\repository\org\springframework\spring-aop\6.1.10\spring-aop-6.1.10.jar;C:\Users\jhoan\.m2\repository\org\springframework\spring-beans\6.1.10\spring-beans-6.1.10.jar;C:\Users\jhoan\.m2\repository\org\springframework\security\spring-security-config\6.3.1\spring-security-config-6.3.1.jar;C:\Users\jhoan\.m2\repository\org\springframework\spring-context\6.1.10\spring-context-6.1.10.jar;C:\Users\jhoan\.m2\repository\org\springframework\security\spring-security-web\6.3.1\spring-security-web-6.3.1.jar;C:\Users\jhoan\.m2\repository\org\springframework\spring-expression\6.1.10\spring-expression-6.1.10.jar;C:\Users\jhoan\.m2\repository\org\springframework\boot\spring-boot-starter-validation\3.
Launcher Type: SUN_STANDARD

[Global flags]
     intx CICompilerCount                          = 3                                         {product} {ergonomic}
     uint ConcGCThreads                            = 1                                         {product} {ergonomic}
     uint G1ConcRefinementThreads                  = 4                                         {product} {ergonomic}
   size_t G1HeapRegionSize                         = 1048576                                   {product} {ergonomic}
    uintx GCDrainStackTargetSize                   = 64                                        {product} {ergonomic}
   size_t InitialHeapSize                          = 132120576                                 {product} {ergonomic}
   size_t MarkStackSize                            = 4194304                                   {product} {ergonomic}
   size_t MaxHeapSize                              = 2101346304                                {product} {ergonomic}
   size_t MaxNewSize                               = 1260388352                                {product} {ergonomic}
   size_t MinHeapDeltaBytes                        = 1048576                                   {product} {ergonomic}
   size_t MinHeapSize                              = 8388608                                   {product} {ergonomic}
    uintx NonNMethodCodeHeapSize                   = 5832780                                {pd product} {ergonomic}
    uintx NonProfiledCodeHeapSize                  = 122912730                              {pd product} {ergonomic}
    uintx ProfiledCodeHeapSize                     = 122912730                              {pd product} {ergonomic}
    uintx ReservedCodeCacheSize                    = 251658240                              {pd product} {ergonomic}
     bool SegmentedCodeCache                       = true                                      {product} {ergonomic}
   size_t SoftMaxHeapSize                          = 2101346304                             {manageable} {ergonomic}
     bool UseCompressedClassPointers               = true                           {product lp64_product} {ergonomic}
     bool UseCompressedOops                        = true                           {product lp64_product} {ergonomic}
     bool UseG1GC                                  = true                                      {product} {ergonomic}
     bool UseLargePagesIndividualAllocation        = false                                  {pd product} {ergonomic}

Logging:
Log output configuration:
 #0: stdout all=warning uptime,level,tags
 #1: stderr all=off uptime,level,tags

Environment Variables:
JAVA_HOME=C:\Program Files\jdk-17
PATH=C:\WINDOWS\system32;C:\WINDOWS;C:\WINDOWS\System32\Wbem;C:\WINDOWS\System32\WindowsPowerShell\v1.0\;C:\WINDOWS\System32\OpenSSH\;C:\Program Files\jdk-17\bin;C:\Program Files\WezTerm;C:\xampp\php;C:\ProgramData\ComposerSetup\bin;C:\Program Files\Git\cmd;C:\Program Files\nodejs\;C:\Program Files\MySQL\MySQL Shell 8.0\bin\;C:\Users\jhoan\AppData\Local\Microsoft\WindowsApps;C:\Users\jhoan\AppData\Local\Programs\Microsoft VS Code\bin;C:\Users\jhoan\AppData\Local\Programs\oh-my-posh\bin;C:\Users\jhoan\AppData\Local\Microsoft\WinGet\Packages\Schniz.fnm_Microsoft.Winget.Source_8wekyb3d8bbwe;C:\Users\jhoan\AppData\Roaming\Composer\vendor\bin;C:\Users\jhoan\AppData\Roaming\npm
USERNAME=jhoan
OS=Windows_NT
PROCESSOR_IDENTIFIER=Intel64 Family 6 Model 142 Stepping 12, GenuineIntel



---------------  S Y S T E M  ---------------

OS:
 Windows 10 , 64 bit Build 22621 (10.0.22621.3672)
OS uptime: 2 days 9:29 hours
Hyper-V role detected

CPU: total 4 (initial active 4) (2 cores per cpu, 2 threads per core) family 6 model 142 stepping 12 microcode 0xf8, cx8, cmov, fxsr, ht, mmx, 3dnowpref, sse, sse2, sse3, ssse3, sse4.1, sse4.2, popcnt, lzcnt, tsc, tscinvbit, aes, erms, clmul, clflush, clflushopt, hv

Memory: 4k page, system-wide physical 8015M (459M free)
TotalPageFile size 12111M (AvailPageFile size 2M)
current process WorkingSet (physical memory assigned to process): 170M, peak: 170M
current process commit charge ("private bytes"): 247M, peak: 247M

vm_info: OpenJDK 64-Bit Server VM (17+35-2724) for windows-amd64 JRE (17+35-2724), built on Aug  5 2021 23:26:02 by "mach5one" with MS VC++ 16.8 (VS2019)

END.
