#
# There is insufficient memory for the Java Runtime Environment to continue.
# Native memory allocation (malloc) failed to allocate 886576 bytes for Chunk::new
# Possible reasons:
#   The system is out of physical RAM or swap space
#   The process is running with CompressedOops enabled, and the Java Heap may be blocking the growth of the native heap
# Possible solutions:
#   Reduce memory load on the system
#   Increase physical memory or swap space
#   Check if swap backing store is full
#   Decrease Java heap size (-Xmx/-Xms)
#   Decrease number of Java threads
#   Decrease Java thread stack sizes (-Xss)
#   Set larger code cache with -XX:ReservedCodeCacheSize=
#   JVM is running with Unscaled Compressed Oops mode in which the Java heap is
#     placed in the first 4GB address space. The Java Heap base address is the
#     maximum limit for the native heap growth. Please use -XX:HeapBaseMinAddress
#     to set the Java Heap base and to place the Java Heap above 4GB virtual address.
# This output file may be truncated or incomplete.
#
#  Out of Memory Error (arena.cpp:189), pid=15956, tid=5300
#
# JRE version: OpenJDK Runtime Environment (17.0+35) (build 17+35-2724)
# Java VM: OpenJDK 64-Bit Server VM (17+35-2724, mixed mode, sharing, tiered, compressed oops, compressed class ptrs, g1 gc, windows-amd64)
# No core dump will be written. Minidumps are not enabled by default on client versions of Windows
#

---------------  S U M M A R Y ------------

Command Line: -javaagent:C:\Program Files (x86)\JetBrains\IntelliJ IDEA Community Edition 2024.1.4\lib\idea_rt.jar=65088:C:\Program Files (x86)\JetBrains\IntelliJ IDEA Community Edition 2024.1.4\bin -Dfile.encoding=UTF-8 com.jimsimrodev.foroconnet.ForoconnetApplication

Host: Intel(R) Pentium(R) CPU 6405U @ 2.40GHz, 4 cores, 7G,  Windows 10 , 64 bit Build 22621 (10.0.22621.3672)
Time: Tue Jul 23 20:48:33 2024 Hora est. Pacífico, Sudamérica elapsed time: 3.127761 seconds (0d 0h 0m 3s)

---------------  T H R E A D  ---------------

Current thread (0x0000028dfe803430):  JavaThread "C2 CompilerThread0" daemon [_thread_in_native, id=5300, stack(0x000000ae88800000,0x000000ae88900000)]


Current CompileTask:
C2:   3127 1669       4       jdk.internal.org.objectweb.asm.Frame::execute (2305 bytes)

Stack: [0x000000ae88800000,0x000000ae88900000]
Native frames: (J=compiled Java code, j=interpreted, Vv=VM code, C=native code)
V  [jvm.dll+0x66f8ea]
V  [jvm.dll+0x7ce224]
V  [jvm.dll+0x7cf9ce]
V  [jvm.dll+0x7d0033]
V  [jvm.dll+0x242bb5]
V  [jvm.dll+0xaa05b]
V  [jvm.dll+0xaa5ec]
V  [jvm.dll+0x35f9a2]
V  [jvm.dll+0x1b9822]
V  [jvm.dll+0x215df9]
V  [jvm.dll+0x2150c1]
V  [jvm.dll+0x1a168d]
V  [jvm.dll+0x2248f8]
V  [jvm.dll+0x222a5c]
V  [jvm.dll+0x78422b]
V  [jvm.dll+0x77e7ea]
V  [jvm.dll+0x66e715]
C  [ucrtbase.dll+0x29333]
C  [KERNEL32.DLL+0x1257d]
C  [ntdll.dll+0x5af28]


---------------  P R O C E S S  ---------------

Threads class SMR info:
_java_thread_list=0x0000028d8f0b3b20, length=15, elements={
0x0000028df0117a90, 0x0000028dfe7e5cc0, 0x0000028dfe7e82e0, 0x0000028dfe7fa880,
0x0000028dfe7fb340, 0x0000028dfe7fd4a0, 0x0000028dfe7fe5f0, 0x0000028dfe803430,
0x0000028dfe804670, 0x0000028dfe8096e0, 0x0000028dff47b4f0, 0x0000028dff687880,
0x0000028dff684050, 0x0000028dffbedb10, 0x0000028d8f2f16c0
}

Java Threads: ( => current thread )
  0x0000028df0117a90 JavaThread "main" [_thread_in_vm, id=15580, stack(0x000000ae87b00000,0x000000ae87c00000)]
  0x0000028dfe7e5cc0 JavaThread "Reference Handler" daemon [_thread_blocked, id=14916, stack(0x000000ae88200000,0x000000ae88300000)]
  0x0000028dfe7e82e0 JavaThread "Finalizer" daemon [_thread_blocked, id=1520, stack(0x000000ae88300000,0x000000ae88400000)]
  0x0000028dfe7fa880 JavaThread "Signal Dispatcher" daemon [_thread_blocked, id=3448, stack(0x000000ae88400000,0x000000ae88500000)]
  0x0000028dfe7fb340 JavaThread "Attach Listener" daemon [_thread_blocked, id=5056, stack(0x000000ae88500000,0x000000ae88600000)]
  0x0000028dfe7fd4a0 JavaThread "Service Thread" daemon [_thread_blocked, id=13128, stack(0x000000ae88600000,0x000000ae88700000)]
  0x0000028dfe7fe5f0 JavaThread "Monitor Deflation Thread" daemon [_thread_blocked, id=12180, stack(0x000000ae88700000,0x000000ae88800000)]
=>0x0000028dfe803430 JavaThread "C2 CompilerThread0" daemon [_thread_in_native, id=5300, stack(0x000000ae88800000,0x000000ae88900000)]
  0x0000028dfe804670 JavaThread "C1 CompilerThread0" daemon [_thread_blocked, id=8396, stack(0x000000ae88900000,0x000000ae88a00000)]
  0x0000028dfe8096e0 JavaThread "Sweeper thread" daemon [_thread_blocked, id=6256, stack(0x000000ae88a00000,0x000000ae88b00000)]
  0x0000028dff47b4f0 JavaThread "Common-Cleaner" daemon [_thread_blocked, id=15864, stack(0x000000ae88b00000,0x000000ae88c00000)]
  0x0000028dff687880 JavaThread "Monitor Ctrl-Break" daemon [_thread_in_native, id=11960, stack(0x000000ae88c00000,0x000000ae88d00000)]
  0x0000028dff684050 JavaThread "Notification Thread" daemon [_thread_blocked, id=14004, stack(0x000000ae88d00000,0x000000ae88e00000)]
  0x0000028dffbedb10 JavaThread "C2 CompilerThread1" daemon [_thread_in_native, id=14532, stack(0x000000ae89200000,0x000000ae89300000)]
  0x0000028d8f2f16c0 JavaThread "background-preinit" [_thread_in_vm, id=16104, stack(0x000000ae89300000,0x000000ae89400000)]

Other Threads:
  0x0000028dfe7e0520 VMThread "VM Thread" [stack: 0x000000ae88100000,0x000000ae88200000] [id=6836]
  0x0000028dff687d50 WatcherThread [stack: 0x000000ae88e00000,0x000000ae88f00000] [id=9320]
  0x0000028df0153980 GCTaskThread "GC Thread#0" [stack: 0x000000ae87c00000,0x000000ae87d00000] [id=9860]
  0x0000028dffc340c0 GCTaskThread "GC Thread#1" [stack: 0x000000ae88f00000,0x000000ae89000000] [id=14416]
  0x0000028dffc34370 GCTaskThread "GC Thread#2" [stack: 0x000000ae89000000,0x000000ae89100000] [id=4412]
  0x0000028dffc1be30 GCTaskThread "GC Thread#3" [stack: 0x000000ae89100000,0x000000ae89200000] [id=13100]
  0x0000028df0164c80 ConcurrentGCThread "G1 Main Marker" [stack: 0x000000ae87d00000,0x000000ae87e00000] [id=11148]
  0x0000028dedf4bdf0 ConcurrentGCThread "G1 Conc#0" [stack: 0x000000ae87e00000,0x000000ae87f00000] [id=11340]
  0x0000028dfe6a0090 ConcurrentGCThread "G1 Refine#0" [stack: 0x000000ae87f00000,0x000000ae88000000] [id=2616]
  0x0000028dfe6a18d0 ConcurrentGCThread "G1 Service" [stack: 0x000000ae88000000,0x000000ae88100000] [id=12220]

Threads with active compile tasks:
C2 CompilerThread0     3173 1669       4       jdk.internal.org.objectweb.asm.Frame::execute (2305 bytes)
C1 CompilerThread0     3173 1842       3       org.springframework.util.StringUtils::replace (130 bytes)
C2 CompilerThread1     3173 1834       4       java.util.ArrayList::add (25 bytes)

VM state: not at safepoint (normal execution)

VM Mutex/Monitor currently owned by a thread: None

Heap address: 0x0000000082c00000, size: 2004 MB, Compressed Oops mode: 32-bit

CDS archive(s) mapped at: [0x0000000800000000-0x0000000800bc0000-0x0000000800bc0000), size 12320768, SharedBaseAddress: 0x0000000800000000, ArchiveRelocationMode: 0.
Compressed class space mapped at: 0x0000000800c00000-0x0000000840c00000, reserved size: 1073741824
Narrow klass base: 0x0000000800000000, Narrow klass shift: 0, Narrow klass range: 0x100000000

GC Precious Log:
 CPUs: 4 total, 4 available
 Memory: 8015M
 Large Page Support: Disabled
 NUMA Support: Disabled
 Compressed Oops: Enabled (32-bit)
 Heap Region Size: 1M
 Heap Min Capacity: 8M
 Heap Initial Capacity: 126M
 Heap Max Capacity: 2004M
 Pre-touch: Disabled
 Parallel Workers: 4
 Concurrent Workers: 1
 Concurrent Refinement Workers: 4
 Periodic GC: Disabled

Heap:
 garbage-first heap   total 129024K, used 20646K [0x0000000082c00000, 0x0000000100000000)
  region size 1024K, 15 young (15360K), 3 survivors (3072K)
 Metaspace       used 13306K, committed 13568K, reserved 1064960K
  class space    used 1780K, committed 1920K, reserved 1048576K

Heap Regions: E=young(eden), S=young(survivor), O=old, HS=humongous(starts), HC=humongous(continues), CS=collection set, F=free, OA=open archive, CA=closed archive, TAMS=top-at-mark-start (previous, next)
|   0|0x0000000082c00000, 0x0000000082d00000, 0x0000000082d00000|100%|HS|  |TAMS 0x0000000082c00000, 0x0000000082c00000| Complete 
|   1|0x0000000082d00000, 0x0000000082e00000, 0x0000000082e00000|100%| O|  |TAMS 0x0000000082d00000, 0x0000000082d00000| Untracked 
|   2|0x0000000082e00000, 0x0000000082f00000, 0x0000000082f00000|100%| O|  |TAMS 0x0000000082e00000, 0x0000000082e00000| Untracked 
|   3|0x0000000082f00000, 0x0000000083000000, 0x0000000083000000|100%| O|  |TAMS 0x0000000082f00000, 0x0000000082f00000| Untracked 
|   4|0x0000000083000000, 0x0000000083100000, 0x0000000083100000|100%| O|  |TAMS 0x0000000083000000, 0x0000000083000000| Untracked 
|   5|0x0000000083100000, 0x0000000083200000, 0x0000000083200000|100%| O|  |TAMS 0x0000000083100000, 0x0000000083100000| Untracked 
|   6|0x0000000083200000, 0x00000000832b6600, 0x0000000083300000| 71%| O|  |TAMS 0x0000000083200000, 0x0000000083200000| Untracked 
|   7|0x0000000083300000, 0x0000000083300000, 0x0000000083400000|  0%| F|  |TAMS 0x0000000083300000, 0x0000000083300000| Untracked 
|   8|0x0000000083400000, 0x0000000083400000, 0x0000000083500000|  0%| F|  |TAMS 0x0000000083400000, 0x0000000083400000| Untracked 
|   9|0x0000000083500000, 0x0000000083500000, 0x0000000083600000|  0%| F|  |TAMS 0x0000000083500000, 0x0000000083500000| Untracked 
|  10|0x0000000083600000, 0x0000000083600000, 0x0000000083700000|  0%| F|  |TAMS 0x0000000083600000, 0x0000000083600000| Untracked 
|  11|0x0000000083700000, 0x0000000083700000, 0x0000000083800000|  0%| F|  |TAMS 0x0000000083700000, 0x0000000083700000| Untracked 
|  12|0x0000000083800000, 0x0000000083800000, 0x0000000083900000|  0%| F|  |TAMS 0x0000000083800000, 0x0000000083800000| Untracked 
|  13|0x0000000083900000, 0x0000000083900000, 0x0000000083a00000|  0%| F|  |TAMS 0x0000000083900000, 0x0000000083900000| Untracked 
|  14|0x0000000083a00000, 0x0000000083a00000, 0x0000000083b00000|  0%| F|  |TAMS 0x0000000083a00000, 0x0000000083a00000| Untracked 
|  15|0x0000000083b00000, 0x0000000083b00000, 0x0000000083c00000|  0%| F|  |TAMS 0x0000000083b00000, 0x0000000083b00000| Untracked 
|  16|0x0000000083c00000, 0x0000000083c00000, 0x0000000083d00000|  0%| F|  |TAMS 0x0000000083c00000, 0x0000000083c00000| Untracked 
|  17|0x0000000083d00000, 0x0000000083d00000, 0x0000000083e00000|  0%| F|  |TAMS 0x0000000083d00000, 0x0000000083d00000| Untracked 
|  18|0x0000000083e00000, 0x0000000083e00000, 0x0000000083f00000|  0%| F|  |TAMS 0x0000000083e00000, 0x0000000083e00000| Untracked 
|  19|0x0000000083f00000, 0x0000000083f00000, 0x0000000084000000|  0%| F|  |TAMS 0x0000000083f00000, 0x0000000083f00000| Untracked 
|  20|0x0000000084000000, 0x0000000084000000, 0x0000000084100000|  0%| F|  |TAMS 0x0000000084000000, 0x0000000084000000| Untracked 
|  21|0x0000000084100000, 0x0000000084100000, 0x0000000084200000|  0%| F|  |TAMS 0x0000000084100000, 0x0000000084100000| Untracked 
|  22|0x0000000084200000, 0x0000000084200000, 0x0000000084300000|  0%| F|  |TAMS 0x0000000084200000, 0x0000000084200000| Untracked 
|  23|0x0000000084300000, 0x0000000084300000, 0x0000000084400000|  0%| F|  |TAMS 0x0000000084300000, 0x0000000084300000| Untracked 
|  24|0x0000000084400000, 0x0000000084400000, 0x0000000084500000|  0%| F|  |TAMS 0x0000000084400000, 0x0000000084400000| Untracked 
|  25|0x0000000084500000, 0x0000000084500000, 0x0000000084600000|  0%| F|  |TAMS 0x0000000084500000, 0x0000000084500000| Untracked 
|  26|0x0000000084600000, 0x0000000084600000, 0x0000000084700000|  0%| F|  |TAMS 0x0000000084600000, 0x0000000084600000| Untracked 
|  27|0x0000000084700000, 0x0000000084700000, 0x0000000084800000|  0%| F|  |TAMS 0x0000000084700000, 0x0000000084700000| Untracked 
|  28|0x0000000084800000, 0x0000000084800000, 0x0000000084900000|  0%| F|  |TAMS 0x0000000084800000, 0x0000000084800000| Untracked 
|  29|0x0000000084900000, 0x0000000084900000, 0x0000000084a00000|  0%| F|  |TAMS 0x0000000084900000, 0x0000000084900000| Untracked 
|  30|0x0000000084a00000, 0x0000000084a00000, 0x0000000084b00000|  0%| F|  |TAMS 0x0000000084a00000, 0x0000000084a00000| Untracked 
|  31|0x0000000084b00000, 0x0000000084b00000, 0x0000000084c00000|  0%| F|  |TAMS 0x0000000084b00000, 0x0000000084b00000| Untracked 
|  32|0x0000000084c00000, 0x0000000084c00000, 0x0000000084d00000|  0%| F|  |TAMS 0x0000000084c00000, 0x0000000084c00000| Untracked 
|  33|0x0000000084d00000, 0x0000000084d00000, 0x0000000084e00000|  0%| F|  |TAMS 0x0000000084d00000, 0x0000000084d00000| Untracked 
|  34|0x0000000084e00000, 0x0000000084e00000, 0x0000000084f00000|  0%| F|  |TAMS 0x0000000084e00000, 0x0000000084e00000| Untracked 
|  35|0x0000000084f00000, 0x0000000084f00000, 0x0000000085000000|  0%| F|  |TAMS 0x0000000084f00000, 0x0000000084f00000| Untracked 
|  36|0x0000000085000000, 0x0000000085000000, 0x0000000085100000|  0%| F|  |TAMS 0x0000000085000000, 0x0000000085000000| Untracked 
|  37|0x0000000085100000, 0x0000000085100000, 0x0000000085200000|  0%| F|  |TAMS 0x0000000085100000, 0x0000000085100000| Untracked 
|  38|0x0000000085200000, 0x0000000085200000, 0x0000000085300000|  0%| F|  |TAMS 0x0000000085200000, 0x0000000085200000| Untracked 
|  39|0x0000000085300000, 0x0000000085300000, 0x0000000085400000|  0%| F|  |TAMS 0x0000000085300000, 0x0000000085300000| Untracked 
|  40|0x0000000085400000, 0x0000000085400000, 0x0000000085500000|  0%| F|  |TAMS 0x0000000085400000, 0x0000000085400000| Untracked 
|  41|0x0000000085500000, 0x0000000085500000, 0x0000000085600000|  0%| F|  |TAMS 0x0000000085500000, 0x0000000085500000| Untracked 
|  42|0x0000000085600000, 0x0000000085600000, 0x0000000085700000|  0%| F|  |TAMS 0x0000000085600000, 0x0000000085600000| Untracked 
|  43|0x0000000085700000, 0x0000000085700000, 0x0000000085800000|  0%| F|  |TAMS 0x0000000085700000, 0x0000000085700000| Untracked 
|  44|0x0000000085800000, 0x0000000085800000, 0x0000000085900000|  0%| F|  |TAMS 0x0000000085800000, 0x0000000085800000| Untracked 
|  45|0x0000000085900000, 0x0000000085900000, 0x0000000085a00000|  0%| F|  |TAMS 0x0000000085900000, 0x0000000085900000| Untracked 
|  46|0x0000000085a00000, 0x0000000085a00000, 0x0000000085b00000|  0%| F|  |TAMS 0x0000000085a00000, 0x0000000085a00000| Untracked 
|  47|0x0000000085b00000, 0x0000000085b00000, 0x0000000085c00000|  0%| F|  |TAMS 0x0000000085b00000, 0x0000000085b00000| Untracked 
|  48|0x0000000085c00000, 0x0000000085c00000, 0x0000000085d00000|  0%| F|  |TAMS 0x0000000085c00000, 0x0000000085c00000| Untracked 
|  49|0x0000000085d00000, 0x0000000085d00000, 0x0000000085e00000|  0%| F|  |TAMS 0x0000000085d00000, 0x0000000085d00000| Untracked 
|  50|0x0000000085e00000, 0x0000000085e00000, 0x0000000085f00000|  0%| F|  |TAMS 0x0000000085e00000, 0x0000000085e00000| Untracked 
|  51|0x0000000085f00000, 0x0000000085f00000, 0x0000000086000000|  0%| F|  |TAMS 0x0000000085f00000, 0x0000000085f00000| Untracked 
|  52|0x0000000086000000, 0x0000000086000000, 0x0000000086100000|  0%| F|  |TAMS 0x0000000086000000, 0x0000000086000000| Untracked 
|  53|0x0000000086100000, 0x0000000086100000, 0x0000000086200000|  0%| F|  |TAMS 0x0000000086100000, 0x0000000086100000| Untracked 
|  54|0x0000000086200000, 0x0000000086200000, 0x0000000086300000|  0%| F|  |TAMS 0x0000000086200000, 0x0000000086200000| Untracked 
|  55|0x0000000086300000, 0x0000000086300000, 0x0000000086400000|  0%| F|  |TAMS 0x0000000086300000, 0x0000000086300000| Untracked 
|  56|0x0000000086400000, 0x0000000086400000, 0x0000000086500000|  0%| F|  |TAMS 0x0000000086400000, 0x0000000086400000| Untracked 
|  57|0x0000000086500000, 0x0000000086500000, 0x0000000086600000|  0%| F|  |TAMS 0x0000000086500000, 0x0000000086500000| Untracked 
|  58|0x0000000086600000, 0x0000000086600000, 0x0000000086700000|  0%| F|  |TAMS 0x0000000086600000, 0x0000000086600000| Untracked 
|  59|0x0000000086700000, 0x0000000086700000, 0x0000000086800000|  0%| F|  |TAMS 0x0000000086700000, 0x0000000086700000| Untracked 
|  60|0x0000000086800000, 0x0000000086800000, 0x0000000086900000|  0%| F|  |TAMS 0x0000000086800000, 0x0000000086800000| Untracked 
|  61|0x0000000086900000, 0x0000000086900000, 0x0000000086a00000|  0%| F|  |TAMS 0x0000000086900000, 0x0000000086900000| Untracked 
|  62|0x0000000086a00000, 0x0000000086a00000, 0x0000000086b00000|  0%| F|  |TAMS 0x0000000086a00000, 0x0000000086a00000| Untracked 
|  63|0x0000000086b00000, 0x0000000086b00000, 0x0000000086c00000|  0%| F|  |TAMS 0x0000000086b00000, 0x0000000086b00000| Untracked 
|  64|0x0000000086c00000, 0x0000000086c00000, 0x0000000086d00000|  0%| F|  |TAMS 0x0000000086c00000, 0x0000000086c00000| Untracked 
|  65|0x0000000086d00000, 0x0000000086d00000, 0x0000000086e00000|  0%| F|  |TAMS 0x0000000086d00000, 0x0000000086d00000| Untracked 
|  66|0x0000000086e00000, 0x0000000086e00000, 0x0000000086f00000|  0%| F|  |TAMS 0x0000000086e00000, 0x0000000086e00000| Untracked 
|  67|0x0000000086f00000, 0x0000000086f00000, 0x0000000087000000|  0%| F|  |TAMS 0x0000000086f00000, 0x0000000086f00000| Untracked 
|  68|0x0000000087000000, 0x0000000087000000, 0x0000000087100000|  0%| F|  |TAMS 0x0000000087000000, 0x0000000087000000| Untracked 
|  69|0x0000000087100000, 0x0000000087100000, 0x0000000087200000|  0%| F|  |TAMS 0x0000000087100000, 0x0000000087100000| Untracked 
|  70|0x0000000087200000, 0x0000000087200000, 0x0000000087300000|  0%| F|  |TAMS 0x0000000087200000, 0x0000000087200000| Untracked 
|  71|0x0000000087300000, 0x0000000087300000, 0x0000000087400000|  0%| F|  |TAMS 0x0000000087300000, 0x0000000087300000| Untracked 
|  72|0x0000000087400000, 0x0000000087400000, 0x0000000087500000|  0%| F|  |TAMS 0x0000000087400000, 0x0000000087400000| Untracked 
|  73|0x0000000087500000, 0x0000000087500000, 0x0000000087600000|  0%| F|  |TAMS 0x0000000087500000, 0x0000000087500000| Untracked 
|  74|0x0000000087600000, 0x0000000087600000, 0x0000000087700000|  0%| F|  |TAMS 0x0000000087600000, 0x0000000087600000| Untracked 
|  75|0x0000000087700000, 0x0000000087700000, 0x0000000087800000|  0%| F|  |TAMS 0x0000000087700000, 0x0000000087700000| Untracked 
|  76|0x0000000087800000, 0x0000000087800000, 0x0000000087900000|  0%| F|  |TAMS 0x0000000087800000, 0x0000000087800000| Untracked 
|  77|0x0000000087900000, 0x0000000087900000, 0x0000000087a00000|  0%| F|  |TAMS 0x0000000087900000, 0x0000000087900000| Untracked 
|  78|0x0000000087a00000, 0x0000000087a00000, 0x0000000087b00000|  0%| F|  |TAMS 0x0000000087a00000, 0x0000000087a00000| Untracked 
|  79|0x0000000087b00000, 0x0000000087b00000, 0x0000000087c00000|  0%| F|  |TAMS 0x0000000087b00000, 0x0000000087b00000| Untracked 
|  80|0x0000000087c00000, 0x0000000087c00000, 0x0000000087d00000|  0%| F|  |TAMS 0x0000000087c00000, 0x0000000087c00000| Untracked 
|  81|0x0000000087d00000, 0x0000000087d00000, 0x0000000087e00000|  0%| F|  |TAMS 0x0000000087d00000, 0x0000000087d00000| Untracked 
|  82|0x0000000087e00000, 0x0000000087e00000, 0x0000000087f00000|  0%| F|  |TAMS 0x0000000087e00000, 0x0000000087e00000| Untracked 
|  83|0x0000000087f00000, 0x0000000087f00000, 0x0000000088000000|  0%| F|  |TAMS 0x0000000087f00000, 0x0000000087f00000| Untracked 
|  84|0x0000000088000000, 0x0000000088000000, 0x0000000088100000|  0%| F|  |TAMS 0x0000000088000000, 0x0000000088000000| Untracked 
|  85|0x0000000088100000, 0x0000000088100000, 0x0000000088200000|  0%| F|  |TAMS 0x0000000088100000, 0x0000000088100000| Untracked 
|  86|0x0000000088200000, 0x0000000088200000, 0x0000000088300000|  0%| F|  |TAMS 0x0000000088200000, 0x0000000088200000| Untracked 
|  87|0x0000000088300000, 0x0000000088300000, 0x0000000088400000|  0%| F|  |TAMS 0x0000000088300000, 0x0000000088300000| Untracked 
|  88|0x0000000088400000, 0x0000000088400000, 0x0000000088500000|  0%| F|  |TAMS 0x0000000088400000, 0x0000000088400000| Untracked 
|  89|0x0000000088500000, 0x0000000088500000, 0x0000000088600000|  0%| F|  |TAMS 0x0000000088500000, 0x0000000088500000| Untracked 
|  90|0x0000000088600000, 0x0000000088600000, 0x0000000088700000|  0%| F|  |TAMS 0x0000000088600000, 0x0000000088600000| Untracked 
|  91|0x0000000088700000, 0x0000000088700000, 0x0000000088800000|  0%| F|  |TAMS 0x0000000088700000, 0x0000000088700000| Untracked 
|  92|0x0000000088800000, 0x0000000088800000, 0x0000000088900000|  0%| F|  |TAMS 0x0000000088800000, 0x0000000088800000| Untracked 
|  93|0x0000000088900000, 0x0000000088900000, 0x0000000088a00000|  0%| F|  |TAMS 0x0000000088900000, 0x0000000088900000| Untracked 
|  94|0x0000000088a00000, 0x0000000088a00000, 0x0000000088b00000|  0%| F|  |TAMS 0x0000000088a00000, 0x0000000088a00000| Untracked 
|  95|0x0000000088b00000, 0x0000000088b00000, 0x0000000088c00000|  0%| F|  |TAMS 0x0000000088b00000, 0x0000000088b00000| Untracked 
|  96|0x0000000088c00000, 0x0000000088c00000, 0x0000000088d00000|  0%| F|  |TAMS 0x0000000088c00000, 0x0000000088c00000| Untracked 
|  97|0x0000000088d00000, 0x0000000088d00000, 0x0000000088e00000|  0%| F|  |TAMS 0x0000000088d00000, 0x0000000088d00000| Untracked 
|  98|0x0000000088e00000, 0x0000000088e00000, 0x0000000088f00000|  0%| F|  |TAMS 0x0000000088e00000, 0x0000000088e00000| Untracked 
|  99|0x0000000088f00000, 0x0000000088f00000, 0x0000000089000000|  0%| F|  |TAMS 0x0000000088f00000, 0x0000000088f00000| Untracked 
| 100|0x0000000089000000, 0x0000000089000000, 0x0000000089100000|  0%| F|  |TAMS 0x0000000089000000, 0x0000000089000000| Untracked 
| 101|0x0000000089100000, 0x0000000089100000, 0x0000000089200000|  0%| F|  |TAMS 0x0000000089100000, 0x0000000089100000| Untracked 
| 102|0x0000000089200000, 0x00000000892734b0, 0x0000000089300000| 45%| S|CS|TAMS 0x0000000089200000, 0x0000000089200000| Complete 
| 103|0x0000000089300000, 0x0000000089400000, 0x0000000089400000|100%| S|CS|TAMS 0x0000000089300000, 0x0000000089300000| Complete 
| 104|0x0000000089400000, 0x0000000089500000, 0x0000000089500000|100%| S|CS|TAMS 0x0000000089400000, 0x0000000089400000| Complete 
| 105|0x0000000089500000, 0x0000000089500000, 0x0000000089600000|  0%| F|  |TAMS 0x0000000089500000, 0x0000000089500000| Untracked 
| 106|0x0000000089600000, 0x0000000089600000, 0x0000000089700000|  0%| F|  |TAMS 0x0000000089600000, 0x0000000089600000| Untracked 
| 107|0x0000000089700000, 0x0000000089700000, 0x0000000089800000|  0%| F|  |TAMS 0x0000000089700000, 0x0000000089700000| Untracked 
| 108|0x0000000089800000, 0x0000000089800000, 0x0000000089900000|  0%| F|  |TAMS 0x0000000089800000, 0x0000000089800000| Untracked 
| 109|0x0000000089900000, 0x0000000089900000, 0x0000000089a00000|  0%| F|  |TAMS 0x0000000089900000, 0x0000000089900000| Untracked 
| 110|0x0000000089a00000, 0x0000000089a00000, 0x0000000089b00000|  0%| F|  |TAMS 0x0000000089a00000, 0x0000000089a00000| Untracked 
| 111|0x0000000089b00000, 0x0000000089b00000, 0x0000000089c00000|  0%| F|  |TAMS 0x0000000089b00000, 0x0000000089b00000| Untracked 
| 112|0x0000000089c00000, 0x0000000089c00000, 0x0000000089d00000|  0%| F|  |TAMS 0x0000000089c00000, 0x0000000089c00000| Untracked 
| 113|0x0000000089d00000, 0x0000000089d00000, 0x0000000089e00000|  0%| F|  |TAMS 0x0000000089d00000, 0x0000000089d00000| Untracked 
| 114|0x0000000089e00000, 0x0000000089ef42a0, 0x0000000089f00000| 95%| E|  |TAMS 0x0000000089e00000, 0x0000000089e00000| Complete 
| 115|0x0000000089f00000, 0x000000008a000000, 0x000000008a000000|100%| E|CS|TAMS 0x0000000089f00000, 0x0000000089f00000| Complete 
| 116|0x000000008a000000, 0x000000008a100000, 0x000000008a100000|100%| E|CS|TAMS 0x000000008a000000, 0x000000008a000000| Complete 
| 117|0x000000008a100000, 0x000000008a200000, 0x000000008a200000|100%| E|CS|TAMS 0x000000008a100000, 0x000000008a100000| Complete 
| 118|0x000000008a200000, 0x000000008a300000, 0x000000008a300000|100%| E|CS|TAMS 0x000000008a200000, 0x000000008a200000| Complete 
| 119|0x000000008a300000, 0x000000008a400000, 0x000000008a400000|100%| E|CS|TAMS 0x000000008a300000, 0x000000008a300000| Complete 
| 120|0x000000008a400000, 0x000000008a500000, 0x000000008a500000|100%| E|CS|TAMS 0x000000008a400000, 0x000000008a400000| Complete 
| 121|0x000000008a500000, 0x000000008a600000, 0x000000008a600000|100%| E|CS|TAMS 0x000000008a500000, 0x000000008a500000| Complete 
| 122|0x000000008a600000, 0x000000008a700000, 0x000000008a700000|100%| E|CS|TAMS 0x000000008a600000, 0x000000008a600000| Complete 
| 123|0x000000008a700000, 0x000000008a800000, 0x000000008a800000|100%| E|CS|TAMS 0x000000008a700000, 0x000000008a700000| Complete 
| 124|0x000000008a800000, 0x000000008a900000, 0x000000008a900000|100%| E|CS|TAMS 0x000000008a800000, 0x000000008a800000| Complete 
| 125|0x000000008a900000, 0x000000008aa00000, 0x000000008aa00000|100%| E|CS|TAMS 0x000000008a900000, 0x000000008a900000| Complete 

Card table byte_map: [0x0000028df7ce0000,0x0000028df80d0000] _byte_map_base: 0x0000028df78ca000

Marking Bits (Prev, Next): (CMBitMap*) 0x0000028dedf4aff0, (CMBitMap*) 0x0000028dedf4b030
 Prev Bits: [0x0000028df84c0000, 0x0000028dfa410000)
 Next Bits: [0x0000028dfa410000, 0x0000028dfc360000)

Polling page: 0x0000028dee0c0000

Metaspace:

Usage:
  Non-class:     11.30 MB used.
      Class:      1.74 MB used.
       Both:     13.05 MB used.

Virtual space:
  Non-class space:       16.00 MB reserved,      11.44 MB ( 71%) committed,  2 nodes.
      Class space:        1.00 GB reserved,       1.88 MB ( <1%) committed,  1 nodes.
             Both:        1.02 GB reserved,      13.31 MB (  1%) committed. 

Chunk freelists:
   Non-Class:  544.00 KB
       Class:  2.11 MB
        Both:  2.64 MB

MaxMetaspaceSize: unlimited
CompressedClassSpaceSize: 1.00 GB
Initial GC threshold: 21.00 MB
Current GC threshold: 21.00 MB
CDS: on
MetaspaceReclaimPolicy: balanced
 - commit_granule_bytes: 65536.
 - commit_granule_words: 8192.
 - virtual_space_node_default_size: 1048576.
 - enlarge_chunks_in_place: 1.
 - new_chunks_are_fully_committed: 0.
 - uncommit_free_chunks: 1.
 - use_allocation_guard: 0.
 - handle_deallocations: 1.


Internal statistics:

num_allocs_failed_limit: 0.
num_arena_births: 188.
num_arena_deaths: 0.
num_vsnodes_births: 3.
num_vsnodes_deaths: 0.
num_space_committed: 213.
num_space_uncommitted: 0.
num_chunks_returned_to_freelist: 0.
num_chunks_taken_from_freelist: 610.
num_chunk_merges: 0.
num_chunk_splits: 412.
num_chunks_enlarged: 317.
num_purges: 0.
num_inconsistent_stats: 0.

CodeHeap 'non-profiled nmethods': size=120000Kb used=670Kb max_used=670Kb free=119329Kb
 bounds [0x0000028d87ad0000, 0x0000028d87d40000, 0x0000028d8f000000]
CodeHeap 'profiled nmethods': size=120000Kb used=3440Kb max_used=3440Kb free=116559Kb
 bounds [0x0000028d805a0000, 0x0000028d80900000, 0x0000028d87ad0000]
CodeHeap 'non-nmethods': size=5760Kb used=1190Kb max_used=1212Kb free=4569Kb
 bounds [0x0000028d80000000, 0x0000028d80270000, 0x0000028d805a0000]
 total_blobs=2319 nmethods=1842 adapters=389
 compilation: enabled
              stopped_count=0, restarted_count=0
 full_count=0

Compilation events (20 events):
Event: 3.107 Thread 0x0000028dfe804670 nmethod 1791 0x0000028d808da890 code [0x0000028d808dab40, 0x0000028d808db808]
Event: 3.108 Thread 0x0000028dfe804670 1792       3       java.lang.invoke.MethodHandles$Lookup::getDirectMethodForConstant (72 bytes)
Event: 3.110 Thread 0x0000028dfe804670 nmethod 1792 0x0000028d808dbc90 code [0x0000028d808dbfe0, 0x0000028d808dd2e8]
Event: 3.114 Thread 0x0000028dfe804670 1793       3       jdk.internal.reflect.ConstantPool::getUTF8At (10 bytes)
Event: 3.114 Thread 0x0000028dfe804670 nmethod 1793 0x0000028d808dd910 code [0x0000028d808ddaa0, 0x0000028d808ddbe8]
Event: 3.114 Thread 0x0000028dfe804670 1795       3       java.util.LinkedHashMap::<init> (10 bytes)
Event: 3.115 Thread 0x0000028dfe804670 nmethod 1795 0x0000028d808ddc90 code [0x0000028d808dde40, 0x0000028d808de078]
Event: 3.116 Thread 0x0000028dfe804670 1797       3       jdk.internal.org.objectweb.asm.MethodVisitor::visitInsn (16 bytes)
Event: 3.117 Thread 0x0000028dfe804670 nmethod 1797 0x0000028d808de190 code [0x0000028d808de340, 0x0000028d808de548]
Event: 3.119 Thread 0x0000028dfe804670 1798       3       java.util.concurrent.ConcurrentHashMap::get (162 bytes)
Event: 3.120 Thread 0x0000028dfe804670 nmethod 1798 0x0000028d808de610 code [0x0000028d808de860, 0x0000028d808df348]
Event: 3.120 Thread 0x0000028dfe804670 1799       3       java.lang.invoke.TypeConvertingMethodAdapter::<init> (8 bytes)
Event: 3.120 Thread 0x0000028dfe804670 nmethod 1799 0x0000028d808df690 code [0x0000028d808df820, 0x0000028d808df968]
Event: 3.120 Thread 0x0000028dfe804670 1800       3       jdk.internal.org.objectweb.asm.MethodVisitor::visitCode (15 bytes)
Event: 3.121 Thread 0x0000028dfe804670 nmethod 1800 0x0000028d808dfa10 code [0x0000028d808dfbc0, 0x0000028d808dfdc8]
Event: 3.121 Thread 0x0000028dfe804670 1801       3       jdk.internal.org.objectweb.asm.MethodVisitor::visitMethodInsn (80 bytes)
Event: 3.121 Thread 0x0000028dfe804670 nmethod 1801 0x0000028d808dfe90 code [0x0000028d808e0060, 0x0000028d808e0548]
Event: 3.122 Thread 0x0000028dfe804670 1802       3       jdk.internal.loader.AbstractClassLoaderValue$Sub::equals (55 bytes)
Event: 3.122 Thread 0x0000028dfe804670 nmethod 1802 0x0000028d808e0690 code [0x0000028d808e0880, 0x0000028d808e0ff8]
Event: 3.123 Thread 0x0000028dfe804670 1803   !   3       java.lang.invoke.InnerClassLambdaMetafactory::generateInnerClass (618 bytes)

GC Heap History (6 events):
Event: 1.055 GC heap before
{Heap before GC invocations=0 (full 0):
 garbage-first heap   total 129024K, used 13312K [0x0000000082c00000, 0x0000000100000000)
  region size 1024K, 13 young (13312K), 0 survivors (0K)
 Metaspace       used 2586K, committed 2816K, reserved 1056768K
  class space    used 251K, committed 384K, reserved 1048576K
}
Event: 1.064 GC heap after
{Heap after GC invocations=1 (full 0):
 garbage-first heap   total 129024K, used 6867K [0x0000000082c00000, 0x0000000100000000)
  region size 1024K, 2 young (2048K), 2 survivors (2048K)
 Metaspace       used 2586K, committed 2816K, reserved 1056768K
  class space    used 251K, committed 384K, reserved 1048576K
}
Event: 1.658 GC heap before
{Heap before GC invocations=1 (full 0):
 garbage-first heap   total 129024K, used 16083K [0x0000000082c00000, 0x0000000100000000)
  region size 1024K, 11 young (11264K), 2 survivors (2048K)
 Metaspace       used 5286K, committed 5504K, reserved 1056768K
  class space    used 597K, committed 704K, reserved 1048576K
}
Event: 1.664 GC heap after
{Heap after GC invocations=2 (full 0):
 garbage-first heap   total 129024K, used 7858K [0x0000000082c00000, 0x0000000100000000)
  region size 1024K, 1 young (1024K), 1 survivors (1024K)
 Metaspace       used 5286K, committed 5504K, reserved 1056768K
  class space    used 597K, committed 704K, reserved 1048576K
}
Event: 2.650 GC heap before
{Heap before GC invocations=2 (full 0):
 garbage-first heap   total 129024K, used 28338K [0x0000000082c00000, 0x0000000100000000)
  region size 1024K, 21 young (21504K), 1 survivors (1024K)
 Metaspace       used 10568K, committed 10752K, reserved 1064960K
  class space    used 1319K, committed 1408K, reserved 1048576K
}
Event: 2.656 GC heap after
{Heap after GC invocations=3 (full 0):
 garbage-first heap   total 129024K, used 9382K [0x0000000082c00000, 0x0000000100000000)
  region size 1024K, 3 young (3072K), 3 survivors (3072K)
 Metaspace       used 10568K, committed 10752K, reserved 1064960K
  class space    used 1319K, committed 1408K, reserved 1048576K
}

Deoptimization events (20 events):
Event: 2.663 Thread 0x0000028d8f2f16c0 DEOPT PACKING pc=0x0000028d87b32518 sp=0x000000ae893fdf40
Event: 2.663 Thread 0x0000028d8f2f16c0 DEOPT UNPACKING pc=0x0000028d8005239d sp=0x000000ae893fdea0 mode 2
Event: 2.716 Thread 0x0000028df0117a90 Uncommon trap: trap_request=0xffffff45 fr.pc=0x0000028d87b36414 relative=0x00000000000002f4
Event: 2.716 Thread 0x0000028df0117a90 Uncommon trap: reason=unstable_if action=reinterpret pc=0x0000028d87b36414 method=jdk.internal.org.objectweb.asm.SymbolTable.put(Ljdk/internal/org/objectweb/asm/SymbolTable$Entry;)Ljdk/internal/org/objectweb/asm/SymbolTable$Entry; @ 13 c2
Event: 2.716 Thread 0x0000028df0117a90 DEOPT PACKING pc=0x0000028d87b36414 sp=0x000000ae87bfd8a0
Event: 2.716 Thread 0x0000028df0117a90 DEOPT UNPACKING pc=0x0000028d8005239d sp=0x000000ae87bfd820 mode 2
Event: 2.850 Thread 0x0000028df0117a90 DEOPT PACKING pc=0x0000028d806283e8 sp=0x000000ae87bfac10
Event: 2.850 Thread 0x0000028df0117a90 DEOPT UNPACKING pc=0x0000028d80052b24 sp=0x000000ae87bfa0a0 mode 0
Event: 3.112 Thread 0x0000028d8f2f16c0 Uncommon trap: trap_request=0xffffffc6 fr.pc=0x0000028d87b49108 relative=0x0000000000000868
Event: 3.112 Thread 0x0000028d8f2f16c0 Uncommon trap: reason=bimorphic_or_optimized_type_check action=maybe_recompile pc=0x0000028d87b49108 method=java.util.HashMap.putVal(ILjava/lang/Object;Ljava/lang/Object;ZZ)Ljava/lang/Object; @ 91 c2
Event: 3.112 Thread 0x0000028d8f2f16c0 DEOPT PACKING pc=0x0000028d87b49108 sp=0x000000ae893fe860
Event: 3.112 Thread 0x0000028d8f2f16c0 DEOPT UNPACKING pc=0x0000028d8005239d sp=0x000000ae893fe770 mode 2
Event: 3.113 Thread 0x0000028d8f2f16c0 Uncommon trap: trap_request=0xffffffc6 fr.pc=0x0000028d87b49108 relative=0x0000000000000868
Event: 3.113 Thread 0x0000028d8f2f16c0 Uncommon trap: reason=bimorphic_or_optimized_type_check action=maybe_recompile pc=0x0000028d87b49108 method=java.util.HashMap.putVal(ILjava/lang/Object;Ljava/lang/Object;ZZ)Ljava/lang/Object; @ 91 c2
Event: 3.113 Thread 0x0000028d8f2f16c0 DEOPT PACKING pc=0x0000028d87b49108 sp=0x000000ae893fe860
Event: 3.113 Thread 0x0000028d8f2f16c0 DEOPT UNPACKING pc=0x0000028d8005239d sp=0x000000ae893fe770 mode 2
Event: 3.114 Thread 0x0000028d8f2f16c0 Uncommon trap: trap_request=0xffffff45 fr.pc=0x0000028d87b417f4 relative=0x0000000000000254
Event: 3.114 Thread 0x0000028d8f2f16c0 Uncommon trap: reason=unstable_if action=reinterpret pc=0x0000028d87b417f4 method=java.util.concurrent.ConcurrentHashMap.get(Ljava/lang/Object;)Ljava/lang/Object; @ 76 c2
Event: 3.115 Thread 0x0000028d8f2f16c0 DEOPT PACKING pc=0x0000028d87b417f4 sp=0x000000ae893fd9e0
Event: 3.115 Thread 0x0000028d8f2f16c0 DEOPT UNPACKING pc=0x0000028d8005239d sp=0x000000ae893fd958 mode 2

Classes unloaded (0 events):
No events

Classes redefined (0 events):
No events

Internal exceptions (20 events):
Event: 1.991 Thread 0x0000028df0117a90 Exception <a 'java/lang/NoSuchMethodError'{0x000000008a410a70}: 'java.lang.Object java.lang.invoke.DirectMethodHandle$Holder.invokeSpecial(java.lang.Object, java.lang.Object, java.lang.Object, java.lang.Object, java.lang.Object, java.lang.Object, int)'> (0x000000008a410a70) 
thrown [t:\workspace\open\src\hotspot\share\interpreter\linkResolver.cpp, line 766]
Event: 1.993 Thread 0x0000028df0117a90 Exception <a 'java/lang/NoSuchMethodError'{0x000000008a41afd8}: 'java.lang.Object java.lang.invoke.DirectMethodHandle$Holder.newInvokeSpecial(java.lang.Object, java.lang.Object, java.lang.Object, java.lang.Object, java.lang.Object, java.lang.Object, int)'> (0x000000008a41afd8) 
thrown [t:\workspace\open\src\hotspot\share\interpreter\linkResolver.cpp, line 766]
Event: 1.994 Thread 0x0000028df0117a90 Exception <a 'java/lang/NoSuchMethodError'{0x000000008a420018}: 'java.lang.Object java.lang.invoke.DirectMethodHandle$Holder.invokeSpecial(java.lang.Object, java.lang.Object, java.lang.Object, java.lang.Object, java.lang.Object, java.lang.Object, java.lang.Object, int)'> (0x000000008a420018) 
thrown [t:\workspace\open\src\hotspot\share\interpreter\linkResolver.cpp, line 766]
Event: 2.060 Thread 0x0000028df0117a90 Exception <a 'java/lang/NoSuchMethodError'{0x000000008a34c2d0}: 'int java.lang.invoke.DirectMethodHandle$Holder.invokeInterface(java.lang.Object, java.lang.Object)'> (0x000000008a34c2d0) 
thrown [t:\workspace\open\src\hotspot\share\interpreter\linkResolver.cpp, line 766]
Event: 2.073 Thread 0x0000028df0117a90 Exception <a 'java/lang/NoSuchMethodError'{0x000000008a3719b0}: 'void java.lang.invoke.DirectMethodHandle$Holder.invokeSpecial(java.lang.Object, java.lang.Object, java.lang.Object, java.lang.Object, java.lang.Object)'> (0x000000008a3719b0) 
thrown [t:\workspace\open\src\hotspot\share\interpreter\linkResolver.cpp, line 766]
Event: 2.130 Thread 0x0000028df0117a90 Exception <a 'java/lang/NoSuchMethodError'{0x000000008a24d7f8}: 'java.lang.Object java.lang.invoke.DirectMethodHandle$Holder.invokeSpecial(java.lang.Object, java.lang.Object, java.lang.Object, int, java.lang.Object)'> (0x000000008a24d7f8) 
thrown [t:\workspace\open\src\hotspot\share\interpreter\linkResolver.cpp, line 766]
Event: 2.132 Thread 0x0000028df0117a90 Exception <a 'java/lang/NoSuchMethodError'{0x000000008a256148}: 'java.lang.Object java.lang.invoke.DirectMethodHandle$Holder.newInvokeSpecial(java.lang.Object, java.lang.Object, java.lang.Object, int, java.lang.Object)'> (0x000000008a256148) 
thrown [t:\workspace\open\src\hotspot\share\interpreter\linkResolver.cpp, line 766]
Event: 2.134 Thread 0x0000028df0117a90 Exception <a 'java/lang/NoSuchMethodError'{0x000000008a25db18}: 'java.lang.Object java.lang.invoke.Invokers$Holder.linkToTargetMethod(java.lang.Object, java.lang.Object, int, java.lang.Object, java.lang.Object)'> (0x000000008a25db18) 
thrown [t:\workspace\open\src\hotspot\share\interpreter\linkResolver.cpp, line 766]
Event: 2.136 Thread 0x0000028df0117a90 Exception <a 'java/lang/NoSuchMethodError'{0x000000008a26cb80}: 'java.lang.Object java.lang.invoke.DirectMethodHandle$Holder.newInvokeSpecial(java.lang.Object, int, java.lang.Object)'> (0x000000008a26cb80) 
thrown [t:\workspace\open\src\hotspot\share\interpreter\linkResolver.cpp, line 766]
Event: 2.138 Thread 0x0000028df0117a90 Exception <a 'java/lang/NoSuchMethodError'{0x000000008a271860}: 'int java.lang.invoke.DirectMethodHandle$Holder.invokeSpecialIFC(java.lang.Object, java.lang.Object, java.lang.Object, java.lang.Object)'> (0x000000008a271860) 
thrown [t:\workspace\open\src\hotspot\share\interpreter\linkResolver.cpp, line 766]
Event: 2.189 Thread 0x0000028df0117a90 Exception <a 'java/lang/NoSuchMethodError'{0x000000008a153d38}: 'void java.lang.invoke.DirectMethodHandle$Holder.invokeInterface(java.lang.Object, java.lang.Object, java.lang.Object)'> (0x000000008a153d38) 
thrown [t:\workspace\open\src\hotspot\share\interpreter\linkResolver.cpp, line 766]
Event: 2.232 Thread 0x0000028df0117a90 Exception <a 'java/lang/NoSuchMethodError'{0x000000008a1da710}: 'void java.lang.invoke.DirectMethodHandle$Holder.invokeStaticInit(java.lang.Object, java.lang.Object, java.lang.Object)'> (0x000000008a1da710) 
thrown [t:\workspace\open\src\hotspot\share\interpreter\linkResolver.cpp, line 766]
Event: 2.252 Thread 0x0000028df0117a90 Exception <a 'java/lang/NoSuchMethodError'{0x0000000089f24f90}: 'java.lang.Object java.lang.invoke.DirectMethodHandle$Holder.invokeVirtual(java.lang.Object, java.lang.Object, java.lang.Object)'> (0x0000000089f24f90) 
thrown [t:\workspace\open\src\hotspot\share\interpreter\linkResolver.cpp, line 766]
Event: 2.262 Thread 0x0000028df0117a90 Exception <a 'java/lang/NoSuchMethodError'{0x0000000089f45ea0}: 'java.lang.Object java.lang.invoke.DirectMethodHandle$Holder.invokeStatic(java.lang.Object, java.lang.Object, long, java.lang.Object)'> (0x0000000089f45ea0) 
thrown [t:\workspace\open\src\hotspot\share\interpreter\linkResolver.cpp, line 766]
Event: 2.263 Thread 0x0000028df0117a90 Exception <a 'java/lang/NoSuchMethodError'{0x0000000089f49938}: 'java.lang.Object java.lang.invoke.DirectMethodHandle$Holder.invokeStaticInit(java.lang.Object, java.lang.Object, long, java.lang.Object)'> (0x0000000089f49938) 
thrown [t:\workspace\open\src\hotspot\share\interpreter\linkResolver.cpp, line 766]
Event: 2.264 Thread 0x0000028df0117a90 Exception <a 'java/lang/NoSuchMethodError'{0x0000000089f50078}: 'java.lang.Object java.lang.invoke.DirectMethodHandle$Holder.newInvokeSpecial(java.lang.Object, java.lang.Object, long)'> (0x0000000089f50078) 
thrown [t:\workspace\open\src\hotspot\share\interpreter\linkResolver.cpp, line 766]
Event: 2.265 Thread 0x0000028df0117a90 Exception <a 'java/lang/NoSuchMethodError'{0x0000000089f53be8}: 'java.lang.Object java.lang.invoke.Invokers$Holder.linkToTargetMethod(java.lang.Object, long, java.lang.Object)'> (0x0000000089f53be8) 
thrown [t:\workspace\open\src\hotspot\share\interpreter\linkResolver.cpp, line 766]
Event: 2.301 Thread 0x0000028df0117a90 Exception <a 'java/lang/NoSuchMethodError'{0x0000000089fade58}: 'void java.lang.invoke.DirectMethodHandle$Holder.invokeVirtual(java.lang.Object, java.lang.Object, java.lang.Object, java.lang.Object)'> (0x0000000089fade58) 
thrown [t:\workspace\open\src\hotspot\share\interpreter\linkResolver.cpp, line 766]
Event: 2.389 Thread 0x0000028df0117a90 Exception <a 'java/lang/NoSuchMethodError'{0x0000000089efebc8}: 'void java.lang.invoke.DirectMethodHandle$Holder.invokeSpecial(java.lang.Object, java.lang.Object, java.lang.Object)'> (0x0000000089efebc8) 
thrown [t:\workspace\open\src\hotspot\share\interpreter\linkResolver.cpp, line 766]
Event: 2.410 Thread 0x0000028df0117a90 Exception <a 'java/lang/IncompatibleClassChangeError'{0x0000000089d302d0}: Found class java.lang.Object, but interface was expected> (0x0000000089d302d0) 
thrown [t:\workspace\open\src\hotspot\share\interpreter\linkResolver.cpp, line 833]

VM Operations (20 events):
Event: 1.055 Executing VM operation: G1CollectForAllocation
Event: 1.064 Executing VM operation: G1CollectForAllocation done
Event: 1.614 Executing VM operation: HandshakeAllThreads
Event: 1.614 Executing VM operation: HandshakeAllThreads done
Event: 1.657 Executing VM operation: G1CollectForAllocation
Event: 1.664 Executing VM operation: G1CollectForAllocation done
Event: 2.093 Executing VM operation: HandshakeAllThreads
Event: 2.093 Executing VM operation: HandshakeAllThreads done
Event: 2.312 Executing VM operation: ICBufferFull
Event: 2.312 Executing VM operation: ICBufferFull done
Event: 2.378 Executing VM operation: HandshakeAllThreads
Event: 2.378 Executing VM operation: HandshakeAllThreads done
Event: 2.384 Executing VM operation: HandshakeAllThreads
Event: 2.384 Executing VM operation: HandshakeAllThreads done
Event: 2.650 Executing VM operation: G1CollectForAllocation
Event: 2.656 Executing VM operation: G1CollectForAllocation done
Event: 2.966 Executing VM operation: HandshakeAllThreads
Event: 2.966 Executing VM operation: HandshakeAllThreads done
Event: 3.091 Executing VM operation: HandshakeAllThreads
Event: 3.091 Executing VM operation: HandshakeAllThreads done

Events (20 events):
Event: 3.092 loading class java/lang/reflect/AnnotatedArrayType
Event: 3.092 loading class java/lang/reflect/AnnotatedArrayType done
Event: 3.113 loading class java/util/Collections$ReverseComparator
Event: 3.113 loading class java/util/Collections$ReverseComparator done
Event: 3.113 loading class java/util/Comparators$NaturalOrderComparator
Event: 3.113 loading class jdk/internal/vm/annotation/IntrinsicCandidate
Event: 3.113 loading class java/util/Comparators$NaturalOrderComparator done
Event: 3.113 loading class java/util/Collections$ReverseComparator2
Event: 3.114 loading class jdk/internal/vm/annotation/IntrinsicCandidate done
Event: 3.114 loading class java/util/Collections$ReverseComparator2 done
Event: 3.114 loading class java/util/stream/SortedOps
Event: 3.115 loading class java/util/stream/SortedOps done
Event: 3.115 loading class java/util/stream/SortedOps$OfRef
Event: 3.115 loading class java/util/stream/SortedOps$OfRef done
Event: 3.118 loading class java/util/stream/SortedOps$RefSortingSink
Event: 3.118 loading class java/util/stream/SortedOps$AbstractRefSortingSink
Event: 3.118 loading class java/util/stream/SortedOps$AbstractRefSortingSink done
Event: 3.118 loading class java/util/stream/SortedOps$RefSortingSink done
Event: 3.123 loading class sun/reflect/annotation/AnnotatedTypeFactory$AnnotatedParameterizedTypeImpl
Event: 3.124 loading class sun/reflect/annotation/AnnotatedTypeFactory$AnnotatedParameterizedTypeImpl done


Dynamic libraries:
0x00007ff6452d0000 - 0x00007ff6452de000 	C:\Program Files\jdk-17\bin\java.exe
0x00007ffe52210000 - 0x00007ffe52427000 	C:\WINDOWS\SYSTEM32\ntdll.dll
0x00007ffe51d40000 - 0x00007ffe51e04000 	C:\WINDOWS\System32\KERNEL32.DLL
0x00007ffe4f790000 - 0x00007ffe4fb3d000 	C:\WINDOWS\System32\KERNELBASE.dll
0x00007ffe4fe30000 - 0x00007ffe4ff41000 	C:\WINDOWS\System32\ucrtbase.dll
0x00007ffe4c2a0000 - 0x00007ffe4c2ba000 	C:\Program Files\jdk-17\bin\VCRUNTIME140.dll
0x00007ffe48d30000 - 0x00007ffe48d48000 	C:\Program Files\jdk-17\bin\jli.dll
0x00007ffe50070000 - 0x00007ffe5021e000 	C:\WINDOWS\System32\USER32.dll
0x00007ffe4fb40000 - 0x00007ffe4fb66000 	C:\WINDOWS\System32\win32u.dll
0x00007ffe50b60000 - 0x00007ffe50b89000 	C:\WINDOWS\System32\GDI32.dll
0x00007ffe39410000 - 0x00007ffe396a3000 	C:\WINDOWS\WinSxS\amd64_microsoft.windows.common-controls_6595b64144ccf1df_6.0.22621.3672_none_2713b9d173822955\COMCTL32.dll
0x00007ffe50220000 - 0x00007ffe502c7000 	C:\WINDOWS\System32\msvcrt.dll
0x00007ffe4f670000 - 0x00007ffe4f789000 	C:\WINDOWS\System32\gdi32full.dll
0x00007ffe4fb70000 - 0x00007ffe4fc0a000 	C:\WINDOWS\System32\msvcp_win.dll
0x00007ffe50c50000 - 0x00007ffe50c81000 	C:\WINDOWS\System32\IMM32.DLL
0x00007ffe4b330000 - 0x00007ffe4b33c000 	C:\Program Files\jdk-17\bin\vcruntime140_1.dll
0x00007ffe38e10000 - 0x00007ffe38e9d000 	C:\Program Files\jdk-17\bin\msvcp140.dll
0x00007ffe06dc0000 - 0x00007ffe0797e000 	C:\Program Files\jdk-17\bin\server\jvm.dll
0x00007ffe50e40000 - 0x00007ffe50ef2000 	C:\WINDOWS\System32\ADVAPI32.dll
0x00007ffe502d0000 - 0x00007ffe50379000 	C:\WINDOWS\System32\sechost.dll
0x00007ffe4fe00000 - 0x00007ffe4fe28000 	C:\WINDOWS\System32\bcrypt.dll
0x00007ffe4ff50000 - 0x00007ffe50064000 	C:\WINDOWS\System32\RPCRT4.dll
0x00007ffe50a60000 - 0x00007ffe50a68000 	C:\WINDOWS\System32\PSAPI.DLL
0x00007ffe35f00000 - 0x00007ffe35f09000 	C:\WINDOWS\SYSTEM32\WSOCK32.dll
0x00007ffe4af40000 - 0x00007ffe4af74000 	C:\WINDOWS\SYSTEM32\WINMM.dll
0x00007ffe50380000 - 0x00007ffe503f1000 	C:\WINDOWS\System32\WS2_32.dll
0x00007ffe415b0000 - 0x00007ffe415ba000 	C:\WINDOWS\SYSTEM32\VERSION.dll
0x00007ffe4e530000 - 0x00007ffe4e548000 	C:\WINDOWS\SYSTEM32\kernel.appcore.dll
0x00007ffe4b1e0000 - 0x00007ffe4b1ea000 	C:\Program Files\jdk-17\bin\jimage.dll
0x00007ffe4cd90000 - 0x00007ffe4cfc2000 	C:\WINDOWS\SYSTEM32\DBGHELP.DLL
0x00007ffe519b0000 - 0x00007ffe51d38000 	C:\WINDOWS\System32\combase.dll
0x00007ffe51860000 - 0x00007ffe51937000 	C:\WINDOWS\System32\OLEAUT32.dll
0x00007ffe317d0000 - 0x00007ffe31802000 	C:\WINDOWS\SYSTEM32\dbgcore.DLL
0x00007ffe4fc10000 - 0x00007ffe4fc8b000 	C:\WINDOWS\System32\bcryptPrimitives.dll
0x00007ffe4b130000 - 0x00007ffe4b13e000 	C:\Program Files\jdk-17\bin\instrument.dll
0x00007ffe38de0000 - 0x00007ffe38e05000 	C:\Program Files\jdk-17\bin\java.dll
0x00007ffe0a1c0000 - 0x00007ffe0a296000 	C:\Program Files\jdk-17\bin\svml.dll
0x00007ffe50f00000 - 0x00007ffe5175f000 	C:\WINDOWS\System32\SHELL32.dll
0x00007ffe4d440000 - 0x00007ffe4dd3c000 	C:\WINDOWS\SYSTEM32\windows.storage.dll
0x00007ffe4d300000 - 0x00007ffe4d43f000 	C:\WINDOWS\SYSTEM32\wintypes.dll
0x00007ffe51e10000 - 0x00007ffe51f04000 	C:\WINDOWS\System32\SHCORE.dll
0x00007ffe50a70000 - 0x00007ffe50ace000 	C:\WINDOWS\System32\shlwapi.dll
0x00007ffe4f470000 - 0x00007ffe4f491000 	C:\WINDOWS\SYSTEM32\profapi.dll
0x00007ffe38dc0000 - 0x00007ffe38dd8000 	C:\Program Files\jdk-17\bin\zip.dll
0x00007ffe48d10000 - 0x00007ffe48d29000 	C:\Program Files\jdk-17\bin\net.dll
0x00007ffe4a5b0000 - 0x00007ffe4a6e6000 	C:\WINDOWS\SYSTEM32\WINHTTP.dll
0x00007ffe4e9a0000 - 0x00007ffe4ea09000 	C:\WINDOWS\system32\mswsock.dll
0x00007ffe397b0000 - 0x00007ffe397c5000 	C:\Program Files\jdk-17\bin\nio.dll
0x00007ffe484f0000 - 0x00007ffe4850a000 	C:\Program Files (x86)\JetBrains\IntelliJ IDEA Community Edition 2024.1.4\bin\breakgen64.dll

dbghelp: loaded successfully - version: 4.0.5 - missing functions: none
symbol engine: initialized successfully - sym options: 0x614 - pdb path: .;C:\Program Files\jdk-17\bin;C:\WINDOWS\SYSTEM32;C:\WINDOWS\WinSxS\amd64_microsoft.windows.common-controls_6595b64144ccf1df_6.0.22621.3672_none_2713b9d173822955;C:\Program Files\jdk-17\bin\server;C:\Program Files (x86)\JetBrains\IntelliJ IDEA Community Edition 2024.1.4\bin

VM Arguments:
jvm_args: -javaagent:C:\Program Files (x86)\JetBrains\IntelliJ IDEA Community Edition 2024.1.4\lib\idea_rt.jar=65088:C:\Program Files (x86)\JetBrains\IntelliJ IDEA Community Edition 2024.1.4\bin -Dfile.encoding=UTF-8 
java_command: com.jimsimrodev.foroconnet.ForoconnetApplication
java_class_path (initial): D:\work\foroconnet\target\classes;C:\Users\jhoan\.m2\repository\org\springframework\boot\spring-boot-starter-security\3.3.1\spring-boot-starter-security-3.3.1.jar;C:\Users\jhoan\.m2\repository\org\springframework\boot\spring-boot-starter\3.3.1\spring-boot-starter-3.3.1.jar;C:\Users\jhoan\.m2\repository\org\springframework\boot\spring-boot\3.3.1\spring-boot-3.3.1.jar;C:\Users\jhoan\.m2\repository\org\springframework\boot\spring-boot-autoconfigure\3.3.1\spring-boot-autoconfigure-3.3.1.jar;C:\Users\jhoan\.m2\repository\org\springframework\boot\spring-boot-starter-logging\3.3.1\spring-boot-starter-logging-3.3.1.jar;C:\Users\jhoan\.m2\repository\ch\qos\logback\logback-classic\1.5.6\logback-classic-1.5.6.jar;C:\Users\jhoan\.m2\repository\ch\qos\logback\logback-core\1.5.6\logback-core-1.5.6.jar;C:\Users\jhoan\.m2\repository\org\apache\logging\log4j\log4j-to-slf4j\2.23.1\log4j-to-slf4j-2.23.1.jar;C:\Users\jhoan\.m2\repository\org\apache\logging\log4j\log4j-api\2.23.1\log4j-api-2.23.1.jar;C:\Users\jhoan\.m2\repository\org\slf4j\jul-to-slf4j\2.0.13\jul-to-slf4j-2.0.13.jar;C:\Users\jhoan\.m2\repository\jakarta\annotation\jakarta.annotation-api\2.1.1\jakarta.annotation-api-2.1.1.jar;C:\Users\jhoan\.m2\repository\org\yaml\snakeyaml\2.2\snakeyaml-2.2.jar;C:\Users\jhoan\.m2\repository\org\springframework\spring-aop\6.1.10\spring-aop-6.1.10.jar;C:\Users\jhoan\.m2\repository\org\springframework\spring-beans\6.1.10\spring-beans-6.1.10.jar;C:\Users\jhoan\.m2\repository\org\springframework\security\spring-security-config\6.3.1\spring-security-config-6.3.1.jar;C:\Users\jhoan\.m2\repository\org\springframework\spring-context\6.1.10\spring-context-6.1.10.jar;C:\Users\jhoan\.m2\repository\org\springframework\security\spring-security-web\6.3.1\spring-security-web-6.3.1.jar;C:\Users\jhoan\.m2\repository\org\springframework\spring-expression\6.1.10\spring-expression-6.1.10.jar;C:\Users\jhoan\.m2\repository\org\springframework\boot\spring-boot-starter-validation\3.
Launcher Type: SUN_STANDARD

[Global flags]
     intx CICompilerCount                          = 3                                         {product} {ergonomic}
     uint ConcGCThreads                            = 1                                         {product} {ergonomic}
     uint G1ConcRefinementThreads                  = 4                                         {product} {ergonomic}
   size_t G1HeapRegionSize                         = 1048576                                   {product} {ergonomic}
    uintx GCDrainStackTargetSize                   = 64                                        {product} {ergonomic}
   size_t InitialHeapSize                          = 132120576                                 {product} {ergonomic}
   size_t MarkStackSize                            = 4194304                                   {product} {ergonomic}
   size_t MaxHeapSize                              = 2101346304                                {product} {ergonomic}
   size_t MaxNewSize                               = 1260388352                                {product} {ergonomic}
   size_t MinHeapDeltaBytes                        = 1048576                                   {product} {ergonomic}
   size_t MinHeapSize                              = 8388608                                   {product} {ergonomic}
    uintx NonNMethodCodeHeapSize                   = 5832780                                {pd product} {ergonomic}
    uintx NonProfiledCodeHeapSize                  = 122912730                              {pd product} {ergonomic}
    uintx ProfiledCodeHeapSize                     = 122912730                              {pd product} {ergonomic}
    uintx ReservedCodeCacheSize                    = 251658240                              {pd product} {ergonomic}
     bool SegmentedCodeCache                       = true                                      {product} {ergonomic}
   size_t SoftMaxHeapSize                          = 2101346304                             {manageable} {ergonomic}
     bool UseCompressedClassPointers               = true                           {product lp64_product} {ergonomic}
     bool UseCompressedOops                        = true                           {product lp64_product} {ergonomic}
     bool UseG1GC                                  = true                                      {product} {ergonomic}
     bool UseLargePagesIndividualAllocation        = false                                  {pd product} {ergonomic}

Logging:
Log output configuration:
 #0: stdout all=warning uptime,level,tags
 #1: stderr all=off uptime,level,tags

Environment Variables:
JAVA_HOME=C:\Program Files\jdk-17
PATH=C:\WINDOWS\system32;C:\WINDOWS;C:\WINDOWS\System32\Wbem;C:\WINDOWS\System32\WindowsPowerShell\v1.0\;C:\WINDOWS\System32\OpenSSH\;C:\Program Files\jdk-17\bin;C:\Program Files\WezTerm;C:\xampp\php;C:\ProgramData\ComposerSetup\bin;C:\Program Files\Git\cmd;C:\Program Files\nodejs\;C:\Program Files\MySQL\MySQL Shell 8.0\bin\;C:\Users\jhoan\AppData\Local\Microsoft\WindowsApps;C:\Users\jhoan\AppData\Local\Programs\Microsoft VS Code\bin;C:\Users\jhoan\AppData\Local\Programs\oh-my-posh\bin;C:\Users\jhoan\AppData\Local\Microsoft\WinGet\Packages\Schniz.fnm_Microsoft.Winget.Source_8wekyb3d8bbwe;C:\Users\jhoan\AppData\Roaming\Composer\vendor\bin;C:\Users\jhoan\AppData\Roaming\npm
USERNAME=jhoan
OS=Windows_NT
PROCESSOR_IDENTIFIER=Intel64 Family 6 Model 142 Stepping 12, GenuineIntel



---------------  S Y S T E M  ---------------

OS:
 Windows 10 , 64 bit Build 22621 (10.0.22621.3672)
OS uptime: 2 days 0:54 hours
Hyper-V role detected

CPU: total 4 (initial active 4) (2 cores per cpu, 2 threads per core) family 6 model 142 stepping 12 microcode 0xf8, cx8, cmov, fxsr, ht, mmx, 3dnowpref, sse, sse2, sse3, ssse3, sse4.1, sse4.2, popcnt, lzcnt, tsc, tscinvbit, aes, erms, clmul, clflush, clflushopt, hv

Memory: 4k page, system-wide physical 8015M (508M free)
TotalPageFile size 12111M (AvailPageFile size 5M)
current process WorkingSet (physical memory assigned to process): 106M, peak: 107M
current process commit charge ("private bytes"): 239M, peak: 241M

vm_info: OpenJDK 64-Bit Server VM (17+35-2724) for windows-amd64 JRE (17+35-2724), built on Aug  5 2021 23:26:02 by "mach5one" with MS VC++ 16.8 (VS2019)

END.
