#
# There is insufficient memory for the Java Runtime Environment to continue.
# Native memory allocation (mmap) failed to map 27262976 bytes for G1 virtual space
# Possible reasons:
#   The system is out of physical RAM or swap space
#   The process is running with CompressedOops enabled, and the Java Heap may be blocking the growth of the native heap
# Possible solutions:
#   Reduce memory load on the system
#   Increase physical memory or swap space
#   Check if swap backing store is full
#   Decrease Java heap size (-Xmx/-Xms)
#   Decrease number of Java threads
#   Decrease Java thread stack sizes (-Xss)
#   Set larger code cache with -XX:ReservedCodeCacheSize=
#   JVM is running with Unscaled Compressed Oops mode in which the Java heap is
#     placed in the first 4GB address space. The Java Heap base address is the
#     maximum limit for the native heap growth. Please use -XX:HeapBaseMinAddress
#     to set the Java Heap base and to place the Java Heap above 4GB virtual address.
# This output file may be truncated or incomplete.
#
#  Out of Memory Error (os_windows.cpp:3469), pid=8504, tid=128
#
# JRE version: OpenJDK Runtime Environment (17.0+35) (build 17+35-2724)
# Java VM: OpenJDK 64-Bit Server VM (17+35-2724, mixed mode, sharing, tiered, compressed oops, compressed class ptrs, g1 gc, windows-amd64)
# No core dump will be written. Minidumps are not enabled by default on client versions of Windows
#

---------------  S U M M A R Y ------------

Command Line: -javaagent:C:\Program Files (x86)\JetBrains\IntelliJ IDEA Community Edition 2024.1.4\lib\idea_rt.jar=57157:C:\Program Files (x86)\JetBrains\IntelliJ IDEA Community Edition 2024.1.4\bin -Dfile.encoding=UTF-8 com.jimsimrodev.foroconnet.ForoconnetApplication

Host: Intel(R) Pentium(R) CPU 6405U @ 2.40GHz, 4 cores, 7G,  Windows 10 , 64 bit Build 22621 (10.0.22621.3672)
Time: Sun Jul 14 20:40:01 2024 Hora est. Pacífico, Sudamérica elapsed time: 4.134726 seconds (0d 0h 0m 4s)

---------------  T H R E A D  ---------------

Current thread (0x0000029f76c8e5b0):  VMThread "VM Thread" [stack: 0x000000ec1d800000,0x000000ec1d900000] [id=128]

Stack: [0x000000ec1d800000,0x000000ec1d900000]
Native frames: (J=compiled Java code, j=interpreted, Vv=VM code, C=native code)
V  [jvm.dll+0x66f8ea]
V  [jvm.dll+0x7ce224]
V  [jvm.dll+0x7cf9ce]
V  [jvm.dll+0x7d0033]
V  [jvm.dll+0x242bb5]
V  [jvm.dll+0x66c909]
V  [jvm.dll+0x6613d2]
V  [jvm.dll+0x30082b]
V  [jvm.dll+0x307db6]
V  [jvm.dll+0x357a0e]
V  [jvm.dll+0x357c3f]
V  [jvm.dll+0x2d7ae8]
V  [jvm.dll+0x2d5db4]
V  [jvm.dll+0x2d53bc]
V  [jvm.dll+0x3287dc]
V  [jvm.dll+0x7d44cb]
V  [jvm.dll+0x7d5204]
V  [jvm.dll+0x7d571c]
V  [jvm.dll+0x7d5af4]
V  [jvm.dll+0x7d5bc0]
V  [jvm.dll+0x77e7ea]
V  [jvm.dll+0x66e715]
C  [ucrtbase.dll+0x29333]
C  [KERNEL32.DLL+0x1257d]
C  [ntdll.dll+0x5af28]

VM_Operation (0x000000ec1d2fc380): CollectForMetadataAllocation, mode: safepoint, requested by thread 0x0000029f595bef40


---------------  P R O C E S S  ---------------

Threads class SMR info:
_java_thread_list=0x0000029f7909d7a0, length=14, elements={
0x0000029f595bef40, 0x0000029f76c93d50, 0x0000029f76c95360, 0x0000029f76ca8260,
0x0000029f76ca8e10, 0x0000029f76cabf70, 0x0000029f76cac920, 0x0000029f76cade50,
0x0000029f76cb2590, 0x0000029f76d21dd0, 0x0000029f76c7cb00, 0x0000029f7797d090,
0x0000029f77bb58d0, 0x0000029f77bb2900
}

Java Threads: ( => current thread )
  0x0000029f595bef40 JavaThread "main" [_thread_blocked, id=4332, stack(0x000000ec1d200000,0x000000ec1d300000)]
  0x0000029f76c93d50 JavaThread "Reference Handler" daemon [_thread_blocked, id=2212, stack(0x000000ec1d900000,0x000000ec1da00000)]
  0x0000029f76c95360 JavaThread "Finalizer" daemon [_thread_blocked, id=8368, stack(0x000000ec1da00000,0x000000ec1db00000)]
  0x0000029f76ca8260 JavaThread "Signal Dispatcher" daemon [_thread_blocked, id=10080, stack(0x000000ec1db00000,0x000000ec1dc00000)]
  0x0000029f76ca8e10 JavaThread "Attach Listener" daemon [_thread_blocked, id=8168, stack(0x000000ec1dc00000,0x000000ec1dd00000)]
  0x0000029f76cabf70 JavaThread "Service Thread" daemon [_thread_blocked, id=7376, stack(0x000000ec1dd00000,0x000000ec1de00000)]
  0x0000029f76cac920 JavaThread "Monitor Deflation Thread" daemon [_thread_blocked, id=8520, stack(0x000000ec1de00000,0x000000ec1df00000)]
  0x0000029f76cade50 JavaThread "C2 CompilerThread0" daemon [_thread_blocked, id=11748, stack(0x000000ec1df00000,0x000000ec1e000000)]
  0x0000029f76cb2590 JavaThread "C1 CompilerThread0" daemon [_thread_blocked, id=6068, stack(0x000000ec1e000000,0x000000ec1e100000)]
  0x0000029f76d21dd0 JavaThread "Sweeper thread" daemon [_thread_blocked, id=15044, stack(0x000000ec1e100000,0x000000ec1e200000)]
  0x0000029f76c7cb00 JavaThread "Common-Cleaner" daemon [_thread_blocked, id=3892, stack(0x000000ec1e200000,0x000000ec1e300000)]
  0x0000029f7797d090 JavaThread "C2 CompilerThread1" daemon [_thread_blocked, id=8644, stack(0x000000ec1e300000,0x000000ec1e400000)]
  0x0000029f77bb58d0 JavaThread "Monitor Ctrl-Break" daemon [_thread_in_native, id=3136, stack(0x000000ec1e400000,0x000000ec1e500000)]
  0x0000029f77bb2900 JavaThread "Notification Thread" daemon [_thread_blocked, id=7136, stack(0x000000ec1e500000,0x000000ec1e600000)]

Other Threads:
=>0x0000029f76c8e5b0 VMThread "VM Thread" [stack: 0x000000ec1d800000,0x000000ec1d900000] [id=128]
  0x0000029f77bb5da0 WatcherThread [stack: 0x000000ec1e600000,0x000000ec1e700000] [id=12700]
  0x0000029f595fbeb0 GCTaskThread "GC Thread#0" [stack: 0x000000ec1d300000,0x000000ec1d400000] [id=8560]
  0x0000029f78086cd0 GCTaskThread "GC Thread#1" [stack: 0x000000ec1e700000,0x000000ec1e800000] [id=14016]
  0x0000029f77eadeb0 GCTaskThread "GC Thread#2" [stack: 0x000000ec1e800000,0x000000ec1e900000] [id=12352]
  0x0000029f78147980 GCTaskThread "GC Thread#3" [stack: 0x000000ec1e900000,0x000000ec1ea00000] [id=3228]
  0x0000029f5960d880 ConcurrentGCThread "G1 Main Marker" [stack: 0x000000ec1d400000,0x000000ec1d500000] [id=7120]
  0x0000029f5960e290 ConcurrentGCThread "G1 Conc#0" [stack: 0x000000ec1d500000,0x000000ec1d600000] [id=6104]
  0x0000029f76b50090 ConcurrentGCThread "G1 Refine#0" [stack: 0x000000ec1d600000,0x000000ec1d700000] [id=7436]
  0x0000029f76b51ac0 ConcurrentGCThread "G1 Service" [stack: 0x000000ec1d700000,0x000000ec1d800000] [id=5036]

Threads with active compile tasks:
C2 CompilerThread1     4183 2726   !   4       java.util.zip.InflaterInputStream::read (138 bytes)

VM state: at safepoint (normal execution)

VM Mutex/Monitor currently owned by a thread:  ([mutex/lock_event])
[0x0000029f595ba4d0] Threads_lock - owner thread: 0x0000029f76c8e5b0
[0x0000029f595b97e0] Heap_lock - owner thread: 0x0000029f595bef40

Heap address: 0x0000000082c00000, size: 2004 MB, Compressed Oops mode: 32-bit

CDS archive(s) mapped at: [0x0000000800000000-0x0000000800bc0000-0x0000000800bc0000), size 12320768, SharedBaseAddress: 0x0000000800000000, ArchiveRelocationMode: 0.
Compressed class space mapped at: 0x0000000800c00000-0x0000000840c00000, reserved size: 1073741824
Narrow klass base: 0x0000000800000000, Narrow klass shift: 0, Narrow klass range: 0x100000000

GC Precious Log:
 CPUs: 4 total, 4 available
 Memory: 8015M
 Large Page Support: Disabled
 NUMA Support: Disabled
 Compressed Oops: Enabled (32-bit)
 Heap Region Size: 1M
 Heap Min Capacity: 8M
 Heap Initial Capacity: 126M
 Heap Max Capacity: 2004M
 Pre-touch: Disabled
 Parallel Workers: 4
 Concurrent Workers: 1
 Concurrent Refinement Workers: 4
 Periodic GC: Disabled

Heap:
 garbage-first heap   total 129024K, used 13516K [0x0000000082c00000, 0x0000000100000000)
  region size 1024K, 7 young (7168K), 7 survivors (7168K)
 Metaspace       used 21262K, committed 21504K, reserved 1073152K
  class space    used 2701K, committed 2816K, reserved 1048576K

Heap Regions: E=young(eden), S=young(survivor), O=old, HS=humongous(starts), HC=humongous(continues), CS=collection set, F=free, OA=open archive, CA=closed archive, TAMS=top-at-mark-start (previous, next)
|   0|0x0000000082c00000, 0x0000000082d00000, 0x0000000082d00000|100%|HS|  |TAMS 0x0000000082c00000, 0x0000000082d00000| Complete 
|   1|0x0000000082d00000, 0x0000000082e00000, 0x0000000082e00000|100%| O|  |TAMS 0x0000000082d00000, 0x0000000082e00000| Untracked 
|   2|0x0000000082e00000, 0x0000000082f00000, 0x0000000082f00000|100%| O|  |TAMS 0x0000000082e00000, 0x0000000082f00000| Untracked 
|   3|0x0000000082f00000, 0x0000000083000000, 0x0000000083000000|100%| O|  |TAMS 0x0000000082f00000, 0x0000000083000000| Untracked 
|   4|0x0000000083000000, 0x0000000083100000, 0x0000000083100000|100%| O|  |TAMS 0x0000000083000000, 0x0000000083100000| Untracked 
|   5|0x0000000083100000, 0x0000000083200000, 0x0000000083200000|100%| O|  |TAMS 0x0000000083100000, 0x0000000083200000| Untracked 
|   6|0x0000000083200000, 0x0000000083233000, 0x0000000083300000| 19%| O|  |TAMS 0x0000000083200000, 0x0000000083233000| Untracked 
|   7|0x0000000083300000, 0x0000000083300000, 0x0000000083400000|  0%| F|  |TAMS 0x0000000083300000, 0x0000000083300000| Untracked 
|   8|0x0000000083400000, 0x0000000083400000, 0x0000000083500000|  0%| F|  |TAMS 0x0000000083400000, 0x0000000083400000| Untracked 
|   9|0x0000000083500000, 0x0000000083500000, 0x0000000083600000|  0%| F|  |TAMS 0x0000000083500000, 0x0000000083500000| Untracked 
|  10|0x0000000083600000, 0x0000000083600000, 0x0000000083700000|  0%| F|  |TAMS 0x0000000083600000, 0x0000000083600000| Untracked 
|  11|0x0000000083700000, 0x0000000083700000, 0x0000000083800000|  0%| F|  |TAMS 0x0000000083700000, 0x0000000083700000| Untracked 
|  12|0x0000000083800000, 0x0000000083800000, 0x0000000083900000|  0%| F|  |TAMS 0x0000000083800000, 0x0000000083800000| Untracked 
|  13|0x0000000083900000, 0x0000000083900000, 0x0000000083a00000|  0%| F|  |TAMS 0x0000000083900000, 0x0000000083900000| Untracked 
|  14|0x0000000083a00000, 0x0000000083a00000, 0x0000000083b00000|  0%| F|  |TAMS 0x0000000083a00000, 0x0000000083a00000| Untracked 
|  15|0x0000000083b00000, 0x0000000083b00000, 0x0000000083c00000|  0%| F|  |TAMS 0x0000000083b00000, 0x0000000083b00000| Untracked 
|  16|0x0000000083c00000, 0x0000000083c00000, 0x0000000083d00000|  0%| F|  |TAMS 0x0000000083c00000, 0x0000000083c00000| Untracked 
|  17|0x0000000083d00000, 0x0000000083d00000, 0x0000000083e00000|  0%| F|  |TAMS 0x0000000083d00000, 0x0000000083d00000| Untracked 
|  18|0x0000000083e00000, 0x0000000083e00000, 0x0000000083f00000|  0%| F|  |TAMS 0x0000000083e00000, 0x0000000083e00000| Untracked 
|  19|0x0000000083f00000, 0x0000000083f00000, 0x0000000084000000|  0%| F|  |TAMS 0x0000000083f00000, 0x0000000083f00000| Untracked 
|  20|0x0000000084000000, 0x0000000084000000, 0x0000000084100000|  0%| F|  |TAMS 0x0000000084000000, 0x0000000084000000| Untracked 
|  21|0x0000000084100000, 0x0000000084100000, 0x0000000084200000|  0%| F|  |TAMS 0x0000000084100000, 0x0000000084100000| Untracked 
|  22|0x0000000084200000, 0x0000000084200000, 0x0000000084300000|  0%| F|  |TAMS 0x0000000084200000, 0x0000000084200000| Untracked 
|  23|0x0000000084300000, 0x0000000084300000, 0x0000000084400000|  0%| F|  |TAMS 0x0000000084300000, 0x0000000084300000| Untracked 
|  24|0x0000000084400000, 0x0000000084400000, 0x0000000084500000|  0%| F|  |TAMS 0x0000000084400000, 0x0000000084400000| Untracked 
|  25|0x0000000084500000, 0x0000000084500000, 0x0000000084600000|  0%| F|  |TAMS 0x0000000084500000, 0x0000000084500000| Untracked 
|  26|0x0000000084600000, 0x0000000084600000, 0x0000000084700000|  0%| F|  |TAMS 0x0000000084600000, 0x0000000084600000| Untracked 
|  27|0x0000000084700000, 0x0000000084700000, 0x0000000084800000|  0%| F|  |TAMS 0x0000000084700000, 0x0000000084700000| Untracked 
|  28|0x0000000084800000, 0x0000000084800000, 0x0000000084900000|  0%| F|  |TAMS 0x0000000084800000, 0x0000000084800000| Untracked 
|  29|0x0000000084900000, 0x0000000084900000, 0x0000000084a00000|  0%| F|  |TAMS 0x0000000084900000, 0x0000000084900000| Untracked 
|  30|0x0000000084a00000, 0x0000000084a00000, 0x0000000084b00000|  0%| F|  |TAMS 0x0000000084a00000, 0x0000000084a00000| Untracked 
|  31|0x0000000084b00000, 0x0000000084b00000, 0x0000000084c00000|  0%| F|  |TAMS 0x0000000084b00000, 0x0000000084b00000| Untracked 
|  32|0x0000000084c00000, 0x0000000084c00000, 0x0000000084d00000|  0%| F|  |TAMS 0x0000000084c00000, 0x0000000084c00000| Untracked 
|  33|0x0000000084d00000, 0x0000000084d00000, 0x0000000084e00000|  0%| F|  |TAMS 0x0000000084d00000, 0x0000000084d00000| Untracked 
|  34|0x0000000084e00000, 0x0000000084e00000, 0x0000000084f00000|  0%| F|  |TAMS 0x0000000084e00000, 0x0000000084e00000| Untracked 
|  35|0x0000000084f00000, 0x0000000084f00000, 0x0000000085000000|  0%| F|  |TAMS 0x0000000084f00000, 0x0000000084f00000| Untracked 
|  36|0x0000000085000000, 0x0000000085000000, 0x0000000085100000|  0%| F|  |TAMS 0x0000000085000000, 0x0000000085000000| Untracked 
|  37|0x0000000085100000, 0x0000000085100000, 0x0000000085200000|  0%| F|  |TAMS 0x0000000085100000, 0x0000000085100000| Untracked 
|  38|0x0000000085200000, 0x0000000085200000, 0x0000000085300000|  0%| F|  |TAMS 0x0000000085200000, 0x0000000085200000| Untracked 
|  39|0x0000000085300000, 0x0000000085300000, 0x0000000085400000|  0%| F|  |TAMS 0x0000000085300000, 0x0000000085300000| Untracked 
|  40|0x0000000085400000, 0x0000000085400000, 0x0000000085500000|  0%| F|  |TAMS 0x0000000085400000, 0x0000000085400000| Untracked 
|  41|0x0000000085500000, 0x0000000085500000, 0x0000000085600000|  0%| F|  |TAMS 0x0000000085500000, 0x0000000085500000| Untracked 
|  42|0x0000000085600000, 0x0000000085600000, 0x0000000085700000|  0%| F|  |TAMS 0x0000000085600000, 0x0000000085600000| Untracked 
|  43|0x0000000085700000, 0x0000000085700000, 0x0000000085800000|  0%| F|  |TAMS 0x0000000085700000, 0x0000000085700000| Untracked 
|  44|0x0000000085800000, 0x0000000085800000, 0x0000000085900000|  0%| F|  |TAMS 0x0000000085800000, 0x0000000085800000| Untracked 
|  45|0x0000000085900000, 0x0000000085900000, 0x0000000085a00000|  0%| F|  |TAMS 0x0000000085900000, 0x0000000085900000| Untracked 
|  46|0x0000000085a00000, 0x0000000085a00000, 0x0000000085b00000|  0%| F|  |TAMS 0x0000000085a00000, 0x0000000085a00000| Untracked 
|  47|0x0000000085b00000, 0x0000000085b00000, 0x0000000085c00000|  0%| F|  |TAMS 0x0000000085b00000, 0x0000000085b00000| Untracked 
|  48|0x0000000085c00000, 0x0000000085c00000, 0x0000000085d00000|  0%| F|  |TAMS 0x0000000085c00000, 0x0000000085c00000| Untracked 
|  49|0x0000000085d00000, 0x0000000085d00000, 0x0000000085e00000|  0%| F|  |TAMS 0x0000000085d00000, 0x0000000085d00000| Untracked 
|  50|0x0000000085e00000, 0x0000000085e00000, 0x0000000085f00000|  0%| F|  |TAMS 0x0000000085e00000, 0x0000000085e00000| Untracked 
|  51|0x0000000085f00000, 0x0000000085f00000, 0x0000000086000000|  0%| F|  |TAMS 0x0000000085f00000, 0x0000000085f00000| Untracked 
|  52|0x0000000086000000, 0x0000000086000000, 0x0000000086100000|  0%| F|  |TAMS 0x0000000086000000, 0x0000000086000000| Untracked 
|  53|0x0000000086100000, 0x0000000086100000, 0x0000000086200000|  0%| F|  |TAMS 0x0000000086100000, 0x0000000086100000| Untracked 
|  54|0x0000000086200000, 0x0000000086200000, 0x0000000086300000|  0%| F|  |TAMS 0x0000000086200000, 0x0000000086200000| Untracked 
|  55|0x0000000086300000, 0x0000000086300000, 0x0000000086400000|  0%| F|  |TAMS 0x0000000086300000, 0x0000000086300000| Untracked 
|  56|0x0000000086400000, 0x0000000086400000, 0x0000000086500000|  0%| F|  |TAMS 0x0000000086400000, 0x0000000086400000| Untracked 
|  57|0x0000000086500000, 0x0000000086500000, 0x0000000086600000|  0%| F|  |TAMS 0x0000000086500000, 0x0000000086500000| Untracked 
|  58|0x0000000086600000, 0x0000000086600000, 0x0000000086700000|  0%| F|  |TAMS 0x0000000086600000, 0x0000000086600000| Untracked 
|  59|0x0000000086700000, 0x0000000086700000, 0x0000000086800000|  0%| F|  |TAMS 0x0000000086700000, 0x0000000086700000| Untracked 
|  60|0x0000000086800000, 0x0000000086800000, 0x0000000086900000|  0%| F|  |TAMS 0x0000000086800000, 0x0000000086800000| Untracked 
|  61|0x0000000086900000, 0x0000000086900000, 0x0000000086a00000|  0%| F|  |TAMS 0x0000000086900000, 0x0000000086900000| Untracked 
|  62|0x0000000086a00000, 0x0000000086a00000, 0x0000000086b00000|  0%| F|  |TAMS 0x0000000086a00000, 0x0000000086a00000| Untracked 
|  63|0x0000000086b00000, 0x0000000086b00000, 0x0000000086c00000|  0%| F|  |TAMS 0x0000000086b00000, 0x0000000086b00000| Untracked 
|  64|0x0000000086c00000, 0x0000000086c00000, 0x0000000086d00000|  0%| F|  |TAMS 0x0000000086c00000, 0x0000000086c00000| Untracked 
|  65|0x0000000086d00000, 0x0000000086d00000, 0x0000000086e00000|  0%| F|  |TAMS 0x0000000086d00000, 0x0000000086d00000| Untracked 
|  66|0x0000000086e00000, 0x0000000086e00000, 0x0000000086f00000|  0%| F|  |TAMS 0x0000000086e00000, 0x0000000086e00000| Untracked 
|  67|0x0000000086f00000, 0x0000000086f00000, 0x0000000087000000|  0%| F|  |TAMS 0x0000000086f00000, 0x0000000086f00000| Untracked 
|  68|0x0000000087000000, 0x0000000087000000, 0x0000000087100000|  0%| F|  |TAMS 0x0000000087000000, 0x0000000087000000| Untracked 
|  69|0x0000000087100000, 0x0000000087100000, 0x0000000087200000|  0%| F|  |TAMS 0x0000000087100000, 0x0000000087100000| Untracked 
|  70|0x0000000087200000, 0x0000000087200000, 0x0000000087300000|  0%| F|  |TAMS 0x0000000087200000, 0x0000000087200000| Untracked 
|  71|0x0000000087300000, 0x0000000087300000, 0x0000000087400000|  0%| F|  |TAMS 0x0000000087300000, 0x0000000087300000| Untracked 
|  72|0x0000000087400000, 0x0000000087400000, 0x0000000087500000|  0%| F|  |TAMS 0x0000000087400000, 0x0000000087400000| Untracked 
|  73|0x0000000087500000, 0x0000000087500000, 0x0000000087600000|  0%| F|  |TAMS 0x0000000087500000, 0x0000000087500000| Untracked 
|  74|0x0000000087600000, 0x0000000087600000, 0x0000000087700000|  0%| F|  |TAMS 0x0000000087600000, 0x0000000087600000| Untracked 
|  75|0x0000000087700000, 0x0000000087700000, 0x0000000087800000|  0%| F|  |TAMS 0x0000000087700000, 0x0000000087700000| Untracked 
|  76|0x0000000087800000, 0x0000000087800000, 0x0000000087900000|  0%| F|  |TAMS 0x0000000087800000, 0x0000000087800000| Untracked 
|  77|0x0000000087900000, 0x0000000087900000, 0x0000000087a00000|  0%| F|  |TAMS 0x0000000087900000, 0x0000000087900000| Untracked 
|  78|0x0000000087a00000, 0x0000000087a00000, 0x0000000087b00000|  0%| F|  |TAMS 0x0000000087a00000, 0x0000000087a00000| Untracked 
|  79|0x0000000087b00000, 0x0000000087b00000, 0x0000000087c00000|  0%| F|  |TAMS 0x0000000087b00000, 0x0000000087b00000| Untracked 
|  80|0x0000000087c00000, 0x0000000087c00000, 0x0000000087d00000|  0%| F|  |TAMS 0x0000000087c00000, 0x0000000087c00000| Untracked 
|  81|0x0000000087d00000, 0x0000000087d00000, 0x0000000087e00000|  0%| F|  |TAMS 0x0000000087d00000, 0x0000000087d00000| Untracked 
|  82|0x0000000087e00000, 0x0000000087e00000, 0x0000000087f00000|  0%| F|  |TAMS 0x0000000087e00000, 0x0000000087e00000| Untracked 
|  83|0x0000000087f00000, 0x0000000087f00000, 0x0000000088000000|  0%| F|  |TAMS 0x0000000087f00000, 0x0000000087f00000| Untracked 
|  84|0x0000000088000000, 0x0000000088000000, 0x0000000088100000|  0%| F|  |TAMS 0x0000000088000000, 0x0000000088000000| Untracked 
|  85|0x0000000088100000, 0x0000000088100000, 0x0000000088200000|  0%| F|  |TAMS 0x0000000088100000, 0x0000000088100000| Untracked 
|  86|0x0000000088200000, 0x0000000088200000, 0x0000000088300000|  0%| F|  |TAMS 0x0000000088200000, 0x0000000088200000| Untracked 
|  87|0x0000000088300000, 0x0000000088300000, 0x0000000088400000|  0%| F|  |TAMS 0x0000000088300000, 0x0000000088300000| Untracked 
|  88|0x0000000088400000, 0x0000000088400000, 0x0000000088500000|  0%| F|  |TAMS 0x0000000088400000, 0x0000000088400000| Untracked 
|  89|0x0000000088500000, 0x0000000088500000, 0x0000000088600000|  0%| F|  |TAMS 0x0000000088500000, 0x0000000088500000| Untracked 
|  90|0x0000000088600000, 0x0000000088600000, 0x0000000088700000|  0%| F|  |TAMS 0x0000000088600000, 0x0000000088600000| Untracked 
|  91|0x0000000088700000, 0x0000000088800000, 0x0000000088800000|100%| S|CS|TAMS 0x0000000088700000, 0x0000000088700000| Complete 
|  92|0x0000000088800000, 0x0000000088900000, 0x0000000088900000|100%| S|CS|TAMS 0x0000000088800000, 0x0000000088800000| Complete 
|  93|0x0000000088900000, 0x0000000088a00000, 0x0000000088a00000|100%| S|CS|TAMS 0x0000000088900000, 0x0000000088900000| Complete 
|  94|0x0000000088a00000, 0x0000000088b00000, 0x0000000088b00000|100%| S|CS|TAMS 0x0000000088a00000, 0x0000000088a00000| Complete 
|  95|0x0000000088b00000, 0x0000000088c00000, 0x0000000088c00000|100%| S|CS|TAMS 0x0000000088b00000, 0x0000000088b00000| Complete 
|  96|0x0000000088c00000, 0x0000000088d00000, 0x0000000088d00000|100%| S|CS|TAMS 0x0000000088c00000, 0x0000000088c00000| Complete 
|  97|0x0000000088d00000, 0x0000000088e00000, 0x0000000088e00000|100%| S|CS|TAMS 0x0000000088d00000, 0x0000000088d00000| Complete 
|  98|0x0000000088e00000, 0x0000000088e00000, 0x0000000088f00000|  0%| F|  |TAMS 0x0000000088e00000, 0x0000000088e00000| Untracked 
|  99|0x0000000088f00000, 0x0000000088f00000, 0x0000000089000000|  0%| F|  |TAMS 0x0000000088f00000, 0x0000000088f00000| Untracked 
| 100|0x0000000089000000, 0x0000000089000000, 0x0000000089100000|  0%| F|  |TAMS 0x0000000089000000, 0x0000000089000000| Untracked 
| 101|0x0000000089100000, 0x0000000089100000, 0x0000000089200000|  0%| F|  |TAMS 0x0000000089100000, 0x0000000089100000| Untracked 
| 102|0x0000000089200000, 0x0000000089200000, 0x0000000089300000|  0%| F|  |TAMS 0x0000000089200000, 0x0000000089200000| Untracked 
| 103|0x0000000089300000, 0x0000000089300000, 0x0000000089400000|  0%| F|  |TAMS 0x0000000089300000, 0x0000000089300000| Untracked 
| 104|0x0000000089400000, 0x0000000089400000, 0x0000000089500000|  0%| F|  |TAMS 0x0000000089400000, 0x0000000089400000| Untracked 
| 105|0x0000000089500000, 0x0000000089500000, 0x0000000089600000|  0%| F|  |TAMS 0x0000000089500000, 0x0000000089500000| Untracked 
| 106|0x0000000089600000, 0x0000000089600000, 0x0000000089700000|  0%| F|  |TAMS 0x0000000089600000, 0x0000000089600000| Untracked 
| 107|0x0000000089700000, 0x0000000089700000, 0x0000000089800000|  0%| F|  |TAMS 0x0000000089700000, 0x0000000089700000| Untracked 
| 108|0x0000000089800000, 0x0000000089800000, 0x0000000089900000|  0%| F|  |TAMS 0x0000000089800000, 0x0000000089800000| Untracked 
| 109|0x0000000089900000, 0x0000000089900000, 0x0000000089a00000|  0%| F|  |TAMS 0x0000000089900000, 0x0000000089900000| Untracked 
| 110|0x0000000089a00000, 0x0000000089a00000, 0x0000000089b00000|  0%| F|  |TAMS 0x0000000089a00000, 0x0000000089a00000| Untracked 
| 111|0x0000000089b00000, 0x0000000089b00000, 0x0000000089c00000|  0%| F|  |TAMS 0x0000000089b00000, 0x0000000089b00000| Untracked 
| 112|0x0000000089c00000, 0x0000000089c00000, 0x0000000089d00000|  0%| F|  |TAMS 0x0000000089c00000, 0x0000000089c00000| Untracked 
| 113|0x0000000089d00000, 0x0000000089d00000, 0x0000000089e00000|  0%| F|  |TAMS 0x0000000089d00000, 0x0000000089d00000| Untracked 
| 114|0x0000000089e00000, 0x0000000089e00000, 0x0000000089f00000|  0%| F|  |TAMS 0x0000000089e00000, 0x0000000089e00000| Untracked 
| 115|0x0000000089f00000, 0x0000000089f00000, 0x000000008a000000|  0%| F|  |TAMS 0x0000000089f00000, 0x0000000089f00000| Untracked 
| 116|0x000000008a000000, 0x000000008a000000, 0x000000008a100000|  0%| F|  |TAMS 0x000000008a000000, 0x000000008a000000| Untracked 
| 117|0x000000008a100000, 0x000000008a100000, 0x000000008a200000|  0%| F|  |TAMS 0x000000008a100000, 0x000000008a100000| Untracked 
| 118|0x000000008a200000, 0x000000008a200000, 0x000000008a300000|  0%| F|  |TAMS 0x000000008a200000, 0x000000008a200000| Untracked 
| 119|0x000000008a300000, 0x000000008a300000, 0x000000008a400000|  0%| F|  |TAMS 0x000000008a300000, 0x000000008a300000| Untracked 
| 120|0x000000008a400000, 0x000000008a400000, 0x000000008a500000|  0%| F|  |TAMS 0x000000008a400000, 0x000000008a400000| Untracked 
| 121|0x000000008a500000, 0x000000008a500000, 0x000000008a600000|  0%| F|  |TAMS 0x000000008a500000, 0x000000008a500000| Untracked 
| 122|0x000000008a600000, 0x000000008a600000, 0x000000008a700000|  0%| F|  |TAMS 0x000000008a600000, 0x000000008a600000| Untracked 
| 123|0x000000008a700000, 0x000000008a700000, 0x000000008a800000|  0%| F|  |TAMS 0x000000008a700000, 0x000000008a700000| Untracked 
| 124|0x000000008a800000, 0x000000008a800000, 0x000000008a900000|  0%| F|  |TAMS 0x000000008a800000, 0x000000008a800000| Untracked 
| 125|0x000000008a900000, 0x000000008a900000, 0x000000008aa00000|  0%| F|  |TAMS 0x000000008a900000, 0x000000008a900000| Untracked 

Card table byte_map: [0x0000029f70190000,0x0000029f70580000] _byte_map_base: 0x0000029f6fd7a000

Marking Bits (Prev, Next): (CMBitMap*) 0x0000029f595fd4d0, (CMBitMap*) 0x0000029f595fd510
 Prev Bits: [0x0000029f70970000, 0x0000029f728c0000)
 Next Bits: [0x0000029f728c0000, 0x0000029f74810000)

Polling page: 0x0000029f58d80000

Metaspace:

Usage:
  Non-class:     18.13 MB used.
      Class:      2.64 MB used.
       Both:     20.76 MB used.

Virtual space:
  Non-class space:       24.00 MB reserved,      18.25 MB ( 76%) committed,  3 nodes.
      Class space:        1.00 GB reserved,       2.75 MB ( <1%) committed,  1 nodes.
             Both:        1.02 GB reserved,      21.00 MB (  2%) committed. 

Chunk freelists:
   Non-Class:  1.50 MB
       Class:  1.30 MB
        Both:  2.80 MB

MaxMetaspaceSize: unlimited
CompressedClassSpaceSize: 1.00 GB
Initial GC threshold: 21.00 MB
Current GC threshold: 21.00 MB
CDS: on
MetaspaceReclaimPolicy: balanced
 - commit_granule_bytes: 65536.
 - commit_granule_words: 8192.
 - virtual_space_node_default_size: 1048576.
 - enlarge_chunks_in_place: 1.
 - new_chunks_are_fully_committed: 0.
 - uncommit_free_chunks: 1.
 - use_allocation_guard: 0.
 - handle_deallocations: 1.


Internal statistics:

num_allocs_failed_limit: 3.
num_arena_births: 230.
num_arena_deaths: 0.
num_vsnodes_births: 4.
num_vsnodes_deaths: 0.
num_space_committed: 336.
num_space_uncommitted: 0.
num_chunks_returned_to_freelist: 3.
num_chunks_taken_from_freelist: 948.
num_chunk_merges: 3.
num_chunk_splits: 662.
num_chunks_enlarged: 522.
num_purges: 0.
num_inconsistent_stats: 0.

CodeHeap 'non-profiled nmethods': size=120000Kb used=1168Kb max_used=1168Kb free=118831Kb
 bounds [0x0000029f68870000, 0x0000029f68ae0000, 0x0000029f6fda0000]
CodeHeap 'profiled nmethods': size=120000Kb used=5877Kb max_used=5877Kb free=114122Kb
 bounds [0x0000029f61340000, 0x0000029f61900000, 0x0000029f68870000]
CodeHeap 'non-nmethods': size=5760Kb used=1207Kb max_used=1282Kb free=4552Kb
 bounds [0x0000029f60da0000, 0x0000029f61010000, 0x0000029f61340000]
 total_blobs=3245 nmethods=2735 adapters=423
 compilation: enabled
              stopped_count=0, restarted_count=0
 full_count=0

Compilation events (20 events):
Event: 4.072 Thread 0x0000029f76cb2590 nmethod 2728 0x0000029f618fa610 code [0x0000029f618fa7a0, 0x0000029f618fa8c8]
Event: 4.073 Thread 0x0000029f76cb2590 2729       3       java.lang.Boolean::hashCode (14 bytes)
Event: 4.073 Thread 0x0000029f76cb2590 nmethod 2729 0x0000029f618fa990 code [0x0000029f618fab20, 0x0000029f618fac98]
Event: 4.074 Thread 0x0000029f76cb2590 2730       3       org.springframework.core.annotation.TypeMappedAnnotations::<init> (42 bytes)
Event: 4.075 Thread 0x0000029f76cb2590 nmethod 2730 0x0000029f618fad10 code [0x0000029f618faec0, 0x0000029f618fb278]
Event: 4.075 Thread 0x0000029f76cb2590 2731       3       sun.reflect.annotation.AnnotationParser::parseStringArray (85 bytes)
Event: 4.075 Thread 0x0000029f76cb2590 nmethod 2731 0x0000029f618fb310 code [0x0000029f618fb520, 0x0000029f618fbcc8]
Event: 4.076 Thread 0x0000029f76cb2590 2732       1       org.springframework.beans.factory.support.AbstractBeanDefinition::isSynthetic (5 bytes)
Event: 4.076 Thread 0x0000029f76cb2590 nmethod 2732 0x0000029f68988f10 code [0x0000029f689890a0, 0x0000029f68989178]
Event: 4.078 Thread 0x0000029f76cb2590 2733       3       org.springframework.core.ResolvableType::forType (17 bytes)
Event: 4.079 Thread 0x0000029f76cb2590 nmethod 2733 0x0000029f618fbf90 code [0x0000029f618fc160, 0x0000029f618fc5e8]
Event: 4.079 Thread 0x0000029f76cb2590 2734       1       org.springframework.beans.factory.support.AbstractBeanDefinition::isAbstract (5 bytes)
Event: 4.079 Thread 0x0000029f76cb2590 nmethod 2734 0x0000029f68989210 code [0x0000029f689893a0, 0x0000029f68989478]
Event: 4.079 Thread 0x0000029f76cb2590 2735       1       org.springframework.beans.factory.support.AbstractBeanDefinition::getFactoryBeanName (5 bytes)
Event: 4.079 Thread 0x0000029f76cb2590 nmethod 2735 0x0000029f68989510 code [0x0000029f689896a0, 0x0000029f68989778]
Event: 4.087 Thread 0x0000029f76cb2590 2736       3       org.springframework.util.Assert::hasText (17 bytes)
Event: 4.088 Thread 0x0000029f76cb2590 nmethod 2736 0x0000029f618fc790 code [0x0000029f618fc9a0, 0x0000029f618fd048]
Event: 4.099 Thread 0x0000029f76cade50 nmethod 2425 0x0000029f68989810 code [0x0000029f68989ea0, 0x0000029f689914d8]
Event: 4.108 Thread 0x0000029f76cb2590 2737       3       org.springframework.beans.factory.support.AbstractBeanDefinition::hasBeanClass (8 bytes)
Event: 4.108 Thread 0x0000029f76cb2590 nmethod 2737 0x0000029f618fd290 code [0x0000029f618fd420, 0x0000029f618fd638]

GC Heap History (11 events):
Event: 0.842 GC heap before
{Heap before GC invocations=0 (full 0):
 garbage-first heap   total 129024K, used 13312K [0x0000000082c00000, 0x0000000100000000)
  region size 1024K, 13 young (13312K), 0 survivors (0K)
 Metaspace       used 2689K, committed 2880K, reserved 1056768K
  class space    used 267K, committed 384K, reserved 1048576K
}
Event: 0.848 GC heap after
{Heap after GC invocations=1 (full 0):
 garbage-first heap   total 129024K, used 6323K [0x0000000082c00000, 0x0000000100000000)
  region size 1024K, 2 young (2048K), 2 survivors (2048K)
 Metaspace       used 2689K, committed 2880K, reserved 1056768K
  class space    used 267K, committed 384K, reserved 1048576K
}
Event: 1.374 GC heap before
{Heap before GC invocations=1 (full 0):
 garbage-first heap   total 129024K, used 16563K [0x0000000082c00000, 0x0000000100000000)
  region size 1024K, 12 young (12288K), 2 survivors (2048K)
 Metaspace       used 5839K, committed 6016K, reserved 1056768K
  class space    used 664K, committed 768K, reserved 1048576K
}
Event: 1.380 GC heap after
{Heap after GC invocations=2 (full 0):
 garbage-first heap   total 129024K, used 7484K [0x0000000082c00000, 0x0000000100000000)
  region size 1024K, 2 young (2048K), 2 survivors (2048K)
 Metaspace       used 5839K, committed 6016K, reserved 1056768K
  class space    used 664K, committed 768K, reserved 1048576K
}
Event: 2.336 GC heap before
{Heap before GC invocations=2 (full 0):
 garbage-first heap   total 129024K, used 32060K [0x0000000082c00000, 0x0000000100000000)
  region size 1024K, 26 young (26624K), 2 survivors (2048K)
 Metaspace       used 11636K, committed 11840K, reserved 1064960K
  class space    used 1547K, committed 1664K, reserved 1048576K
}
Event: 2.347 GC heap after
{Heap after GC invocations=3 (full 0):
 garbage-first heap   total 129024K, used 9270K [0x0000000082c00000, 0x0000000100000000)
  region size 1024K, 3 young (3072K), 3 survivors (3072K)
 Metaspace       used 11636K, committed 11840K, reserved 1064960K
  class space    used 1547K, committed 1664K, reserved 1048576K
}
Event: 2.940 GC heap before
{Heap before GC invocations=3 (full 0):
 garbage-first heap   total 129024K, used 81974K [0x0000000082c00000, 0x0000000100000000)
  region size 1024K, 75 young (76800K), 3 survivors (3072K)
 Metaspace       used 16267K, committed 16512K, reserved 1064960K
  class space    used 2064K, committed 2176K, reserved 1048576K
}
Event: 2.949 GC heap after
{Heap after GC invocations=4 (full 0):
 garbage-first heap   total 129024K, used 11152K [0x0000000082c00000, 0x0000000100000000)
  region size 1024K, 5 young (5120K), 5 survivors (5120K)
 Metaspace       used 16267K, committed 16512K, reserved 1064960K
  class space    used 2064K, committed 2176K, reserved 1048576K
}
Event: 3.080 GC heap before
{Heap before GC invocations=4 (full 0):
 garbage-first heap   total 129024K, used 81808K [0x0000000082c00000, 0x0000000100000000)
  region size 1024K, 75 young (76800K), 5 survivors (5120K)
 Metaspace       used 17479K, committed 17792K, reserved 1064960K
  class space    used 2202K, committed 2368K, reserved 1048576K
}
Event: 3.089 GC heap after
{Heap after GC invocations=5 (full 0):
 garbage-first heap   total 129024K, used 11468K [0x0000000082c00000, 0x0000000100000000)
  region size 1024K, 5 young (5120K), 5 survivors (5120K)
 Metaspace       used 17479K, committed 17792K, reserved 1064960K
  class space    used 2202K, committed 2368K, reserved 1048576K
}
Event: 4.109 GC heap before
{Heap before GC invocations=5 (full 0):
 garbage-first heap   total 129024K, used 39116K [0x0000000082c00000, 0x0000000100000000)
  region size 1024K, 33 young (33792K), 5 survivors (5120K)
 Metaspace       used 21262K, committed 21504K, reserved 1073152K
  class space    used 2701K, committed 2816K, reserved 1048576K
}

Deoptimization events (20 events):
Event: 4.017 Thread 0x0000029f595bef40 Uncommon trap: trap_request=0xffffffde fr.pc=0x0000029f68880a98 relative=0x0000000000000198
Event: 4.017 Thread 0x0000029f595bef40 Uncommon trap: reason=class_check action=maybe_recompile pc=0x0000029f68880a98 method=java.lang.String.equals(Ljava/lang/Object;)Z @ 8 c2
Event: 4.017 Thread 0x0000029f595bef40 DEOPT PACKING pc=0x0000029f68880a98 sp=0x000000ec1d2fe9d0
Event: 4.017 Thread 0x0000029f595bef40 DEOPT UNPACKING pc=0x0000029f60df239d sp=0x000000ec1d2fe968 mode 2
Event: 4.017 Thread 0x0000029f595bef40 Uncommon trap: trap_request=0xffffffde fr.pc=0x0000029f68880a98 relative=0x0000000000000198
Event: 4.017 Thread 0x0000029f595bef40 Uncommon trap: reason=class_check action=maybe_recompile pc=0x0000029f68880a98 method=java.lang.String.equals(Ljava/lang/Object;)Z @ 8 c2
Event: 4.017 Thread 0x0000029f595bef40 DEOPT PACKING pc=0x0000029f68880a98 sp=0x000000ec1d2fe9d0
Event: 4.017 Thread 0x0000029f595bef40 DEOPT UNPACKING pc=0x0000029f60df239d sp=0x000000ec1d2fe968 mode 2
Event: 4.017 Thread 0x0000029f595bef40 Uncommon trap: trap_request=0xffffffde fr.pc=0x0000029f68880a98 relative=0x0000000000000198
Event: 4.017 Thread 0x0000029f595bef40 Uncommon trap: reason=class_check action=maybe_recompile pc=0x0000029f68880a98 method=java.lang.String.equals(Ljava/lang/Object;)Z @ 8 c2
Event: 4.017 Thread 0x0000029f595bef40 DEOPT PACKING pc=0x0000029f68880a98 sp=0x000000ec1d2fe9d0
Event: 4.017 Thread 0x0000029f595bef40 DEOPT UNPACKING pc=0x0000029f60df239d sp=0x000000ec1d2fe968 mode 2
Event: 4.019 Thread 0x0000029f595bef40 Uncommon trap: trap_request=0xffffffde fr.pc=0x0000029f6897dff8 relative=0x0000000000000438
Event: 4.019 Thread 0x0000029f595bef40 Uncommon trap: reason=class_check action=maybe_recompile pc=0x0000029f6897dff8 method=java.lang.String.equals(Ljava/lang/Object;)Z @ 8 c2
Event: 4.019 Thread 0x0000029f595bef40 DEOPT PACKING pc=0x0000029f6897dff8 sp=0x000000ec1d2fe720
Event: 4.019 Thread 0x0000029f595bef40 DEOPT UNPACKING pc=0x0000029f60df239d sp=0x000000ec1d2fe5e8 mode 2
Event: 4.019 Thread 0x0000029f595bef40 Uncommon trap: trap_request=0xffffffde fr.pc=0x0000029f68880a98 relative=0x0000000000000198
Event: 4.019 Thread 0x0000029f595bef40 Uncommon trap: reason=class_check action=maybe_recompile pc=0x0000029f68880a98 method=java.lang.String.equals(Ljava/lang/Object;)Z @ 8 c2
Event: 4.019 Thread 0x0000029f595bef40 DEOPT PACKING pc=0x0000029f68880a98 sp=0x000000ec1d2fe650
Event: 4.019 Thread 0x0000029f595bef40 DEOPT UNPACKING pc=0x0000029f60df239d sp=0x000000ec1d2fe5e8 mode 2

Classes unloaded (0 events):
No events

Classes redefined (0 events):
No events

Internal exceptions (20 events):
Event: 1.786 Thread 0x0000029f595bef40 Exception <a 'java/lang/NoSuchMethodError'{0x000000008a22b2e0}: 'void java.lang.invoke.DirectMethodHandle$Holder.invokeStaticInit(java.lang.Object, java.lang.Object, java.lang.Object)'> (0x000000008a22b2e0) 
thrown [t:\workspace\open\src\hotspot\share\interpreter\linkResolver.cpp, line 766]
Event: 1.803 Thread 0x0000029f595bef40 Exception <a 'java/lang/NoSuchMethodError'{0x000000008a2725a0}: 'java.lang.Object java.lang.invoke.DirectMethodHandle$Holder.invokeVirtual(java.lang.Object, java.lang.Object, java.lang.Object)'> (0x000000008a2725a0) 
thrown [t:\workspace\open\src\hotspot\share\interpreter\linkResolver.cpp, line 766]
Event: 1.812 Thread 0x0000029f595bef40 Exception <a 'java/lang/NoSuchMethodError'{0x000000008a296f10}: 'java.lang.Object java.lang.invoke.DirectMethodHandle$Holder.invokeStatic(java.lang.Object, java.lang.Object, long, java.lang.Object)'> (0x000000008a296f10) 
thrown [t:\workspace\open\src\hotspot\share\interpreter\linkResolver.cpp, line 766]
Event: 1.813 Thread 0x0000029f595bef40 Exception <a 'java/lang/NoSuchMethodError'{0x000000008a29a9a8}: 'java.lang.Object java.lang.invoke.DirectMethodHandle$Holder.invokeStaticInit(java.lang.Object, java.lang.Object, long, java.lang.Object)'> (0x000000008a29a9a8) 
thrown [t:\workspace\open\src\hotspot\share\interpreter\linkResolver.cpp, line 766]
Event: 1.814 Thread 0x0000029f595bef40 Exception <a 'java/lang/NoSuchMethodError'{0x000000008a2a10e8}: 'java.lang.Object java.lang.invoke.DirectMethodHandle$Holder.newInvokeSpecial(java.lang.Object, java.lang.Object, long)'> (0x000000008a2a10e8) 
thrown [t:\workspace\open\src\hotspot\share\interpreter\linkResolver.cpp, line 766]
Event: 1.815 Thread 0x0000029f595bef40 Exception <a 'java/lang/NoSuchMethodError'{0x000000008a2a4c58}: 'java.lang.Object java.lang.invoke.Invokers$Holder.linkToTargetMethod(java.lang.Object, long, java.lang.Object)'> (0x000000008a2a4c58) 
thrown [t:\workspace\open\src\hotspot\share\interpreter\linkResolver.cpp, line 766]
Event: 1.845 Thread 0x0000029f595bef40 Exception <a 'java/lang/NoSuchMethodError'{0x000000008a2fda00}: 'void java.lang.invoke.DirectMethodHandle$Holder.invokeVirtual(java.lang.Object, java.lang.Object, java.lang.Object, java.lang.Object)'> (0x000000008a2fda00) 
thrown [t:\workspace\open\src\hotspot\share\interpreter\linkResolver.cpp, line 766]
Event: 1.921 Thread 0x0000029f595bef40 Exception <a 'java/lang/NoSuchMethodError'{0x000000008a04f9d8}: 'void java.lang.invoke.DirectMethodHandle$Holder.invokeSpecial(java.lang.Object, java.lang.Object, java.lang.Object)'> (0x000000008a04f9d8) 
thrown [t:\workspace\open\src\hotspot\share\interpreter\linkResolver.cpp, line 766]
Event: 1.936 Thread 0x0000029f595bef40 Exception <a 'java/lang/IncompatibleClassChangeError'{0x000000008a0aa100}: Found class java.lang.Object, but interface was expected> (0x000000008a0aa100) 
thrown [t:\workspace\open\src\hotspot\share\interpreter\linkResolver.cpp, line 833]
Event: 2.549 Thread 0x0000029f595bef40 Exception <a 'sun/nio/fs/WindowsException'{0x000000008a4c8e48}> (0x000000008a4c8e48) 
thrown [t:\workspace\open\src\hotspot\share\prims\jni.cpp, line 516]
Event: 2.550 Thread 0x0000029f595bef40 Exception <a 'java/lang/NoSuchMethodError'{0x000000008a4ca668}: 'int java.lang.invoke.DirectMethodHandle$Holder.invokeSpecial(java.lang.Object, java.lang.Object, java.lang.Object, java.lang.Object, java.lang.Object)'> (0x000000008a4ca668) 
thrown [t:\workspace\open\src\hotspot\share\interpreter\linkResolver.cpp, line 766]
Event: 2.554 Thread 0x0000029f595bef40 Exception <a 'java/lang/NoSuchMethodError'{0x000000008a4d32d0}: 'void java.lang.invoke.DirectMethodHandle$Holder.invokeVirtual(java.lang.Object, java.lang.Object)'> (0x000000008a4d32d0) 
thrown [t:\workspace\open\src\hotspot\share\interpreter\linkResolver.cpp, line 766]
Event: 3.105 Thread 0x0000029f595bef40 Exception <a 'java/lang/IncompatibleClassChangeError'{0x000000008a975ea8}: Found class java.lang.Object, but interface was expected> (0x000000008a975ea8) 
thrown [t:\workspace\open\src\hotspot\share\interpreter\linkResolver.cpp, line 833]
Event: 3.328 Thread 0x0000029f78258bc0 Exception <a 'java/lang/NoSuchMethodError'{0x000000008a1d7030}: 'long java.lang.invoke.DirectMethodHandle$Holder.invokeSpecial(java.lang.Object, java.lang.Object)'> (0x000000008a1d7030) 
thrown [t:\workspace\open\src\hotspot\share\interpreter\linkResolver.cpp, line 766]
Event: 3.336 Thread 0x0000029f78258bc0 Exception <a 'java/lang/NoSuchMethodError'{0x000000008a1e1c58}: 'long java.lang.invoke.DirectMethodHandle$Holder.invokeStatic(java.lang.Object, java.lang.Object)'> (0x000000008a1e1c58) 
thrown [t:\workspace\open\src\hotspot\share\interpreter\linkResolver.cpp, line 766]
Event: 3.337 Thread 0x0000029f78258bc0 Exception <a 'java/lang/NoSuchMethodError'{0x000000008a1e4fb0}: 'long java.lang.invoke.DirectMethodHandle$Holder.invokeStaticInit(java.lang.Object, java.lang.Object)'> (0x000000008a1e4fb0) 
thrown [t:\workspace\open\src\hotspot\share\interpreter\linkResolver.cpp, line 766]
Event: 3.346 Thread 0x0000029f78258bc0 Exception <a 'java/lang/NoSuchMethodError'{0x000000008a1f28b0}: 'long java.lang.invoke.DirectMethodHandle$Holder.invokeInterface(java.lang.Object, java.lang.Object)'> (0x000000008a1f28b0) 
thrown [t:\workspace\open\src\hotspot\share\interpreter\linkResolver.cpp, line 766]
Event: 3.351 Thread 0x0000029f78258bc0 Exception <a 'java/lang/IncompatibleClassChangeError'{0x000000008a1f5b98}: Found class java.lang.Object, but interface was expected> (0x000000008a1f5b98) 
thrown [t:\workspace\open\src\hotspot\share\interpreter\linkResolver.cpp, line 833]
Event: 3.357 Thread 0x0000029f78258bc0 Exception <a 'java/lang/NoSuchMethodError'{0x000000008a08eb70}: 'java.lang.Object java.lang.invoke.DirectMethodHandle$Holder.invokeVirtual(java.lang.Object, java.lang.Object, java.lang.Object, java.lang.Object)'> (0x000000008a08eb70) 
thrown [t:\workspace\open\src\hotspot\share\interpreter\linkResolver.cpp, line 766]
Event: 3.391 Thread 0x0000029f78258bc0 Implicit null exception at 0x0000029f6892cde0 to 0x0000029f6892deac

VM Operations (20 events):
Event: 1.916 Executing VM operation: HandshakeAllThreads done
Event: 1.920 Executing VM operation: ICBufferFull
Event: 1.920 Executing VM operation: ICBufferFull done
Event: 2.336 Executing VM operation: G1CollectForAllocation
Event: 2.347 Executing VM operation: G1CollectForAllocation done
Event: 2.367 Executing VM operation: HandshakeAllThreads
Event: 2.367 Executing VM operation: HandshakeAllThreads done
Event: 2.502 Executing VM operation: HandshakeAllThreads
Event: 2.502 Executing VM operation: HandshakeAllThreads done
Event: 2.885 Executing VM operation: HandshakeAllThreads
Event: 2.887 Executing VM operation: HandshakeAllThreads done
Event: 2.940 Executing VM operation: G1CollectForAllocation
Event: 2.951 Executing VM operation: G1CollectForAllocation done
Event: 3.080 Executing VM operation: G1CollectForAllocation
Event: 3.089 Executing VM operation: G1CollectForAllocation done
Event: 3.464 Executing VM operation: HandshakeAllThreads
Event: 3.464 Executing VM operation: HandshakeAllThreads done
Event: 3.540 Executing VM operation: ICBufferFull
Event: 3.540 Executing VM operation: ICBufferFull done
Event: 4.109 Executing VM operation: CollectForMetadataAllocation

Events (20 events):
Event: 3.531 loading class java/security/spec/ECFieldF2m
Event: 3.532 loading class java/security/spec/ECFieldF2m done
Event: 3.539 loading class sun/security/ssl/SunJSSE
Event: 3.540 loading class sun/security/ssl/SunJSSE done
Event: 3.542 loading class com/sun/crypto/provider/SunJCE
Event: 3.542 loading class com/sun/crypto/provider/SunJCE done
Event: 3.565 Loaded shared library C:\Program Files\jdk-17\bin\sunmscapi.dll
Event: 3.568 loading class sun/security/provider/certpath/ldap/JdkLDAP
Event: 3.568 loading class sun/security/provider/certpath/ldap/JdkLDAP done
Event: 3.569 loading class sun/security/provider/certpath/ldap/JdkLDAP$ProviderService
Event: 3.569 loading class sun/security/provider/certpath/ldap/JdkLDAP$ProviderService done
Event: 3.569 loading class com/sun/security/sasl/Provider
Event: 3.569 loading class com/sun/security/sasl/Provider done
Event: 3.570 loading class com/sun/security/sasl/Provider$1
Event: 3.570 loading class com/sun/security/sasl/Provider$1 done
Event: 3.570 loading class com/sun/security/sasl/Provider$ProviderService
Event: 3.570 loading class com/sun/security/sasl/Provider$ProviderService done
Event: 3.574 Thread 0x0000029f78258bc0 Thread exited: 0x0000029f78258bc0
Event: 3.576 loading class java/beans/PropertyVetoException
Event: 3.576 loading class java/beans/PropertyVetoException done


Dynamic libraries:
0x00007ff7c0920000 - 0x00007ff7c092e000 	C:\Program Files\jdk-17\bin\java.exe
0x00007ffaa87b0000 - 0x00007ffaa89c7000 	C:\WINDOWS\SYSTEM32\ntdll.dll
0x00007ffaa66a0000 - 0x00007ffaa6764000 	C:\WINDOWS\System32\KERNEL32.DLL
0x00007ffaa5e10000 - 0x00007ffaa61bd000 	C:\WINDOWS\System32\KERNELBASE.dll
0x00007ffaa5b60000 - 0x00007ffaa5c71000 	C:\WINDOWS\System32\ucrtbase.dll
0x00007ffaa1440000 - 0x00007ffaa145a000 	C:\Program Files\jdk-17\bin\VCRUNTIME140.dll
0x00007ffa9f6e0000 - 0x00007ffa9f6f8000 	C:\Program Files\jdk-17\bin\jli.dll
0x00007ffaa6830000 - 0x00007ffaa69de000 	C:\WINDOWS\System32\USER32.dll
0x00007ffaa5cb0000 - 0x00007ffaa5cd6000 	C:\WINDOWS\System32\win32u.dll
0x00007ffaa6800000 - 0x00007ffaa6829000 	C:\WINDOWS\System32\GDI32.dll
0x00007ffaa63d0000 - 0x00007ffaa64e9000 	C:\WINDOWS\System32\gdi32full.dll
0x00007ffaa6330000 - 0x00007ffaa63ca000 	C:\WINDOWS\System32\msvcp_win.dll
0x00007ffa8ec90000 - 0x00007ffa8ef23000 	C:\WINDOWS\WinSxS\amd64_microsoft.windows.common-controls_6595b64144ccf1df_6.0.22621.3672_none_2713b9d173822955\COMCTL32.dll
0x00007ffaa7d00000 - 0x00007ffaa7da7000 	C:\WINDOWS\System32\msvcrt.dll
0x00007ffaa79a0000 - 0x00007ffaa79d1000 	C:\WINDOWS\System32\IMM32.DLL
0x00007ffaa2820000 - 0x00007ffaa282c000 	C:\Program Files\jdk-17\bin\vcruntime140_1.dll
0x00007ffa8c5d0000 - 0x00007ffa8c65d000 	C:\Program Files\jdk-17\bin\msvcp140.dll
0x00007ffa3cab0000 - 0x00007ffa3d66e000 	C:\Program Files\jdk-17\bin\server\jvm.dll
0x00007ffaa6ef0000 - 0x00007ffaa6fa2000 	C:\WINDOWS\System32\ADVAPI32.dll
0x00007ffaa7bf0000 - 0x00007ffaa7c99000 	C:\WINDOWS\System32\sechost.dll
0x00007ffaa5c80000 - 0x00007ffaa5ca8000 	C:\WINDOWS\System32\bcrypt.dll
0x00007ffaa6fb0000 - 0x00007ffaa70c4000 	C:\WINDOWS\System32\RPCRT4.dll
0x00007ffaa70d0000 - 0x00007ffaa70d8000 	C:\WINDOWS\System32\PSAPI.DLL
0x00007ffa7e6b0000 - 0x00007ffa7e6b9000 	C:\WINDOWS\SYSTEM32\WSOCK32.dll
0x00007ffaa1340000 - 0x00007ffaa1374000 	C:\WINDOWS\SYSTEM32\WINMM.dll
0x00007ffaa6780000 - 0x00007ffaa67f1000 	C:\WINDOWS\System32\WS2_32.dll
0x00007ffa9c030000 - 0x00007ffa9c03a000 	C:\WINDOWS\SYSTEM32\VERSION.dll
0x00007ffaa4ad0000 - 0x00007ffaa4ae8000 	C:\WINDOWS\SYSTEM32\kernel.appcore.dll
0x00007ffaa21a0000 - 0x00007ffaa21aa000 	C:\Program Files\jdk-17\bin\jimage.dll
0x00007ffaa3310000 - 0x00007ffaa3542000 	C:\WINDOWS\SYSTEM32\DBGHELP.DLL
0x00007ffaa6b60000 - 0x00007ffaa6ee8000 	C:\WINDOWS\System32\combase.dll
0x00007ffaa7a90000 - 0x00007ffaa7b67000 	C:\WINDOWS\System32\OLEAUT32.dll
0x00007ffa88540000 - 0x00007ffa88572000 	C:\WINDOWS\SYSTEM32\dbgcore.DLL
0x00007ffaa5ae0000 - 0x00007ffaa5b5b000 	C:\WINDOWS\System32\bcryptPrimitives.dll
0x00007ffaa2850000 - 0x00007ffaa285e000 	C:\Program Files\jdk-17\bin\instrument.dll
0x00007ffa9f020000 - 0x00007ffa9f045000 	C:\Program Files\jdk-17\bin\java.dll
0x00007ffa832e0000 - 0x00007ffa833b6000 	C:\Program Files\jdk-17\bin\svml.dll
0x00007ffaa7140000 - 0x00007ffaa799f000 	C:\WINDOWS\System32\SHELL32.dll
0x00007ffaa39e0000 - 0x00007ffaa42dc000 	C:\WINDOWS\SYSTEM32\windows.storage.dll
0x00007ffaa38a0000 - 0x00007ffaa39df000 	C:\WINDOWS\SYSTEM32\wintypes.dll
0x00007ffaa69e0000 - 0x00007ffaa6ad4000 	C:\WINDOWS\System32\SHCORE.dll
0x00007ffaa7b90000 - 0x00007ffaa7bee000 	C:\WINDOWS\System32\shlwapi.dll
0x00007ffaa5a10000 - 0x00007ffaa5a31000 	C:\WINDOWS\SYSTEM32\profapi.dll
0x00007ffa8abe0000 - 0x00007ffa8abf8000 	C:\Program Files\jdk-17\bin\zip.dll
0x00007ffa8c700000 - 0x00007ffa8c719000 	C:\Program Files\jdk-17\bin\net.dll
0x00007ffaa19e0000 - 0x00007ffaa1b16000 	C:\WINDOWS\SYSTEM32\WINHTTP.dll
0x00007ffaa4f40000 - 0x00007ffaa4fa9000 	C:\WINDOWS\system32\mswsock.dll
0x00007ffa8c6e0000 - 0x00007ffa8c6f5000 	C:\Program Files\jdk-17\bin\nio.dll
0x00007ffaa15b0000 - 0x00007ffaa15ca000 	C:\Program Files (x86)\JetBrains\IntelliJ IDEA Community Edition 2024.1.4\bin\breakgen64.dll
0x00007ffa8bde0000 - 0x00007ffa8bdee000 	C:\Program Files\jdk-17\bin\sunmscapi.dll
0x00007ffaa61c0000 - 0x00007ffaa6327000 	C:\WINDOWS\System32\CRYPT32.dll
0x00007ffaa53a0000 - 0x00007ffaa53ce000 	C:\WINDOWS\SYSTEM32\ncrypt.dll
0x00007ffaa5360000 - 0x00007ffaa5397000 	C:\WINDOWS\SYSTEM32\NTASN1.dll

dbghelp: loaded successfully - version: 4.0.5 - missing functions: none
symbol engine: initialized successfully - sym options: 0x614 - pdb path: .;C:\Program Files\jdk-17\bin;C:\WINDOWS\SYSTEM32;C:\WINDOWS\WinSxS\amd64_microsoft.windows.common-controls_6595b64144ccf1df_6.0.22621.3672_none_2713b9d173822955;C:\Program Files\jdk-17\bin\server;C:\Program Files (x86)\JetBrains\IntelliJ IDEA Community Edition 2024.1.4\bin

VM Arguments:
jvm_args: -javaagent:C:\Program Files (x86)\JetBrains\IntelliJ IDEA Community Edition 2024.1.4\lib\idea_rt.jar=57157:C:\Program Files (x86)\JetBrains\IntelliJ IDEA Community Edition 2024.1.4\bin -Dfile.encoding=UTF-8 
java_command: com.jimsimrodev.foroconnet.ForoconnetApplication
java_class_path (initial): D:\work\foroconnet\target\classes;C:\Users\jhoan\.m2\repository\org\springframework\boot\spring-boot-starter-security\3.3.1\spring-boot-starter-security-3.3.1.jar;C:\Users\jhoan\.m2\repository\org\springframework\boot\spring-boot-starter\3.3.1\spring-boot-starter-3.3.1.jar;C:\Users\jhoan\.m2\repository\org\springframework\boot\spring-boot\3.3.1\spring-boot-3.3.1.jar;C:\Users\jhoan\.m2\repository\org\springframework\boot\spring-boot-autoconfigure\3.3.1\spring-boot-autoconfigure-3.3.1.jar;C:\Users\jhoan\.m2\repository\org\springframework\boot\spring-boot-starter-logging\3.3.1\spring-boot-starter-logging-3.3.1.jar;C:\Users\jhoan\.m2\repository\ch\qos\logback\logback-classic\1.5.6\logback-classic-1.5.6.jar;C:\Users\jhoan\.m2\repository\ch\qos\logback\logback-core\1.5.6\logback-core-1.5.6.jar;C:\Users\jhoan\.m2\repository\org\apache\logging\log4j\log4j-to-slf4j\2.23.1\log4j-to-slf4j-2.23.1.jar;C:\Users\jhoan\.m2\repository\org\apache\logging\log4j\log4j-api\2.23.1\log4j-api-2.23.1.jar;C:\Users\jhoan\.m2\repository\org\slf4j\jul-to-slf4j\2.0.13\jul-to-slf4j-2.0.13.jar;C:\Users\jhoan\.m2\repository\jakarta\annotation\jakarta.annotation-api\2.1.1\jakarta.annotation-api-2.1.1.jar;C:\Users\jhoan\.m2\repository\org\yaml\snakeyaml\2.2\snakeyaml-2.2.jar;C:\Users\jhoan\.m2\repository\org\springframework\spring-aop\6.1.10\spring-aop-6.1.10.jar;C:\Users\jhoan\.m2\repository\org\springframework\spring-beans\6.1.10\spring-beans-6.1.10.jar;C:\Users\jhoan\.m2\repository\org\springframework\security\spring-security-config\6.3.1\spring-security-config-6.3.1.jar;C:\Users\jhoan\.m2\repository\org\springframework\spring-context\6.1.10\spring-context-6.1.10.jar;C:\Users\jhoan\.m2\repository\org\springframework\security\spring-security-web\6.3.1\spring-security-web-6.3.1.jar;C:\Users\jhoan\.m2\repository\org\springframework\spring-expression\6.1.10\spring-expression-6.1.10.jar;C:\Users\jhoan\.m2\repository\org\springframework\boot\spring-boot-starter-validation\3.
Launcher Type: SUN_STANDARD

[Global flags]
     intx CICompilerCount                          = 3                                         {product} {ergonomic}
     uint ConcGCThreads                            = 1                                         {product} {ergonomic}
     uint G1ConcRefinementThreads                  = 4                                         {product} {ergonomic}
   size_t G1HeapRegionSize                         = 1048576                                   {product} {ergonomic}
    uintx GCDrainStackTargetSize                   = 64                                        {product} {ergonomic}
   size_t InitialHeapSize                          = 132120576                                 {product} {ergonomic}
   size_t MarkStackSize                            = 4194304                                   {product} {ergonomic}
   size_t MaxHeapSize                              = 2101346304                                {product} {ergonomic}
   size_t MaxNewSize                               = 1260388352                                {product} {ergonomic}
   size_t MinHeapDeltaBytes                        = 1048576                                   {product} {ergonomic}
   size_t MinHeapSize                              = 8388608                                   {product} {ergonomic}
    uintx NonNMethodCodeHeapSize                   = 5832780                                {pd product} {ergonomic}
    uintx NonProfiledCodeHeapSize                  = 122912730                              {pd product} {ergonomic}
    uintx ProfiledCodeHeapSize                     = 122912730                              {pd product} {ergonomic}
    uintx ReservedCodeCacheSize                    = 251658240                              {pd product} {ergonomic}
     bool SegmentedCodeCache                       = true                                      {product} {ergonomic}
   size_t SoftMaxHeapSize                          = 2101346304                             {manageable} {ergonomic}
     bool UseCompressedClassPointers               = true                           {product lp64_product} {ergonomic}
     bool UseCompressedOops                        = true                           {product lp64_product} {ergonomic}
     bool UseG1GC                                  = true                                      {product} {ergonomic}
     bool UseLargePagesIndividualAllocation        = false                                  {pd product} {ergonomic}

Logging:
Log output configuration:
 #0: stdout all=warning uptime,level,tags
 #1: stderr all=off uptime,level,tags

Environment Variables:
JAVA_HOME=C:\Program Files\jdk-17
PATH=C:\WINDOWS\system32;C:\WINDOWS;C:\WINDOWS\System32\Wbem;C:\WINDOWS\System32\WindowsPowerShell\v1.0\;C:\WINDOWS\System32\OpenSSH\;C:\Program Files\jdk-17\bin;C:\Program Files\WezTerm;C:\xampp\php;C:\ProgramData\ComposerSetup\bin;C:\Program Files\Git\cmd;C:\Program Files\nodejs\;C:\Program Files\MySQL\MySQL Shell 8.0\bin\;C:\Users\jhoan\AppData\Local\Microsoft\WindowsApps;C:\Users\jhoan\AppData\Local\Programs\Microsoft VS Code\bin;C:\Users\jhoan\AppData\Local\Programs\oh-my-posh\bin;C:\Users\jhoan\AppData\Local\Microsoft\WinGet\Packages\Schniz.fnm_Microsoft.Winget.Source_8wekyb3d8bbwe;C:\Users\jhoan\AppData\Roaming\Composer\vendor\bin;C:\Users\jhoan\AppData\Roaming\npm
USERNAME=jhoan
OS=Windows_NT
PROCESSOR_IDENTIFIER=Intel64 Family 6 Model 142 Stepping 12, GenuineIntel



---------------  S Y S T E M  ---------------

OS:
 Windows 10 , 64 bit Build 22621 (10.0.22621.3672)
OS uptime: 0 days 8:53 hours
Hyper-V role detected

CPU: total 4 (initial active 4) (2 cores per cpu, 2 threads per core) family 6 model 142 stepping 12 microcode 0xf8, cx8, cmov, fxsr, ht, mmx, 3dnowpref, sse, sse2, sse3, ssse3, sse4.1, sse4.2, popcnt, lzcnt, tsc, tscinvbit, aes, erms, clmul, clflush, clflushopt, hv

Memory: 4k page, system-wide physical 8015M (726M free)
TotalPageFile size 12111M (AvailPageFile size 5M)
current process WorkingSet (physical memory assigned to process): 177M, peak: 182M
current process commit charge ("private bytes"): 255M, peak: 281M

vm_info: OpenJDK 64-Bit Server VM (17+35-2724) for windows-amd64 JRE (17+35-2724), built on Aug  5 2021 23:26:02 by "mach5one" with MS VC++ 16.8 (VS2019)

END.
